#
# A fatal error has been detected by the Java Runtime Environment:
#
#  SIGSEGV (0xb) at pc=0x00007f901cd8c167, pid=7597, tid=0x00007f9065211700
#
# JRE version: Java(TM) SE Runtime Environment (8.0_101-b13) (build 1.8.0_101-b13)
# Java VM: Java HotSpot(TM) 64-Bit Server VM (25.101-b13 mixed mode linux-amd64 compressed oops)
# Problematic frame:
# C  [libopencv_objdetect.so.3.4+0x2e167]
#
# Failed to write core dump. Core dumps have been disabled. To enable core dumping, try "ulimit -c unlimited" before starting Java again
#
# If you would like to submit a bug report, please visit:
#   http://bugreport.java.com/bugreport/crash.jsp
# The crash happened outside the Java Virtual Machine in native code.
# See problematic frame for where to report the bug.
#

---------------  T H R E A D  ---------------

Current thread (0x00007f90806b4800):  JavaThread "AWT-EventQueue-0" [_thread_in_native, id=7619, stack(0x00007f9065111000,0x00007f9065212000)]

siginfo: si_signo: 11 (SIGSEGV), si_code: 2 (SEGV_ACCERR), si_addr: 0x00007f8fcff95354

Registers:
RAX=0x0000000000000005, RBX=0x000000000038ae9c, RCX=0x00000000fa9ee641, RDX=0x00007f8fce5be4e8
RSP=0x00007f906520d1e0, RBP=0x00000000000000f0, RSI=0x00007f8fce5a8810, RDI=0x00000000000003a8
R8 =0x000000000000001e, R9 =0x00007f8fce5a9c98, R10=0x0000000000000450, R11=0x00007f8fcfc0a4b8
R12=0x00007f8fce5a8640, R13=0x0000000000000140, R14=0x00007f906520d2b8, R15=0x0000000000000000
RIP=0x00007f901cd8c167, EFLAGS=0x0000000000010296, CSGSFS=0x002b000000000033, ERR=0x0000000000000004
  TRAPNO=0x000000000000000e

Top of Stack: (sp=0x00007f906520d1e0)
0x00007f906520d1e0:   0000000000000001 0000000000000000
0x00007f906520d1f0:   0000000000000010 00007f905cd3c9fe
0x00007f906520d200:   00007f906520d2e0 00007f906520d300
0x00007f906520d210:   4052f93b94bdc5c8 0000000000000000
0x00007f906520d220:   0000000000000000 0000000100000000
0x00007f906520d230:   00007f906520d1f8 00007f9024000020
0x00007f906520d240:   0000000000000020 0000000000000000
0x00007f906520d250:   00007f8fc40032e4 00007f906520d2a0
0x00007f906520d260:   00007f8fce6b8e80 0000048700000140
0x00007f906520d270:   0000000000000000 00000000000e2a67
0x00007f906520d280:   00007f8fcf0ebaf8 00007f901cd8cad8
0x00007f906520d290:   00007f8fcf0ea1e4 00007f901cd8ad55
0x00007f906520d2a0:   0000000000000000 00007f8f00000000
0x00007f906520d2b0:   00007f8ff6826d60 00007f906520d930
0x00007f906520d2c0:   00007f906520d440 00007f906520d930
0x00007f906520d2d0:   000000000000008e 0000000000000140
0x00007f906520d2e0:   00007f8fc4004bf8 00007f901cd8cc89
0x00007f906520d2f0:   0000000000000028 00007f901cd8d9e3
0x00007f906520d300:   0000000000000000 00007f8fcf1019f4
0x00007f906520d310:   00007f8fcf101968 00007f8fcf0ebb84
0x00007f906520d320:   0000000000000487 0000000000000000
0x00007f906520d330:   00007f9024000070 0000048700000000
0x00007f906520d340:   00007f8fc401aaf4 00007f8fc401aa68
0x00007f906520d350:   00007f8fc4004c84 0000020400000203
0x00007f906520d360:   0000000000000321 0000000000000001
0x00007f906520d370:   0000000000000203 00007f906520d3b0
0x00007f906520d380:   00007f906520d390 00007f906520d3c0
0x00007f906520d390:   0000000000000000 0000000000000000
0x00007f906520d3a0:   0000000000000000 0000000000000000
0x00007f906520d3b0:   0000000000000204 0000000000000001
0x00007f906520d3c0:   0000000000000000 00007f9000000000
0x00007f906520d3d0:   00007f905ccf2b50 00007f906520d500 

Instructions: (pc=0x00007f901cd8c167)
0x00007f901cd8c147:   db 66 0f 16 1d e0 c4 01 00 8b 0c 19 41 2b 0c 1b
0x00007f901cd8c157:   4c 8b 5a 10 41 2b 0c 1b 4c 8b 5a 18 66 0f 28 d1
0x00007f901cd8c167:   41 03 0c 1b 4c 8b 5a 30 66 0f 16 15 b9 c4 01 00
0x00007f901cd8c177:   66 0f 28 e2 f3 0f 2a c9 48 8b 4a 28 8b 0c 19 41 

Register to memory mapping:

RAX=0x0000000000000005 is an unknown value
RBX=0x000000000038ae9c is an unknown value
RCX=0x00000000fa9ee641 is an unallocated location in the heap
RDX=0x00007f8fce5be4e8 is an unknown value
RSP=0x00007f906520d1e0 is pointing into the stack for thread: 0x00007f90806b4800
RBP=0x00000000000000f0 is an unknown value
RSI=0x00007f8fce5a8810 is an unknown value
RDI=0x00000000000003a8 is an unknown value
R8 =0x000000000000001e is an unknown value
R9 =0x00007f8fce5a9c98 is an unknown value
R10=0x0000000000000450 is an unknown value
R11=0x00007f8fcfc0a4b8 is an unknown value
R12=0x00007f8fce5a8640 is an unknown value
R13=0x0000000000000140 is an unknown value
R14=0x00007f906520d2b8 is pointing into the stack for thread: 0x00007f90806b4800
R15=0x0000000000000000 is an unknown value


Stack: [0x00007f9065111000,0x00007f9065212000],  sp=0x00007f906520d1e0,  free space=1008k
Native frames: (J=compiled Java code, j=interpreted, Vv=VM code, C=native code)
C  [libopencv_objdetect.so.3.4+0x2e167]

Java frames: (J=compiled Java code, j=interpreted, Vv=VM code)
j  org.bytedeco.javacpp.opencv_objdetect.cvHaarDetectObjects(Lorg/bytedeco/javacpp/helper/opencv_core$CvArr;Lorg/bytedeco/javacpp/opencv_objdetect$CvHaarClassifierCascade;Lorg/bytedeco/javacpp/opencv_core$CvMemStorage;DIILorg/bytedeco/javacpp/opencv_core$CvSize;Lorg/bytedeco/javacpp/opencv_core$CvSize;)Lorg/bytedeco/javacpp/opencv_core$CvSeq;+0
j  org.bytedeco.javacpp.helper.opencv_objdetect.cvHaarDetectObjects(Lorg/bytedeco/javacpp/helper/opencv_core$CvArr;Lorg/bytedeco/javacpp/opencv_objdetect$CvHaarClassifierCascade;Lorg/bytedeco/javacpp/opencv_core$CvMemStorage;DII)Lorg/bytedeco/javacpp/opencv_core$CvSeq;+14
j  Clases.nu_scanner.upper_body_detection(Ljava/lang/String;)V+36
j  Interfaz.principal.jButton3ActionPerformed(Ljava/awt/event/ActionEvent;)V+197
j  Interfaz.principal.access$200(LInterfaz/principal;Ljava/awt/event/ActionEvent;)V+2
j  Interfaz.principal$3.actionPerformed(Ljava/awt/event/ActionEvent;)V+5
j  javax.swing.AbstractButton.fireActionPerformed(Ljava/awt/event/ActionEvent;)V+83
j  javax.swing.AbstractButton$Handler.actionPerformed(Ljava/awt/event/ActionEvent;)V+5
j  javax.swing.DefaultButtonModel.fireActionPerformed(Ljava/awt/event/ActionEvent;)V+34
j  javax.swing.DefaultButtonModel.setPressed(Z)V+117
j  javax.swing.plaf.basic.BasicButtonListener.mouseReleased(Ljava/awt/event/MouseEvent;)V+35
j  java.awt.Component.processMouseEvent(Ljava/awt/event/MouseEvent;)V+64
j  javax.swing.JComponent.processMouseEvent(Ljava/awt/event/MouseEvent;)V+23
j  java.awt.Component.processEvent(Ljava/awt/AWTEvent;)V+81
j  java.awt.Container.processEvent(Ljava/awt/AWTEvent;)V+18
j  java.awt.Component.dispatchEventImpl(Ljava/awt/AWTEvent;)V+589
J 1240 C1 java.awt.Container.dispatchEventImpl(Ljava/awt/AWTEvent;)V (129 bytes) @ 0x00007f907057eca4 [0x00007f907057eb60+0x144]
J 1239 C1 java.awt.Component.dispatchEvent(Ljava/awt/AWTEvent;)V (6 bytes) @ 0x00007f907057bd84 [0x00007f907057bc80+0x104]
j  java.awt.LightweightDispatcher.retargetMouseEvent(Ljava/awt/Component;ILjava/awt/event/MouseEvent;)V+327
j  java.awt.LightweightDispatcher.processMouseEvent(Ljava/awt/event/MouseEvent;)Z+155
j  java.awt.LightweightDispatcher.dispatchEvent(Ljava/awt/AWTEvent;)Z+50
J 1240 C1 java.awt.Container.dispatchEventImpl(Ljava/awt/AWTEvent;)V (129 bytes) @ 0x00007f907057ec44 [0x00007f907057eb60+0xe4]
j  java.awt.Window.dispatchEventImpl(Ljava/awt/AWTEvent;)V+19
J 1239 C1 java.awt.Component.dispatchEvent(Ljava/awt/AWTEvent;)V (6 bytes) @ 0x00007f907057bd84 [0x00007f907057bc80+0x104]
j  java.awt.EventQueue.dispatchEventImpl(Ljava/awt/AWTEvent;Ljava/lang/Object;)V+41
j  java.awt.EventQueue.access$500(Ljava/awt/EventQueue;Ljava/awt/AWTEvent;Ljava/lang/Object;)V+3
j  java.awt.EventQueue$3.run()Ljava/lang/Void;+32
J 1238 C1 java.awt.EventQueue$3.run()Ljava/lang/Object; (5 bytes) @ 0x00007f907057c10c [0x00007f907057c080+0x8c]
v  ~StubRoutines::call_stub
J 1043  java.security.AccessController.doPrivileged(Ljava/security/PrivilegedAction;Ljava/security/AccessControlContext;)Ljava/lang/Object; (0 bytes) @ 0x00007f90704f8ce3 [0x00007f90704f8c80+0x63]
J 1071 C1 java.security.ProtectionDomain$JavaSecurityAccessImpl.doIntersectionPrivilege(Ljava/security/PrivilegedAction;Ljava/security/AccessControlContext;Ljava/security/AccessControlContext;)Ljava/lang/Object; (22 bytes) @ 0x00007f9070525bc4 [0x00007f9070525760+0x464]
j  java.security.ProtectionDomain$JavaSecurityAccessImpl.doIntersectionPrivilege(Ljava/security/PrivilegedAction;Ljava/security/AccessControlContext;)Ljava/lang/Object;+6
j  java.awt.EventQueue$4.run()Ljava/lang/Void;+11
j  java.awt.EventQueue$4.run()Ljava/lang/Object;+1
v  ~StubRoutines::call_stub
J 1043  java.security.AccessController.doPrivileged(Ljava/security/PrivilegedAction;Ljava/security/AccessControlContext;)Ljava/lang/Object; (0 bytes) @ 0x00007f90704f8ce3 [0x00007f90704f8c80+0x63]
J 1236 C1 java.awt.EventQueue.dispatchEvent(Ljava/awt/AWTEvent;)V (80 bytes) @ 0x00007f907057d7f4 [0x00007f907057c980+0xe74]
J 1241 C1 java.awt.EventDispatchThread.pumpOneEventForFilters(I)V (295 bytes) @ 0x00007f9070581a6c [0x00007f907057fdc0+0x1cac]
j  java.awt.EventDispatchThread.pumpEventsForFilter(ILjava/awt/Conditional;Ljava/awt/EventFilter;)V+35
j  java.awt.EventDispatchThread.pumpEventsForHierarchy(ILjava/awt/Conditional;Ljava/awt/Component;)V+11
j  java.awt.EventDispatchThread.pumpEvents(ILjava/awt/Conditional;)V+4
j  java.awt.EventDispatchThread.pumpEvents(Ljava/awt/Conditional;)V+3
j  java.awt.EventDispatchThread.run()V+9
v  ~StubRoutines::call_stub

---------------  P R O C E S S  ---------------

Java Threads: ( => current thread )
  0x00007f90240ac000 JavaThread "JavaCPP Deallocator" daemon [_thread_blocked, id=7644, stack(0x00007f9064c56000,0x00007f9064d57000)]
  0x00007f902413f800 JavaThread "TimerQueue" daemon [_thread_blocked, id=7620, stack(0x00007f9064e10000,0x00007f9064f11000)]
  0x00007f908000d800 JavaThread "DestroyJavaVM" [_thread_blocked, id=7602, stack(0x00007f9086108000,0x00007f9086209000)]
=>0x00007f90806b4800 JavaThread "AWT-EventQueue-0" [_thread_in_native, id=7619, stack(0x00007f9065111000,0x00007f9065212000)]
  0x00007f90800f4000 JavaThread "AWT-Shutdown" [_thread_blocked, id=7618, stack(0x00007f9065212000,0x00007f9065313000)]
  0x00007f9080620000 JavaThread "AWT-XAWT" daemon [_thread_in_native, id=7617, stack(0x00007f9065766000,0x00007f9065867000)]
  0x00007f90805f9000 JavaThread "Java2D Disposer" daemon [_thread_blocked, id=7616, stack(0x00007f9065c78000,0x00007f9065d79000)]
  0x00007f90800cc000 JavaThread "Service Thread" daemon [_thread_blocked, id=7614, stack(0x00007f9067cfd000,0x00007f9067dfe000)]
  0x00007f90800c1000 JavaThread "C1 CompilerThread2" daemon [_thread_blocked, id=7613, stack(0x00007f9067dfe000,0x00007f9067eff000)]
  0x00007f90800bf000 JavaThread "C2 CompilerThread1" daemon [_thread_blocked, id=7612, stack(0x00007f9067eff000,0x00007f9068000000)]
  0x00007f90800bc000 JavaThread "C2 CompilerThread0" daemon [_thread_blocked, id=7611, stack(0x00007f906c0aa000,0x00007f906c1ab000)]
  0x00007f90800ba800 JavaThread "Signal Dispatcher" daemon [_thread_blocked, id=7610, stack(0x00007f906c1ab000,0x00007f906c2ac000)]
  0x00007f9080087800 JavaThread "Finalizer" daemon [_thread_blocked, id=7609, stack(0x00007f906c447000,0x00007f906c548000)]
  0x00007f9080083000 JavaThread "Reference Handler" daemon [_thread_blocked, id=7608, stack(0x00007f906c548000,0x00007f906c649000)]

Other Threads:
  0x00007f908007b800 VMThread [stack: 0x00007f906c649000,0x00007f906c74a000] [id=7607]
  0x00007f90800cf000 WatcherThread [stack: 0x00007f9067bfc000,0x00007f9067cfd000] [id=7615]

VM state:not at safepoint (normal execution)

VM Mutex/Monitor currently owned by a thread: None

Heap:
 PSYoungGen      total 13312K, used 5773K [0x00000000f1700000, 0x00000000f2980000, 0x0000000100000000)
  eden space 11776K, 36% used [0x00000000f1700000,0x00000000f1b26d38,0x00000000f2280000)
  from space 1536K, 99% used [0x00000000f2280000,0x00000000f23fc820,0x00000000f2400000)
  to   space 3584K, 0% used [0x00000000f2600000,0x00000000f2600000,0x00000000f2980000)
 ParOldGen       total 30208K, used 3424K [0x00000000d4400000, 0x00000000d6180000, 0x00000000f1700000)
  object space 30208K, 11% used [0x00000000d4400000,0x00000000d4758300,0x00000000d6180000)
 Metaspace       used 17364K, capacity 17512K, committed 17792K, reserved 1064960K
  class space    used 2023K, capacity 2084K, committed 2176K, reserved 1048576K

Card table byte_map: [0x00007f906fc4d000,0x00007f906fdac000] byte_map_base: 0x00007f906f5ab000

Marking Bits: (ParMarkBitMap*) 0x00007f9085613120
 Begin Bits: [0x00007f906e269000, 0x00007f906ed59000)
 End Bits:   [0x00007f906ed59000, 0x00007f906f849000)

Polling page: 0x00007f9086235000

CodeCache: size=245760Kb used=5388Kb max_used=5388Kb free=240371Kb
 bounds [0x00007f907016c000, 0x00007f90706bc000, 0x00007f907f16c000]
 total_blobs=2253 nmethods=1591 adapters=575
 compilation: enabled

Compilation events (10 events):
Event: 54,503 Thread 0x00007f90800c1000 1604       3       org.bytedeco.javacpp.tools.Logger::isDebugEnabled (4 bytes)
Event: 54,503 Thread 0x00007f90800c1000 nmethod 1604 0x00007f9070275ad0 code [0x00007f9070275c40, 0x00007f9070275db0]
Event: 58,466 Thread 0x00007f90800c1000 1605       3       java.lang.String::getBytes (14 bytes)
Event: 58,466 Thread 0x00007f90800c1000 nmethod 1605 0x00007f9070288690 code [0x00007f9070288800, 0x00007f9070288988]
Event: 58,466 Thread 0x00007f90800c1000 1606   !   3       java.lang.StringCoding::encode (64 bytes)
Event: 58,468 Thread 0x00007f90800c1000 nmethod 1606 0x00007f90706ae310 code [0x00007f90706ae580, 0x00007f90706af268]
Event: 59,382 Thread 0x00007f90800c1000 1607       3       org.bytedeco.javacpp.Pointer::<init> (86 bytes)
Event: 59,383 Thread 0x00007f90800c1000 nmethod 1607 0x00007f90706adc10 code [0x00007f90706adda0, 0x00007f90706ae190]
Event: 61,539 Thread 0x00007f90800c1000 1608       3       org.bytedeco.javacpp.Pointer::access$000 (4 bytes)
Event: 61,539 Thread 0x00007f90800c1000 nmethod 1608 0x00007f90702819d0 code [0x00007f9070281b20, 0x00007f9070281c50]

GC Heap History (10 events):
Event: 21,827 GC heap before
{Heap before GC invocations=1 (full 0):
 PSYoungGen      total 13312K, used 11776K [0x00000000f1700000, 0x00000000f2580000, 0x0000000100000000)
  eden space 11776K, 100% used [0x00000000f1700000,0x00000000f2280000,0x00000000f2280000)
  from space 1536K, 0% used [0x00000000f2400000,0x00000000f2400000,0x00000000f2580000)
  to   space 1536K, 0% used [0x00000000f2280000,0x00000000f2280000,0x00000000f2400000)
 ParOldGen       total 30208K, used 0K [0x00000000d4400000, 0x00000000d6180000, 0x00000000f1700000)
  object space 30208K, 0% used [0x00000000d4400000,0x00000000d4400000,0x00000000d6180000)
 Metaspace       used 13527K, capacity 13694K, committed 13824K, reserved 1060864K
  class space    used 1647K, capacity 1731K, committed 1792K, reserved 1048576K
Event: 21,924 GC heap after
Heap after GC invocations=1 (full 0):
 PSYoungGen      total 13312K, used 1536K [0x00000000f1700000, 0x00000000f2580000, 0x0000000100000000)
  eden space 11776K, 0% used [0x00000000f1700000,0x00000000f1700000,0x00000000f2280000)
  from space 1536K, 100% used [0x00000000f2280000,0x00000000f2400000,0x00000000f2400000)
  to   space 1536K, 0% used [0x00000000f2400000,0x00000000f2400000,0x00000000f2580000)
 ParOldGen       total 30208K, used 1356K [0x00000000d4400000, 0x00000000d6180000, 0x00000000f1700000)
  object space 30208K, 4% used [0x00000000d4400000,0x00000000d45530b0,0x00000000d6180000)
 Metaspace       used 13527K, capacity 13694K, committed 13824K, reserved 1060864K
  class space    used 1647K, capacity 1731K, committed 1792K, reserved 1048576K
}
Event: 38,387 GC heap before
{Heap before GC invocations=2 (full 0):
 PSYoungGen      total 13312K, used 13312K [0x00000000f1700000, 0x00000000f2580000, 0x0000000100000000)
  eden space 11776K, 100% used [0x00000000f1700000,0x00000000f2280000,0x00000000f2280000)
  from space 1536K, 100% used [0x00000000f2280000,0x00000000f2400000,0x00000000f2400000)
  to   space 1536K, 0% used [0x00000000f2400000,0x00000000f2400000,0x00000000f2580000)
 ParOldGen       total 30208K, used 1356K [0x00000000d4400000, 0x00000000d6180000, 0x00000000f1700000)
  object space 30208K, 4% used [0x00000000d4400000,0x00000000d45530b0,0x00000000d6180000)
 Metaspace       used 16150K, capacity 16296K, committed 16640K, reserved 1064960K
  class space    used 1891K, capacity 1956K, committed 2048K, reserved 1048576K
Event: 38,393 GC heap after
Heap after GC invocations=2 (full 0):
 PSYoungGen      total 13312K, used 1522K [0x00000000f1700000, 0x00000000f2580000, 0x0000000100000000)
  eden space 11776K, 0% used [0x00000000f1700000,0x00000000f1700000,0x00000000f2280000)
  from space 1536K, 99% used [0x00000000f2400000,0x00000000f257c820,0x00000000f2580000)
  to   space 1536K, 0% used [0x00000000f2280000,0x00000000f2280000,0x00000000f2400000)
 ParOldGen       total 30208K, used 2665K [0x00000000d4400000, 0x00000000d6180000, 0x00000000f1700000)
  object space 30208K, 8% used [0x00000000d4400000,0x00000000d469a7a8,0x00000000d6180000)
 Metaspace       used 16150K, capacity 16296K, committed 16640K, reserved 1064960K
  class space    used 1891K, capacity 1956K, committed 2048K, reserved 1048576K
}
Event: 38,664 GC heap before
{Heap before GC invocations=3 (full 0):
 PSYoungGen      total 13312K, used 13298K [0x00000000f1700000, 0x00000000f2580000, 0x0000000100000000)
  eden space 11776K, 100% used [0x00000000f1700000,0x00000000f2280000,0x00000000f2280000)
  from space 1536K, 99% used [0x00000000f2400000,0x00000000f257c820,0x00000000f2580000)
  to   space 1536K, 0% used [0x00000000f2280000,0x00000000f2280000,0x00000000f2400000)
 ParOldGen       total 30208K, used 2665K [0x00000000d4400000, 0x00000000d6180000, 0x00000000f1700000)
  object space 30208K, 8% used [0x00000000d4400000,0x00000000d469a7a8,0x00000000d6180000)
 Metaspace       used 17123K, capacity 17320K, committed 17536K, reserved 1064960K
  class space    used 2001K, capacity 2084K, committed 2176K, reserved 1048576K
Event: 38,669 GC heap after
Heap after GC invocations=3 (full 0):
 PSYoungGen      total 13312K, used 1522K [0x00000000f1700000, 0x00000000f2580000, 0x0000000100000000)
  eden space 11776K, 0% used [0x00000000f1700000,0x00000000f1700000,0x00000000f2280000)
  from space 1536K, 99% used [0x00000000f2280000,0x00000000f23fc820,0x00000000f2400000)
  to   space 1536K, 0% used [0x00000000f2400000,0x00000000f2400000,0x00000000f2580000)
 ParOldGen       total 30208K, used 3238K [0x00000000d4400000, 0x00000000d6180000, 0x00000000f1700000)
  object space 30208K, 10% used [0x00000000d4400000,0x00000000d4729870,0x00000000d6180000)
 Metaspace       used 17123K, capacity 17320K, committed 17536K, reserved 1064960K
  class space    used 2001K, capacity 2084K, committed 2176K, reserved 1048576K
}
Event: 38,856 GC heap before
{Heap before GC invocations=4 (full 0):
 PSYoungGen      total 13312K, used 13298K [0x00000000f1700000, 0x00000000f2580000, 0x0000000100000000)
  eden space 11776K, 100% used [0x00000000f1700000,0x00000000f2280000,0x00000000f2280000)
  from space 1536K, 99% used [0x00000000f2280000,0x00000000f23fc820,0x00000000f2400000)
  to   space 1536K, 0% used [0x00000000f2400000,0x00000000f2400000,0x00000000f2580000)
 ParOldGen       total 30208K, used 3238K [0x00000000d4400000, 0x00000000d6180000, 0x00000000f1700000)
  object space 30208K, 10% used [0x00000000d4400000,0x00000000d4729870,0x00000000d6180000)
 Metaspace       used 17287K, capacity 17448K, committed 17792K, reserved 1064960K
  class space    used 2019K, capacity 2084K, committed 2176K, reserved 1048576K
Event: 38,859 GC heap after
Heap after GC invocations=4 (full 0):
 PSYoungGen      total 13312K, used 1522K [0x00000000f1700000, 0x00000000f2580000, 0x0000000100000000)
  eden space 11776K, 0% used [0x00000000f1700000,0x00000000f1700000,0x00000000f2280000)
  from space 1536K, 99% used [0x00000000f2400000,0x00000000f257c820,0x00000000f2580000)
  to   space 1536K, 0% used [0x00000000f2280000,0x00000000f2280000,0x00000000f2400000)
 ParOldGen       total 30208K, used 3384K [0x00000000d4400000, 0x00000000d6180000, 0x00000000f1700000)
  object space 30208K, 11% used [0x00000000d4400000,0x00000000d474e300,0x00000000d6180000)
 Metaspace       used 17287K, capacity 17448K, committed 17792K, reserved 1064960K
  class space    used 2019K, capacity 2084K, committed 2176K, reserved 1048576K
}
Event: 41,165 GC heap before
{Heap before GC invocations=5 (full 0):
 PSYoungGen      total 13312K, used 13298K [0x00000000f1700000, 0x00000000f2580000, 0x0000000100000000)
  eden space 11776K, 100% used [0x00000000f1700000,0x00000000f2280000,0x00000000f2280000)
  from space 1536K, 99% used [0x00000000f2400000,0x00000000f257c820,0x00000000f2580000)
  to   space 1536K, 0% used [0x00000000f2280000,0x00000000f2280000,0x00000000f2400000)
 ParOldGen       total 30208K, used 3384K [0x00000000d4400000, 0x00000000d6180000, 0x00000000f1700000)
  object space 30208K, 11% used [0x00000000d4400000,0x00000000d474e300,0x00000000d6180000)
 Metaspace       used 17322K, capacity 17448K, committed 17792K, reserved 1064960K
  class space    used 2019K, capacity 2084K, committed 2176K, reserved 1048576K
Event: 41,169 GC heap after
Heap after GC invocations=5 (full 0):
 PSYoungGen      total 13312K, used 1522K [0x00000000f1700000, 0x00000000f2980000, 0x0000000100000000)
  eden space 11776K, 0% used [0x00000000f1700000,0x00000000f1700000,0x00000000f2280000)
  from space 1536K, 99% used [0x00000000f2280000,0x00000000f23fc820,0x00000000f2400000)
  to   space 3584K, 0% used [0x00000000f2600000,0x00000000f2600000,0x00000000f2980000)
 ParOldGen       total 30208K, used 3424K [0x00000000d4400000, 0x00000000d6180000, 0x00000000f1700000)
  object space 30208K, 11% used [0x00000000d4400000,0x00000000d4758300,0x00000000d6180000)
 Metaspace       used 17322K, capacity 17448K, committed 17792K, reserved 1064960K
  class space    used 2019K, capacity 2084K, committed 2176K, reserved 1048576K
}

Deoptimization events (10 events):
Event: 8,347 Thread 0x00007f90806b4800 Uncommon trap: reason=class_check action=maybe_recompile pc=0x00007f90703094dc method=java.lang.String.equals(Ljava/lang/Object;)Z @ 8
Event: 8,452 Thread 0x00007f90806b4800 Uncommon trap: reason=class_check action=maybe_recompile pc=0x00007f90703094dc method=java.lang.String.equals(Ljava/lang/Object;)Z @ 8
Event: 8,452 Thread 0x00007f90806b4800 Uncommon trap: reason=class_check action=maybe_recompile pc=0x00007f90703094dc method=java.lang.String.equals(Ljava/lang/Object;)Z @ 8
Event: 21,731 Thread 0x00007f90806b4800 Uncommon trap: reason=bimorphic action=maybe_recompile pc=0x00007f90703d01e8 method=java.util.HashMap.putVal(ILjava/lang/Object;Ljava/lang/Object;ZZ)Ljava/lang/Object; @ 253
Event: 21,736 Thread 0x00007f90806b4800 Uncommon trap: reason=bimorphic action=maybe_recompile pc=0x00007f90703d01e8 method=java.util.HashMap.putVal(ILjava/lang/Object;Ljava/lang/Object;ZZ)Ljava/lang/Object; @ 253
Event: 21,743 Thread 0x00007f90806b4800 Uncommon trap: reason=bimorphic action=maybe_recompile pc=0x00007f90703d01e8 method=java.util.HashMap.putVal(ILjava/lang/Object;Ljava/lang/Object;ZZ)Ljava/lang/Object; @ 253
Event: 21,749 Thread 0x00007f90806b4800 Uncommon trap: reason=bimorphic action=maybe_recompile pc=0x00007f90703d01e8 method=java.util.HashMap.putVal(ILjava/lang/Object;Ljava/lang/Object;ZZ)Ljava/lang/Object; @ 253
Event: 21,940 Thread 0x00007f90806b4800 Uncommon trap: reason=bimorphic action=maybe_recompile pc=0x00007f90703cda24 method=java.util.HashMap.putVal(ILjava/lang/Object;Ljava/lang/Object;ZZ)Ljava/lang/Object; @ 253
Event: 37,728 Thread 0x00007f90806b4800 Uncommon trap: reason=unstable_if action=reinterpret pc=0x00007f90702c6ce4 method=sun.nio.cs.UTF_8$Encoder.encode([CII[B)I @ 33
Event: 37,807 Thread 0x00007f90806b4800 Uncommon trap: reason=unstable_if action=reinterpret pc=0x00007f907036f294 method=java.lang.String.<init>([CII)V @ 18

Internal exceptions (10 events):
Event: 43,165 Thread 0x00007f90806b4800 Exception <a 'sun/nio/fs/UnixException'> (0x00000000f1ab5760) thrown at [/HUDSON3/workspace/8-2-build-linux-amd64/jdk8u101/7261/hotspot/src/share/vm/prims/jni.cpp, line 709]
Event: 46,105 Thread 0x00007f90806b4800 Exception <a 'sun/nio/fs/UnixException'> (0x00000000f1abe648) thrown at [/HUDSON3/workspace/8-2-build-linux-amd64/jdk8u101/7261/hotspot/src/share/vm/prims/jni.cpp, line 709]
Event: 50,619 Thread 0x00007f90806b4800 Exception <a 'sun/nio/fs/UnixException'> (0x00000000f1acbb90) thrown at [/HUDSON3/workspace/8-2-build-linux-amd64/jdk8u101/7261/hotspot/src/share/vm/prims/jni.cpp, line 709]
Event: 51,516 Thread 0x00007f90806b4800 Exception <a 'sun/nio/fs/UnixException'> (0x00000000f1acea10) thrown at [/HUDSON3/workspace/8-2-build-linux-amd64/jdk8u101/7261/hotspot/src/share/vm/prims/jni.cpp, line 709]
Event: 55,230 Thread 0x00007f90806b4800 Exception <a 'sun/nio/fs/UnixException'> (0x00000000f1ad69a0) thrown at [/HUDSON3/workspace/8-2-build-linux-amd64/jdk8u101/7261/hotspot/src/share/vm/prims/jni.cpp, line 709]
Event: 57,552 Thread 0x00007f90806b4800 Exception <a 'sun/nio/fs/UnixException'> (0x00000000f1ae0410) thrown at [/HUDSON3/workspace/8-2-build-linux-amd64/jdk8u101/7261/hotspot/src/share/vm/prims/jni.cpp, line 709]
Event: 58,571 Thread 0x00007f90806b4800 Exception <a 'java/lang/RuntimeException'> (0x00000000f1ae42d0) thrown at [/HUDSON3/workspace/8-2-build-linux-amd64/jdk8u101/7261/hotspot/src/share/vm/prims/jni.cpp, line 709]
Event: 58,582 Thread 0x00007f90806b4800 Exception <a 'java/lang/RuntimeException'> (0x00000000f1ae4f50) thrown at [/HUDSON3/workspace/8-2-build-linux-amd64/jdk8u101/7261/hotspot/src/share/vm/prims/jni.cpp, line 709]
Event: 58,591 Thread 0x00007f90806b4800 Exception <a 'java/lang/RuntimeException'> (0x00000000f1ae59e0) thrown at [/HUDSON3/workspace/8-2-build-linux-amd64/jdk8u101/7261/hotspot/src/share/vm/prims/jni.cpp, line 709]
Event: 58,607 Thread 0x00007f90806b4800 Exception <a 'java/lang/RuntimeException'> (0x00000000f1ae6470) thrown at [/HUDSON3/workspace/8-2-build-linux-amd64/jdk8u101/7261/hotspot/src/share/vm/prims/jni.cpp, line 709]

Events (10 events):
Event: 41,684 loading class java/nio/file/StandardCopyOption
Event: 41,684 loading class java/nio/file/StandardCopyOption done
Event: 41,684 loading class sun/nio/fs/UnixCopyFile
Event: 41,692 loading class sun/nio/fs/UnixCopyFile done
Event: 41,692 loading class sun/nio/fs/UnixCopyFile$2
Event: 41,692 loading class sun/nio/fs/UnixCopyFile$2 done
Event: 41,692 loading class sun/nio/fs/UnixCopyFile$Flags
Event: 41,692 loading class sun/nio/fs/UnixCopyFile$Flags done
Event: 41,692 loading class sun/nio/fs/UnixException
Event: 41,693 loading class sun/nio/fs/UnixException done


Dynamic libraries:
00400000-00401000 r-xp 00000000 08:06 140165                             /home/stark28/Programas/jdk1.8.0_101/bin/java
00600000-00601000 rw-p 00000000 08:06 140165                             /home/stark28/Programas/jdk1.8.0_101/bin/java
00ba8000-03624000 rw-p 00000000 00:00 0                                  [heap]
d4400000-d6180000 rw-p 00000000 00:00 0 
d6180000-f1700000 ---p 00000000 00:00 0 
f1700000-f2980000 rw-p 00000000 00:00 0 
f2980000-100000000 ---p 00000000 00:00 0 
100000000-100220000 rw-p 00000000 00:00 0 
100220000-140000000 ---p 00000000 00:00 0 
7f8fc4000000-7f8fc459f000 rw-p 00000000 00:00 0 
7f8fc459f000-7f8fc8000000 ---p 00000000 00:00 0 
7f8fcc000000-7f8fcff95000 rw-p 00000000 00:00 0 
7f8fcff95000-7f8fd0000000 ---p 00000000 00:00 0 
7f8fd4000000-7f8fd7fd9000 rw-p 00000000 00:00 0 
7f8fd7fd9000-7f8fd8000000 ---p 00000000 00:00 0 
7f8fdc000000-7f8fdfff0000 rw-p 00000000 00:00 0 
7f8fdfff0000-7f8fe0000000 ---p 00000000 00:00 0 
7f8fe4000000-7f8fe7fca000 rw-p 00000000 00:00 0 
7f8fe7fca000-7f8fe8000000 ---p 00000000 00:00 0 
7f8fec000000-7f8feffce000 rw-p 00000000 00:00 0 
7f8feffce000-7f8ff0000000 ---p 00000000 00:00 0 
7f8ff4000000-7f8ff7fda000 rw-p 00000000 00:00 0 
7f8ff7fda000-7f8ff8000000 ---p 00000000 00:00 0 
7f8ffc000000-7f8ffc259000 rw-p 00000000 00:00 0 
7f8ffc259000-7f9000000000 ---p 00000000 00:00 0 
7f9004000000-7f900428e000 rw-p 00000000 00:00 0 
7f900428e000-7f9008000000 ---p 00000000 00:00 0 
7f900c000000-7f900c28e000 rw-p 00000000 00:00 0 
7f900c28e000-7f9010000000 ---p 00000000 00:00 0 
7f9014000000-7f9014021000 rw-p 00000000 00:00 0 
7f9014021000-7f9018000000 ---p 00000000 00:00 0 
7f9018000000-7f9018021000 rw-p 00000000 00:00 0 
7f9018021000-7f901c000000 ---p 00000000 00:00 0 
7f901cadd000-7f901cb57000 r-xp 00000000 08:06 133132                     /home/stark28/.javacpp/cache/opencv-linux-x86_64.jar/org/bytedeco/javacpp/linux-x86_64/libjniopencv_objdetect.so
7f901cb57000-7f901cd57000 ---p 0007a000 08:06 133132                     /home/stark28/.javacpp/cache/opencv-linux-x86_64.jar/org/bytedeco/javacpp/linux-x86_64/libjniopencv_objdetect.so
7f901cd57000-7f901cd5e000 rw-p 0007a000 08:06 133132                     /home/stark28/.javacpp/cache/opencv-linux-x86_64.jar/org/bytedeco/javacpp/linux-x86_64/libjniopencv_objdetect.so
7f901cd5e000-7f901cdc1000 r-xp 00000000 08:06 132687                     /home/stark28/.javacpp/cache/opencv-linux-x86_64.jar/org/bytedeco/javacpp/linux-x86_64/libopencv_objdetect.so.3.4
7f901cdc1000-7f901cfc1000 ---p 00063000 08:06 132687                     /home/stark28/.javacpp/cache/opencv-linux-x86_64.jar/org/bytedeco/javacpp/linux-x86_64/libopencv_objdetect.so.3.4
7f901cfc1000-7f901cfc3000 rw-p 00063000 08:06 132687                     /home/stark28/.javacpp/cache/opencv-linux-x86_64.jar/org/bytedeco/javacpp/linux-x86_64/libopencv_objdetect.so.3.4
7f901cfc3000-7f901d2df000 rw-p 00000000 00:00 0 
7f901d2df000-7f901d2e0000 ---p 00000000 00:00 0 
7f901d2e0000-7f901dae0000 rw-p 00000000 00:00 0 
7f901dae0000-7f901dae1000 ---p 00000000 00:00 0 
7f901dae1000-7f901e2e1000 rw-p 00000000 00:00 0 
7f901e2e1000-7f901e2e2000 ---p 00000000 00:00 0 
7f901e2e2000-7f901eae2000 rw-p 00000000 00:00 0 
7f901edfd000-7f901ee2f000 r-xp 00000000 08:06 151583                     /home/stark28/.javacpp/cache/opencv-linux-x86_64.jar/org/bytedeco/javacpp/linux-x86_64/libjniopencv_imgcodecs.so
7f901ee2f000-7f901f02f000 ---p 00032000 08:06 151583                     /home/stark28/.javacpp/cache/opencv-linux-x86_64.jar/org/bytedeco/javacpp/linux-x86_64/libjniopencv_imgcodecs.so
7f901f02f000-7f901f030000 rw-p 00032000 08:06 151583                     /home/stark28/.javacpp/cache/opencv-linux-x86_64.jar/org/bytedeco/javacpp/linux-x86_64/libjniopencv_imgcodecs.so
7f901f030000-7f901f29c000 r-xp 00000000 08:06 151581                     /home/stark28/.javacpp/cache/opencv-linux-x86_64.jar/org/bytedeco/javacpp/linux-x86_64/libopencv_imgcodecs.so.3.4
7f901f29c000-7f901f49c000 ---p 0026c000 08:06 151581                     /home/stark28/.javacpp/cache/opencv-linux-x86_64.jar/org/bytedeco/javacpp/linux-x86_64/libopencv_imgcodecs.so.3.4
7f901f49c000-7f901f4ab000 rw-p 0026c000 08:06 151581                     /home/stark28/.javacpp/cache/opencv-linux-x86_64.jar/org/bytedeco/javacpp/linux-x86_64/libopencv_imgcodecs.so.3.4
7f901f4ab000-7f901f4b4000 rw-p 00000000 00:00 0 
7f901f4b4000-7f901f614000 r-xp 00000000 08:06 151580                     /home/stark28/.javacpp/cache/opencv-linux-x86_64.jar/org/bytedeco/javacpp/linux-x86_64/libjniopencv_imgproc.so
7f901f614000-7f901f814000 ---p 00160000 08:06 151580                     /home/stark28/.javacpp/cache/opencv-linux-x86_64.jar/org/bytedeco/javacpp/linux-x86_64/libjniopencv_imgproc.so
7f901f814000-7f901f821000 rw-p 00160000 08:06 151580                     /home/stark28/.javacpp/cache/opencv-linux-x86_64.jar/org/bytedeco/javacpp/linux-x86_64/libjniopencv_imgproc.so
7f901f821000-7f901f961000 rw-p 00000000 00:00 0 
7f901f961000-7f901fa21000 ---p 00000000 00:00 0 
7f901fa21000-7f901fda9000 r-xp 00000000 08:06 151579                     /home/stark28/.javacpp/cache/opencv-linux-x86_64.jar/org/bytedeco/javacpp/linux-x86_64/libjniopencv_core.so
7f901fda9000-7f901ffa8000 ---p 00388000 08:06 151579                     /home/stark28/.javacpp/cache/opencv-linux-x86_64.jar/org/bytedeco/javacpp/linux-x86_64/libjniopencv_core.so
7f901ffa8000-7f901ffff000 rw-p 00387000 08:06 151579                     /home/stark28/.javacpp/cache/opencv-linux-x86_64.jar/org/bytedeco/javacpp/linux-x86_64/libjniopencv_core.so
7f901ffff000-7f9020000000 rw-p 00000000 00:00 0 
7f9020000000-7f9020021000 rw-p 00000000 00:00 0 
7f9020021000-7f9024000000 ---p 00000000 00:00 0 
7f9024000000-7f9028000000 rw-p 00000000 00:00 0 
7f9028000000-7f9028021000 rw-p 00000000 00:00 0 
7f9028021000-7f902c000000 ---p 00000000 00:00 0 
7f902c000000-7f902c296000 rw-p 00000000 00:00 0 
7f902c296000-7f9030000000 ---p 00000000 00:00 0 
7f9030000000-7f9030021000 rw-p 00000000 00:00 0 
7f9030021000-7f9034000000 ---p 00000000 00:00 0 
7f9034000000-7f9034021000 rw-p 00000000 00:00 0 
7f9034021000-7f9038000000 ---p 00000000 00:00 0 
7f9038000000-7f903837f000 rw-p 00000000 00:00 0 
7f903837f000-7f903c000000 ---p 00000000 00:00 0 
7f903c000000-7f903c435000 rw-p 00000000 00:00 0 
7f903c435000-7f9040000000 ---p 00000000 00:00 0 
7f9040000000-7f9040021000 rw-p 00000000 00:00 0 
7f9040021000-7f9044000000 ---p 00000000 00:00 0 
7f9044000000-7f9044341000 rw-p 00000000 00:00 0 
7f9044341000-7f9048000000 ---p 00000000 00:00 0 
7f9048000000-7f9048021000 rw-p 00000000 00:00 0 
7f9048021000-7f904c000000 ---p 00000000 00:00 0 
7f904c000000-7f904c021000 rw-p 00000000 00:00 0 
7f904c021000-7f9050000000 ---p 00000000 00:00 0 
7f9050000000-7f9050021000 rw-p 00000000 00:00 0 
7f9050021000-7f9054000000 ---p 00000000 00:00 0 
7f9054000000-7f9054021000 rw-p 00000000 00:00 0 
7f9054021000-7f9058000000 ---p 00000000 00:00 0 
7f9058000000-7f9058021000 rw-p 00000000 00:00 0 
7f9058021000-7f905c000000 ---p 00000000 00:00 0 
7f905c1d3000-7f905c4f9000 r-xp 00000000 08:06 151577                     /home/stark28/.javacpp/cache/opencv-linux-x86_64.jar/org/bytedeco/javacpp/linux-x86_64/libopencv_imgproc.so.3.4
7f905c4f9000-7f905c6f8000 ---p 00326000 08:06 151577                     /home/stark28/.javacpp/cache/opencv-linux-x86_64.jar/org/bytedeco/javacpp/linux-x86_64/libopencv_imgproc.so.3.4
7f905c6f8000-7f905c70d000 rw-p 00325000 08:06 151577                     /home/stark28/.javacpp/cache/opencv-linux-x86_64.jar/org/bytedeco/javacpp/linux-x86_64/libopencv_imgproc.so.3.4
7f905c70d000-7f905c7ac000 rw-p 00000000 00:00 0 
7f905c7ac000-7f905c91e000 r-xp 00000000 08:03 2779                       /usr/lib/x86_64-linux-gnu/libstdc++.so.6.0.22
7f905c91e000-7f905cb1e000 ---p 00172000 08:03 2779                       /usr/lib/x86_64-linux-gnu/libstdc++.so.6.0.22
7f905cb1e000-7f905cb28000 r--p 00172000 08:03 2779                       /usr/lib/x86_64-linux-gnu/libstdc++.so.6.0.22
7f905cb28000-7f905cb2a000 rw-p 0017c000 08:03 2779                       /usr/lib/x86_64-linux-gnu/libstdc++.so.6.0.22
7f905cb2a000-7f905cb2e000 rw-p 00000000 00:00 0 
7f905cb2e000-7f905cdee000 r-xp 00000000 08:06 151575                     /home/stark28/.javacpp/cache/opencv-linux-x86_64.jar/org/bytedeco/javacpp/linux-x86_64/libopencv_core.so.3.4
7f905cdee000-7f905cfed000 ---p 002c0000 08:06 151575                     /home/stark28/.javacpp/cache/opencv-linux-x86_64.jar/org/bytedeco/javacpp/linux-x86_64/libopencv_core.so.3.4
7f905cfed000-7f905cffa000 rw-p 002bf000 08:06 151575                     /home/stark28/.javacpp/cache/opencv-linux-x86_64.jar/org/bytedeco/javacpp/linux-x86_64/libopencv_core.so.3.4
7f905cffa000-7f905cfff000 rw-p 00000000 00:00 0 
7f905cfff000-7f9060000000 rw-p 00000000 00:00 0 
7f9060000000-7f9060021000 rw-p 00000000 00:00 0 
7f9060021000-7f9064000000 ---p 00000000 00:00 0 
7f906408f000-7f90640a4000 r-xp 00000000 08:06 151573                     /home/stark28/.javacpp/cache/opencv-linux-x86_64.jar/org/bytedeco/javacpp/linux-x86_64/libgomp.so.1
7f90640a4000-7f90642a3000 ---p 00015000 08:06 151573                     /home/stark28/.javacpp/cache/opencv-linux-x86_64.jar/org/bytedeco/javacpp/linux-x86_64/libgomp.so.1
7f90642a3000-7f90642a4000 rw-p 00014000 08:06 151573                     /home/stark28/.javacpp/cache/opencv-linux-x86_64.jar/org/bytedeco/javacpp/linux-x86_64/libgomp.so.1
7f90642a4000-7f90644a4000 rw-p 00000000 00:00 0 
7f90644a4000-7f90644ce000 r-xp 00000000 08:06 139920                     /home/stark28/Programas/jdk1.8.0_101/jre/lib/amd64/libdcpr.so
7f90644ce000-7f90646ce000 ---p 0002a000 08:06 139920                     /home/stark28/Programas/jdk1.8.0_101/jre/lib/amd64/libdcpr.so
7f90646ce000-7f90646d1000 rw-p 0002a000 08:06 139920                     /home/stark28/Programas/jdk1.8.0_101/jre/lib/amd64/libdcpr.so
7f90646d1000-7f906473a000 r-xp 00000000 08:06 139949                     /home/stark28/Programas/jdk1.8.0_101/jre/lib/amd64/libt2k.so
7f906473a000-7f906493a000 ---p 00069000 08:06 139949                     /home/stark28/Programas/jdk1.8.0_101/jre/lib/amd64/libt2k.so
7f906493a000-7f9064941000 rw-p 00069000 08:06 139949                     /home/stark28/Programas/jdk1.8.0_101/jre/lib/amd64/libt2k.so
7f9064941000-7f9064b51000 rw-p 00000000 00:00 0 
7f9064b51000-7f9064b5c000 r--s 00000000 08:03 400202                     /var/cache/fontconfig/945677eb7aeaf62f1d50efc3fb3ec7d8-le64.cache-4
7f9064b5c000-7f9064b5f000 r--s 00000000 08:03 400201                     /var/cache/fontconfig/f24b2111ab8703b4e963115a8cf14259-le64.cache-4
7f9064b5f000-7f9064b63000 r--s 00000000 08:03 392458                     /var/cache/fontconfig/de156ccd2eddbdc19d37a45b8b2aac9c-le64.cache-4
7f9064b63000-7f9064b64000 r--s 00000000 08:03 400200                     /var/cache/fontconfig/9451a55048e8dbe8633e64d34165fdf2-le64.cache-4
7f9064b64000-7f9064b66000 r--s 00000000 08:03 400199                     /var/cache/fontconfig/69fb4bbe1b2fa860e172a32ebf28505c-le64.cache-4
7f9064b66000-7f9064ba8000 r--s 00000000 08:03 400198                     /var/cache/fontconfig/0bd3dc0958fa2205aaaa8ebb13e2872b-le64.cache-4
7f9064ba8000-7f9064bae000 r--s 00000000 08:03 392449                     /var/cache/fontconfig/3047814df9a2f067bd2d96a2b9c36e5a-le64.cache-4
7f9064bae000-7f9064bb6000 r--s 00000000 08:03 392866                     /var/cache/fontconfig/bf3b770c553c462765856025a94f1ce6-le64.cache-4
7f9064bb6000-7f9064bb8000 r--s 00000000 08:03 400197                     /var/cache/fontconfig/a0107c79d978dfcc5e42cb1335b71036-le64.cache-4
7f9064bb8000-7f9064bbb000 r--s 00000000 08:03 392448                     /var/cache/fontconfig/e49e89034d371f0f9de17aab02136486-le64.cache-4
7f9064bbb000-7f9064bbd000 r--s 00000000 08:03 392427                     /var/cache/fontconfig/4b14b093aebc79c320de5e86ae1d3314-le64.cache-4
7f9064bbd000-7f9064bd0000 r--s 00000000 08:03 392447                     /var/cache/fontconfig/d52a8644073d54c13679302ca1180695-le64.cache-4
7f9064bd0000-7f9064bd8000 r--s 00000000 08:03 392440                     /var/cache/fontconfig/105b9c7e6f0a4f82d8c9b6e39c52c6f9-le64.cache-4
7f9064bd8000-7f9064be2000 r--s 00000000 08:03 400196                     /var/cache/fontconfig/3f7329c5293ffd510edef78f73874cfd-le64.cache-4
7f9064be2000-7f9064bf4000 r--s 00000000 08:03 394504                     /var/cache/fontconfig/9b89f8e3dae116d678bbf48e5f21f69b-le64.cache-4
7f9064bf4000-7f9064c02000 r--s 00000000 08:03 394501                     /var/cache/fontconfig/e13b20fdb08344e0e664864cc2ede53d-le64.cache-4
7f9064c56000-7f9064c59000 ---p 00000000 00:00 0 
7f9064c59000-7f9064d57000 rw-p 00000000 00:00 0 
7f9064d57000-7f9064d62000 r--s 00000000 08:03 400202                     /var/cache/fontconfig/945677eb7aeaf62f1d50efc3fb3ec7d8-le64.cache-4
7f9064d62000-7f9064d65000 r--s 00000000 08:03 400201                     /var/cache/fontconfig/f24b2111ab8703b4e963115a8cf14259-le64.cache-4
7f9064d65000-7f9064d69000 r--s 00000000 08:03 392458                     /var/cache/fontconfig/de156ccd2eddbdc19d37a45b8b2aac9c-le64.cache-4
7f9064d69000-7f9064d6a000 r--s 00000000 08:03 400200                     /var/cache/fontconfig/9451a55048e8dbe8633e64d34165fdf2-le64.cache-4
7f9064d6a000-7f9064d6c000 r--s 00000000 08:03 400199                     /var/cache/fontconfig/69fb4bbe1b2fa860e172a32ebf28505c-le64.cache-4
7f9064d6c000-7f9064d6d000 r--s 00000000 08:03 392428                     /var/cache/fontconfig/4794a0821666d79190d59a36cb4f44b5-le64.cache-4
7f9064d6d000-7f9064daf000 r--s 00000000 08:03 400198                     /var/cache/fontconfig/0bd3dc0958fa2205aaaa8ebb13e2872b-le64.cache-4
7f9064daf000-7f9064db5000 r--s 00000000 08:03 392449                     /var/cache/fontconfig/3047814df9a2f067bd2d96a2b9c36e5a-le64.cache-4
7f9064db5000-7f9064dbd000 r--s 00000000 08:03 392866                     /var/cache/fontconfig/bf3b770c553c462765856025a94f1ce6-le64.cache-4
7f9064dbd000-7f9064dbf000 r--s 00000000 08:03 400197                     /var/cache/fontconfig/a0107c79d978dfcc5e42cb1335b71036-le64.cache-4
7f9064dbf000-7f9064dc2000 r--s 00000000 08:03 392448                     /var/cache/fontconfig/e49e89034d371f0f9de17aab02136486-le64.cache-4
7f9064dc2000-7f9064dc4000 r--s 00000000 08:03 392427                     /var/cache/fontconfig/4b14b093aebc79c320de5e86ae1d3314-le64.cache-4
7f9064dc4000-7f9064dd7000 r--s 00000000 08:03 392447                     /var/cache/fontconfig/d52a8644073d54c13679302ca1180695-le64.cache-4
7f9064dd7000-7f9064de1000 r--s 00000000 08:03 400196                     /var/cache/fontconfig/3f7329c5293ffd510edef78f73874cfd-le64.cache-4
7f9064de1000-7f9064ded000 r--s 00000000 08:03 392446                     /var/cache/fontconfig/d589a48862398ed80a3d6066f4f56f4c-le64.cache-4
7f9064ded000-7f9064dff000 r--s 00000000 08:03 394504                     /var/cache/fontconfig/9b89f8e3dae116d678bbf48e5f21f69b-le64.cache-4
7f9064dff000-7f9064e0d000 r--s 00000000 08:03 394501                     /var/cache/fontconfig/e13b20fdb08344e0e664864cc2ede53d-le64.cache-4
7f9064e10000-7f9064e13000 ---p 00000000 00:00 0 
7f9064e13000-7f9064f11000 rw-p 00000000 00:00 0 
7f9064f11000-7f9065111000 rw-p 00000000 00:00 0 
7f9065111000-7f9065114000 ---p 00000000 00:00 0 
7f9065114000-7f9065212000 rw-p 00000000 00:00 0 
7f9065212000-7f9065215000 ---p 00000000 00:00 0 
7f9065215000-7f9065313000 rw-p 00000000 00:00 0 
7f9065313000-7f9065324000 r-xp 00000000 08:06 139947                     /home/stark28/Programas/jdk1.8.0_101/jre/lib/amd64/libnio.so
7f9065324000-7f9065523000 ---p 00011000 08:06 139947                     /home/stark28/Programas/jdk1.8.0_101/jre/lib/amd64/libnio.so
7f9065523000-7f9065524000 rw-p 00010000 08:06 139947                     /home/stark28/Programas/jdk1.8.0_101/jre/lib/amd64/libnio.so
7f9065524000-7f906552c000 r--s 00000000 08:03 392440                     /var/cache/fontconfig/105b9c7e6f0a4f82d8c9b6e39c52c6f9-le64.cache-4
7f906552c000-7f906552e000 r--s 00000000 08:03 400195                     /var/cache/fontconfig/7ef2298fde41cc6eeb7af42e48b7d293-le64.cache-4
7f906552e000-7f9065530000 r--s 00000000 08:03 394499                     /var/cache/fontconfig/452f1fac34b224105d7acfae3034bcd5-le64.cache-4
7f9065530000-7f9065531000 r--s 00000000 08:03 406116                     /var/cache/fontconfig/e0aa53bcfa504e64f87823c16bc01eb6-le64.cache-4
7f9065531000-7f906554f000 r--s 00000000 08:03 406113                     /var/cache/fontconfig/467c019e582ee353435ea5c21d137ef6-le64.cache-4
7f906554f000-7f9065565000 r-xp 00000000 08:06 139948                     /home/stark28/Programas/jdk1.8.0_101/jre/lib/amd64/libnet.so
7f9065565000-7f9065765000 ---p 00016000 08:06 139948                     /home/stark28/Programas/jdk1.8.0_101/jre/lib/amd64/libnet.so
7f9065765000-7f9065766000 rw-p 00016000 08:06 139948                     /home/stark28/Programas/jdk1.8.0_101/jre/lib/amd64/libnet.so
7f9065766000-7f9065769000 ---p 00000000 00:00 0 
7f9065769000-7f9065867000 rw-p 00000000 00:00 0 
7f9065867000-7f906586c000 r-xp 00000000 08:03 10735                      /usr/lib/x86_64-linux-gnu/libXfixes.so.3.1.0
7f906586c000-7f9065a6b000 ---p 00005000 08:03 10735                      /usr/lib/x86_64-linux-gnu/libXfixes.so.3.1.0
7f9065a6b000-7f9065a6c000 r--p 00004000 08:03 10735                      /usr/lib/x86_64-linux-gnu/libXfixes.so.3.1.0
7f9065a6c000-7f9065a6d000 rw-p 00005000 08:03 10735                      /usr/lib/x86_64-linux-gnu/libXfixes.so.3.1.0
7f9065a6d000-7f9065a77000 r-xp 00000000 08:03 11306                      /usr/lib/x86_64-linux-gnu/libXcursor.so.1.0.2
7f9065a77000-7f9065c76000 ---p 0000a000 08:03 11306                      /usr/lib/x86_64-linux-gnu/libXcursor.so.1.0.2
7f9065c76000-7f9065c77000 r--p 00009000 08:03 11306                      /usr/lib/x86_64-linux-gnu/libXcursor.so.1.0.2
7f9065c77000-7f9065c78000 rw-p 0000a000 08:03 11306                      /usr/lib/x86_64-linux-gnu/libXcursor.so.1.0.2
7f9065c78000-7f9065c7b000 ---p 00000000 00:00 0 
7f9065c7b000-7f9065d79000 rw-p 00000000 00:00 0 
7f9065d79000-7f9065d8f000 r-xp 00000000 08:03 151199                     /lib/x86_64-linux-gnu/libgcc_s.so.1
7f9065d8f000-7f9065f8e000 ---p 00016000 08:03 151199                     /lib/x86_64-linux-gnu/libgcc_s.so.1
7f9065f8e000-7f9065f8f000 r--p 00015000 08:03 151199                     /lib/x86_64-linux-gnu/libgcc_s.so.1
7f9065f8f000-7f9065f90000 rw-p 00016000 08:03 151199                     /lib/x86_64-linux-gnu/libgcc_s.so.1
7f9065f90000-7f9065f91000 r--s 00000000 08:03 392428                     /var/cache/fontconfig/4794a0821666d79190d59a36cb4f44b5-le64.cache-4
7f9065f91000-7f9065f9d000 r--s 00000000 08:03 392446                     /var/cache/fontconfig/d589a48862398ed80a3d6066f4f56f4c-le64.cache-4
7f9065f9d000-7f9065fbb000 r--s 00000000 08:03 406113                     /var/cache/fontconfig/467c019e582ee353435ea5c21d137ef6-le64.cache-4
7f9065fbb000-7f9066020000 r-xp 00000000 08:06 139791                     /home/stark28/Programas/jdk1.8.0_101/jre/lib/amd64/libfontmanager.so
7f9066020000-7f906621f000 ---p 00065000 08:06 139791                     /home/stark28/Programas/jdk1.8.0_101/jre/lib/amd64/libfontmanager.so
7f906621f000-7f9066224000 rw-p 00064000 08:06 139791                     /home/stark28/Programas/jdk1.8.0_101/jre/lib/amd64/libfontmanager.so
7f9066224000-7f9066234000 rw-p 00000000 00:00 0 
7f9066234000-7f906623b000 r--s 00000000 08:03 41476                      /usr/lib/x86_64-linux-gnu/gconv/gconv-modules.cache
7f906623b000-7f906624e000 r-xp 00000000 08:03 130464                     /lib/x86_64-linux-gnu/libbsd.so.0.8.3
7f906624e000-7f906644e000 ---p 00013000 08:03 130464                     /lib/x86_64-linux-gnu/libbsd.so.0.8.3
7f906644e000-7f906644f000 r--p 00013000 08:03 130464                     /lib/x86_64-linux-gnu/libbsd.so.0.8.3
7f906644f000-7f9066450000 rw-p 00014000 08:03 130464                     /lib/x86_64-linux-gnu/libbsd.so.0.8.3
7f9066450000-7f9066451000 rw-p 00000000 00:00 0 
7f9066451000-7f9066456000 r-xp 00000000 08:03 3757                       /usr/lib/x86_64-linux-gnu/libXdmcp.so.6.0.0
7f9066456000-7f9066655000 ---p 00005000 08:03 3757                       /usr/lib/x86_64-linux-gnu/libXdmcp.so.6.0.0
7f9066655000-7f9066656000 r--p 00004000 08:03 3757                       /usr/lib/x86_64-linux-gnu/libXdmcp.so.6.0.0
7f9066656000-7f9066657000 rw-p 00005000 08:03 3757                       /usr/lib/x86_64-linux-gnu/libXdmcp.so.6.0.0
7f9066657000-7f906665a000 r-xp 00000000 08:03 8319                       /usr/lib/x86_64-linux-gnu/libXau.so.6.0.0
7f906665a000-7f9066859000 ---p 00003000 08:03 8319                       /usr/lib/x86_64-linux-gnu/libXau.so.6.0.0
7f9066859000-7f906685a000 r--p 00002000 08:03 8319                       /usr/lib/x86_64-linux-gnu/libXau.so.6.0.0
7f906685a000-7f906685b000 rw-p 00003000 08:03 8319                       /usr/lib/x86_64-linux-gnu/libXau.so.6.0.0
7f906685b000-7f9066882000 r-xp 00000000 08:03 8774                       /usr/lib/x86_64-linux-gnu/libxcb.so.1.1.0
7f9066882000-7f9066a81000 ---p 00027000 08:03 8774                       /usr/lib/x86_64-linux-gnu/libxcb.so.1.1.0
7f9066a81000-7f9066a82000 r--p 00026000 08:03 8774                       /usr/lib/x86_64-linux-gnu/libxcb.so.1.1.0
7f9066a82000-7f9066a83000 rw-p 00027000 08:03 8774                       /usr/lib/x86_64-linux-gnu/libxcb.so.1.1.0
7f9066a83000-7f9066a92000 r-xp 00000000 08:03 11308                      /usr/lib/x86_64-linux-gnu/libXi.so.6.1.0
7f9066a92000-7f9066c91000 ---p 0000f000 08:03 11308                      /usr/lib/x86_64-linux-gnu/libXi.so.6.1.0
7f9066c91000-7f9066c92000 r--p 0000e000 08:03 11308                      /usr/lib/x86_64-linux-gnu/libXi.so.6.1.0
7f9066c92000-7f9066c93000 rw-p 0000f000 08:03 11308                      /usr/lib/x86_64-linux-gnu/libXi.so.6.1.0
7f9066c93000-7f9066c98000 r-xp 00000000 08:03 24510                      /usr/lib/x86_64-linux-gnu/libXtst.so.6.1.0
7f9066c98000-7f9066e97000 ---p 00005000 08:03 24510                      /usr/lib/x86_64-linux-gnu/libXtst.so.6.1.0
7f9066e97000-7f9066e98000 r--p 00004000 08:03 24510                      /usr/lib/x86_64-linux-gnu/libXtst.so.6.1.0
7f9066e98000-7f9066e99000 rw-p 00005000 08:03 24510                      /usr/lib/x86_64-linux-gnu/libXtst.so.6.1.0
7f9066e99000-7f9066ea2000 r-xp 00000000 08:03 8157                       /usr/lib/x86_64-linux-gnu/libXrender.so.1.3.0
7f9066ea2000-7f90670a1000 ---p 00009000 08:03 8157                       /usr/lib/x86_64-linux-gnu/libXrender.so.1.3.0
7f90670a1000-7f90670a2000 r--p 00008000 08:03 8157                       /usr/lib/x86_64-linux-gnu/libXrender.so.1.3.0
7f90670a2000-7f90670a3000 rw-p 00009000 08:03 8157                       /usr/lib/x86_64-linux-gnu/libXrender.so.1.3.0
7f90670a3000-7f90671dd000 r-xp 00000000 08:03 8788                       /usr/lib/x86_64-linux-gnu/libX11.so.6.3.0
7f90671dd000-7f90673dd000 ---p 0013a000 08:03 8788                       /usr/lib/x86_64-linux-gnu/libX11.so.6.3.0
7f90673dd000-7f90673de000 r--p 0013a000 08:03 8788                       /usr/lib/x86_64-linux-gnu/libX11.so.6.3.0
7f90673de000-7f90673e3000 rw-p 0013b000 08:03 8788                       /usr/lib/x86_64-linux-gnu/libX11.so.6.3.0
7f90673e3000-7f90673f4000 r-xp 00000000 08:03 14600                      /usr/lib/x86_64-linux-gnu/libXext.so.6.4.0
7f90673f4000-7f90675f3000 ---p 00011000 08:03 14600                      /usr/lib/x86_64-linux-gnu/libXext.so.6.4.0
7f90675f3000-7f90675f4000 r--p 00010000 08:03 14600                      /usr/lib/x86_64-linux-gnu/libXext.so.6.4.0
7f90675f4000-7f90675f5000 rw-p 00011000 08:03 14600                      /usr/lib/x86_64-linux-gnu/libXext.so.6.4.0
7f90675f5000-7f90675f7000 r--s 00000000 08:03 400195                     /var/cache/fontconfig/7ef2298fde41cc6eeb7af42e48b7d293-le64.cache-4
7f90675f7000-7f90675f9000 r--s 00000000 08:03 394499                     /var/cache/fontconfig/452f1fac34b224105d7acfae3034bcd5-le64.cache-4
7f90675f9000-7f90675fa000 r--s 00000000 08:03 406116                     /var/cache/fontconfig/e0aa53bcfa504e64f87823c16bc01eb6-le64.cache-4
7f90675fa000-7f9067620000 r--p 00000000 08:03 8174                       /usr/share/locale/es/LC_MESSAGES/libc.mo
7f9067620000-7f9067674000 r-xp 00000000 08:06 139846                     /home/stark28/Programas/jdk1.8.0_101/jre/lib/amd64/libawt_xawt.so
7f9067674000-7f9067874000 ---p 00054000 08:06 139846                     /home/stark28/Programas/jdk1.8.0_101/jre/lib/amd64/libawt_xawt.so
7f9067874000-7f9067878000 rw-p 00054000 08:06 139846                     /home/stark28/Programas/jdk1.8.0_101/jre/lib/amd64/libawt_xawt.so
7f9067878000-7f9067879000 rw-p 00000000 00:00 0 
7f9067879000-7f906791b000 r-xp 00000000 08:06 139950                     /home/stark28/Programas/jdk1.8.0_101/jre/lib/amd64/libawt.so
7f906791b000-7f9067b1b000 ---p 000a2000 08:06 139950                     /home/stark28/Programas/jdk1.8.0_101/jre/lib/amd64/libawt.so
7f9067b1b000-7f9067b27000 rw-p 000a2000 08:06 139950                     /home/stark28/Programas/jdk1.8.0_101/jre/lib/amd64/libawt.so
7f9067b27000-7f9067b4b000 rw-p 00000000 00:00 0 
7f9067b4b000-7f9067b50000 r--s 002f9000 08:06 139995                     /home/stark28/Programas/jdk1.8.0_101/jre/lib/charsets.jar
7f9067b50000-7f9067b5d000 r--s 0131e000 08:06 151486                     /home/stark28/librerias para desarrollo/javacv-bin/opencv-ios-x86_64.jar
7f9067b5d000-7f9067b6a000 r--s 0116e000 08:06 151508                     /home/stark28/librerias para desarrollo/javacv-bin/opencv-ios-arm64.jar
7f9067b6a000-7f9067b75000 r--s 0172e000 08:06 151543                     /home/stark28/librerias para desarrollo/javacv-bin/opencv-android-x86_64.jar
7f9067b75000-7f9067b7f000 r--s 0175a000 08:06 151456                     /home/stark28/librerias para desarrollo/javacv-bin/opencv-android-x86.jar
7f9067b7f000-7f9067b8a000 r--s 0155f000 08:06 151498                     /home/stark28/librerias para desarrollo/javacv-bin/opencv-android-arm64.jar
7f9067b8a000-7f9067b96000 r--s 01285000 08:06 151471                     /home/stark28/librerias para desarrollo/javacv-bin/opencv-android-arm.jar
7f9067b96000-7f9067b98000 r--s 000ec000 08:06 151504                     /home/stark28/librerias para desarrollo/javacv-bin/libfreenect2-windows-x86_64.jar
7f9067b98000-7f9067b99000 r--s 0005b000 08:06 151473                     /home/stark28/librerias para desarrollo/javacv-bin/libfreenect2-macosx-x86_64.jar
7f9067b99000-7f9067b9a000 r--s 0001c000 08:06 151445                     /home/stark28/librerias para desarrollo/javacv-bin/videoinput-windows-x86_64.jar
7f9067b9a000-7f9067b9c000 r--s 00017000 08:06 151481                     /home/stark28/librerias para desarrollo/javacv-bin/videoinput-windows-x86.jar
7f9067b9c000-7f9067b9d000 r--s 00000000 08:06 151530                     /home/stark28/librerias para desarrollo/javacv-bin/videoinput-platform.jar
7f9067b9d000-7f9067b9f000 r--s 000e0000 08:06 151444                     /home/stark28/librerias para desarrollo/javacv-bin/librealsense-windows-x86_64.jar
7f9067b9f000-7f9067ba1000 r--s 000bb000 08:06 151527                     /home/stark28/librerias para desarrollo/javacv-bin/librealsense-windows-x86.jar
7f9067ba1000-7f9067ba2000 r--s 0007b000 08:06 151511                     /home/stark28/librerias para desarrollo/javacv-bin/librealsense-macosx-x86_64.jar
7f9067ba2000-7f9067ba3000 r--s 00073000 08:06 151475                     /home/stark28/librerias para desarrollo/javacv-bin/librealsense-linux-x86_64.jar
7f9067ba3000-7f9067ba4000 r--s 00071000 08:06 151542                     /home/stark28/librerias para desarrollo/javacv-bin/librealsense-linux-x86.jar
7f9067ba4000-7f9067ba5000 r--s 00000000 08:06 151529                     /home/stark28/librerias para desarrollo/javacv-bin/librealsense-platform.jar
7f9067ba5000-7f9067ba6000 r--s 00081000 08:06 151515                     /home/stark28/librerias para desarrollo/javacv-bin/libfreenect2-linux-x86_64.jar
7f9067ba6000-7f9067ba7000 r--s 0007b000 08:06 151528                     /home/stark28/librerias para desarrollo/javacv-bin/libfreenect2-linux-x86.jar
7f9067ba7000-7f9067ba8000 r--s 00000000 08:06 151483                     /home/stark28/librerias para desarrollo/javacv-bin/libfreenect2-platform.jar
7f9067ba8000-7f9067ba9000 r--s 00033000 08:06 151474                     /home/stark28/librerias para desarrollo/javacv-bin/libfreenect-windows-x86_64.jar
7f9067ba9000-7f9067baa000 r--s 0002b000 08:06 151469                     /home/stark28/librerias para desarrollo/javacv-bin/libfreenect-windows-x86.jar
7f9067baa000-7f9067bab000 r--s 0001a000 08:06 151442                     /home/stark28/librerias para desarrollo/javacv-bin/libfreenect-macosx-x86_64.jar
7f9067bab000-7f9067bad000 r--s 00037000 08:06 151460                     /home/stark28/librerias para desarrollo/javacv-bin/libfreenect-linux-ppc64le.jar
7f9067bad000-7f9067bae000 r--s 0001b000 08:06 151464                     /home/stark28/librerias para desarrollo/javacv-bin/libfreenect-linux-armhf.jar
7f9067bae000-7f9067bb0000 r--s 00031000 08:06 151480                     /home/stark28/librerias para desarrollo/javacv-bin/libfreenect-linux-x86_64.jar
7f9067bb0000-7f9067bb1000 r--s 0002f000 08:06 151448                     /home/stark28/librerias para desarrollo/javacv-bin/libfreenect-linux-x86.jar
7f9067bb1000-7f9067bb2000 r--s 00000000 08:06 151510                     /home/stark28/librerias para desarrollo/javacv-bin/libfreenect-platform.jar
7f9067bb2000-7f9067bb3000 r--s 0002c000 08:06 151450                     /home/stark28/librerias para desarrollo/javacv-bin/libdc1394-windows-x86_64.jar
7f9067bb3000-7f9067bb4000 r--s 00030000 08:06 151454                     /home/stark28/librerias para desarrollo/javacv-bin/libdc1394-windows-x86.jar
7f9067bb4000-7f9067bb5000 r--s 0002d000 08:06 151493                     /home/stark28/librerias para desarrollo/javacv-bin/libdc1394-macosx-x86_64.jar
7f9067bb5000-7f9067bb7000 r--s 00025000 08:06 151537                     /home/stark28/librerias para desarrollo/javacv-bin/libdc1394-linux-ppc64le.jar
7f9067bb7000-7f9067bc6000 r--s 013df000 08:06 151484                     /home/stark28/librerias para desarrollo/javacv-bin/opencv-windows-x86_64.jar
7f9067bc6000-7f9067bd4000 r--s 01109000 08:06 151536                     /home/stark28/librerias para desarrollo/javacv-bin/opencv-windows-x86.jar
7f9067bd4000-7f9067be2000 r--s 01177000 08:06 151488                     /home/stark28/librerias para desarrollo/javacv-bin/opencv-macosx-x86_64.jar
7f9067be2000-7f9067bef000 r--s 0125a000 08:06 151534                     /home/stark28/librerias para desarrollo/javacv-bin/opencv-linux-ppc64le.jar
7f9067bef000-7f9067bfc000 r--s 0107a000 08:06 151496                     /home/stark28/librerias para desarrollo/javacv-bin/opencv-linux-armhf.jar
7f9067bfc000-7f9067bfd000 ---p 00000000 00:00 0 
7f9067bfd000-7f9067cfd000 rw-p 00000000 00:00 0 
7f9067cfd000-7f9067d00000 ---p 00000000 00:00 0 
7f9067d00000-7f9067dfe000 rw-p 00000000 00:00 0 
7f9067dfe000-7f9067e01000 ---p 00000000 00:00 0 
7f9067e01000-7f9067eff000 rw-p 00000000 00:00 0 
7f9067eff000-7f9067f02000 ---p 00000000 00:00 0 
7f9067f02000-7f9068000000 rw-p 00000000 00:00 0 
7f9068000000-7f9068021000 rw-p 00000000 00:00 0 
7f9068021000-7f906c000000 ---p 00000000 00:00 0 
7f906c000000-7f906c001000 r--s 00020000 08:06 151452                     /home/stark28/librerias para desarrollo/javacv-bin/libdc1394-linux-armhf.jar
7f906c001000-7f906c002000 r--s 00027000 08:06 151465                     /home/stark28/librerias para desarrollo/javacv-bin/libdc1394-linux-x86_64.jar
7f906c002000-7f906c003000 r--s 00024000 08:06 151501                     /home/stark28/librerias para desarrollo/javacv-bin/libdc1394-linux-x86.jar
7f906c003000-7f906c004000 r--s 00000000 08:06 151440                     /home/stark28/librerias para desarrollo/javacv-bin/libdc1394-platform.jar
7f906c004000-7f906c012000 r--s 01084000 08:06 151478                     /home/stark28/librerias para desarrollo/javacv-bin/opencv-linux-x86_64.jar
7f906c012000-7f906c01f000 r--s 0104b000 08:06 151503                     /home/stark28/librerias para desarrollo/javacv-bin/opencv-linux-x86.jar
7f906c01f000-7f906c020000 r--s 00000000 08:06 151447                     /home/stark28/librerias para desarrollo/javacv-bin/opencv-platform.jar
7f906c020000-7f906c022000 r--s 00003000 08:06 151461                     /home/stark28/librerias para desarrollo/javacv-bin/videoinput.jar
7f906c022000-7f906c025000 r--s 0000a000 08:06 151517                     /home/stark28/librerias para desarrollo/javacv-bin/librealsense.jar
7f906c025000-7f906c026000 r--s 00005000 08:06 151470                     /home/stark28/librerias para desarrollo/javacv-bin/libfreenect2.jar
7f906c026000-7f906c028000 r--s 00004000 08:06 151489                     /home/stark28/librerias para desarrollo/javacv-bin/libfreenect.jar
7f906c028000-7f906c02a000 r--s 00006000 08:06 151532                     /home/stark28/librerias para desarrollo/javacv-bin/libdc1394.jar
7f906c02a000-7f906c048000 r--s 0014a000 08:06 151505                     /home/stark28/librerias para desarrollo/javacv-bin/opencv.jar
7f906c048000-7f906c04d000 r--s 0005c000 08:06 151520                     /home/stark28/librerias para desarrollo/javacv-bin/javacv.jar
7f906c04d000-7f906c04e000 r--s 00000000 08:06 151459                     /home/stark28/librerias para desarrollo/javacv-bin/javacv-platform.jar
7f906c04e000-7f906c04f000 r--s 00034000 08:06 151535                     /home/stark28/librerias para desarrollo/javacv-bin/flycapture-windows-x86_64.jar
7f906c04f000-7f906c050000 r--s 00028000 08:06 151490                     /home/stark28/librerias para desarrollo/javacv-bin/flycapture-windows-x86.jar
7f906c050000-7f906c054000 r--s 0001d000 08:06 151476                     /home/stark28/librerias para desarrollo/javacv-bin/flycapture.jar
7f906c054000-7f906c055000 r--s 00000000 08:06 151482                     /home/stark28/librerias para desarrollo/javacv-bin/flycapture-platform.jar
7f906c055000-7f906c057000 r--s 00042000 08:06 151525                     /home/stark28/librerias para desarrollo/javacv-bin/flycapture-linux-x86_64.jar
7f906c057000-7f906c058000 r--s 0003d000 08:06 151492                     /home/stark28/librerias para desarrollo/javacv-bin/flycapture-linux-x86.jar
7f906c058000-7f906c059000 r--s 00032000 08:06 151453                     /home/stark28/librerias para desarrollo/javacv-bin/flycapture-linux-armhf.jar
7f906c059000-7f906c05a000 r--s 0000a000 08:06 151451                     /home/stark28/librerias para desarrollo/javacv-bin/flandmark-windows-x86_64.jar
7f906c05a000-7f906c05b000 r--s 00008000 08:06 151466                     /home/stark28/librerias para desarrollo/javacv-bin/flandmark-windows-x86.jar
7f906c05b000-7f906c05c000 r--s 00002000 08:06 151521                     /home/stark28/librerias para desarrollo/javacv-bin/flandmark.jar
7f906c05c000-7f906c05d000 r--s 00000000 08:06 151507                     /home/stark28/librerias para desarrollo/javacv-bin/flandmark-platform.jar
7f906c05d000-7f906c05f000 r--s 0000a000 08:06 151514                     /home/stark28/librerias para desarrollo/javacv-bin/flandmark-macosx-x86_64.jar
7f906c05f000-7f906c061000 r--s 0000a000 08:06 151463                     /home/stark28/librerias para desarrollo/javacv-bin/flandmark-linux-x86_64.jar
7f906c061000-7f906c063000 r--s 0000a000 08:06 151526                     /home/stark28/librerias para desarrollo/javacv-bin/flandmark-linux-x86.jar
7f906c063000-7f906c065000 r--s 0000b000 08:06 151524                     /home/stark28/librerias para desarrollo/javacv-bin/flandmark-linux-ppc64le.jar
7f906c065000-7f906c066000 r--s 00009000 08:06 151539                     /home/stark28/librerias para desarrollo/javacv-bin/flandmark-linux-armhf.jar
7f906c066000-7f906c068000 r--s 0000a000 08:06 151497                     /home/stark28/librerias para desarrollo/javacv-bin/flandmark-android-x86_64.jar
7f906c068000-7f906c069000 r--s 0000b000 08:06 151491                     /home/stark28/librerias para desarrollo/javacv-bin/flandmark-android-x86.jar
7f906c069000-7f906c06a000 r--s 0000a000 08:06 151531                     /home/stark28/librerias para desarrollo/javacv-bin/flandmark-android-arm64.jar
7f906c06a000-7f906c06b000 r--s 00009000 08:06 151519                     /home/stark28/librerias para desarrollo/javacv-bin/flandmark-android-arm.jar
7f906c06b000-7f906c06d000 r--s 00d80000 08:06 151487                     /home/stark28/librerias para desarrollo/javacv-bin/ffmpeg-windows-x86_64.jar
7f906c06d000-7f906c06e000 r--s 00d17000 08:06 151516                     /home/stark28/librerias para desarrollo/javacv-bin/ffmpeg-windows-x86.jar
7f906c06e000-7f906c075000 r--s 00035000 08:06 151441                     /home/stark28/librerias para desarrollo/javacv-bin/ffmpeg.jar
7f906c075000-7f906c077000 r--s 00bf4000 08:06 151494                     /home/stark28/librerias para desarrollo/javacv-bin/ffmpeg-macosx-x86_64.jar
7f906c077000-7f906c08c000 r--s 000ef000 08:06 132728                     /home/stark28/librerias para desarrollo/mongo/mongodb-driver-core-3.4.3.jar
7f906c08c000-7f906c0aa000 r--s 0017b000 08:06 132726                     /home/stark28/librerias para desarrollo/mongo/mongo-java-driver-3.4.3.jar
7f906c0aa000-7f906c0ad000 ---p 00000000 00:00 0 
7f906c0ad000-7f906c1ab000 rw-p 00000000 00:00 0 
7f906c1ab000-7f906c1ae000 ---p 00000000 00:00 0 
7f906c1ae000-7f906c2ac000 rw-p 00000000 00:00 0 
7f906c2ac000-7f906c447000 r--p 00000000 08:03 15929                      /usr/lib/locale/locale-archive
7f906c447000-7f906c44a000 ---p 00000000 00:00 0 
7f906c44a000-7f906c548000 rw-p 00000000 00:00 0 
7f906c548000-7f906c54b000 ---p 00000000 00:00 0 
7f906c54b000-7f906c649000 rw-p 00000000 00:00 0 
7f906c649000-7f906c64a000 ---p 00000000 00:00 0 
7f906c64a000-7f906d6bc000 rw-p 00000000 00:00 0 
7f906d6bc000-7f906d895000 r--s 03d29000 08:06 140096                     /home/stark28/Programas/jdk1.8.0_101/jre/lib/rt.jar
7f906d895000-7f906d90b000 rw-p 00000000 00:00 0 
7f906d90b000-7f906f849000 rw-p 00000000 00:00 0 
7f906f849000-7f906f84a000 ---p 00000000 00:00 0 
7f906f84a000-7f906f94a000 rw-p 00000000 00:00 0 
7f906f94a000-7f906f94b000 ---p 00000000 00:00 0 
7f906f94b000-7f906fa4b000 rw-p 00000000 00:00 0 
7f906fa4b000-7f906fa4c000 ---p 00000000 00:00 0 
7f906fa4c000-7f906fb4c000 rw-p 00000000 00:00 0 
7f906fb4c000-7f906fb4d000 ---p 00000000 00:00 0 
7f906fb4d000-7f906fc4d000 rw-p 00000000 00:00 0 
7f906fc4d000-7f906fc5c000 rw-p 00000000 00:00 0 
7f906fc5c000-7f906fd36000 ---p 00000000 00:00 0 
7f906fd36000-7f906fd40000 rw-p 00000000 00:00 0 
7f906fd40000-7f906fdab000 ---p 00000000 00:00 0 
7f906fdab000-7f906fdc2000 rw-p 00000000 00:00 0 
7f906fdc2000-7f907016c000 ---p 00000000 00:00 0 
7f907016c000-7f90706bc000 rwxp 00000000 00:00 0 
7f90706bc000-7f907f16c000 ---p 00000000 00:00 0 
7f907f16c000-7f907f186000 r-xp 00000000 08:06 139946                     /home/stark28/Programas/jdk1.8.0_101/jre/lib/amd64/libzip.so
7f907f186000-7f907f386000 ---p 0001a000 08:06 139946                     /home/stark28/Programas/jdk1.8.0_101/jre/lib/amd64/libzip.so
7f907f386000-7f907f387000 rw-p 0001a000 08:06 139946                     /home/stark28/Programas/jdk1.8.0_101/jre/lib/amd64/libzip.so
7f907f387000-7f907f391000 r-xp 00000000 08:03 155479                     /lib/x86_64-linux-gnu/libnss_files-2.24.so
7f907f391000-7f907f591000 ---p 0000a000 08:03 155479                     /lib/x86_64-linux-gnu/libnss_files-2.24.so
7f907f591000-7f907f592000 r--p 0000a000 08:03 155479                     /lib/x86_64-linux-gnu/libnss_files-2.24.so
7f907f592000-7f907f593000 rw-p 0000b000 08:03 155479                     /lib/x86_64-linux-gnu/libnss_files-2.24.so
7f907f593000-7f907f599000 rw-p 00000000 00:00 0 
7f907f599000-7f907f5a4000 r-xp 00000000 08:03 155481                     /lib/x86_64-linux-gnu/libnss_nis-2.24.so
7f907f5a4000-7f907f7a3000 ---p 0000b000 08:03 155481                     /lib/x86_64-linux-gnu/libnss_nis-2.24.so
7f907f7a3000-7f907f7a4000 r--p 0000a000 08:03 155481                     /lib/x86_64-linux-gnu/libnss_nis-2.24.so
7f907f7a4000-7f907f7a5000 rw-p 0000b000 08:03 155481                     /lib/x86_64-linux-gnu/libnss_nis-2.24.so
7f907f7a5000-7f907f7b9000 r-xp 00000000 08:03 155476                     /lib/x86_64-linux-gnu/libnsl-2.24.so
7f907f7b9000-7f907f9b9000 ---p 00014000 08:03 155476                     /lib/x86_64-linux-gnu/libnsl-2.24.so
7f907f9b9000-7f907f9ba000 r--p 00014000 08:03 155476                     /lib/x86_64-linux-gnu/libnsl-2.24.so
7f907f9ba000-7f907f9bb000 rw-p 00015000 08:03 155476                     /lib/x86_64-linux-gnu/libnsl-2.24.so
7f907f9bb000-7f907f9bd000 rw-p 00000000 00:00 0 
7f907f9bd000-7f907f9c4000 r-xp 00000000 08:03 155477                     /lib/x86_64-linux-gnu/libnss_compat-2.24.so
7f907f9c4000-7f907fbc3000 ---p 00007000 08:03 155477                     /lib/x86_64-linux-gnu/libnss_compat-2.24.so
7f907fbc3000-7f907fbc4000 r--p 00006000 08:03 155477                     /lib/x86_64-linux-gnu/libnss_compat-2.24.so
7f907fbc4000-7f907fbc5000 rw-p 00007000 08:03 155477                     /lib/x86_64-linux-gnu/libnss_compat-2.24.so
7f907fbc5000-7f907fbef000 r-xp 00000000 08:06 139922                     /home/stark28/Programas/jdk1.8.0_101/jre/lib/amd64/libjava.so
7f907fbef000-7f907fdef000 ---p 0002a000 08:06 139922                     /home/stark28/Programas/jdk1.8.0_101/jre/lib/amd64/libjava.so
7f907fdef000-7f907fdf1000 rw-p 0002a000 08:06 139922                     /home/stark28/Programas/jdk1.8.0_101/jre/lib/amd64/libjava.so
7f907fdf1000-7f907fdfe000 r-xp 00000000 08:06 139887                     /home/stark28/Programas/jdk1.8.0_101/jre/lib/amd64/libverify.so
7f907fdfe000-7f907fffe000 ---p 0000d000 08:06 139887                     /home/stark28/Programas/jdk1.8.0_101/jre/lib/amd64/libverify.so
7f907fffe000-7f9080000000 rw-p 0000d000 08:06 139887                     /home/stark28/Programas/jdk1.8.0_101/jre/lib/amd64/libverify.so
7f9080000000-7f9080806000 rw-p 00000000 00:00 0 
7f9080806000-7f9084000000 ---p 00000000 00:00 0 
7f9084000000-7f9084001000 r--s 00000000 08:06 151518                     /home/stark28/librerias para desarrollo/javacv-bin/ffmpeg-platform.jar
7f9084001000-7f9084002000 r--s 00ca2000 08:06 151506                     /home/stark28/librerias para desarrollo/javacv-bin/ffmpeg-linux-x86_64.jar
7f9084002000-7f9084004000 r--s 00be1000 08:06 151502                     /home/stark28/librerias para desarrollo/javacv-bin/ffmpeg-linux-x86.jar
7f9084004000-7f9084005000 r--s 00d9c000 08:06 151455                     /home/stark28/librerias para desarrollo/javacv-bin/ffmpeg-linux-ppc64le.jar
7f9084005000-7f9084006000 r--s 00b29000 08:06 151512                     /home/stark28/librerias para desarrollo/javacv-bin/ffmpeg-linux-armhf.jar
7f9084006000-7f9084007000 r--s 00c14000 08:06 151522                     /home/stark28/librerias para desarrollo/javacv-bin/ffmpeg-android-x86_64.jar
7f9084007000-7f9084009000 r--s 00c41000 08:06 151533                     /home/stark28/librerias para desarrollo/javacv-bin/ffmpeg-android-x86.jar
7f9084009000-7f908400a000 r--s 00c9f000 08:06 151462                     /home/stark28/librerias para desarrollo/javacv-bin/ffmpeg-android-arm64.jar
7f908400a000-7f908400c000 r--s 00c47000 08:06 151523                     /home/stark28/librerias para desarrollo/javacv-bin/ffmpeg-android-arm.jar
7f908400c000-7f908400d000 r--s 00027000 08:06 151449                     /home/stark28/librerias para desarrollo/javacv-bin/artoolkitplus-windows-x86_64.jar
7f908400d000-7f908405c000 rw-p 00000000 00:00 0 
7f908405c000-7f908406b000 rw-p 00000000 00:00 0 
7f908406b000-7f9084146000 ---p 00000000 00:00 0 
7f9084146000-7f908414d000 r-xp 00000000 08:03 155486                     /lib/x86_64-linux-gnu/librt-2.24.so
7f908414d000-7f908434c000 ---p 00007000 08:03 155486                     /lib/x86_64-linux-gnu/librt-2.24.so
7f908434c000-7f908434d000 r--p 00006000 08:03 155486                     /lib/x86_64-linux-gnu/librt-2.24.so
7f908434d000-7f908434e000 rw-p 00007000 08:03 155486                     /lib/x86_64-linux-gnu/librt-2.24.so
7f908434e000-7f9084451000 r-xp 00000000 08:03 155473                     /lib/x86_64-linux-gnu/libm-2.24.so
7f9084451000-7f9084650000 ---p 00103000 08:03 155473                     /lib/x86_64-linux-gnu/libm-2.24.so
7f9084650000-7f9084651000 r--p 00102000 08:03 155473                     /lib/x86_64-linux-gnu/libm-2.24.so
7f9084651000-7f9084652000 rw-p 00103000 08:03 155473                     /lib/x86_64-linux-gnu/libm-2.24.so
7f9084652000-7f908531d000 r-xp 00000000 08:06 139804                     /home/stark28/Programas/jdk1.8.0_101/jre/lib/amd64/server/libjvm.so
7f908531d000-7f908551c000 ---p 00ccb000 08:06 139804                     /home/stark28/Programas/jdk1.8.0_101/jre/lib/amd64/server/libjvm.so
7f908551c000-7f90855f5000 rw-p 00cca000 08:06 139804                     /home/stark28/Programas/jdk1.8.0_101/jre/lib/amd64/server/libjvm.so
7f90855f5000-7f9085640000 rw-p 00000000 00:00 0 
7f9085640000-7f90857d5000 r-xp 00000000 08:03 155469                     /lib/x86_64-linux-gnu/libc-2.24.so
7f90857d5000-7f90859d5000 ---p 00195000 08:03 155469                     /lib/x86_64-linux-gnu/libc-2.24.so
7f90859d5000-7f90859d9000 r--p 00195000 08:03 155469                     /lib/x86_64-linux-gnu/libc-2.24.so
7f90859d9000-7f90859db000 rw-p 00199000 08:03 155469                     /lib/x86_64-linux-gnu/libc-2.24.so
7f90859db000-7f90859df000 rw-p 00000000 00:00 0 
7f90859df000-7f90859e2000 r-xp 00000000 08:03 155472                     /lib/x86_64-linux-gnu/libdl-2.24.so
7f90859e2000-7f9085be1000 ---p 00003000 08:03 155472                     /lib/x86_64-linux-gnu/libdl-2.24.so
7f9085be1000-7f9085be2000 r--p 00002000 08:03 155472                     /lib/x86_64-linux-gnu/libdl-2.24.so
7f9085be2000-7f9085be3000 rw-p 00003000 08:03 155472                     /lib/x86_64-linux-gnu/libdl-2.24.so
7f9085be3000-7f9085bf8000 r-xp 00000000 08:06 139955                     /home/stark28/Programas/jdk1.8.0_101/lib/amd64/jli/libjli.so
7f9085bf8000-7f9085df8000 ---p 00015000 08:06 139955                     /home/stark28/Programas/jdk1.8.0_101/lib/amd64/jli/libjli.so
7f9085df8000-7f9085df9000 rw-p 00015000 08:06 139955                     /home/stark28/Programas/jdk1.8.0_101/lib/amd64/jli/libjli.so
7f9085df9000-7f9085e11000 r-xp 00000000 08:03 155484                     /lib/x86_64-linux-gnu/libpthread-2.24.so
7f9085e11000-7f9086010000 ---p 00018000 08:03 155484                     /lib/x86_64-linux-gnu/libpthread-2.24.so
7f9086010000-7f9086011000 r--p 00017000 08:03 155484                     /lib/x86_64-linux-gnu/libpthread-2.24.so
7f9086011000-7f9086012000 rw-p 00018000 08:03 155484                     /lib/x86_64-linux-gnu/libpthread-2.24.so
7f9086012000-7f9086016000 rw-p 00000000 00:00 0 
7f9086016000-7f9086039000 r-xp 00000000 08:03 151562                     /lib/x86_64-linux-gnu/ld-2.24.so
7f9086039000-7f908603a000 r--s 0001f000 08:06 151446                     /home/stark28/librerias para desarrollo/javacv-bin/artoolkitplus-windows-x86.jar
7f908603a000-7f908603f000 r--s 00051000 08:06 151472                     /home/stark28/librerias para desarrollo/javacv-bin/javacpp.jar
7f908603f000-7f9086040000 r--s 00005000 08:06 151509                     /home/stark28/librerias para desarrollo/javacv-bin/artoolkitplus.jar
7f9086040000-7f9086041000 r--s 00000000 08:06 151477                     /home/stark28/librerias para desarrollo/javacv-bin/artoolkitplus-platform.jar
7f9086041000-7f9086042000 r--s 0002b000 08:06 151479                     /home/stark28/librerias para desarrollo/javacv-bin/artoolkitplus-macosx-x86_64.jar
7f9086042000-7f9086043000 r--s 0002b000 08:06 151540                     /home/stark28/librerias para desarrollo/javacv-bin/artoolkitplus-linux-x86_64.jar
7f9086043000-7f9086108000 rw-p 00000000 00:00 0 
7f9086108000-7f908610b000 ---p 00000000 00:00 0 
7f908610b000-7f908620b000 rw-p 00000000 00:00 0 
7f908620b000-7f908620d000 r--s 00027000 08:06 151443                     /home/stark28/librerias para desarrollo/javacv-bin/artoolkitplus-linux-x86.jar
7f908620d000-7f908620e000 r--s 00030000 08:06 151499                     /home/stark28/librerias para desarrollo/javacv-bin/artoolkitplus-linux-ppc64le.jar
7f908620e000-7f908620f000 r--s 00023000 08:06 151513                     /home/stark28/librerias para desarrollo/javacv-bin/artoolkitplus-linux-armhf.jar
7f908620f000-7f9086210000 r--s 00061000 08:06 151500                     /home/stark28/librerias para desarrollo/javacv-bin/artoolkitplus-android-x86_64.jar
7f9086210000-7f9086211000 r--s 00062000 08:06 151495                     /home/stark28/librerias para desarrollo/javacv-bin/artoolkitplus-android-x86.jar
7f9086211000-7f9086212000 r--s 0005c000 08:06 151538                     /home/stark28/librerias para desarrollo/javacv-bin/artoolkitplus-android-arm64.jar
7f9086212000-7f9086214000 r--s 0004c000 08:06 151437                     /home/stark28/librerias para desarrollo/javacv-bin/artoolkitplus-android-arm.jar
7f9086214000-7f9086218000 r--s 00027000 08:06 132660                     /home/stark28/librerias para desarrollo/mongo/mongodb-driver-async-3.4.3.jar
7f9086218000-7f908621e000 r--s 00054000 08:06 132693                     /home/stark28/librerias para desarrollo/mongo/mongodb-driver-3.4.3.jar
7f908621e000-7f908622c000 rw-p 00000000 00:00 0 
7f908622c000-7f9086234000 rw-s 00000000 08:03 1315220                    /tmp/hsperfdata_stark28/7597
7f9086234000-7f9086235000 rw-p 00000000 00:00 0 
7f9086235000-7f9086236000 r--p 00000000 00:00 0 
7f9086236000-7f9086239000 rw-p 00000000 00:00 0 
7f9086239000-7f908623a000 r--p 00023000 08:03 151562                     /lib/x86_64-linux-gnu/ld-2.24.so
7f908623a000-7f908623b000 rw-p 00024000 08:03 151562                     /lib/x86_64-linux-gnu/ld-2.24.so
7f908623b000-7f908623c000 rw-p 00000000 00:00 0 
7ffdad34d000-7ffdad370000 rw-p 00000000 00:00 0                          [stack]
7ffdad3e5000-7ffdad3e7000 r--p 00000000 00:00 0                          [vvar]
7ffdad3e7000-7ffdad3e9000 r-xp 00000000 00:00 0                          [vdso]
ffffffffff600000-ffffffffff601000 r-xp 00000000 00:00 0                  [vsyscall]

VM Arguments:
jvm_args: -Dfile.encoding=UTF-8 -Djava.library.path=/home/stark28/librerias para desarrollo/opencv-3.4.1/java/x64 
java_command: Interfaz.principal
java_class_path (initial): /home/stark28/librerias para desarrollo/mongo/mongo-java-driver-3.4.3.jar:/home/stark28/librerias para desarrollo/mongo/mongodb-driver-3.4.3.jar:/home/stark28/librerias para desarrollo/mongo/mongodb-driver-async-3.4.3.jar:/home/stark28/librerias para desarrollo/mongo/mongodb-driver-core-3.4.3.jar:/home/stark28/librerias para desarrollo/javacv-bin/artoolkitplus-android-arm.jar:/home/stark28/librerias para desarrollo/javacv-bin/artoolkitplus-android-arm64.jar:/home/stark28/librerias para desarrollo/javacv-bin/artoolkitplus-android-x86.jar:/home/stark28/librerias para desarrollo/javacv-bin/artoolkitplus-android-x86_64.jar:/home/stark28/librerias para desarrollo/javacv-bin/artoolkitplus-linux-armhf.jar:/home/stark28/librerias para desarrollo/javacv-bin/artoolkitplus-linux-ppc64le.jar:/home/stark28/librerias para desarrollo/javacv-bin/artoolkitplus-linux-x86.jar:/home/stark28/librerias para desarrollo/javacv-bin/artoolkitplus-linux-x86_64.jar:/home/stark28/librerias para desarrollo/javacv-bin/artoolkitplus-macosx-x86_64.jar:/home/stark28/librerias para desarrollo/javacv-bin/artoolkitplus-platform.jar:/home/stark28/librerias para desarrollo/javacv-bin/artoolkitplus-windows-x86.jar:/home/stark28/librerias para desarrollo/javacv-bin/artoolkitplus-windows-x86_64.jar:/home/stark28/librerias para desarrollo/javacv-bin/artoolkitplus.jar:/home/stark28/librerias para desarrollo/javacv-bin/ffmpeg-android-arm.jar:/home/stark28/librerias para desarrollo/javacv-bin/ffmpeg-android-arm64.jar:/home/stark28/librerias para desarrollo/javacv-bin/ffmpeg-android-x86.jar:/home/stark28/librerias para desarrollo/javacv-bin/ffmpeg-android-x86_64.jar:/home/stark28/librerias para desarrollo/javacv-bin/ffmpeg-linux-armhf.jar:/home/stark28/librerias para desarrollo/javacv-bin/ffmpeg-linux-ppc64le.jar:/home/stark28/librerias para desarrollo/javacv-bin/ffmpeg-linux-x86.jar:/home/stark28/librerias para desarrollo/javacv-bin/ffmpeg-linux-x86_64.jar:/home/stark28/librerias pa
Launcher Type: SUN_STANDARD

Environment Variables:
PATH=/usr/local/bin:/usr/bin:/bin:/usr/local/games:/usr/games
LD_LIBRARY_PATH=/home/stark28/Programas/jdk1.8.0_101/jre/lib/amd64:/home/stark28/Programas/jdk1.8.0_101/jre/lib/i386:
SHELL=/bin/bash
DISPLAY=:0

Signal Handlers:
SIGSEGV: [libjvm.so+0xac4790], sa_mask[0]=11111111011111111101111111111110, sa_flags=SA_RESTART|SA_SIGINFO
SIGBUS: [libjvm.so+0xac4790], sa_mask[0]=11111111011111111101111111111110, sa_flags=SA_RESTART|SA_SIGINFO
SIGFPE: [libjvm.so+0x91f140], sa_mask[0]=11111111011111111101111111111110, sa_flags=SA_RESTART|SA_SIGINFO
SIGPIPE: [libjvm.so+0x91f140], sa_mask[0]=11111111011111111101111111111110, sa_flags=SA_RESTART|SA_SIGINFO
SIGXFSZ: [libjvm.so+0x91f140], sa_mask[0]=11111111011111111101111111111110, sa_flags=SA_RESTART|SA_SIGINFO
SIGILL: [libjvm.so+0x91f140], sa_mask[0]=11111111011111111101111111111110, sa_flags=SA_RESTART|SA_SIGINFO
SIGUSR1: SIG_DFL, sa_mask[0]=00000000000000000000000000000000, sa_flags=none
SIGUSR2: [libjvm.so+0x920770], sa_mask[0]=00100000000000000000000000000000, sa_flags=SA_RESTART|SA_SIGINFO
SIGHUP: [libjvm.so+0x921b70], sa_mask[0]=11111111011111111101111111111110, sa_flags=SA_RESTART|SA_SIGINFO
SIGINT: SIG_IGN, sa_mask[0]=00000000000000000000000000000000, sa_flags=none
SIGTERM: [libjvm.so+0x921b70], sa_mask[0]=11111111011111111101111111111110, sa_flags=SA_RESTART|SA_SIGINFO
SIGQUIT: [libjvm.so+0x921b70], sa_mask[0]=11111111011111111101111111111110, sa_flags=SA_RESTART|SA_SIGINFO


---------------  S Y S T E M  ---------------

OS:PRETTY_NAME="Debian GNU/Linux 9 (stretch)"
NAME="Debian GNU/Linux"
VERSION_ID="9"
VERSION="9 (stretch)"
ID=debian
HOME_URL="https://www.debian.org/"
SUPPORT_URL="https://www.debian.org/support"
BUG_REPORT_URL="https://bugs.debian.org/"

uname:Linux 4.9.0-6-amd64 #1 SMP Debian 4.9.82-1+deb9u3 (2018-03-02) x86_64
libc:glibc 2.24 NPTL 2.24 
rlimit: STACK 8192k, CORE 0k, NPROC 11083, NOFILE 1048576, AS infinity
load average:3,02 2,63 2,08

/proc/meminfo:
MemTotal:        2861148 kB
MemFree:          761772 kB
MemAvailable:     882284 kB
Buffers:           33320 kB
Cached:           329364 kB
SwapCached:       192608 kB
Active:          1387748 kB
Inactive:         535532 kB
Active(anon):    1217028 kB
Inactive(anon):   404876 kB
Active(file):     170720 kB
Inactive(file):   130656 kB
Unevictable:           0 kB
Mlocked:               0 kB
SwapTotal:       3877884 kB
SwapFree:        3089712 kB
Dirty:              3788 kB
Writeback:             0 kB
AnonPages:       1542496 kB
Mapped:           132848 kB
Shmem:             61276 kB
Slab:              88472 kB
SReclaimable:      31992 kB
SUnreclaim:        56480 kB
KernelStack:        8688 kB
PageTables:        43608 kB
NFS_Unstable:          0 kB
Bounce:                0 kB
WritebackTmp:          0 kB
CommitLimit:     5308456 kB
Committed_AS:    5194068 kB
VmallocTotal:   34359738367 kB
VmallocUsed:           0 kB
VmallocChunk:          0 kB
HardwareCorrupted:     0 kB
AnonHugePages:         0 kB
ShmemHugePages:        0 kB
ShmemPmdMapped:        0 kB
HugePages_Total:       0
HugePages_Free:        0
HugePages_Rsvd:        0
HugePages_Surp:        0
Hugepagesize:       2048 kB
DirectMap4k:      134040 kB
DirectMap2M:     2854912 kB


CPU:total 4 (2 cores per cpu, 2 threads per core) family 6 model 42 stepping 7, cmov, cx8, fxsr, mmx, sse, sse2, sse3, ssse3, sse4.1, sse4.2, popcnt, avx, clmul, ht, tsc, tscinvbit

/proc/cpuinfo:
processor	: 0
vendor_id	: GenuineIntel
cpu family	: 6
model		: 42
model name	: Intel(R) Core(TM) i3-2370M CPU @ 2.40GHz
stepping	: 7
microcode	: 0x1b
cpu MHz		: 1316.748
cache size	: 3072 KB
physical id	: 0
siblings	: 4
core id		: 0
cpu cores	: 2
apicid		: 0
initial apicid	: 0
fpu		: yes
fpu_exception	: yes
cpuid level	: 13
wp		: yes
flags		: fpu vme de pse tsc msr pae mce cx8 apic sep mtrr pge mca cmov pat pse36 clflush dts acpi mmx fxsr sse sse2 ss ht tm pbe syscall nx rdtscp lm constant_tsc arch_perfmon pebs bts rep_good nopl xtopology nonstop_tsc aperfmperf eagerfpu pni pclmulqdq dtes64 monitor ds_cpl vmx est tm2 ssse3 cx16 xtpr pdcm pcid sse4_1 sse4_2 x2apic popcnt tsc_deadline_timer xsave avx lahf_lm epb kaiser tpr_shadow vnmi flexpriority ept vpid xsaveopt dtherm arat pln pts
bugs		: cpu_meltdown spectre_v1 spectre_v2
bogomips	: 4789.45
clflush size	: 64
cache_alignment	: 64
address sizes	: 36 bits physical, 48 bits virtual
power management:

processor	: 1
vendor_id	: GenuineIntel
cpu family	: 6
model		: 42
model name	: Intel(R) Core(TM) i3-2370M CPU @ 2.40GHz
stepping	: 7
microcode	: 0x1b
cpu MHz		: 2389.453
cache size	: 3072 KB
physical id	: 0
siblings	: 4
core id		: 1
cpu cores	: 2
apicid		: 2
initial apicid	: 2
fpu		: yes
fpu_exception	: yes
cpuid level	: 13
wp		: yes
flags		: fpu vme de pse tsc msr pae mce cx8 apic sep mtrr pge mca cmov pat pse36 clflush dts acpi mmx fxsr sse sse2 ss ht tm pbe syscall nx rdtscp lm constant_tsc arch_perfmon pebs bts rep_good nopl xtopology nonstop_tsc aperfmperf eagerfpu pni pclmulqdq dtes64 monitor ds_cpl vmx est tm2 ssse3 cx16 xtpr pdcm pcid sse4_1 sse4_2 x2apic popcnt tsc_deadline_timer xsave avx lahf_lm epb kaiser tpr_shadow vnmi flexpriority ept vpid xsaveopt dtherm arat pln pts
bugs		: cpu_meltdown spectre_v1 spectre_v2
bogomips	: 4789.45
clflush size	: 64
cache_alignment	: 64
address sizes	: 36 bits physical, 48 bits virtual
power management:

processor	: 2
vendor_id	: GenuineIntel
cpu family	: 6
model		: 42
model name	: Intel(R) Core(TM) i3-2370M CPU @ 2.40GHz
stepping	: 7
microcode	: 0x1b
cpu MHz		: 1693.945
cache size	: 3072 KB
physical id	: 0
siblings	: 4
core id		: 0
cpu cores	: 2
apicid		: 1
initial apicid	: 1
fpu		: yes
fpu_exception	: yes
cpuid level	: 13
wp		: yes
flags		: fpu vme de pse tsc msr pae mce cx8 apic sep mtrr pge mca cmov pat pse36 clflush dts acpi mmx fxsr sse sse2 ss ht tm pbe syscall nx rdtscp lm constant_tsc arch_perfmon pebs bts rep_good nopl xtopology nonstop_tsc aperfmperf eagerfpu pni pclmulqdq dtes64 monitor ds_cpl vmx est tm2 ssse3 cx16 xtpr pdcm pcid sse4_1 sse4_2 x2apic popcnt tsc_deadline_timer xsave avx lahf_lm epb kaiser tpr_shadow vnmi flexpriority ept vpid xsaveopt dtherm arat pln pts
bugs		: cpu_meltdown spectre_v1 spectre_v2
bogomips	: 4789.45
clflush size	: 64
cache_alignment	: 64
address sizes	: 36 bits physical, 48 bits virtual
power management:

processor	: 3
vendor_id	: GenuineIntel
cpu family	: 6
model		: 42
model name	: Intel(R) Core(TM) i3-2370M CPU @ 2.40GHz
stepping	: 7
microcode	: 0x1b
cpu MHz		: 1988.525
cache size	: 3072 KB
physical id	: 0
siblings	: 4
core id		: 1
cpu cores	: 2
apicid		: 3
initial apicid	: 3
fpu		: yes
fpu_exception	: yes
cpuid level	: 13
wp		: yes
flags		: fpu vme de pse tsc msr pae mce cx8 apic sep mtrr pge mca cmov pat pse36 clflush dts acpi mmx fxsr sse sse2 ss ht tm pbe syscall nx rdtscp lm constant_tsc arch_perfmon pebs bts rep_good nopl xtopology nonstop_tsc aperfmperf eagerfpu pni pclmulqdq dtes64 monitor ds_cpl vmx est tm2 ssse3 cx16 xtpr pdcm pcid sse4_1 sse4_2 x2apic popcnt tsc_deadline_timer xsave avx lahf_lm epb kaiser tpr_shadow vnmi flexpriority ept vpid xsaveopt dtherm arat pln pts
bugs		: cpu_meltdown spectre_v1 spectre_v2
bogomips	: 4789.45
clflush size	: 64
cache_alignment	: 64
address sizes	: 36 bits physical, 48 bits virtual
power management:



Memory: 4k page, physical 2861148k(761772k free), swap 3877884k(3089712k free)

vm_info: Java HotSpot(TM) 64-Bit Server VM (25.101-b13) for linux-amd64 JRE (1.8.0_101-b13), built on Jun 22 2016 02:59:44 by "java_re" with gcc 4.3.0 20080428 (Red Hat 4.3.0-8)

time: Sun Jul 15 23:46:15 2018
elapsed time: 61 seconds (0d 0h 1m 1s)

