#
# A fatal error has been detected by the Java Runtime Environment:
#
#  SIGSEGV (0xb) at pc=0x00007f68d7aad167, pid=7941, tid=0x00007f68d6769700
#
# JRE version: Java(TM) SE Runtime Environment (8.0_101-b13) (build 1.8.0_101-b13)
# Java VM: Java HotSpot(TM) 64-Bit Server VM (25.101-b13 mixed mode linux-amd64 compressed oops)
# Problematic frame:
# C  [libopencv_objdetect.so.3.4+0x2e167]
#
# Failed to write core dump. Core dumps have been disabled. To enable core dumping, try "ulimit -c unlimited" before starting Java again
#
# If you would like to submit a bug report, please visit:
#   http://bugreport.java.com/bugreport/crash.jsp
#

---------------  T H R E A D  ---------------

Current thread is native thread

siginfo: si_signo: 11 (SIGSEGV), si_code: 2 (SEGV_ACCERR), si_addr: 0x00007f6867f39018

Registers:
RAX=0x0000000000000005, RBX=0x00000000007148e0, RCX=0x00000000f7e1d04f, RDX=0x00007f68677901e8
RSP=0x00007f68d6768c60, RBP=0x00000000000000f0, RSI=0x00007f686777a510, RDI=0x00000000000003a8
R8 =0x000000000000001e, R9 =0x00007f686777b998, R10=0x0000000000000450, R11=0x00007f6867824738
R12=0x00007f686777a340, R13=0x00000000000001f1, R14=0x00007f68d6768d38, R15=0x0000000000000000
RIP=0x00007f68d7aad167, EFLAGS=0x0000000000010292, CSGSFS=0x002b000000000033, ERR=0x0000000000000004
  TRAPNO=0x000000000000000e

Top of Stack: (sp=0x00007f68d6768c60)
0x00007f68d6768c60:   0000000000000010 0000000000000040
0x00007f68d6768c70:   0000000000000010 00007f691cfbf9fe
0x00007f68d6768c80:   0000000000000000 0000000000000000
0x00007f68d6768c90:   403394b19044075f 0000000000000000
0x00007f68d6768ca0:   0000000000000000 0000000100000077
0x00007f68d6768cb0:   0000000000000000 00007f68c4000020
0x00007f68d6768cc0:   0000000000000010 00007f68c4000020
0x00007f68d6768cd0:   0000000000000010 00007f68d6768d20
0x00007f68d6768ce0:   00007f68651a2380 00000487000001f1
0x00007f68d6768cf0:   0000000000000000 00000000001c5047
0x00007f68d6768d00:   00007f686702dd78 00007f68d7aadad8
0x00007f68d6768d10:   00007f68d6768e10 00007f691cabe7a8
0x00007f68d6768d20:   0000000000000000 00007f6800000000
0x00007f68d6768d30:   00007f68c4000a30 00007f691e3a69a0
0x00007f68d6768d40:   00007f68d6768ec0 00007f691e3a69a0
0x00007f68d6768d50:   00000000000000dd 00000000000001f1
0x00007f68d6768d60:   00007f685c0096f8 00007f68d7aadc89
0x00007f68d6768d70:   7fffffff80000000 0000000000000000
0x00007f68d6768d80:   0000038500000257 00007f6867059a74
0x00007f68d6768d90:   00007f68670599e8 00007f686702de04
0x00007f68d6768da0:   0000038500000487 0000000000000000
0x00007f68d6768db0:   00007f685c8bc21e 0000048700000000
0x00007f68d6768dc0:   00007f685c0353f4 00007f685c035368
0x00007f68d6768dd0:   00007f685c009784 0000020400000203
0x00007f68d6768de0:   00007f6800000641 0000000000000001
0x00007f68d6768df0:   0000000000000203 00007f68d6768e30
0x00007f68d6768e00:   00007f68d6768e10 00007f68d6768e40
0x00007f68d6768e10:   0000000000000000 0000000000000000
0x00007f68d6768e20:   0000000000000000 0000000000000000
0x00007f68d6768e30:   0000000000000204 0000000000000001
0x00007f68d6768e40:   0000000000000000 00007f6900000000
0x00007f68d6768e50:   0000000000000000 00007f691e3a6570 

Instructions: (pc=0x00007f68d7aad167)
0x00007f68d7aad147:   db 66 0f 16 1d e0 c4 01 00 8b 0c 19 41 2b 0c 1b
0x00007f68d7aad157:   4c 8b 5a 10 41 2b 0c 1b 4c 8b 5a 18 66 0f 28 d1
0x00007f68d7aad167:   41 03 0c 1b 4c 8b 5a 30 66 0f 16 15 b9 c4 01 00
0x00007f68d7aad177:   66 0f 28 e2 f3 0f 2a c9 48 8b 4a 28 8b 0c 19 41 

Register to memory mapping:

RAX=0x0000000000000005 is an unknown value
RBX=0x00000000007148e0 is an unknown value
RCX=0x00000000f7e1d04f is an unallocated location in the heap
RDX=0x00007f68677901e8 is an unknown value
RSP=0x00007f68d6768c60 is an unknown value
RBP=0x00000000000000f0 is an unknown value
RSI=0x00007f686777a510 is an unknown value
RDI=0x00000000000003a8 is an unknown value
R8 =0x000000000000001e is an unknown value
R9 =0x00007f686777b998 is an unknown value
R10=0x0000000000000450 is an unknown value
R11=0x00007f6867824738 is an unknown value
R12=0x00007f686777a340 is an unknown value
R13=0x00000000000001f1 is an unknown value
R14=0x00007f68d6768d38 is an unknown value
R15=0x0000000000000000 is an unknown value


Stack: [0x00007f68d5f69000,0x00007f68d676a000],  sp=0x00007f68d6768c60,  free space=8191k
Native frames: (J=compiled Java code, j=interpreted, Vv=VM code, C=native code)
C  [libopencv_objdetect.so.3.4+0x2e167]

[error occurred during error reporting (printing native stack), id 0xb]


---------------  P R O C E S S  ---------------

VM state:not at safepoint (normal execution)

VM Mutex/Monitor currently owned by a thread: None

Heap:
 PSYoungGen      total 25088K, used 8748K [0x00000000f1700000, 0x00000000f3100000, 0x0000000100000000)
  eden space 23552K, 30% used [0x00000000f1700000,0x00000000f1e0ea58,0x00000000f2e00000)
  from space 1536K, 99% used [0x00000000f2f80000,0x00000000f30fc820,0x00000000f3100000)
  to   space 1536K, 0% used [0x00000000f2e00000,0x00000000f2e00000,0x00000000f2f80000)
 ParOldGen       total 30208K, used 3375K [0x00000000d4400000, 0x00000000d6180000, 0x00000000f1700000)
  object space 30208K, 11% used [0x00000000d4400000,0x00000000d474bea8,0x00000000d6180000)
 Metaspace       used 17889K, capacity 18056K, committed 18304K, reserved 1064960K
  class space    used 2043K, capacity 2116K, committed 2176K, reserved 1048576K

Card table byte_map: [0x00007f692cea1000,0x00007f692d000000] byte_map_base: 0x00007f692c7ff000

Marking Bits: (ParMarkBitMap*) 0x00007f6942806120
 Begin Bits: [0x00007f6926a20000, 0x00007f6927510000)
 End Bits:   [0x00007f6927510000, 0x00007f6928000000)

Polling page: 0x00007f6943428000

CodeCache: size=245760Kb used=6635Kb max_used=6646Kb free=239124Kb
 bounds [0x00007f692d000000, 0x00007f692d690000, 0x00007f693c000000]
 total_blobs=2629 nmethods=1966 adapters=576
 compilation: enabled

Compilation events (10 events):
Event: 196,507 Thread 0x00007f693c0c1000 1993       3       sun.java2d.SurfaceData::canRenderParallelograms (137 bytes)
Event: 196,508 Thread 0x00007f693c0c1000 nmethod 1993 0x00007f692d17e790 code [0x00007f692d17e960, 0x00007f692d17f258]
Event: 198,574 Thread 0x00007f693c0c1000 1994   !   3       java.lang.StringCoding::encode (64 bytes)
Event: 198,575 Thread 0x00007f693c0c1000 nmethod 1994 0x00007f692d14d090 code [0x00007f692d14d300, 0x00007f692d14dfe8]
Event: 201,158 Thread 0x00007f693c0c1000 1995       3       org.bytedeco.javacpp.tools.Logger::isDebugEnabled (4 bytes)
Event: 201,158 Thread 0x00007f693c0c1000 nmethod 1995 0x00007f692d17e410 code [0x00007f692d17e580, 0x00007f692d17e6f0]
Event: 204,501 Thread 0x00007f693c0c1000 1996       3       sun.nio.fs.UnixPath::<init> (15 bytes)
Event: 204,501 Thread 0x00007f693c0c1000 nmethod 1996 0x00007f692d12e7d0 code [0x00007f692d12e940, 0x00007f692d12eb70]
Event: 206,097 Thread 0x00007f693c0bc000 1997       4       java.lang.ThreadLocal::get (38 bytes)
Event: 206,100 Thread 0x00007f693c0bc000 nmethod 1997 0x00007f692d112c10 code [0x00007f692d112d80, 0x00007f692d112ed8]

GC Heap History (8 events):
Event: 13,399 GC heap before
{Heap before GC invocations=1 (full 0):
 PSYoungGen      total 13312K, used 11776K [0x00000000f1700000, 0x00000000f2580000, 0x0000000100000000)
  eden space 11776K, 100% used [0x00000000f1700000,0x00000000f2280000,0x00000000f2280000)
  from space 1536K, 0% used [0x00000000f2400000,0x00000000f2400000,0x00000000f2580000)
  to   space 1536K, 0% used [0x00000000f2280000,0x00000000f2280000,0x00000000f2400000)
 ParOldGen       total 30208K, used 0K [0x00000000d4400000, 0x00000000d6180000, 0x00000000f1700000)
  object space 30208K, 0% used [0x00000000d4400000,0x00000000d4400000,0x00000000d6180000)
 Metaspace       used 13445K, capacity 13630K, committed 13824K, reserved 1060864K
  class space    used 1644K, capacity 1731K, committed 1792K, reserved 1048576K
Event: 13,405 GC heap after
Heap after GC invocations=1 (full 0):
 PSYoungGen      total 13312K, used 1536K [0x00000000f1700000, 0x00000000f2580000, 0x0000000100000000)
  eden space 11776K, 0% used [0x00000000f1700000,0x00000000f1700000,0x00000000f2280000)
  from space 1536K, 100% used [0x00000000f2280000,0x00000000f2400000,0x00000000f2400000)
  to   space 1536K, 0% used [0x00000000f2400000,0x00000000f2400000,0x00000000f2580000)
 ParOldGen       total 30208K, used 1365K [0x00000000d4400000, 0x00000000d6180000, 0x00000000f1700000)
  object space 30208K, 4% used [0x00000000d4400000,0x00000000d45556a0,0x00000000d6180000)
 Metaspace       used 13445K, capacity 13630K, committed 13824K, reserved 1060864K
  class space    used 1644K, capacity 1731K, committed 1792K, reserved 1048576K
}
Event: 34,248 GC heap before
{Heap before GC invocations=2 (full 0):
 PSYoungGen      total 13312K, used 13312K [0x00000000f1700000, 0x00000000f2580000, 0x0000000100000000)
  eden space 11776K, 100% used [0x00000000f1700000,0x00000000f2280000,0x00000000f2280000)
  from space 1536K, 100% used [0x00000000f2280000,0x00000000f2400000,0x00000000f2400000)
  to   space 1536K, 0% used [0x00000000f2400000,0x00000000f2400000,0x00000000f2580000)
 ParOldGen       total 30208K, used 1365K [0x00000000d4400000, 0x00000000d6180000, 0x00000000f1700000)
  object space 30208K, 4% used [0x00000000d4400000,0x00000000d45556a0,0x00000000d6180000)
 Metaspace       used 16091K, capacity 16264K, committed 16384K, reserved 1062912K
  class space    used 1896K, capacity 1988K, committed 2048K, reserved 1048576K
Event: 34,253 GC heap after
Heap after GC invocations=2 (full 0):
 PSYoungGen      total 13312K, used 1522K [0x00000000f1700000, 0x00000000f2580000, 0x0000000100000000)
  eden space 11776K, 0% used [0x00000000f1700000,0x00000000f1700000,0x00000000f2280000)
  from space 1536K, 99% used [0x00000000f2400000,0x00000000f257c820,0x00000000f2580000)
  to   space 1536K, 0% used [0x00000000f2280000,0x00000000f2280000,0x00000000f2400000)
 ParOldGen       total 30208K, used 2689K [0x00000000d4400000, 0x00000000d6180000, 0x00000000f1700000)
  object space 30208K, 8% used [0x00000000d4400000,0x00000000d46a05e8,0x00000000d6180000)
 Metaspace       used 16091K, capacity 16264K, committed 16384K, reserved 1062912K
  class space    used 1896K, capacity 1988K, committed 2048K, reserved 1048576K
}
Event: 34,374 GC heap before
{Heap before GC invocations=3 (full 0):
 PSYoungGen      total 13312K, used 13298K [0x00000000f1700000, 0x00000000f2580000, 0x0000000100000000)
  eden space 11776K, 100% used [0x00000000f1700000,0x00000000f2280000,0x00000000f2280000)
  from space 1536K, 99% used [0x00000000f2400000,0x00000000f257c820,0x00000000f2580000)
  to   space 1536K, 0% used [0x00000000f2280000,0x00000000f2280000,0x00000000f2400000)
 ParOldGen       total 30208K, used 2689K [0x00000000d4400000, 0x00000000d6180000, 0x00000000f1700000)
  object space 30208K, 8% used [0x00000000d4400000,0x00000000d46a05e8,0x00000000d6180000)
 Metaspace       used 16979K, capacity 17128K, committed 17280K, reserved 1064960K
  class space    used 1995K, capacity 2084K, committed 2176K, reserved 1048576K
Event: 34,379 GC heap after
Heap after GC invocations=3 (full 0):
 PSYoungGen      total 13312K, used 1522K [0x00000000f1700000, 0x00000000f3100000, 0x0000000100000000)
  eden space 11776K, 0% used [0x00000000f1700000,0x00000000f1700000,0x00000000f2280000)
  from space 1536K, 99% used [0x00000000f2280000,0x00000000f23fc820,0x00000000f2400000)
  to   space 1536K, 0% used [0x00000000f2f80000,0x00000000f2f80000,0x00000000f3100000)
 ParOldGen       total 30208K, used 3221K [0x00000000d4400000, 0x00000000d6180000, 0x00000000f1700000)
  object space 30208K, 10% used [0x00000000d4400000,0x00000000d4725418,0x00000000d6180000)
 Metaspace       used 16979K, capacity 17128K, committed 17280K, reserved 1064960K
  class space    used 1995K, capacity 2084K, committed 2176K, reserved 1048576K
}
Event: 34,451 GC heap before
{Heap before GC invocations=4 (full 0):
 PSYoungGen      total 13312K, used 13298K [0x00000000f1700000, 0x00000000f3100000, 0x0000000100000000)
  eden space 11776K, 100% used [0x00000000f1700000,0x00000000f2280000,0x00000000f2280000)
  from space 1536K, 99% used [0x00000000f2280000,0x00000000f23fc820,0x00000000f2400000)
  to   space 1536K, 0% used [0x00000000f2f80000,0x00000000f2f80000,0x00000000f3100000)
 ParOldGen       total 30208K, used 3221K [0x00000000d4400000, 0x00000000d6180000, 0x00000000f1700000)
  object space 30208K, 10% used [0x00000000d4400000,0x00000000d4725418,0x00000000d6180000)
 Metaspace       used 17138K, capacity 17320K, committed 17536K, reserved 1064960K
  class space    used 2012K, capacity 2084K, committed 2176K, reserved 1048576K
Event: 34,455 GC heap after
Heap after GC invocations=4 (full 0):
 PSYoungGen      total 25088K, used 1522K [0x00000000f1700000, 0x00000000f3100000, 0x0000000100000000)
  eden space 23552K, 0% used [0x00000000f1700000,0x00000000f1700000,0x00000000f2e00000)
  from space 1536K, 99% used [0x00000000f2f80000,0x00000000f30fc820,0x00000000f3100000)
  to   space 1536K, 0% used [0x00000000f2e00000,0x00000000f2e00000,0x00000000f2f80000)
 ParOldGen       total 30208K, used 3375K [0x00000000d4400000, 0x00000000d6180000, 0x00000000f1700000)
  object space 30208K, 11% used [0x00000000d4400000,0x00000000d474bea8,0x00000000d6180000)
 Metaspace       used 17138K, capacity 17320K, committed 17536K, reserved 1064960K
  class space    used 2012K, capacity 2084K, committed 2176K, reserved 1048576K
}

Deoptimization events (10 events):
Event: 0,664 Thread 0x00007f693c6fc800 Uncommon trap: reason=class_check action=maybe_recompile pc=0x00007f692d19739c method=java.lang.String.equals(Ljava/lang/Object;)Z @ 8
Event: 0,665 Thread 0x00007f693c6fc800 Uncommon trap: reason=class_check action=maybe_recompile pc=0x00007f692d19739c method=java.lang.String.equals(Ljava/lang/Object;)Z @ 8
Event: 0,667 Thread 0x00007f693c6fc800 Uncommon trap: reason=class_check action=maybe_recompile pc=0x00007f692d19739c method=java.lang.String.equals(Ljava/lang/Object;)Z @ 8
Event: 0,667 Thread 0x00007f693c6fc800 Uncommon trap: reason=class_check action=maybe_recompile pc=0x00007f692d19739c method=java.lang.String.equals(Ljava/lang/Object;)Z @ 8
Event: 13,336 Thread 0x00007f693c6fc800 Uncommon trap: reason=bimorphic action=maybe_recompile pc=0x00007f692d249584 method=java.util.HashMap.putVal(ILjava/lang/Object;Ljava/lang/Object;ZZ)Ljava/lang/Object; @ 253
Event: 13,339 Thread 0x00007f693c6fc800 Uncommon trap: reason=bimorphic action=maybe_recompile pc=0x00007f692d249584 method=java.util.HashMap.putVal(ILjava/lang/Object;Ljava/lang/Object;ZZ)Ljava/lang/Object; @ 253
Event: 13,342 Thread 0x00007f693c6fc800 Uncommon trap: reason=bimorphic action=maybe_recompile pc=0x00007f692d249584 method=java.util.HashMap.putVal(ILjava/lang/Object;Ljava/lang/Object;ZZ)Ljava/lang/Object; @ 253
Event: 13,344 Thread 0x00007f693c6fc800 Uncommon trap: reason=bimorphic action=maybe_recompile pc=0x00007f692d249584 method=java.util.HashMap.putVal(ILjava/lang/Object;Ljava/lang/Object;ZZ)Ljava/lang/Object; @ 253
Event: 13,396 Thread 0x00007f693c6fc800 Uncommon trap: reason=bimorphic action=maybe_recompile pc=0x00007f692d24c36c method=java.util.HashMap.putVal(ILjava/lang/Object;Ljava/lang/Object;ZZ)Ljava/lang/Object; @ 253
Event: 34,062 Thread 0x00007f693c6fc800 Uncommon trap: reason=unstable_if action=reinterpret pc=0x00007f692d159264 method=sun.nio.cs.UTF_8$Encoder.encode([CII[B)I @ 33

Internal exceptions (10 events):
Event: 157,537 Thread 0x00007f693c6fc800 Exception <a 'java/lang/RuntimeException'> (0x00000000f1c51100) thrown at [/HUDSON3/workspace/8-2-build-linux-amd64/jdk8u101/7261/hotspot/src/share/vm/prims/jni.cpp, line 709]
Event: 159,246 Thread 0x00007f693c6fc800 Exception <a 'java/lang/ArrayIndexOutOfBoundsException': 3> (0x00000000f1c544d0) thrown at [/HUDSON3/workspace/8-2-build-linux-amd64/jdk8u101/7261/hotspot/src/share/vm/interpreter/interpreterRuntime.cpp, line 366]
Event: 159,246 Thread 0x00007f693c6fc800 Exception <a 'java/lang/ArrayIndexOutOfBoundsException'> (0x00000000f1c544d0) thrown at [/HUDSON3/workspace/8-2-build-linux-amd64/jdk8u101/7261/hotspot/src/share/vm/prims/jvm.cpp, line 1390]
Event: 159,246 Thread 0x00007f693c6fc800 Exception <a 'java/lang/ArrayIndexOutOfBoundsException'> (0x00000000f1c544d0) thrown at [/HUDSON3/workspace/8-2-build-linux-amd64/jdk8u101/7261/hotspot/src/share/vm/prims/jvm.cpp, line 1390]
Event: 197,366 Thread 0x00007f693c6fc800 Exception <a 'java/lang/RuntimeException'> (0x00000000f1dd14d0) thrown at [/HUDSON3/workspace/8-2-build-linux-amd64/jdk8u101/7261/hotspot/src/share/vm/prims/jni.cpp, line 709]
Event: 197,374 Thread 0x00007f693c6fc800 Exception <a 'java/lang/RuntimeException'> (0x00000000f1dd1ff0) thrown at [/HUDSON3/workspace/8-2-build-linux-amd64/jdk8u101/7261/hotspot/src/share/vm/prims/jni.cpp, line 709]
Event: 197,390 Thread 0x00007f693c6fc800 Exception <a 'java/lang/RuntimeException'> (0x00000000f1dd2b10) thrown at [/HUDSON3/workspace/8-2-build-linux-amd64/jdk8u101/7261/hotspot/src/share/vm/prims/jni.cpp, line 709]
Event: 201,953 Thread 0x00007f693c6fc800 Exception <a 'sun/nio/fs/UnixException'> (0x00000000f1ddba88) thrown at [/HUDSON3/workspace/8-2-build-linux-amd64/jdk8u101/7261/hotspot/src/share/vm/prims/jni.cpp, line 709]
Event: 204,502 Thread 0x00007f693c6fc800 Exception <a 'sun/nio/fs/UnixException'> (0x00000000f1de1a88) thrown at [/HUDSON3/workspace/8-2-build-linux-amd64/jdk8u101/7261/hotspot/src/share/vm/prims/jni.cpp, line 709]
Event: 208,900 Thread 0x00007f693c6fc800 Exception <a 'sun/nio/fs/UnixException'> (0x00000000f1de7d00) thrown at [/HUDSON3/workspace/8-2-build-linux-amd64/jdk8u101/7261/hotspot/src/share/vm/prims/jni.cpp, line 709]

Events (10 events):
Event: 195,650 Thread 0x00007f693c0c1000 flushing nmethod 0x00007f692d112ad0
Event: 195,650 Thread 0x00007f693c0c1000 flushing nmethod 0x00007f692d115590
Event: 195,650 Thread 0x00007f693c0c1000 flushing nmethod 0x00007f692d118210
Event: 195,650 Thread 0x00007f693c0c1000 flushing nmethod 0x00007f692d126dd0
Event: 195,650 Thread 0x00007f693c0c1000 flushing nmethod 0x00007f692d12e550
Event: 195,652 Thread 0x00007f693c0c1000 flushing nmethod 0x00007f692d14bbd0
Event: 195,653 Thread 0x00007f693c0c1000 flushing nmethod 0x00007f692d17c650
Event: 195,653 Thread 0x00007f693c0c1000 flushing nmethod 0x00007f692d17cf50
Event: 195,653 Thread 0x00007f693c0c1000 flushing nmethod 0x00007f692d17d550
Event: 195,653 Thread 0x00007f693c0c1000 flushing nmethod 0x00007f692d17e1d0


Dynamic libraries:
00400000-00401000 r-xp 00000000 08:06 140165                             /home/stark28/Programas/jdk1.8.0_101/bin/java
00600000-00601000 rw-p 00000000 08:06 140165                             /home/stark28/Programas/jdk1.8.0_101/bin/java
01c52000-058c2000 rw-p 00000000 00:00 0                                  [heap]
d4400000-d6180000 rw-p 00000000 00:00 0 
d6180000-f1700000 ---p 00000000 00:00 0 
f1700000-f3100000 rw-p 00000000 00:00 0 
f3100000-100000000 ---p 00000000 00:00 0 
100000000-100220000 rw-p 00000000 00:00 0 
100220000-140000000 ---p 00000000 00:00 0 
7f685c000000-7f685cb12000 rw-p 00000000 00:00 0 
7f685cb12000-7f6860000000 ---p 00000000 00:00 0 
7f6864000000-7f6867f39000 rw-p 00000000 00:00 0 
7f6867f39000-7f6868000000 ---p 00000000 00:00 0 
7f686c000000-7f6870000000 rw-p 00000000 00:00 0 
7f6874000000-7f6877fdf000 rw-p 00000000 00:00 0 
7f6877fdf000-7f6878000000 ---p 00000000 00:00 0 
7f687c000000-7f687ffd1000 rw-p 00000000 00:00 0 
7f687ffd1000-7f6880000000 ---p 00000000 00:00 0 
7f6884000000-7f6887fec000 rw-p 00000000 00:00 0 
7f6887fec000-7f6888000000 ---p 00000000 00:00 0 
7f688c000000-7f688fff9000 rw-p 00000000 00:00 0 
7f688fff9000-7f6890000000 ---p 00000000 00:00 0 
7f6894000000-7f6897fe1000 rw-p 00000000 00:00 0 
7f6897fe1000-7f6898000000 ---p 00000000 00:00 0 
7f689c000000-7f689ffd7000 rw-p 00000000 00:00 0 
7f689ffd7000-7f68a0000000 ---p 00000000 00:00 0 
7f68a4000000-7f68a7fe3000 rw-p 00000000 00:00 0 
7f68a7fe3000-7f68a8000000 ---p 00000000 00:00 0 
7f68ac000000-7f68affde000 rw-p 00000000 00:00 0 
7f68affde000-7f68b0000000 ---p 00000000 00:00 0 
7f68b4000000-7f68b7fef000 rw-p 00000000 00:00 0 
7f68b7fef000-7f68b8000000 ---p 00000000 00:00 0 
7f68bc000000-7f68bfff9000 rw-p 00000000 00:00 0 
7f68bfff9000-7f68c0000000 ---p 00000000 00:00 0 
7f68c4000000-7f68c433a000 rw-p 00000000 00:00 0 
7f68c433a000-7f68c8000000 ---p 00000000 00:00 0 
7f68c8000000-7f68c8311000 rw-p 00000000 00:00 0 
7f68c8311000-7f68cc000000 ---p 00000000 00:00 0 
7f68cc000000-7f68cc33a000 rw-p 00000000 00:00 0 
7f68cc33a000-7f68d0000000 ---p 00000000 00:00 0 
7f68d0000000-7f68d0021000 rw-p 00000000 00:00 0 
7f68d0021000-7f68d4000000 ---p 00000000 00:00 0 
7f68d4f67000-7f68d4f68000 ---p 00000000 00:00 0 
7f68d4f68000-7f68d5768000 rw-p 00000000 00:00 0 
7f68d5768000-7f68d5769000 ---p 00000000 00:00 0 
7f68d5769000-7f68d5f69000 rw-p 00000000 00:00 0 
7f68d5f69000-7f68d5f6a000 ---p 00000000 00:00 0 
7f68d5f6a000-7f68d676a000 rw-p 00000000 00:00 0 
7f68d77fe000-7f68d7878000 r-xp 00000000 08:06 133132                     /home/stark28/.javacpp/cache/opencv-linux-x86_64.jar/org/bytedeco/javacpp/linux-x86_64/libjniopencv_objdetect.so
7f68d7878000-7f68d7a78000 ---p 0007a000 08:06 133132                     /home/stark28/.javacpp/cache/opencv-linux-x86_64.jar/org/bytedeco/javacpp/linux-x86_64/libjniopencv_objdetect.so
7f68d7a78000-7f68d7a7f000 rw-p 0007a000 08:06 133132                     /home/stark28/.javacpp/cache/opencv-linux-x86_64.jar/org/bytedeco/javacpp/linux-x86_64/libjniopencv_objdetect.so
7f68d7a7f000-7f68d7ae2000 r-xp 00000000 08:06 132687                     /home/stark28/.javacpp/cache/opencv-linux-x86_64.jar/org/bytedeco/javacpp/linux-x86_64/libopencv_objdetect.so.3.4
7f68d7ae2000-7f68d7ce2000 ---p 00063000 08:06 132687                     /home/stark28/.javacpp/cache/opencv-linux-x86_64.jar/org/bytedeco/javacpp/linux-x86_64/libopencv_objdetect.so.3.4
7f68d7ce2000-7f68d7ce4000 rw-p 00063000 08:06 132687                     /home/stark28/.javacpp/cache/opencv-linux-x86_64.jar/org/bytedeco/javacpp/linux-x86_64/libopencv_objdetect.so.3.4
7f68d7ce4000-7f68d8000000 rw-p 00000000 00:00 0 
7f68d8000000-7f68dbcc3000 rw-p 00000000 00:00 0 
7f68dbcc3000-7f68dc000000 ---p 00000000 00:00 0 
7f68dc000000-7f68dc021000 rw-p 00000000 00:00 0 
7f68dc021000-7f68e0000000 ---p 00000000 00:00 0 
7f68e0000000-7f68e0021000 rw-p 00000000 00:00 0 
7f68e0021000-7f68e4000000 ---p 00000000 00:00 0 
7f68e422f000-7f68e449b000 r-xp 00000000 08:06 151581                     /home/stark28/.javacpp/cache/opencv-linux-x86_64.jar/org/bytedeco/javacpp/linux-x86_64/libopencv_imgcodecs.so.3.4
7f68e449b000-7f68e469b000 ---p 0026c000 08:06 151581                     /home/stark28/.javacpp/cache/opencv-linux-x86_64.jar/org/bytedeco/javacpp/linux-x86_64/libopencv_imgcodecs.so.3.4
7f68e469b000-7f68e46aa000 rw-p 0026c000 08:06 151581                     /home/stark28/.javacpp/cache/opencv-linux-x86_64.jar/org/bytedeco/javacpp/linux-x86_64/libopencv_imgcodecs.so.3.4
7f68e46aa000-7f68e46b3000 rw-p 00000000 00:00 0 
7f68e46b3000-7f68e4813000 r-xp 00000000 08:06 151580                     /home/stark28/.javacpp/cache/opencv-linux-x86_64.jar/org/bytedeco/javacpp/linux-x86_64/libjniopencv_imgproc.so
7f68e4813000-7f68e4a13000 ---p 00160000 08:06 151580                     /home/stark28/.javacpp/cache/opencv-linux-x86_64.jar/org/bytedeco/javacpp/linux-x86_64/libjniopencv_imgproc.so
7f68e4a13000-7f68e4a20000 rw-p 00160000 08:06 151580                     /home/stark28/.javacpp/cache/opencv-linux-x86_64.jar/org/bytedeco/javacpp/linux-x86_64/libjniopencv_imgproc.so
7f68e4a20000-7f68e4da8000 r-xp 00000000 08:06 151579                     /home/stark28/.javacpp/cache/opencv-linux-x86_64.jar/org/bytedeco/javacpp/linux-x86_64/libjniopencv_core.so
7f68e4da8000-7f68e4fa7000 ---p 00388000 08:06 151579                     /home/stark28/.javacpp/cache/opencv-linux-x86_64.jar/org/bytedeco/javacpp/linux-x86_64/libjniopencv_core.so
7f68e4fa7000-7f68e4ffe000 rw-p 00387000 08:06 151579                     /home/stark28/.javacpp/cache/opencv-linux-x86_64.jar/org/bytedeco/javacpp/linux-x86_64/libjniopencv_core.so
7f68e4ffe000-7f68e4fff000 rw-p 00000000 00:00 0 
7f68e4fff000-7f68e8000000 rw-p 00000000 00:00 0 
7f68e8000000-7f68e8021000 rw-p 00000000 00:00 0 
7f68e8021000-7f68ec000000 ---p 00000000 00:00 0 
7f68ec000000-7f68ec292000 rw-p 00000000 00:00 0 
7f68ec292000-7f68f0000000 ---p 00000000 00:00 0 
7f68f0000000-7f68f0021000 rw-p 00000000 00:00 0 
7f68f0021000-7f68f4000000 ---p 00000000 00:00 0 
7f68f4000000-7f68f4021000 rw-p 00000000 00:00 0 
7f68f4021000-7f68f8000000 ---p 00000000 00:00 0 
7f68f8000000-7f68f8429000 rw-p 00000000 00:00 0 
7f68f8429000-7f68fc000000 ---p 00000000 00:00 0 
7f68fc000000-7f68fc7f5000 rw-p 00000000 00:00 0 
7f68fc7f5000-7f6900000000 ---p 00000000 00:00 0 
7f6900000000-7f6900021000 rw-p 00000000 00:00 0 
7f6900021000-7f6904000000 ---p 00000000 00:00 0 
7f6904000000-7f690426d000 rw-p 00000000 00:00 0 
7f690426d000-7f6908000000 ---p 00000000 00:00 0 
7f6908000000-7f6908021000 rw-p 00000000 00:00 0 
7f6908021000-7f690c000000 ---p 00000000 00:00 0 
7f690c000000-7f690c021000 rw-p 00000000 00:00 0 
7f690c021000-7f6910000000 ---p 00000000 00:00 0 
7f6910000000-7f6910021000 rw-p 00000000 00:00 0 
7f6910021000-7f6914000000 ---p 00000000 00:00 0 
7f6914000000-7f6914021000 rw-p 00000000 00:00 0 
7f6914021000-7f6918000000 ---p 00000000 00:00 0 
7f6918000000-7f6918021000 rw-p 00000000 00:00 0 
7f6918021000-7f691c000000 ---p 00000000 00:00 0 
7f691c023000-7f691c055000 r-xp 00000000 08:06 151583                     /home/stark28/.javacpp/cache/opencv-linux-x86_64.jar/org/bytedeco/javacpp/linux-x86_64/libjniopencv_imgcodecs.so
7f691c055000-7f691c255000 ---p 00032000 08:06 151583                     /home/stark28/.javacpp/cache/opencv-linux-x86_64.jar/org/bytedeco/javacpp/linux-x86_64/libjniopencv_imgcodecs.so
7f691c255000-7f691c256000 rw-p 00032000 08:06 151583                     /home/stark28/.javacpp/cache/opencv-linux-x86_64.jar/org/bytedeco/javacpp/linux-x86_64/libjniopencv_imgcodecs.so
7f691c256000-7f691c416000 rw-p 00000000 00:00 0 
7f691c416000-7f691c456000 ---p 00000000 00:00 0 
7f691c456000-7f691c77c000 r-xp 00000000 08:06 151577                     /home/stark28/.javacpp/cache/opencv-linux-x86_64.jar/org/bytedeco/javacpp/linux-x86_64/libopencv_imgproc.so.3.4
7f691c77c000-7f691c97b000 ---p 00326000 08:06 151577                     /home/stark28/.javacpp/cache/opencv-linux-x86_64.jar/org/bytedeco/javacpp/linux-x86_64/libopencv_imgproc.so.3.4
7f691c97b000-7f691c990000 rw-p 00325000 08:06 151577                     /home/stark28/.javacpp/cache/opencv-linux-x86_64.jar/org/bytedeco/javacpp/linux-x86_64/libopencv_imgproc.so.3.4
7f691c990000-7f691ca2f000 rw-p 00000000 00:00 0 
7f691ca2f000-7f691cba1000 r-xp 00000000 08:03 2779                       /usr/lib/x86_64-linux-gnu/libstdc++.so.6.0.22
7f691cba1000-7f691cda1000 ---p 00172000 08:03 2779                       /usr/lib/x86_64-linux-gnu/libstdc++.so.6.0.22
7f691cda1000-7f691cdab000 r--p 00172000 08:03 2779                       /usr/lib/x86_64-linux-gnu/libstdc++.so.6.0.22
7f691cdab000-7f691cdad000 rw-p 0017c000 08:03 2779                       /usr/lib/x86_64-linux-gnu/libstdc++.so.6.0.22
7f691cdad000-7f691cdb1000 rw-p 00000000 00:00 0 
7f691cdb1000-7f691d071000 r-xp 00000000 08:06 151575                     /home/stark28/.javacpp/cache/opencv-linux-x86_64.jar/org/bytedeco/javacpp/linux-x86_64/libopencv_core.so.3.4
7f691d071000-7f691d270000 ---p 002c0000 08:06 151575                     /home/stark28/.javacpp/cache/opencv-linux-x86_64.jar/org/bytedeco/javacpp/linux-x86_64/libopencv_core.so.3.4
7f691d270000-7f691d27d000 rw-p 002bf000 08:06 151575                     /home/stark28/.javacpp/cache/opencv-linux-x86_64.jar/org/bytedeco/javacpp/linux-x86_64/libopencv_core.so.3.4
7f691d27d000-7f691d282000 rw-p 00000000 00:00 0 
7f691d282000-7f691d297000 r-xp 00000000 08:06 151573                     /home/stark28/.javacpp/cache/opencv-linux-x86_64.jar/org/bytedeco/javacpp/linux-x86_64/libgomp.so.1
7f691d297000-7f691d496000 ---p 00015000 08:06 151573                     /home/stark28/.javacpp/cache/opencv-linux-x86_64.jar/org/bytedeco/javacpp/linux-x86_64/libgomp.so.1
7f691d496000-7f691d497000 rw-p 00014000 08:06 151573                     /home/stark28/.javacpp/cache/opencv-linux-x86_64.jar/org/bytedeco/javacpp/linux-x86_64/libgomp.so.1
7f691d497000-7f691d697000 rw-p 00000000 00:00 0 
7f691d697000-7f691d6c1000 r-xp 00000000 08:06 139920                     /home/stark28/Programas/jdk1.8.0_101/jre/lib/amd64/libdcpr.so
7f691d6c1000-7f691d8c1000 ---p 0002a000 08:06 139920                     /home/stark28/Programas/jdk1.8.0_101/jre/lib/amd64/libdcpr.so
7f691d8c1000-7f691d8c4000 rw-p 0002a000 08:06 139920                     /home/stark28/Programas/jdk1.8.0_101/jre/lib/amd64/libdcpr.so
7f691d8c4000-7f691d92d000 r-xp 00000000 08:06 139949                     /home/stark28/Programas/jdk1.8.0_101/jre/lib/amd64/libt2k.so
7f691d92d000-7f691db2d000 ---p 00069000 08:06 139949                     /home/stark28/Programas/jdk1.8.0_101/jre/lib/amd64/libt2k.so
7f691db2d000-7f691db34000 rw-p 00069000 08:06 139949                     /home/stark28/Programas/jdk1.8.0_101/jre/lib/amd64/libt2k.so
7f691db34000-7f691dd44000 rw-p 00000000 00:00 0 
7f691dd44000-7f691dd4f000 r--s 00000000 08:03 400202                     /var/cache/fontconfig/945677eb7aeaf62f1d50efc3fb3ec7d8-le64.cache-4
7f691dd4f000-7f691dd52000 r--s 00000000 08:03 400201                     /var/cache/fontconfig/f24b2111ab8703b4e963115a8cf14259-le64.cache-4
7f691dd52000-7f691dd56000 r--s 00000000 08:03 392458                     /var/cache/fontconfig/de156ccd2eddbdc19d37a45b8b2aac9c-le64.cache-4
7f691dd56000-7f691dd57000 r--s 00000000 08:03 400200                     /var/cache/fontconfig/9451a55048e8dbe8633e64d34165fdf2-le64.cache-4
7f691dd57000-7f691dd59000 r--s 00000000 08:03 400199                     /var/cache/fontconfig/69fb4bbe1b2fa860e172a32ebf28505c-le64.cache-4
7f691dd59000-7f691dd9b000 r--s 00000000 08:03 400198                     /var/cache/fontconfig/0bd3dc0958fa2205aaaa8ebb13e2872b-le64.cache-4
7f691dddc000-7f691ddef000 r--s 00345000 08:06 139819                     /home/stark28/Programas/jdk1.8.0_101/jre/lib/resources.jar
7f691ddef000-7f691ddf2000 ---p 00000000 00:00 0 
7f691ddf2000-7f691def0000 rw-p 00000000 00:00 0 
7f691def0000-7f691defb000 r--s 00000000 08:03 400202                     /var/cache/fontconfig/945677eb7aeaf62f1d50efc3fb3ec7d8-le64.cache-4
7f691defb000-7f691defe000 r--s 00000000 08:03 400201                     /var/cache/fontconfig/f24b2111ab8703b4e963115a8cf14259-le64.cache-4
7f691defe000-7f691df02000 r--s 00000000 08:03 392458                     /var/cache/fontconfig/de156ccd2eddbdc19d37a45b8b2aac9c-le64.cache-4
7f691df02000-7f691df03000 r--s 00000000 08:03 400200                     /var/cache/fontconfig/9451a55048e8dbe8633e64d34165fdf2-le64.cache-4
7f691df03000-7f691df05000 r--s 00000000 08:03 400199                     /var/cache/fontconfig/69fb4bbe1b2fa860e172a32ebf28505c-le64.cache-4
7f691df05000-7f691df06000 r--s 00000000 08:03 392428                     /var/cache/fontconfig/4794a0821666d79190d59a36cb4f44b5-le64.cache-4
7f691df06000-7f691df48000 r--s 00000000 08:03 400198                     /var/cache/fontconfig/0bd3dc0958fa2205aaaa8ebb13e2872b-le64.cache-4
7f691df48000-7f691df4e000 r--s 00000000 08:03 392449                     /var/cache/fontconfig/3047814df9a2f067bd2d96a2b9c36e5a-le64.cache-4
7f691df4e000-7f691df56000 r--s 00000000 08:03 392866                     /var/cache/fontconfig/bf3b770c553c462765856025a94f1ce6-le64.cache-4
7f691df56000-7f691df58000 r--s 00000000 08:03 400197                     /var/cache/fontconfig/a0107c79d978dfcc5e42cb1335b71036-le64.cache-4
7f691df58000-7f691df5b000 r--s 00000000 08:03 392448                     /var/cache/fontconfig/e49e89034d371f0f9de17aab02136486-le64.cache-4
7f691df5b000-7f691df5d000 r--s 00000000 08:03 392427                     /var/cache/fontconfig/4b14b093aebc79c320de5e86ae1d3314-le64.cache-4
7f691df5d000-7f691df70000 r--s 00000000 08:03 392447                     /var/cache/fontconfig/d52a8644073d54c13679302ca1180695-le64.cache-4
7f691df70000-7f691df7a000 r--s 00000000 08:03 400196                     /var/cache/fontconfig/3f7329c5293ffd510edef78f73874cfd-le64.cache-4
7f691df7a000-7f691df86000 r--s 00000000 08:03 392446                     /var/cache/fontconfig/d589a48862398ed80a3d6066f4f56f4c-le64.cache-4
7f691df86000-7f691df98000 r--s 00000000 08:03 394504                     /var/cache/fontconfig/9b89f8e3dae116d678bbf48e5f21f69b-le64.cache-4
7f691df98000-7f691dfa6000 r--s 00000000 08:03 394501                     /var/cache/fontconfig/e13b20fdb08344e0e664864cc2ede53d-le64.cache-4
7f691dfa9000-7f691dfac000 ---p 00000000 00:00 0 
7f691dfac000-7f691e0aa000 rw-p 00000000 00:00 0 
7f691e0aa000-7f691e2aa000 rw-p 00000000 00:00 0 
7f691e2aa000-7f691e2ad000 ---p 00000000 00:00 0 
7f691e2ad000-7f691e3ab000 rw-p 00000000 00:00 0 
7f691e3ab000-7f691e3ae000 ---p 00000000 00:00 0 
7f691e3ae000-7f691e4ac000 rw-p 00000000 00:00 0 
7f691e4ac000-7f691e4bd000 r-xp 00000000 08:06 139947                     /home/stark28/Programas/jdk1.8.0_101/jre/lib/amd64/libnio.so
7f691e4bd000-7f691e6bc000 ---p 00011000 08:06 139947                     /home/stark28/Programas/jdk1.8.0_101/jre/lib/amd64/libnio.so
7f691e6bc000-7f691e6bd000 rw-p 00010000 08:06 139947                     /home/stark28/Programas/jdk1.8.0_101/jre/lib/amd64/libnio.so
7f691e6bd000-7f691e6c5000 r--s 00000000 08:03 392440                     /var/cache/fontconfig/105b9c7e6f0a4f82d8c9b6e39c52c6f9-le64.cache-4
7f691e6c5000-7f691e6c7000 r--s 00000000 08:03 400195                     /var/cache/fontconfig/7ef2298fde41cc6eeb7af42e48b7d293-le64.cache-4
7f691e6c7000-7f691e6c9000 r--s 00000000 08:03 394499                     /var/cache/fontconfig/452f1fac34b224105d7acfae3034bcd5-le64.cache-4
7f691e6c9000-7f691e6ca000 r--s 00000000 08:03 406116                     /var/cache/fontconfig/e0aa53bcfa504e64f87823c16bc01eb6-le64.cache-4
7f691e6ca000-7f691e6e8000 r--s 00000000 08:03 406113                     /var/cache/fontconfig/467c019e582ee353435ea5c21d137ef6-le64.cache-4
7f691e6e8000-7f691e6fe000 r-xp 00000000 08:06 139948                     /home/stark28/Programas/jdk1.8.0_101/jre/lib/amd64/libnet.so
7f691e6fe000-7f691e8fe000 ---p 00016000 08:06 139948                     /home/stark28/Programas/jdk1.8.0_101/jre/lib/amd64/libnet.so
7f691e8fe000-7f691e8ff000 rw-p 00016000 08:06 139948                     /home/stark28/Programas/jdk1.8.0_101/jre/lib/amd64/libnet.so
7f691e8ff000-7f691e902000 ---p 00000000 00:00 0 
7f691e902000-7f691ea00000 rw-p 00000000 00:00 0 
7f691ea00000-7f691ea05000 r-xp 00000000 08:03 10735                      /usr/lib/x86_64-linux-gnu/libXfixes.so.3.1.0
7f691ea05000-7f691ec04000 ---p 00005000 08:03 10735                      /usr/lib/x86_64-linux-gnu/libXfixes.so.3.1.0
7f691ec04000-7f691ec05000 r--p 00004000 08:03 10735                      /usr/lib/x86_64-linux-gnu/libXfixes.so.3.1.0
7f691ec05000-7f691ec06000 rw-p 00005000 08:03 10735                      /usr/lib/x86_64-linux-gnu/libXfixes.so.3.1.0
7f691ec06000-7f691ec10000 r-xp 00000000 08:03 11306                      /usr/lib/x86_64-linux-gnu/libXcursor.so.1.0.2
7f691ec10000-7f691ee0f000 ---p 0000a000 08:03 11306                      /usr/lib/x86_64-linux-gnu/libXcursor.so.1.0.2
7f691ee0f000-7f691ee10000 r--p 00009000 08:03 11306                      /usr/lib/x86_64-linux-gnu/libXcursor.so.1.0.2
7f691ee10000-7f691ee11000 rw-p 0000a000 08:03 11306                      /usr/lib/x86_64-linux-gnu/libXcursor.so.1.0.2
7f691ee11000-7f691ee14000 ---p 00000000 00:00 0 
7f691ee14000-7f691ef12000 rw-p 00000000 00:00 0 
7f691ef12000-7f691ef28000 r-xp 00000000 08:03 151199                     /lib/x86_64-linux-gnu/libgcc_s.so.1
7f691ef28000-7f691f127000 ---p 00016000 08:03 151199                     /lib/x86_64-linux-gnu/libgcc_s.so.1
7f691f127000-7f691f128000 r--p 00015000 08:03 151199                     /lib/x86_64-linux-gnu/libgcc_s.so.1
7f691f128000-7f691f129000 rw-p 00016000 08:03 151199                     /lib/x86_64-linux-gnu/libgcc_s.so.1
7f691f129000-7f691f18e000 r-xp 00000000 08:06 139791                     /home/stark28/Programas/jdk1.8.0_101/jre/lib/amd64/libfontmanager.so
7f691f18e000-7f691f38d000 ---p 00065000 08:06 139791                     /home/stark28/Programas/jdk1.8.0_101/jre/lib/amd64/libfontmanager.so
7f691f38d000-7f691f392000 rw-p 00064000 08:06 139791                     /home/stark28/Programas/jdk1.8.0_101/jre/lib/amd64/libfontmanager.so
7f691f392000-7f691f3a2000 rw-p 00000000 00:00 0 
7f691f3a2000-7f691f3b5000 r-xp 00000000 08:03 130464                     /lib/x86_64-linux-gnu/libbsd.so.0.8.3
7f691f3b5000-7f691f5b5000 ---p 00013000 08:03 130464                     /lib/x86_64-linux-gnu/libbsd.so.0.8.3
7f691f5b5000-7f691f5b6000 r--p 00013000 08:03 130464                     /lib/x86_64-linux-gnu/libbsd.so.0.8.3
7f691f5b6000-7f691f5b7000 rw-p 00014000 08:03 130464                     /lib/x86_64-linux-gnu/libbsd.so.0.8.3
7f691f5b7000-7f691f5b8000 rw-p 00000000 00:00 0 
7f691f5b8000-7f691f5bd000 r-xp 00000000 08:03 3757                       /usr/lib/x86_64-linux-gnu/libXdmcp.so.6.0.0
7f691f5bd000-7f691f7bc000 ---p 00005000 08:03 3757                       /usr/lib/x86_64-linux-gnu/libXdmcp.so.6.0.0
7f691f7bc000-7f691f7bd000 r--p 00004000 08:03 3757                       /usr/lib/x86_64-linux-gnu/libXdmcp.so.6.0.0
7f691f7bd000-7f691f7be000 rw-p 00005000 08:03 3757                       /usr/lib/x86_64-linux-gnu/libXdmcp.so.6.0.0
7f691f7be000-7f691f7c1000 r-xp 00000000 08:03 8319                       /usr/lib/x86_64-linux-gnu/libXau.so.6.0.0
7f691f7c1000-7f691f9c0000 ---p 00003000 08:03 8319                       /usr/lib/x86_64-linux-gnu/libXau.so.6.0.0
7f691f9c0000-7f691f9c1000 r--p 00002000 08:03 8319                       /usr/lib/x86_64-linux-gnu/libXau.so.6.0.0
7f691f9c1000-7f691f9c2000 rw-p 00003000 08:03 8319                       /usr/lib/x86_64-linux-gnu/libXau.so.6.0.0
7f691f9c2000-7f691f9e9000 r-xp 00000000 08:03 8774                       /usr/lib/x86_64-linux-gnu/libxcb.so.1.1.0
7f691f9e9000-7f691fbe8000 ---p 00027000 08:03 8774                       /usr/lib/x86_64-linux-gnu/libxcb.so.1.1.0
7f691fbe8000-7f691fbe9000 r--p 00026000 08:03 8774                       /usr/lib/x86_64-linux-gnu/libxcb.so.1.1.0
7f691fbe9000-7f691fbea000 rw-p 00027000 08:03 8774                       /usr/lib/x86_64-linux-gnu/libxcb.so.1.1.0
7f691fbea000-7f691fbf9000 r-xp 00000000 08:03 11308                      /usr/lib/x86_64-linux-gnu/libXi.so.6.1.0
7f691fbf9000-7f691fdf8000 ---p 0000f000 08:03 11308                      /usr/lib/x86_64-linux-gnu/libXi.so.6.1.0
7f691fdf8000-7f691fdf9000 r--p 0000e000 08:03 11308                      /usr/lib/x86_64-linux-gnu/libXi.so.6.1.0
7f691fdf9000-7f691fdfa000 rw-p 0000f000 08:03 11308                      /usr/lib/x86_64-linux-gnu/libXi.so.6.1.0
7f691fdfa000-7f691fdff000 r-xp 00000000 08:03 24510                      /usr/lib/x86_64-linux-gnu/libXtst.so.6.1.0
7f691fdff000-7f691fffe000 ---p 00005000 08:03 24510                      /usr/lib/x86_64-linux-gnu/libXtst.so.6.1.0
7f691fffe000-7f691ffff000 r--p 00004000 08:03 24510                      /usr/lib/x86_64-linux-gnu/libXtst.so.6.1.0
7f691ffff000-7f6920000000 rw-p 00005000 08:03 24510                      /usr/lib/x86_64-linux-gnu/libXtst.so.6.1.0
7f6920000000-7f6920021000 rw-p 00000000 00:00 0 
7f6920021000-7f6924000000 ---p 00000000 00:00 0 
7f6924000000-7f6924001000 r--s 00000000 08:03 392428                     /var/cache/fontconfig/4794a0821666d79190d59a36cb4f44b5-le64.cache-4
7f6924001000-7f6924007000 r--s 00000000 08:03 392449                     /var/cache/fontconfig/3047814df9a2f067bd2d96a2b9c36e5a-le64.cache-4
7f6924007000-7f692400f000 r--s 00000000 08:03 392866                     /var/cache/fontconfig/bf3b770c553c462765856025a94f1ce6-le64.cache-4
7f692400f000-7f6924011000 r--s 00000000 08:03 400197                     /var/cache/fontconfig/a0107c79d978dfcc5e42cb1335b71036-le64.cache-4
7f6924011000-7f6924014000 r--s 00000000 08:03 392448                     /var/cache/fontconfig/e49e89034d371f0f9de17aab02136486-le64.cache-4
7f6924014000-7f6924016000 r--s 00000000 08:03 392427                     /var/cache/fontconfig/4b14b093aebc79c320de5e86ae1d3314-le64.cache-4
7f6924016000-7f6924029000 r--s 00000000 08:03 392447                     /var/cache/fontconfig/d52a8644073d54c13679302ca1180695-le64.cache-4
7f6924029000-7f6924031000 r--s 00000000 08:03 392440                     /var/cache/fontconfig/105b9c7e6f0a4f82d8c9b6e39c52c6f9-le64.cache-4
7f6924031000-7f692403b000 r--s 00000000 08:03 400196                     /var/cache/fontconfig/3f7329c5293ffd510edef78f73874cfd-le64.cache-4
7f692403b000-7f6924047000 r--s 00000000 08:03 392446                     /var/cache/fontconfig/d589a48862398ed80a3d6066f4f56f4c-le64.cache-4
7f6924047000-7f6924059000 r--s 00000000 08:03 394504                     /var/cache/fontconfig/9b89f8e3dae116d678bbf48e5f21f69b-le64.cache-4
7f6924059000-7f6924067000 r--s 00000000 08:03 394501                     /var/cache/fontconfig/e13b20fdb08344e0e664864cc2ede53d-le64.cache-4
7f6924067000-7f6924085000 r--s 00000000 08:03 406113                     /var/cache/fontconfig/467c019e582ee353435ea5c21d137ef6-le64.cache-4
7f6924085000-7f692408c000 r--s 00000000 08:03 41476                      /usr/lib/x86_64-linux-gnu/gconv/gconv-modules.cache
7f692408c000-7f6924095000 r-xp 00000000 08:03 8157                       /usr/lib/x86_64-linux-gnu/libXrender.so.1.3.0
7f6924095000-7f6924294000 ---p 00009000 08:03 8157                       /usr/lib/x86_64-linux-gnu/libXrender.so.1.3.0
7f6924294000-7f6924295000 r--p 00008000 08:03 8157                       /usr/lib/x86_64-linux-gnu/libXrender.so.1.3.0
7f6924295000-7f6924296000 rw-p 00009000 08:03 8157                       /usr/lib/x86_64-linux-gnu/libXrender.so.1.3.0
7f6924296000-7f69243d0000 r-xp 00000000 08:03 8788                       /usr/lib/x86_64-linux-gnu/libX11.so.6.3.0
7f69243d0000-7f69245d0000 ---p 0013a000 08:03 8788                       /usr/lib/x86_64-linux-gnu/libX11.so.6.3.0
7f69245d0000-7f69245d1000 r--p 0013a000 08:03 8788                       /usr/lib/x86_64-linux-gnu/libX11.so.6.3.0
7f69245d1000-7f69245d6000 rw-p 0013b000 08:03 8788                       /usr/lib/x86_64-linux-gnu/libX11.so.6.3.0
7f69245d6000-7f69245e7000 r-xp 00000000 08:03 14600                      /usr/lib/x86_64-linux-gnu/libXext.so.6.4.0
7f69245e7000-7f69247e6000 ---p 00011000 08:03 14600                      /usr/lib/x86_64-linux-gnu/libXext.so.6.4.0
7f69247e6000-7f69247e7000 r--p 00010000 08:03 14600                      /usr/lib/x86_64-linux-gnu/libXext.so.6.4.0
7f69247e7000-7f69247e8000 rw-p 00011000 08:03 14600                      /usr/lib/x86_64-linux-gnu/libXext.so.6.4.0
7f69247e8000-7f69247ea000 r--s 00000000 08:03 400195                     /var/cache/fontconfig/7ef2298fde41cc6eeb7af42e48b7d293-le64.cache-4
7f69247ea000-7f69247ec000 r--s 00000000 08:03 394499                     /var/cache/fontconfig/452f1fac34b224105d7acfae3034bcd5-le64.cache-4
7f69247ec000-7f69247ed000 r--s 00000000 08:03 406116                     /var/cache/fontconfig/e0aa53bcfa504e64f87823c16bc01eb6-le64.cache-4
7f69247ed000-7f6924813000 r--p 00000000 08:03 8174                       /usr/share/locale/es/LC_MESSAGES/libc.mo
7f6924813000-7f6924867000 r-xp 00000000 08:06 139846                     /home/stark28/Programas/jdk1.8.0_101/jre/lib/amd64/libawt_xawt.so
7f6924867000-7f6924a67000 ---p 00054000 08:06 139846                     /home/stark28/Programas/jdk1.8.0_101/jre/lib/amd64/libawt_xawt.so
7f6924a67000-7f6924a6b000 rw-p 00054000 08:06 139846                     /home/stark28/Programas/jdk1.8.0_101/jre/lib/amd64/libawt_xawt.so
7f6924a6b000-7f6924a6c000 rw-p 00000000 00:00 0 
7f6924a6c000-7f6924b0e000 r-xp 00000000 08:06 139950                     /home/stark28/Programas/jdk1.8.0_101/jre/lib/amd64/libawt.so
7f6924b0e000-7f6924d0e000 ---p 000a2000 08:06 139950                     /home/stark28/Programas/jdk1.8.0_101/jre/lib/amd64/libawt.so
7f6924d0e000-7f6924d1a000 rw-p 000a2000 08:06 139950                     /home/stark28/Programas/jdk1.8.0_101/jre/lib/amd64/libawt.so
7f6924d1a000-7f6924d3e000 rw-p 00000000 00:00 0 
7f6924d3e000-7f6924d43000 r--s 002f9000 08:06 139995                     /home/stark28/Programas/jdk1.8.0_101/jre/lib/charsets.jar
7f6924d43000-7f6924d50000 r--s 0131e000 08:06 151486                     /home/stark28/librerias para desarrollo/javacv-bin/opencv-ios-x86_64.jar
7f6924d50000-7f6924d5d000 r--s 0116e000 08:06 151508                     /home/stark28/librerias para desarrollo/javacv-bin/opencv-ios-arm64.jar
7f6924d5d000-7f6924d68000 r--s 0172e000 08:06 151543                     /home/stark28/librerias para desarrollo/javacv-bin/opencv-android-x86_64.jar
7f6924d68000-7f6924d72000 r--s 0175a000 08:06 151456                     /home/stark28/librerias para desarrollo/javacv-bin/opencv-android-x86.jar
7f6924d72000-7f6924d7d000 r--s 0155f000 08:06 151498                     /home/stark28/librerias para desarrollo/javacv-bin/opencv-android-arm64.jar
7f6924d7d000-7f6924d89000 r--s 01285000 08:06 151471                     /home/stark28/librerias para desarrollo/javacv-bin/opencv-android-arm.jar
7f6924d89000-7f6924d8b000 r--s 000ec000 08:06 151504                     /home/stark28/librerias para desarrollo/javacv-bin/libfreenect2-windows-x86_64.jar
7f6924d8b000-7f6924d8c000 r--s 0005b000 08:06 151473                     /home/stark28/librerias para desarrollo/javacv-bin/libfreenect2-macosx-x86_64.jar
7f6924d8c000-7f6924d8d000 r--s 0001c000 08:06 151445                     /home/stark28/librerias para desarrollo/javacv-bin/videoinput-windows-x86_64.jar
7f6924d8d000-7f6924d8f000 r--s 00017000 08:06 151481                     /home/stark28/librerias para desarrollo/javacv-bin/videoinput-windows-x86.jar
7f6924d8f000-7f6924d90000 r--s 00000000 08:06 151530                     /home/stark28/librerias para desarrollo/javacv-bin/videoinput-platform.jar
7f6924d90000-7f6924d92000 r--s 000e0000 08:06 151444                     /home/stark28/librerias para desarrollo/javacv-bin/librealsense-windows-x86_64.jar
7f6924d92000-7f6924d94000 r--s 000bb000 08:06 151527                     /home/stark28/librerias para desarrollo/javacv-bin/librealsense-windows-x86.jar
7f6924d94000-7f6924d95000 r--s 0007b000 08:06 151511                     /home/stark28/librerias para desarrollo/javacv-bin/librealsense-macosx-x86_64.jar
7f6924d95000-7f6924d96000 r--s 00073000 08:06 151475                     /home/stark28/librerias para desarrollo/javacv-bin/librealsense-linux-x86_64.jar
7f6924d96000-7f6924d97000 r--s 00071000 08:06 151542                     /home/stark28/librerias para desarrollo/javacv-bin/librealsense-linux-x86.jar
7f6924d97000-7f6924d98000 r--s 00000000 08:06 151529                     /home/stark28/librerias para desarrollo/javacv-bin/librealsense-platform.jar
7f6924d98000-7f6924d99000 r--s 00081000 08:06 151515                     /home/stark28/librerias para desarrollo/javacv-bin/libfreenect2-linux-x86_64.jar
7f6924d99000-7f6924d9a000 r--s 0007b000 08:06 151528                     /home/stark28/librerias para desarrollo/javacv-bin/libfreenect2-linux-x86.jar
7f6924d9a000-7f6924d9b000 r--s 00000000 08:06 151483                     /home/stark28/librerias para desarrollo/javacv-bin/libfreenect2-platform.jar
7f6924d9b000-7f6924d9c000 r--s 00033000 08:06 151474                     /home/stark28/librerias para desarrollo/javacv-bin/libfreenect-windows-x86_64.jar
7f6924d9c000-7f6924d9d000 r--s 0002b000 08:06 151469                     /home/stark28/librerias para desarrollo/javacv-bin/libfreenect-windows-x86.jar
7f6924d9d000-7f6924d9e000 r--s 0001a000 08:06 151442                     /home/stark28/librerias para desarrollo/javacv-bin/libfreenect-macosx-x86_64.jar
7f6924d9e000-7f6924da0000 r--s 00037000 08:06 151460                     /home/stark28/librerias para desarrollo/javacv-bin/libfreenect-linux-ppc64le.jar
7f6924da0000-7f6924da1000 r--s 0001b000 08:06 151464                     /home/stark28/librerias para desarrollo/javacv-bin/libfreenect-linux-armhf.jar
7f6924da1000-7f6924da3000 r--s 00031000 08:06 151480                     /home/stark28/librerias para desarrollo/javacv-bin/libfreenect-linux-x86_64.jar
7f6924da3000-7f6924da4000 r--s 0002f000 08:06 151448                     /home/stark28/librerias para desarrollo/javacv-bin/libfreenect-linux-x86.jar
7f6924da4000-7f6924da5000 r--s 00000000 08:06 151510                     /home/stark28/librerias para desarrollo/javacv-bin/libfreenect-platform.jar
7f6924da5000-7f6924da6000 r--s 0002c000 08:06 151450                     /home/stark28/librerias para desarrollo/javacv-bin/libdc1394-windows-x86_64.jar
7f6924da6000-7f6924da7000 r--s 00030000 08:06 151454                     /home/stark28/librerias para desarrollo/javacv-bin/libdc1394-windows-x86.jar
7f6924da7000-7f6924da8000 r--s 0002d000 08:06 151493                     /home/stark28/librerias para desarrollo/javacv-bin/libdc1394-macosx-x86_64.jar
7f6924da8000-7f6924daa000 r--s 00025000 08:06 151537                     /home/stark28/librerias para desarrollo/javacv-bin/libdc1394-linux-ppc64le.jar
7f6924daa000-7f6924dab000 r--s 00020000 08:06 151452                     /home/stark28/librerias para desarrollo/javacv-bin/libdc1394-linux-armhf.jar
7f6924dab000-7f6924dac000 r--s 00027000 08:06 151465                     /home/stark28/librerias para desarrollo/javacv-bin/libdc1394-linux-x86_64.jar
7f6924dac000-7f6924dad000 r--s 00024000 08:06 151501                     /home/stark28/librerias para desarrollo/javacv-bin/libdc1394-linux-x86.jar
7f6924dad000-7f6924dae000 r--s 00000000 08:06 151440                     /home/stark28/librerias para desarrollo/javacv-bin/libdc1394-platform.jar
7f6924dae000-7f6924dbd000 r--s 013df000 08:06 151484                     /home/stark28/librerias para desarrollo/javacv-bin/opencv-windows-x86_64.jar
7f6924dbd000-7f6924dcb000 r--s 01109000 08:06 151536                     /home/stark28/librerias para desarrollo/javacv-bin/opencv-windows-x86.jar
7f6924dcb000-7f6924dd9000 r--s 01177000 08:06 151488                     /home/stark28/librerias para desarrollo/javacv-bin/opencv-macosx-x86_64.jar
7f6924dd9000-7f6924de6000 r--s 0125a000 08:06 151534                     /home/stark28/librerias para desarrollo/javacv-bin/opencv-linux-ppc64le.jar
7f6924de6000-7f6924df3000 r--s 0107a000 08:06 151496                     /home/stark28/librerias para desarrollo/javacv-bin/opencv-linux-armhf.jar
7f6924df3000-7f6924e01000 r--s 01084000 08:06 151478                     /home/stark28/librerias para desarrollo/javacv-bin/opencv-linux-x86_64.jar
7f6924e01000-7f6924e0e000 r--s 0104b000 08:06 151503                     /home/stark28/librerias para desarrollo/javacv-bin/opencv-linux-x86.jar
7f6924e0e000-7f6924e0f000 r--s 00000000 08:06 151447                     /home/stark28/librerias para desarrollo/javacv-bin/opencv-platform.jar
7f6924e0f000-7f6924e11000 r--s 00003000 08:06 151461                     /home/stark28/librerias para desarrollo/javacv-bin/videoinput.jar
7f6924e11000-7f6924e14000 r--s 0000a000 08:06 151517                     /home/stark28/librerias para desarrollo/javacv-bin/librealsense.jar
7f6924e14000-7f6924e15000 r--s 00005000 08:06 151470                     /home/stark28/librerias para desarrollo/javacv-bin/libfreenect2.jar
7f6924e15000-7f6924e17000 r--s 00004000 08:06 151489                     /home/stark28/librerias para desarrollo/javacv-bin/libfreenect.jar
7f6924e17000-7f6924e19000 r--s 00006000 08:06 151532                     /home/stark28/librerias para desarrollo/javacv-bin/libdc1394.jar
7f6924e19000-7f6924e37000 r--s 0014a000 08:06 151505                     /home/stark28/librerias para desarrollo/javacv-bin/opencv.jar
7f6924e37000-7f6924e3c000 r--s 0005c000 08:06 151520                     /home/stark28/librerias para desarrollo/javacv-bin/javacv.jar
7f6924e3c000-7f6924e3d000 r--s 00000000 08:06 151459                     /home/stark28/librerias para desarrollo/javacv-bin/javacv-platform.jar
7f6924e3d000-7f6924e3e000 r--s 00034000 08:06 151535                     /home/stark28/librerias para desarrollo/javacv-bin/flycapture-windows-x86_64.jar
7f6924e3e000-7f6924e3f000 r--s 00028000 08:06 151490                     /home/stark28/librerias para desarrollo/javacv-bin/flycapture-windows-x86.jar
7f6924e3f000-7f6924e43000 r--s 0001d000 08:06 151476                     /home/stark28/librerias para desarrollo/javacv-bin/flycapture.jar
7f6924e43000-7f6924e44000 r--s 00000000 08:06 151482                     /home/stark28/librerias para desarrollo/javacv-bin/flycapture-platform.jar
7f6924e44000-7f6924e46000 r--s 00042000 08:06 151525                     /home/stark28/librerias para desarrollo/javacv-bin/flycapture-linux-x86_64.jar
7f6924e46000-7f6924e47000 r--s 0003d000 08:06 151492                     /home/stark28/librerias para desarrollo/javacv-bin/flycapture-linux-x86.jar
7f6924e47000-7f6924e48000 r--s 00032000 08:06 151453                     /home/stark28/librerias para desarrollo/javacv-bin/flycapture-linux-armhf.jar
7f6924e48000-7f6924e49000 r--s 0000a000 08:06 151451                     /home/stark28/librerias para desarrollo/javacv-bin/flandmark-windows-x86_64.jar
7f6924e49000-7f6924e4a000 r--s 00008000 08:06 151466                     /home/stark28/librerias para desarrollo/javacv-bin/flandmark-windows-x86.jar
7f6924e4a000-7f6924e4b000 r--s 00002000 08:06 151521                     /home/stark28/librerias para desarrollo/javacv-bin/flandmark.jar
7f6924e4b000-7f6924e4c000 r--s 00000000 08:06 151507                     /home/stark28/librerias para desarrollo/javacv-bin/flandmark-platform.jar
7f6924e4c000-7f6924e4e000 r--s 0000a000 08:06 151514                     /home/stark28/librerias para desarrollo/javacv-bin/flandmark-macosx-x86_64.jar
7f6924e4e000-7f6924e50000 r--s 0000a000 08:06 151463                     /home/stark28/librerias para desarrollo/javacv-bin/flandmark-linux-x86_64.jar
7f6924e50000-7f6924e52000 r--s 0000a000 08:06 151526                     /home/stark28/librerias para desarrollo/javacv-bin/flandmark-linux-x86.jar
7f6924e52000-7f6924e54000 r--s 0000b000 08:06 151524                     /home/stark28/librerias para desarrollo/javacv-bin/flandmark-linux-ppc64le.jar
7f6924e54000-7f6924e55000 r--s 00009000 08:06 151539                     /home/stark28/librerias para desarrollo/javacv-bin/flandmark-linux-armhf.jar
7f6924e55000-7f6924e57000 r--s 0000a000 08:06 151497                     /home/stark28/librerias para desarrollo/javacv-bin/flandmark-android-x86_64.jar
7f6924e57000-7f6924e5e000 r--s 00035000 08:06 151441                     /home/stark28/librerias para desarrollo/javacv-bin/ffmpeg.jar
7f6924e5e000-7f6924e73000 r--s 000ef000 08:06 132728                     /home/stark28/librerias para desarrollo/mongo/mongodb-driver-core-3.4.3.jar
7f6924e73000-7f6924e74000 ---p 00000000 00:00 0 
7f6924e74000-7f6924f74000 rw-p 00000000 00:00 0 
7f6924f74000-7f6924f77000 ---p 00000000 00:00 0 
7f6924f77000-7f6925075000 rw-p 00000000 00:00 0 
7f6925075000-7f6925078000 ---p 00000000 00:00 0 
7f6925078000-7f6925176000 rw-p 00000000 00:00 0 
7f6925176000-7f6925179000 ---p 00000000 00:00 0 
7f6925179000-7f6925277000 rw-p 00000000 00:00 0 
7f6925277000-7f692527a000 ---p 00000000 00:00 0 
7f692527a000-7f6925378000 rw-p 00000000 00:00 0 
7f6925378000-7f692537b000 ---p 00000000 00:00 0 
7f692537b000-7f6925479000 rw-p 00000000 00:00 0 
7f6925479000-7f6925614000 r--p 00000000 08:03 15929                      /usr/lib/locale/locale-archive
7f6925614000-7f6925617000 ---p 00000000 00:00 0 
7f6925617000-7f6925715000 rw-p 00000000 00:00 0 
7f6925715000-7f6925718000 ---p 00000000 00:00 0 
7f6925718000-7f6925816000 rw-p 00000000 00:00 0 
7f6925816000-7f6925817000 ---p 00000000 00:00 0 
7f6925817000-7f6926847000 rw-p 00000000 00:00 0 
7f6926847000-7f6926a20000 r--s 03d29000 08:06 140096                     /home/stark28/Programas/jdk1.8.0_101/jre/lib/rt.jar
7f6926a20000-7f6928000000 rw-p 00000000 00:00 0 
7f6928000000-7f6928021000 rw-p 00000000 00:00 0 
7f6928021000-7f692c000000 ---p 00000000 00:00 0 
7f692c000000-7f692c001000 r--s 0000b000 08:06 151491                     /home/stark28/librerias para desarrollo/javacv-bin/flandmark-android-x86.jar
7f692c001000-7f692c002000 r--s 0000a000 08:06 151531                     /home/stark28/librerias para desarrollo/javacv-bin/flandmark-android-arm64.jar
7f692c002000-7f692c003000 r--s 00009000 08:06 151519                     /home/stark28/librerias para desarrollo/javacv-bin/flandmark-android-arm.jar
7f692c003000-7f692c005000 r--s 00d80000 08:06 151487                     /home/stark28/librerias para desarrollo/javacv-bin/ffmpeg-windows-x86_64.jar
7f692c005000-7f692c006000 r--s 00d17000 08:06 151516                     /home/stark28/librerias para desarrollo/javacv-bin/ffmpeg-windows-x86.jar
7f692c006000-7f692c007000 r--s 00000000 08:06 151518                     /home/stark28/librerias para desarrollo/javacv-bin/ffmpeg-platform.jar
7f692c007000-7f692c009000 r--s 00bf4000 08:06 151494                     /home/stark28/librerias para desarrollo/javacv-bin/ffmpeg-macosx-x86_64.jar
7f692c009000-7f692c00a000 r--s 00ca2000 08:06 151506                     /home/stark28/librerias para desarrollo/javacv-bin/ffmpeg-linux-x86_64.jar
7f692c00a000-7f692c00c000 r--s 00be1000 08:06 151502                     /home/stark28/librerias para desarrollo/javacv-bin/ffmpeg-linux-x86.jar
7f692c00c000-7f692c00d000 r--s 00d9c000 08:06 151455                     /home/stark28/librerias para desarrollo/javacv-bin/ffmpeg-linux-ppc64le.jar
7f692c00d000-7f692c00e000 r--s 00b29000 08:06 151512                     /home/stark28/librerias para desarrollo/javacv-bin/ffmpeg-linux-armhf.jar
7f692c00e000-7f692c00f000 r--s 00c14000 08:06 151522                     /home/stark28/librerias para desarrollo/javacv-bin/ffmpeg-android-x86_64.jar
7f692c00f000-7f692c011000 r--s 00c41000 08:06 151533                     /home/stark28/librerias para desarrollo/javacv-bin/ffmpeg-android-x86.jar
7f692c011000-7f692c013000 r--s 00c47000 08:06 151523                     /home/stark28/librerias para desarrollo/javacv-bin/ffmpeg-android-arm.jar
7f692c013000-7f692c055000 rw-p 00000000 00:00 0 
7f692c055000-7f692c9b3000 rw-p 00000000 00:00 0 
7f692c9b3000-7f692c9b4000 ---p 00000000 00:00 0 
7f692c9b4000-7f692cab4000 rw-p 00000000 00:00 0 
7f692cab4000-7f692cab5000 ---p 00000000 00:00 0 
7f692cab5000-7f692cbb5000 rw-p 00000000 00:00 0 
7f692cbb5000-7f692cbb6000 ---p 00000000 00:00 0 
7f692cbb6000-7f692ccb6000 rw-p 00000000 00:00 0 
7f692ccb6000-7f692ccb7000 ---p 00000000 00:00 0 
7f692ccb7000-7f692cdb7000 rw-p 00000000 00:00 0 
7f692cdb7000-7f692cdc6000 rw-p 00000000 00:00 0 
7f692cdc6000-7f692cea1000 ---p 00000000 00:00 0 
7f692cea1000-7f692ceb0000 rw-p 00000000 00:00 0 
7f692ceb0000-7f692cf8a000 ---p 00000000 00:00 0 
7f692cf8a000-7f692cf98000 rw-p 00000000 00:00 0 
7f692cf98000-7f692cfff000 ---p 00000000 00:00 0 
7f692cfff000-7f692d000000 rw-p 00000000 00:00 0 
7f692d000000-7f692d690000 rwxp 00000000 00:00 0 
7f692d690000-7f693c000000 ---p 00000000 00:00 0 
7f693c000000-7f693c805000 rw-p 00000000 00:00 0 
7f693c805000-7f6940000000 ---p 00000000 00:00 0 
7f6940000000-7f6940001000 r--s 00c9f000 08:06 151462                     /home/stark28/librerias para desarrollo/javacv-bin/ffmpeg-android-arm64.jar
7f6940001000-7f6940002000 r--s 00027000 08:06 151449                     /home/stark28/librerias para desarrollo/javacv-bin/artoolkitplus-windows-x86_64.jar
7f6940002000-7f6940020000 r--s 0017b000 08:06 132726                     /home/stark28/librerias para desarrollo/mongo/mongo-java-driver-3.4.3.jar
7f6940020000-7f69400e5000 rw-p 00000000 00:00 0 
7f69400e5000-7f6940100000 rw-p 00000000 00:00 0 
7f6940100000-7f69404a5000 ---p 00000000 00:00 0 
7f69404a5000-7f69404bf000 r-xp 00000000 08:06 139946                     /home/stark28/Programas/jdk1.8.0_101/jre/lib/amd64/libzip.so
7f69404bf000-7f69406bf000 ---p 0001a000 08:06 139946                     /home/stark28/Programas/jdk1.8.0_101/jre/lib/amd64/libzip.so
7f69406bf000-7f69406c0000 rw-p 0001a000 08:06 139946                     /home/stark28/Programas/jdk1.8.0_101/jre/lib/amd64/libzip.so
7f69406c0000-7f69406ca000 r-xp 00000000 08:03 155479                     /lib/x86_64-linux-gnu/libnss_files-2.24.so
7f69406ca000-7f69408ca000 ---p 0000a000 08:03 155479                     /lib/x86_64-linux-gnu/libnss_files-2.24.so
7f69408ca000-7f69408cb000 r--p 0000a000 08:03 155479                     /lib/x86_64-linux-gnu/libnss_files-2.24.so
7f69408cb000-7f69408cc000 rw-p 0000b000 08:03 155479                     /lib/x86_64-linux-gnu/libnss_files-2.24.so
7f69408cc000-7f69408d2000 rw-p 00000000 00:00 0 
7f69408d2000-7f69408dd000 r-xp 00000000 08:03 155481                     /lib/x86_64-linux-gnu/libnss_nis-2.24.so
7f69408dd000-7f6940adc000 ---p 0000b000 08:03 155481                     /lib/x86_64-linux-gnu/libnss_nis-2.24.so
7f6940adc000-7f6940add000 r--p 0000a000 08:03 155481                     /lib/x86_64-linux-gnu/libnss_nis-2.24.so
7f6940add000-7f6940ade000 rw-p 0000b000 08:03 155481                     /lib/x86_64-linux-gnu/libnss_nis-2.24.so
7f6940ade000-7f6940af2000 r-xp 00000000 08:03 155476                     /lib/x86_64-linux-gnu/libnsl-2.24.so
7f6940af2000-7f6940cf2000 ---p 00014000 08:03 155476                     /lib/x86_64-linux-gnu/libnsl-2.24.so
7f6940cf2000-7f6940cf3000 r--p 00014000 08:03 155476                     /lib/x86_64-linux-gnu/libnsl-2.24.so
7f6940cf3000-7f6940cf4000 rw-p 00015000 08:03 155476                     /lib/x86_64-linux-gnu/libnsl-2.24.so
7f6940cf4000-7f6940cf6000 rw-p 00000000 00:00 0 
7f6940cf6000-7f6940cfd000 r-xp 00000000 08:03 155477                     /lib/x86_64-linux-gnu/libnss_compat-2.24.so
7f6940cfd000-7f6940efc000 ---p 00007000 08:03 155477                     /lib/x86_64-linux-gnu/libnss_compat-2.24.so
7f6940efc000-7f6940efd000 r--p 00006000 08:03 155477                     /lib/x86_64-linux-gnu/libnss_compat-2.24.so
7f6940efd000-7f6940efe000 rw-p 00007000 08:03 155477                     /lib/x86_64-linux-gnu/libnss_compat-2.24.so
7f6940efe000-7f6940f28000 r-xp 00000000 08:06 139922                     /home/stark28/Programas/jdk1.8.0_101/jre/lib/amd64/libjava.so
7f6940f28000-7f6941128000 ---p 0002a000 08:06 139922                     /home/stark28/Programas/jdk1.8.0_101/jre/lib/amd64/libjava.so
7f6941128000-7f694112a000 rw-p 0002a000 08:06 139922                     /home/stark28/Programas/jdk1.8.0_101/jre/lib/amd64/libjava.so
7f694112a000-7f6941137000 r-xp 00000000 08:06 139887                     /home/stark28/Programas/jdk1.8.0_101/jre/lib/amd64/libverify.so
7f6941137000-7f6941337000 ---p 0000d000 08:06 139887                     /home/stark28/Programas/jdk1.8.0_101/jre/lib/amd64/libverify.so
7f6941337000-7f6941339000 rw-p 0000d000 08:06 139887                     /home/stark28/Programas/jdk1.8.0_101/jre/lib/amd64/libverify.so
7f6941339000-7f6941340000 r-xp 00000000 08:03 155486                     /lib/x86_64-linux-gnu/librt-2.24.so
7f6941340000-7f694153f000 ---p 00007000 08:03 155486                     /lib/x86_64-linux-gnu/librt-2.24.so
7f694153f000-7f6941540000 r--p 00006000 08:03 155486                     /lib/x86_64-linux-gnu/librt-2.24.so
7f6941540000-7f6941541000 rw-p 00007000 08:03 155486                     /lib/x86_64-linux-gnu/librt-2.24.so
7f6941541000-7f6941644000 r-xp 00000000 08:03 155473                     /lib/x86_64-linux-gnu/libm-2.24.so
7f6941644000-7f6941843000 ---p 00103000 08:03 155473                     /lib/x86_64-linux-gnu/libm-2.24.so
7f6941843000-7f6941844000 r--p 00102000 08:03 155473                     /lib/x86_64-linux-gnu/libm-2.24.so
7f6941844000-7f6941845000 rw-p 00103000 08:03 155473                     /lib/x86_64-linux-gnu/libm-2.24.so
7f6941845000-7f6942510000 r-xp 00000000 08:06 139804                     /home/stark28/Programas/jdk1.8.0_101/jre/lib/amd64/server/libjvm.so
7f6942510000-7f694270f000 ---p 00ccb000 08:06 139804                     /home/stark28/Programas/jdk1.8.0_101/jre/lib/amd64/server/libjvm.so
7f694270f000-7f69427e8000 rw-p 00cca000 08:06 139804                     /home/stark28/Programas/jdk1.8.0_101/jre/lib/amd64/server/libjvm.so
7f69427e8000-7f6942833000 rw-p 00000000 00:00 0 
7f6942833000-7f69429c8000 r-xp 00000000 08:03 155469                     /lib/x86_64-linux-gnu/libc-2.24.so
7f69429c8000-7f6942bc8000 ---p 00195000 08:03 155469                     /lib/x86_64-linux-gnu/libc-2.24.so
7f6942bc8000-7f6942bcc000 r--p 00195000 08:03 155469                     /lib/x86_64-linux-gnu/libc-2.24.so
7f6942bcc000-7f6942bce000 rw-p 00199000 08:03 155469                     /lib/x86_64-linux-gnu/libc-2.24.so
7f6942bce000-7f6942bd2000 rw-p 00000000 00:00 0 
7f6942bd2000-7f6942bd5000 r-xp 00000000 08:03 155472                     /lib/x86_64-linux-gnu/libdl-2.24.so
7f6942bd5000-7f6942dd4000 ---p 00003000 08:03 155472                     /lib/x86_64-linux-gnu/libdl-2.24.so
7f6942dd4000-7f6942dd5000 r--p 00002000 08:03 155472                     /lib/x86_64-linux-gnu/libdl-2.24.so
7f6942dd5000-7f6942dd6000 rw-p 00003000 08:03 155472                     /lib/x86_64-linux-gnu/libdl-2.24.so
7f6942dd6000-7f6942deb000 r-xp 00000000 08:06 139955                     /home/stark28/Programas/jdk1.8.0_101/lib/amd64/jli/libjli.so
7f6942deb000-7f6942feb000 ---p 00015000 08:06 139955                     /home/stark28/Programas/jdk1.8.0_101/lib/amd64/jli/libjli.so
7f6942feb000-7f6942fec000 rw-p 00015000 08:06 139955                     /home/stark28/Programas/jdk1.8.0_101/lib/amd64/jli/libjli.so
7f6942fec000-7f6943004000 r-xp 00000000 08:03 155484                     /lib/x86_64-linux-gnu/libpthread-2.24.so
7f6943004000-7f6943203000 ---p 00018000 08:03 155484                     /lib/x86_64-linux-gnu/libpthread-2.24.so
7f6943203000-7f6943204000 r--p 00017000 08:03 155484                     /lib/x86_64-linux-gnu/libpthread-2.24.so
7f6943204000-7f6943205000 rw-p 00018000 08:03 155484                     /lib/x86_64-linux-gnu/libpthread-2.24.so
7f6943205000-7f6943209000 rw-p 00000000 00:00 0 
7f6943209000-7f694322c000 r-xp 00000000 08:03 151562                     /lib/x86_64-linux-gnu/ld-2.24.so
7f694322c000-7f694322d000 r--s 0001f000 08:06 151446                     /home/stark28/librerias para desarrollo/javacv-bin/artoolkitplus-windows-x86.jar
7f694322d000-7f6943232000 r--s 00051000 08:06 151472                     /home/stark28/librerias para desarrollo/javacv-bin/javacpp.jar
7f6943232000-7f6943233000 r--s 00005000 08:06 151509                     /home/stark28/librerias para desarrollo/javacv-bin/artoolkitplus.jar
7f6943233000-7f6943234000 r--s 00000000 08:06 151477                     /home/stark28/librerias para desarrollo/javacv-bin/artoolkitplus-platform.jar
7f6943234000-7f6943235000 r--s 0002b000 08:06 151479                     /home/stark28/librerias para desarrollo/javacv-bin/artoolkitplus-macosx-x86_64.jar
7f6943235000-7f6943236000 r--s 0002b000 08:06 151540                     /home/stark28/librerias para desarrollo/javacv-bin/artoolkitplus-linux-x86_64.jar
7f6943236000-7f69432fb000 rw-p 00000000 00:00 0 
7f69432fb000-7f69432fe000 ---p 00000000 00:00 0 
7f69432fe000-7f69433fe000 rw-p 00000000 00:00 0 
7f69433fe000-7f6943400000 r--s 00027000 08:06 151443                     /home/stark28/librerias para desarrollo/javacv-bin/artoolkitplus-linux-x86.jar
7f6943400000-7f6943401000 r--s 00030000 08:06 151499                     /home/stark28/librerias para desarrollo/javacv-bin/artoolkitplus-linux-ppc64le.jar
7f6943401000-7f6943402000 r--s 00023000 08:06 151513                     /home/stark28/librerias para desarrollo/javacv-bin/artoolkitplus-linux-armhf.jar
7f6943402000-7f6943403000 r--s 00061000 08:06 151500                     /home/stark28/librerias para desarrollo/javacv-bin/artoolkitplus-android-x86_64.jar
7f6943403000-7f6943404000 r--s 00062000 08:06 151495                     /home/stark28/librerias para desarrollo/javacv-bin/artoolkitplus-android-x86.jar
7f6943404000-7f6943405000 r--s 0005c000 08:06 151538                     /home/stark28/librerias para desarrollo/javacv-bin/artoolkitplus-android-arm64.jar
7f6943405000-7f6943407000 r--s 0004c000 08:06 151437                     /home/stark28/librerias para desarrollo/javacv-bin/artoolkitplus-android-arm.jar
7f6943407000-7f694340b000 r--s 00027000 08:06 132660                     /home/stark28/librerias para desarrollo/mongo/mongodb-driver-async-3.4.3.jar
7f694340b000-7f6943411000 r--s 00054000 08:06 132693                     /home/stark28/librerias para desarrollo/mongo/mongodb-driver-3.4.3.jar
7f6943411000-7f694341f000 rw-p 00000000 00:00 0 
7f694341f000-7f6943427000 rw-s 00000000 08:03 1315220                    /tmp/hsperfdata_stark28/7941
7f6943427000-7f6943428000 rw-p 00000000 00:00 0 
7f6943428000-7f6943429000 r--p 00000000 00:00 0 
7f6943429000-7f694342c000 rw-p 00000000 00:00 0 
7f694342c000-7f694342d000 r--p 00023000 08:03 151562                     /lib/x86_64-linux-gnu/ld-2.24.so
7f694342d000-7f694342e000 rw-p 00024000 08:03 151562                     /lib/x86_64-linux-gnu/ld-2.24.so
7f694342e000-7f694342f000 rw-p 00000000 00:00 0 
7ffc49026000-7ffc49049000 rw-p 00000000 00:00 0                          [stack]
7ffc490da000-7ffc490dc000 r--p 00000000 00:00 0                          [vvar]
7ffc490dc000-7ffc490de000 r-xp 00000000 00:00 0                          [vdso]
ffffffffff600000-ffffffffff601000 r-xp 00000000 00:00 0                  [vsyscall]

VM Arguments:
jvm_args: -Dfile.encoding=UTF-8 -Djava.library.path=/home/stark28/librerias para desarrollo/opencv-3.4.1/java/x64 
java_command: Interfaz.principal
java_class_path (initial): /home/stark28/librerias para desarrollo/mongo/mongo-java-driver-3.4.3.jar:/home/stark28/librerias para desarrollo/mongo/mongodb-driver-3.4.3.jar:/home/stark28/librerias para desarrollo/mongo/mongodb-driver-async-3.4.3.jar:/home/stark28/librerias para desarrollo/mongo/mongodb-driver-core-3.4.3.jar:/home/stark28/librerias para desarrollo/javacv-bin/artoolkitplus-android-arm.jar:/home/stark28/librerias para desarrollo/javacv-bin/artoolkitplus-android-arm64.jar:/home/stark28/librerias para desarrollo/javacv-bin/artoolkitplus-android-x86.jar:/home/stark28/librerias para desarrollo/javacv-bin/artoolkitplus-android-x86_64.jar:/home/stark28/librerias para desarrollo/javacv-bin/artoolkitplus-linux-armhf.jar:/home/stark28/librerias para desarrollo/javacv-bin/artoolkitplus-linux-ppc64le.jar:/home/stark28/librerias para desarrollo/javacv-bin/artoolkitplus-linux-x86.jar:/home/stark28/librerias para desarrollo/javacv-bin/artoolkitplus-linux-x86_64.jar:/home/stark28/librerias para desarrollo/javacv-bin/artoolkitplus-macosx-x86_64.jar:/home/stark28/librerias para desarrollo/javacv-bin/artoolkitplus-platform.jar:/home/stark28/librerias para desarrollo/javacv-bin/artoolkitplus-windows-x86.jar:/home/stark28/librerias para desarrollo/javacv-bin/artoolkitplus-windows-x86_64.jar:/home/stark28/librerias para desarrollo/javacv-bin/artoolkitplus.jar:/home/stark28/librerias para desarrollo/javacv-bin/ffmpeg-android-arm.jar:/home/stark28/librerias para desarrollo/javacv-bin/ffmpeg-android-arm64.jar:/home/stark28/librerias para desarrollo/javacv-bin/ffmpeg-android-x86.jar:/home/stark28/librerias para desarrollo/javacv-bin/ffmpeg-android-x86_64.jar:/home/stark28/librerias para desarrollo/javacv-bin/ffmpeg-linux-armhf.jar:/home/stark28/librerias para desarrollo/javacv-bin/ffmpeg-linux-ppc64le.jar:/home/stark28/librerias para desarrollo/javacv-bin/ffmpeg-linux-x86.jar:/home/stark28/librerias para desarrollo/javacv-bin/ffmpeg-linux-x86_64.jar:/home/stark28/librerias pa
Launcher Type: SUN_STANDARD

Environment Variables:
PATH=/usr/local/bin:/usr/bin:/bin:/usr/local/games:/usr/games
LD_LIBRARY_PATH=/home/stark28/Programas/jdk1.8.0_101/jre/lib/amd64:/home/stark28/Programas/jdk1.8.0_101/jre/lib/i386:
SHELL=/bin/bash
DISPLAY=:0

Signal Handlers:
SIGSEGV: [libjvm.so+0xac4790], sa_mask[0]=11111111011111111101111111111110, sa_flags=SA_RESTART|SA_SIGINFO
SIGBUS: [libjvm.so+0xac4790], sa_mask[0]=11111111011111111101111111111110, sa_flags=SA_RESTART|SA_SIGINFO
SIGFPE: [libjvm.so+0x91f140], sa_mask[0]=11111111011111111101111111111110, sa_flags=SA_RESTART|SA_SIGINFO
SIGPIPE: [libjvm.so+0x91f140], sa_mask[0]=11111111011111111101111111111110, sa_flags=SA_RESTART|SA_SIGINFO
SIGXFSZ: [libjvm.so+0x91f140], sa_mask[0]=11111111011111111101111111111110, sa_flags=SA_RESTART|SA_SIGINFO
SIGILL: [libjvm.so+0x91f140], sa_mask[0]=11111111011111111101111111111110, sa_flags=SA_RESTART|SA_SIGINFO
SIGUSR1: SIG_DFL, sa_mask[0]=00000000000000000000000000000000, sa_flags=none
SIGUSR2: [libjvm.so+0x920770], sa_mask[0]=00100000000000000000000000000000, sa_flags=SA_RESTART|SA_SIGINFO
SIGHUP: [libjvm.so+0x921b70], sa_mask[0]=11111111011111111101111111111110, sa_flags=SA_RESTART|SA_SIGINFO
SIGINT: SIG_IGN, sa_mask[0]=00000000000000000000000000000000, sa_flags=none
SIGTERM: [libjvm.so+0x921b70], sa_mask[0]=11111111011111111101111111111110, sa_flags=SA_RESTART|SA_SIGINFO
SIGQUIT: [libjvm.so+0x921b70], sa_mask[0]=11111111011111111101111111111110, sa_flags=SA_RESTART|SA_SIGINFO


---------------  S Y S T E M  ---------------

OS:PRETTY_NAME="Debian GNU/Linux 9 (stretch)"
NAME="Debian GNU/Linux"
VERSION_ID="9"
VERSION="9 (stretch)"
ID=debian
HOME_URL="https://www.debian.org/"
SUPPORT_URL="https://www.debian.org/support"
BUG_REPORT_URL="https://bugs.debian.org/"

uname:Linux 4.9.0-6-amd64 #1 SMP Debian 4.9.82-1+deb9u3 (2018-03-02) x86_64
libc:glibc 2.24 NPTL 2.24 
rlimit: STACK 8192k, CORE 0k, NPROC 11083, NOFILE 1048576, AS infinity
load average:1,42 1,23 1,37

/proc/meminfo:
MemTotal:        2861148 kB
MemFree:          359892 kB
MemAvailable:     415052 kB
Buffers:           20240 kB
Cached:           285352 kB
SwapCached:       188728 kB
Active:          1791556 kB
Inactive:         530920 kB
Active(anon):    1615412 kB
Inactive(anon):   471792 kB
Active(file):     176144 kB
Inactive(file):    59128 kB
Unevictable:           0 kB
Mlocked:               0 kB
SwapTotal:       3877884 kB
SwapFree:        3129744 kB
Dirty:              1336 kB
Writeback:             0 kB
AnonPages:       1998604 kB
Mapped:           121860 kB
Shmem:             70308 kB
Slab:              89600 kB
SReclaimable:      33496 kB
SUnreclaim:        56104 kB
KernelStack:        8704 kB
PageTables:        44952 kB
NFS_Unstable:          0 kB
Bounce:                0 kB
WritebackTmp:          0 kB
CommitLimit:     5308456 kB
Committed_AS:    5234956 kB
VmallocTotal:   34359738367 kB
VmallocUsed:           0 kB
VmallocChunk:          0 kB
HardwareCorrupted:     0 kB
AnonHugePages:         0 kB
ShmemHugePages:        0 kB
ShmemPmdMapped:        0 kB
HugePages_Total:       0
HugePages_Free:        0
HugePages_Rsvd:        0
HugePages_Surp:        0
Hugepagesize:       2048 kB
DirectMap4k:      140184 kB
DirectMap2M:     2848768 kB


CPU:total 4 (2 cores per cpu, 2 threads per core) family 6 model 42 stepping 7, cmov, cx8, fxsr, mmx, sse, sse2, sse3, ssse3, sse4.1, sse4.2, popcnt, avx, clmul, ht, tsc, tscinvbit

/proc/cpuinfo:
processor	: 0
vendor_id	: GenuineIntel
cpu family	: 6
model		: 42
model name	: Intel(R) Core(TM) i3-2370M CPU @ 2.40GHz
stepping	: 7
microcode	: 0x1b
cpu MHz		: 847.705
cache size	: 3072 KB
physical id	: 0
siblings	: 4
core id		: 0
cpu cores	: 2
apicid		: 0
initial apicid	: 0
fpu		: yes
fpu_exception	: yes
cpuid level	: 13
wp		: yes
flags		: fpu vme de pse tsc msr pae mce cx8 apic sep mtrr pge mca cmov pat pse36 clflush dts acpi mmx fxsr sse sse2 ss ht tm pbe syscall nx rdtscp lm constant_tsc arch_perfmon pebs bts rep_good nopl xtopology nonstop_tsc aperfmperf eagerfpu pni pclmulqdq dtes64 monitor ds_cpl vmx est tm2 ssse3 cx16 xtpr pdcm pcid sse4_1 sse4_2 x2apic popcnt tsc_deadline_timer xsave avx lahf_lm epb kaiser tpr_shadow vnmi flexpriority ept vpid xsaveopt dtherm arat pln pts
bugs		: cpu_meltdown spectre_v1 spectre_v2
bogomips	: 4789.45
clflush size	: 64
cache_alignment	: 64
address sizes	: 36 bits physical, 48 bits virtual
power management:

processor	: 1
vendor_id	: GenuineIntel
cpu family	: 6
model		: 42
model name	: Intel(R) Core(TM) i3-2370M CPU @ 2.40GHz
stepping	: 7
microcode	: 0x1b
cpu MHz		: 799.951
cache size	: 3072 KB
physical id	: 0
siblings	: 4
core id		: 1
cpu cores	: 2
apicid		: 2
initial apicid	: 2
fpu		: yes
fpu_exception	: yes
cpuid level	: 13
wp		: yes
flags		: fpu vme de pse tsc msr pae mce cx8 apic sep mtrr pge mca cmov pat pse36 clflush dts acpi mmx fxsr sse sse2 ss ht tm pbe syscall nx rdtscp lm constant_tsc arch_perfmon pebs bts rep_good nopl xtopology nonstop_tsc aperfmperf eagerfpu pni pclmulqdq dtes64 monitor ds_cpl vmx est tm2 ssse3 cx16 xtpr pdcm pcid sse4_1 sse4_2 x2apic popcnt tsc_deadline_timer xsave avx lahf_lm epb kaiser tpr_shadow vnmi flexpriority ept vpid xsaveopt dtherm arat pln pts
bugs		: cpu_meltdown spectre_v1 spectre_v2
bogomips	: 4789.45
clflush size	: 64
cache_alignment	: 64
address sizes	: 36 bits physical, 48 bits virtual
power management:

processor	: 2
vendor_id	: GenuineIntel
cpu family	: 6
model		: 42
model name	: Intel(R) Core(TM) i3-2370M CPU @ 2.40GHz
stepping	: 7
microcode	: 0x1b
cpu MHz		: 1036.523
cache size	: 3072 KB
physical id	: 0
siblings	: 4
core id		: 0
cpu cores	: 2
apicid		: 1
initial apicid	: 1
fpu		: yes
fpu_exception	: yes
cpuid level	: 13
wp		: yes
flags		: fpu vme de pse tsc msr pae mce cx8 apic sep mtrr pge mca cmov pat pse36 clflush dts acpi mmx fxsr sse sse2 ss ht tm pbe syscall nx rdtscp lm constant_tsc arch_perfmon pebs bts rep_good nopl xtopology nonstop_tsc aperfmperf eagerfpu pni pclmulqdq dtes64 monitor ds_cpl vmx est tm2 ssse3 cx16 xtpr pdcm pcid sse4_1 sse4_2 x2apic popcnt tsc_deadline_timer xsave avx lahf_lm epb kaiser tpr_shadow vnmi flexpriority ept vpid xsaveopt dtherm arat pln pts
bugs		: cpu_meltdown spectre_v1 spectre_v2
bogomips	: 4789.45
clflush size	: 64
cache_alignment	: 64
address sizes	: 36 bits physical, 48 bits virtual
power management:

processor	: 3
vendor_id	: GenuineIntel
cpu family	: 6
model		: 42
model name	: Intel(R) Core(TM) i3-2370M CPU @ 2.40GHz
stepping	: 7
microcode	: 0x1b
cpu MHz		: 1207.177
cache size	: 3072 KB
physical id	: 0
siblings	: 4
core id		: 1
cpu cores	: 2
apicid		: 3
initial apicid	: 3
fpu		: yes
fpu_exception	: yes
cpuid level	: 13
wp		: yes
flags		: fpu vme de pse tsc msr pae mce cx8 apic sep mtrr pge mca cmov pat pse36 clflush dts acpi mmx fxsr sse sse2 ss ht tm pbe syscall nx rdtscp lm constant_tsc arch_perfmon pebs bts rep_good nopl xtopology nonstop_tsc aperfmperf eagerfpu pni pclmulqdq dtes64 monitor ds_cpl vmx est tm2 ssse3 cx16 xtpr pdcm pcid sse4_1 sse4_2 x2apic popcnt tsc_deadline_timer xsave avx lahf_lm epb kaiser tpr_shadow vnmi flexpriority ept vpid xsaveopt dtherm arat pln pts
bugs		: cpu_meltdown spectre_v1 spectre_v2
bogomips	: 4789.45
clflush size	: 64
cache_alignment	: 64
address sizes	: 36 bits physical, 48 bits virtual
power management:



Memory: 4k page, physical 2861148k(359892k free), swap 3877884k(3129744k free)

vm_info: Java HotSpot(TM) 64-Bit Server VM (25.101-b13) for linux-amd64 JRE (1.8.0_101-b13), built on Jun 22 2016 02:59:44 by "java_re" with gcc 4.3.0 20080428 (Red Hat 4.3.0-8)

time: Mon Jul 16 00:07:18 2018
elapsed time: 213 seconds (0d 0h 3m 33s)

