#
# A fatal error has been detected by the Java Runtime Environment:
#
#  SIGSEGV (0xb) at pc=0x00007ff46006a167, pid=6818, tid=0x00007ff4477fe700
#
# JRE version: Java(TM) SE Runtime Environment (8.0_101-b13) (build 1.8.0_101-b13)
# Java VM: Java HotSpot(TM) 64-Bit Server VM (25.101-b13 mixed mode linux-amd64 compressed oops)
# Problematic frame:
# C  [libopencv_objdetect.so.3.4+0x2e167]
#
# Failed to write core dump. Core dumps have been disabled. To enable core dumping, try "ulimit -c unlimited" before starting Java again
#
# If you would like to submit a bug report, please visit:
#   http://bugreport.java.com/bugreport/crash.jsp
#

---------------  T H R E A D  ---------------

Current thread is native thread

siginfo: si_signo: 11 (SIGSEGV), si_code: 2 (SEGV_ACCERR), si_addr: 0x00007ff453fef020

Registers:
RAX=0x0000000000000005, RBX=0x00000000007142e8, RCX=0x00000000fbad4c65, RDX=0x00007ff4530a83a8
RSP=0x00007ff4477fdc60, RBP=0x00000000000000f0, RSI=0x00007ff4530926d0, RDI=0x00000000000003a8
R8 =0x000000000000001e, R9 =0x00007ff453093b58, R10=0x0000000000000450, R11=0x00007ff4538dad38
R12=0x00007ff453092500, R13=0x0000000000000073, R14=0x00007ff4477fdd38, R15=0x0000000000000000
RIP=0x00007ff46006a167, EFLAGS=0x0000000000010296, CSGSFS=0x002b000000000033, ERR=0x0000000000000004
  TRAPNO=0x000000000000000e

Top of Stack: (sp=0x00007ff4477fdc60)
0x00007ff4477fdc60:   0000000000000100 00007ff400000002
0x00007ff4477fdc70:   0000000000000010 00007ff4a15a89fe
0x00007ff4477fdc80:   0000000000000000 0000003000000002
0x00007ff4477fdc90:   403d0f9f92fb8a9a 0000000000000000
0x00007ff4477fdca0:   0000006e0000005b 0000000100000000
0x00007ff4477fdcb0:   0000000000000000 0000007c00000077
0x00007ff4477fdcc0:   0000000000000001 00007ff430000020
0x00007ff4477fdcd0:   0000000000000010 00007ff4477fdd20
0x00007ff4477fdce0:   00007ff4518804c0 0000048700000073
0x00007ff4477fdcf0:   0000000000000000 00000000001c5047
0x00007ff4477fdd00:   00007ff45314cbf8 00007ff46006aad8
0x00007ff4477fdd10:   00007ff4477fde10 00007ff4a10a77a8
0x00007ff4477fdd20:   0000000000000000 00007ff400000000
0x00007ff4477fdd30:   00007ff430000a30 00007ff4a27e4ba0
0x00007ff4477fdd40:   00007ff4477fdec0 00007ff4a27e4ba0
0x00007ff4477fdd50:   0000000000000033 0000000000000073
0x00007ff4477fdd60:   00007ff4280096f8 00007ff46006ac89
0x00007ff4477fdd70:   7fffffff80000000 0000000000000000
0x00007ff4477fdd80:   000004b000000383 00007ff4531788f4
0x00007ff4477fdd90:   00007ff453178868 00007ff45314cc84
0x00007ff4477fdda0:   000004b000000487 0000000000000000
0x00007ff4477fddb0:   00007ff4288bd418 0000048700000000
0x00007ff4477fddc0:   00007ff4280353f4 00007ff428035368
0x00007ff4477fddd0:   00007ff428009784 0000020400000203
0x00007ff4477fdde0:   00007ff400000641 0000000000000001
0x00007ff4477fddf0:   0000000000000203 00007ff4477fde30
0x00007ff4477fde00:   00007ff4477fde10 00007ff4477fde40
0x00007ff4477fde10:   0000000000000000 0000000000000000
0x00007ff4477fde20:   0000000000000000 0000000000000000
0x00007ff4477fde30:   000002aa00000127 0000002800000032
0x00007ff4477fde40:   0000000000000000 00007ff400000000
0x00007ff4477fde50:   0000000000000000 00007ff4a27e4770 

Instructions: (pc=0x00007ff46006a167)
0x00007ff46006a147:   db 66 0f 16 1d e0 c4 01 00 8b 0c 19 41 2b 0c 1b
0x00007ff46006a157:   4c 8b 5a 10 41 2b 0c 1b 4c 8b 5a 18 66 0f 28 d1
0x00007ff46006a167:   41 03 0c 1b 4c 8b 5a 30 66 0f 16 15 b9 c4 01 00
0x00007ff46006a177:   66 0f 28 e2 f3 0f 2a c9 48 8b 4a 28 8b 0c 19 41 

Register to memory mapping:

RAX=0x0000000000000005 is an unknown value
RBX=0x00000000007142e8 is an unknown value
RCX=0x00000000fbad4c65 is an unallocated location in the heap
RDX=0x00007ff4530a83a8 is an unknown value
RSP=0x00007ff4477fdc60 is an unknown value
RBP=0x00000000000000f0 is an unknown value
RSI=0x00007ff4530926d0 is an unknown value
RDI=0x00000000000003a8 is an unknown value
R8 =0x000000000000001e is an unknown value
R9 =0x00007ff453093b58 is an unknown value
R10=0x0000000000000450 is an unknown value
R11=0x00007ff4538dad38 is an unknown value
R12=0x00007ff453092500 is an unknown value
R13=0x0000000000000073 is an unknown value
R14=0x00007ff4477fdd38 is an unknown value
R15=0x0000000000000000 is an unknown value


Stack: [0x00007ff446ffe000,0x00007ff4477ff000],  sp=0x00007ff4477fdc60,  free space=8191k
Native frames: (J=compiled Java code, j=interpreted, Vv=VM code, C=native code)
C  [libopencv_objdetect.so.3.4+0x2e167]

[error occurred during error reporting (printing native stack), id 0xb]


---------------  P R O C E S S  ---------------

VM state:not at safepoint (normal execution)

VM Mutex/Monitor currently owned by a thread: None

Heap:
 PSYoungGen      total 13312K, used 8790K [0x00000000f1700000, 0x00000000f2580000, 0x0000000100000000)
  eden space 11776K, 61% used [0x00000000f1700000,0x00000000f1e15a70,0x00000000f2280000)
  from space 1536K, 100% used [0x00000000f2400000,0x00000000f2580000,0x00000000f2580000)
  to   space 1536K, 0% used [0x00000000f2280000,0x00000000f2280000,0x00000000f2400000)
 ParOldGen       total 30208K, used 3524K [0x00000000d4400000, 0x00000000d6180000, 0x00000000f1700000)
  object space 30208K, 11% used [0x00000000d4400000,0x00000000d4771320,0x00000000d6180000)
 Metaspace       used 17366K, capacity 17520K, committed 17792K, reserved 1064960K
  class space    used 2015K, capacity 2084K, committed 2176K, reserved 1048576K

Card table byte_map: [0x00007ff4c48db000,0x00007ff4c4a3a000] byte_map_base: 0x00007ff4c4239000

Marking Bits: (ParMarkBitMap*) 0x00007ff4c7733120
 Begin Bits: [0x00007ff4aaa20000, 0x00007ff4ab510000)
 End Bits:   [0x00007ff4ab510000, 0x00007ff4ac000000)

Polling page: 0x00007ff4c8355000

CodeCache: size=245760Kb used=4957Kb max_used=4972Kb free=240802Kb
 bounds [0x00007ff4b1000000, 0x00007ff4b14e0000, 0x00007ff4c0000000]
 total_blobs=2070 nmethods=1418 adapters=574
 compilation: enabled

Compilation events (10 events):
Event: 28,493 Thread 0x00007ff4c00d5000 1430       3       java.lang.ref.ReferenceQueue::reallyPoll (66 bytes)
Event: 28,493 Thread 0x00007ff4c00d5000 nmethod 1430 0x00007ff4b1101b10 code [0x00007ff4b1101ca0, 0x00007ff4b1102110]
Event: 28,493 Thread 0x00007ff4c00d5000 1431       3       java.lang.ref.ReferenceQueue::remove (6 bytes)
Event: 28,494 Thread 0x00007ff4c00d5000 nmethod 1431 0x00007ff4b110c690 code [0x00007ff4b110c800, 0x00007ff4b110ca28]
Event: 28,494 Thread 0x00007ff4c00d5000 1432   !   3       java.lang.ref.ReferenceQueue::remove (125 bytes)
Event: 28,494 Thread 0x00007ff4c00d5000 nmethod 1432 0x00007ff4b14d78d0 code [0x00007ff4b14d7ac0, 0x00007ff4b14d8418]
Event: 28,494 Thread 0x00007ff4c00d5000 1433       3       java.lang.ref.Reference::clear (6 bytes)
Event: 28,494 Thread 0x00007ff4c00d5000 nmethod 1433 0x00007ff4b110c350 code [0x00007ff4b110c4a0, 0x00007ff4b110c610]
Event: 66,843 Thread 0x00007ff4c00d5000 1434       1       org.netbeans.modules.debugger.jpda.visual.remote.RemoteAWTService::access$400 (4 bytes)
Event: 66,843 Thread 0x00007ff4c00d5000 nmethod 1434 0x00007ff4b11184d0 code [0x00007ff4b1118620, 0x00007ff4b1118710]

GC Heap History (8 events):
Event: 5,121 GC heap before
{Heap before GC invocations=1 (full 0):
 PSYoungGen      total 13312K, used 11776K [0x00000000f1700000, 0x00000000f2580000, 0x0000000100000000)
  eden space 11776K, 100% used [0x00000000f1700000,0x00000000f2280000,0x00000000f2280000)
  from space 1536K, 0% used [0x00000000f2400000,0x00000000f2400000,0x00000000f2580000)
  to   space 1536K, 0% used [0x00000000f2280000,0x00000000f2280000,0x00000000f2400000)
 ParOldGen       total 30208K, used 0K [0x00000000d4400000, 0x00000000d6180000, 0x00000000f1700000)
  object space 30208K, 0% used [0x00000000d4400000,0x00000000d4400000,0x00000000d6180000)
 Metaspace       used 13562K, capacity 13698K, committed 13824K, reserved 1060864K
  class space    used 1648K, capacity 1731K, committed 1792K, reserved 1048576K
Event: 5,129 GC heap after
Heap after GC invocations=1 (full 0):
 PSYoungGen      total 13312K, used 1536K [0x00000000f1700000, 0x00000000f2580000, 0x0000000100000000)
  eden space 11776K, 0% used [0x00000000f1700000,0x00000000f1700000,0x00000000f2280000)
  from space 1536K, 100% used [0x00000000f2280000,0x00000000f2400000,0x00000000f2400000)
  to   space 1536K, 0% used [0x00000000f2400000,0x00000000f2400000,0x00000000f2580000)
 ParOldGen       total 30208K, used 1425K [0x00000000d4400000, 0x00000000d6180000, 0x00000000f1700000)
  object space 30208K, 4% used [0x00000000d4400000,0x00000000d4564570,0x00000000d6180000)
 Metaspace       used 13562K, capacity 13698K, committed 13824K, reserved 1060864K
  class space    used 1648K, capacity 1731K, committed 1792K, reserved 1048576K
}
Event: 18,488 GC heap before
{Heap before GC invocations=2 (full 0):
 PSYoungGen      total 13312K, used 13312K [0x00000000f1700000, 0x00000000f2580000, 0x0000000100000000)
  eden space 11776K, 100% used [0x00000000f1700000,0x00000000f2280000,0x00000000f2280000)
  from space 1536K, 100% used [0x00000000f2280000,0x00000000f2400000,0x00000000f2400000)
  to   space 1536K, 0% used [0x00000000f2400000,0x00000000f2400000,0x00000000f2580000)
 ParOldGen       total 30208K, used 1425K [0x00000000d4400000, 0x00000000d6180000, 0x00000000f1700000)
  object space 30208K, 4% used [0x00000000d4400000,0x00000000d4564570,0x00000000d6180000)
 Metaspace       used 16059K, capacity 16272K, committed 16640K, reserved 1064960K
  class space    used 1854K, capacity 1924K, committed 2048K, reserved 1048576K
Event: 18,492 GC heap after
Heap after GC invocations=2 (full 0):
 PSYoungGen      total 13312K, used 1536K [0x00000000f1700000, 0x00000000f2580000, 0x0000000100000000)
  eden space 11776K, 0% used [0x00000000f1700000,0x00000000f1700000,0x00000000f2280000)
  from space 1536K, 100% used [0x00000000f2400000,0x00000000f2580000,0x00000000f2580000)
  to   space 1536K, 0% used [0x00000000f2280000,0x00000000f2280000,0x00000000f2400000)
 ParOldGen       total 30208K, used 2656K [0x00000000d4400000, 0x00000000d6180000, 0x00000000f1700000)
  object space 30208K, 8% used [0x00000000d4400000,0x00000000d46981d8,0x00000000d6180000)
 Metaspace       used 16059K, capacity 16272K, committed 16640K, reserved 1064960K
  class space    used 1854K, capacity 1924K, committed 2048K, reserved 1048576K
}
Event: 18,620 GC heap before
{Heap before GC invocations=3 (full 0):
 PSYoungGen      total 13312K, used 13312K [0x00000000f1700000, 0x00000000f2580000, 0x0000000100000000)
  eden space 11776K, 100% used [0x00000000f1700000,0x00000000f2280000,0x00000000f2280000)
  from space 1536K, 100% used [0x00000000f2400000,0x00000000f2580000,0x00000000f2580000)
  to   space 1536K, 0% used [0x00000000f2280000,0x00000000f2280000,0x00000000f2400000)
 ParOldGen       total 30208K, used 2656K [0x00000000d4400000, 0x00000000d6180000, 0x00000000f1700000)
  object space 30208K, 8% used [0x00000000d4400000,0x00000000d46981d8,0x00000000d6180000)
 Metaspace       used 17184K, capacity 17392K, committed 17536K, reserved 1064960K
  class space    used 1995K, capacity 2084K, committed 2176K, reserved 1048576K
Event: 18,624 GC heap after
Heap after GC invocations=3 (full 0):
 PSYoungGen      total 13312K, used 1536K [0x00000000f1700000, 0x00000000f2580000, 0x0000000100000000)
  eden space 11776K, 0% used [0x00000000f1700000,0x00000000f1700000,0x00000000f2280000)
  from space 1536K, 100% used [0x00000000f2280000,0x00000000f2400000,0x00000000f2400000)
  to   space 1536K, 0% used [0x00000000f2400000,0x00000000f2400000,0x00000000f2580000)
 ParOldGen       total 30208K, used 3370K [0x00000000d4400000, 0x00000000d6180000, 0x00000000f1700000)
  object space 30208K, 11% used [0x00000000d4400000,0x00000000d474a890,0x00000000d6180000)
 Metaspace       used 17184K, capacity 17392K, committed 17536K, reserved 1064960K
  class space    used 1995K, capacity 2084K, committed 2176K, reserved 1048576K
}
Event: 28,484 GC heap before
{Heap before GC invocations=4 (full 0):
 PSYoungGen      total 13312K, used 13312K [0x00000000f1700000, 0x00000000f2580000, 0x0000000100000000)
  eden space 11776K, 100% used [0x00000000f1700000,0x00000000f2280000,0x00000000f2280000)
  from space 1536K, 100% used [0x00000000f2280000,0x00000000f2400000,0x00000000f2400000)
  to   space 1536K, 0% used [0x00000000f2400000,0x00000000f2400000,0x00000000f2580000)
 ParOldGen       total 30208K, used 3370K [0x00000000d4400000, 0x00000000d6180000, 0x00000000f1700000)
  object space 30208K, 11% used [0x00000000d4400000,0x00000000d474a890,0x00000000d6180000)
 Metaspace       used 17358K, capacity 17520K, committed 17792K, reserved 1064960K
  class space    used 2014K, capacity 2084K, committed 2176K, reserved 1048576K
Event: 28,490 GC heap after
Heap after GC invocations=4 (full 0):
 PSYoungGen      total 13312K, used 1536K [0x00000000f1700000, 0x00000000f2580000, 0x0000000100000000)
  eden space 11776K, 0% used [0x00000000f1700000,0x00000000f1700000,0x00000000f2280000)
  from space 1536K, 100% used [0x00000000f2400000,0x00000000f2580000,0x00000000f2580000)
  to   space 1536K, 0% used [0x00000000f2280000,0x00000000f2280000,0x00000000f2400000)
 ParOldGen       total 30208K, used 3524K [0x00000000d4400000, 0x00000000d6180000, 0x00000000f1700000)
  object space 30208K, 11% used [0x00000000d4400000,0x00000000d4771320,0x00000000d6180000)
 Metaspace       used 17358K, capacity 17520K, committed 17792K, reserved 1064960K
  class space    used 2014K, capacity 2084K, committed 2176K, reserved 1048576K
}

Deoptimization events (10 events):
Event: 5,055 Thread 0x00007ff4c0708000 Uncommon trap: reason=bimorphic action=maybe_recompile pc=0x00007ff4b1257034 method=java.util.HashMap.putVal(ILjava/lang/Object;Ljava/lang/Object;ZZ)Ljava/lang/Object; @ 253
Event: 5,059 Thread 0x00007ff4c0708000 Uncommon trap: reason=bimorphic action=maybe_recompile pc=0x00007ff4b1257034 method=java.util.HashMap.putVal(ILjava/lang/Object;Ljava/lang/Object;ZZ)Ljava/lang/Object; @ 253
Event: 5,063 Thread 0x00007ff4c0708000 Uncommon trap: reason=bimorphic action=maybe_recompile pc=0x00007ff4b1257034 method=java.util.HashMap.putVal(ILjava/lang/Object;Ljava/lang/Object;ZZ)Ljava/lang/Object; @ 253
Event: 5,076 Thread 0x00007ff4c0708000 Uncommon trap: reason=bimorphic action=maybe_recompile pc=0x00007ff4b1257034 method=java.util.HashMap.putVal(ILjava/lang/Object;Ljava/lang/Object;ZZ)Ljava/lang/Object; @ 253
Event: 18,299 Thread 0x00007ff4c0708000 Uncommon trap: reason=unstable_if action=reinterpret pc=0x00007ff4b1164a80 method=sun.nio.cs.UTF_8$Encoder.encode([CII[B)I @ 33
Event: 18,316 Thread 0x00007ff4c0708000 Uncommon trap: reason=unstable_if action=reinterpret pc=0x00007ff4b11ff180 method=java.lang.String.<init>([CII)V @ 18
Event: 18,366 Thread 0x00007ff4c0708000 Uncommon trap: reason=class_check action=maybe_recompile pc=0x00007ff4b141c904 method=java.util.LinkedHashMap.afterNodeInsertion(Z)V @ 15
Event: 18,382 Thread 0x00007ff4c0708000 Uncommon trap: reason=class_check action=maybe_recompile pc=0x00007ff4b141c904 method=java.util.LinkedHashMap.afterNodeInsertion(Z)V @ 15
Event: 18,395 Thread 0x00007ff4c0708000 Uncommon trap: reason=class_check action=maybe_recompile pc=0x00007ff4b141c904 method=java.util.LinkedHashMap.afterNodeInsertion(Z)V @ 15
Event: 18,401 Thread 0x00007ff4c0708000 Uncommon trap: reason=class_check action=maybe_recompile pc=0x00007ff4b141c904 method=java.util.LinkedHashMap.afterNodeInsertion(Z)V @ 15

Internal exceptions (10 events):
Event: 2,383 Thread 0x00007ff4c0010000 Exception <a 'java/lang/ClassNotFoundException': javax/swing/JTreeCell> (0x00000000f1d79e08) thrown at [/HUDSON3/workspace/8-2-build-linux-amd64/jdk8u101/7261/hotspot/src/share/vm/classfile/systemDictionary.cpp, line 210]
Event: 2,383 Thread 0x00007ff4c0010000 Exception <a 'java/lang/ClassNotFoundException': TreeCell> (0x00000000f1d7a290) thrown at [/HUDSON3/workspace/8-2-build-linux-amd64/jdk8u101/7261/hotspot/src/share/vm/classfile/systemDictionary.cpp, line 210]
Event: 2,383 Thread 0x00007ff4c0010000 Exception <a 'java/lang/ClassNotFoundException': RootPane> (0x00000000f1d7ac48) thrown at [/HUDSON3/workspace/8-2-build-linux-amd64/jdk8u101/7261/hotspot/src/share/vm/classfile/systemDictionary.cpp, line 210]
Event: 2,783 Thread 0x00007ff4c0708000 Implicit null exception at 0x00007ff4b1202279 to 0x00007ff4b1202719
Event: 2,784 Thread 0x00007ff4c0708000 Implicit null exception at 0x00007ff4b1202e36 to 0x00007ff4b12032a1
Event: 3,117 Thread 0x00007ff4c0708000 Exception <a 'java/lang/UnsupportedOperationException': > (0x00000000f2012860) thrown at [/HUDSON3/workspace/8-2-build-linux-amd64/jdk8u101/7261/hotspot/src/share/vm/prims/jni.cpp, line 735]
Event: 64,821 Thread 0x00007ff4c0708000 Exception <a 'java/lang/RuntimeException'> (0x00000000f1df50e0) thrown at [/HUDSON3/workspace/8-2-build-linux-amd64/jdk8u101/7261/hotspot/src/share/vm/prims/jni.cpp, line 709]
Event: 74,500 Thread 0x00007ff4c0708000 Exception <a 'java/lang/RuntimeException'> (0x00000000f1df5f40) thrown at [/HUDSON3/workspace/8-2-build-linux-amd64/jdk8u101/7261/hotspot/src/share/vm/prims/jni.cpp, line 709]
Event: 77,414 Thread 0x00007ff4c0708000 Exception <a 'java/lang/RuntimeException'> (0x00000000f1df69d0) thrown at [/HUDSON3/workspace/8-2-build-linux-amd64/jdk8u101/7261/hotspot/src/share/vm/prims/jni.cpp, line 709]
Event: 77,961 Thread 0x00007ff4c0708000 Exception <a 'java/lang/RuntimeException'> (0x00000000f1df7460) thrown at [/HUDSON3/workspace/8-2-build-linux-amd64/jdk8u101/7261/hotspot/src/share/vm/prims/jni.cpp, line 709]

Events (10 events):
Event: 117,988 Executing VM operation: ChangeSingleStep
Event: 117,988 Executing VM operation: ChangeSingleStep done
Event: 117,988 Executing VM operation: ChangeSingleStep
Event: 117,988 Executing VM operation: ChangeSingleStep done
Event: 117,989 Executing VM operation: GetCurrentLocation
Event: 117,989 Executing VM operation: GetCurrentLocation done
Event: 117,989 Executing VM operation: ChangeSingleStep
Event: 117,989 Executing VM operation: ChangeSingleStep done
Event: 117,989 Executing VM operation: ChangeSingleStep
Event: 117,989 Executing VM operation: ChangeSingleStep done


Dynamic libraries:
00400000-00401000 r-xp 00000000 08:06 140165                             /home/stark28/Programas/jdk1.8.0_101/bin/java
00600000-00601000 rw-p 00000000 08:06 140165                             /home/stark28/Programas/jdk1.8.0_101/bin/java
006b4000-01584000 rw-p 00000000 00:00 0                                  [heap]
d4400000-d6180000 rw-p 00000000 00:00 0 
d6180000-f1700000 ---p 00000000 00:00 0 
f1700000-f2580000 rw-p 00000000 00:00 0 
f2580000-100000000 ---p 00000000 00:00 0 
100000000-100220000 rw-p 00000000 00:00 0 
100220000-140000000 ---p 00000000 00:00 0 
7ff428000000-7ff428a20000 rw-p 00000000 00:00 0 
7ff428a20000-7ff42c000000 ---p 00000000 00:00 0 
7ff430000000-7ff4302e7000 rw-p 00000000 00:00 0 
7ff4302e7000-7ff434000000 ---p 00000000 00:00 0 
7ff438000000-7ff438286000 rw-p 00000000 00:00 0 
7ff438286000-7ff43c000000 ---p 00000000 00:00 0 
7ff440000000-7ff4402a1000 rw-p 00000000 00:00 0 
7ff4402a1000-7ff444000000 ---p 00000000 00:00 0 
7ff446242000-7ff4462bc000 r-xp 00000000 08:06 133132                     /home/stark28/.javacpp/cache/opencv-linux-x86_64.jar/org/bytedeco/javacpp/linux-x86_64/libjniopencv_objdetect.so
7ff4462bc000-7ff4464bc000 ---p 0007a000 08:06 133132                     /home/stark28/.javacpp/cache/opencv-linux-x86_64.jar/org/bytedeco/javacpp/linux-x86_64/libjniopencv_objdetect.so
7ff4464bc000-7ff4464c3000 rw-p 0007a000 08:06 133132                     /home/stark28/.javacpp/cache/opencv-linux-x86_64.jar/org/bytedeco/javacpp/linux-x86_64/libjniopencv_objdetect.so
7ff4464c3000-7ff4467fd000 rw-p 00000000 00:00 0 
7ff4467fd000-7ff4467fe000 ---p 00000000 00:00 0 
7ff4467fe000-7ff446ffe000 rw-p 00000000 00:00 0 
7ff446ffe000-7ff446fff000 ---p 00000000 00:00 0 
7ff446fff000-7ff4477ff000 rw-p 00000000 00:00 0 
7ff4477ff000-7ff447800000 ---p 00000000 00:00 0 
7ff447800000-7ff448000000 rw-p 00000000 00:00 0 
7ff448000000-7ff448021000 rw-p 00000000 00:00 0 
7ff448021000-7ff44c000000 ---p 00000000 00:00 0 
7ff44c000000-7ff44c021000 rw-p 00000000 00:00 0 
7ff44c021000-7ff450000000 ---p 00000000 00:00 0 
7ff450000000-7ff453fef000 rw-p 00000000 00:00 0 
7ff453fef000-7ff454000000 ---p 00000000 00:00 0 
7ff454000000-7ff45428d000 rw-p 00000000 00:00 0 
7ff45428d000-7ff458000000 ---p 00000000 00:00 0 
7ff458000000-7ff458021000 rw-p 00000000 00:00 0 
7ff458021000-7ff45c000000 ---p 00000000 00:00 0 
7ff45c000000-7ff45c02a000 rw-p 00000000 00:00 0 
7ff45c02a000-7ff460000000 ---p 00000000 00:00 0 
7ff46003c000-7ff46009f000 r-xp 00000000 08:06 132687                     /home/stark28/.javacpp/cache/opencv-linux-x86_64.jar/org/bytedeco/javacpp/linux-x86_64/libopencv_objdetect.so.3.4
7ff46009f000-7ff46029f000 ---p 00063000 08:06 132687                     /home/stark28/.javacpp/cache/opencv-linux-x86_64.jar/org/bytedeco/javacpp/linux-x86_64/libopencv_objdetect.so.3.4
7ff46029f000-7ff4602a1000 rw-p 00063000 08:06 132687                     /home/stark28/.javacpp/cache/opencv-linux-x86_64.jar/org/bytedeco/javacpp/linux-x86_64/libopencv_objdetect.so.3.4
7ff4605db000-7ff46060d000 r-xp 00000000 08:06 151583                     /home/stark28/.javacpp/cache/opencv-linux-x86_64.jar/org/bytedeco/javacpp/linux-x86_64/libjniopencv_imgcodecs.so
7ff46060d000-7ff46080d000 ---p 00032000 08:06 151583                     /home/stark28/.javacpp/cache/opencv-linux-x86_64.jar/org/bytedeco/javacpp/linux-x86_64/libjniopencv_imgcodecs.so
7ff46080d000-7ff46080e000 rw-p 00032000 08:06 151583                     /home/stark28/.javacpp/cache/opencv-linux-x86_64.jar/org/bytedeco/javacpp/linux-x86_64/libjniopencv_imgcodecs.so
7ff46080e000-7ff460a7a000 r-xp 00000000 08:06 151581                     /home/stark28/.javacpp/cache/opencv-linux-x86_64.jar/org/bytedeco/javacpp/linux-x86_64/libopencv_imgcodecs.so.3.4
7ff460a7a000-7ff460c7a000 ---p 0026c000 08:06 151581                     /home/stark28/.javacpp/cache/opencv-linux-x86_64.jar/org/bytedeco/javacpp/linux-x86_64/libopencv_imgcodecs.so.3.4
7ff460c7a000-7ff460c89000 rw-p 0026c000 08:06 151581                     /home/stark28/.javacpp/cache/opencv-linux-x86_64.jar/org/bytedeco/javacpp/linux-x86_64/libopencv_imgcodecs.so.3.4
7ff460c89000-7ff460c92000 rw-p 00000000 00:00 0 
7ff460c92000-7ff460df2000 r-xp 00000000 08:06 151580                     /home/stark28/.javacpp/cache/opencv-linux-x86_64.jar/org/bytedeco/javacpp/linux-x86_64/libjniopencv_imgproc.so
7ff460df2000-7ff460ff2000 ---p 00160000 08:06 151580                     /home/stark28/.javacpp/cache/opencv-linux-x86_64.jar/org/bytedeco/javacpp/linux-x86_64/libjniopencv_imgproc.so
7ff460ff2000-7ff460fff000 rw-p 00160000 08:06 151580                     /home/stark28/.javacpp/cache/opencv-linux-x86_64.jar/org/bytedeco/javacpp/linux-x86_64/libjniopencv_imgproc.so
7ff460fff000-7ff464000000 rw-p 00000000 00:00 0 
7ff464000000-7ff464021000 rw-p 00000000 00:00 0 
7ff464021000-7ff468000000 ---p 00000000 00:00 0 
7ff468000000-7ff468021000 rw-p 00000000 00:00 0 
7ff468021000-7ff46c000000 ---p 00000000 00:00 0 
7ff46c000000-7ff46c4f8000 rw-p 00000000 00:00 0 
7ff46c4f8000-7ff470000000 ---p 00000000 00:00 0 
7ff470000000-7ff470021000 rw-p 00000000 00:00 0 
7ff470021000-7ff474000000 ---p 00000000 00:00 0 
7ff474000000-7ff474549000 rw-p 00000000 00:00 0 
7ff474549000-7ff478000000 ---p 00000000 00:00 0 
7ff478000000-7ff478712000 rw-p 00000000 00:00 0 
7ff478712000-7ff47c000000 ---p 00000000 00:00 0 
7ff47c000000-7ff47c035000 rw-p 00000000 00:00 0 
7ff47c035000-7ff480000000 ---p 00000000 00:00 0 
7ff480000000-7ff480021000 rw-p 00000000 00:00 0 
7ff480021000-7ff484000000 ---p 00000000 00:00 0 
7ff484000000-7ff484021000 rw-p 00000000 00:00 0 
7ff484021000-7ff488000000 ---p 00000000 00:00 0 
7ff488000000-7ff488021000 rw-p 00000000 00:00 0 
7ff488021000-7ff48c000000 ---p 00000000 00:00 0 
7ff48c000000-7ff48c021000 rw-p 00000000 00:00 0 
7ff48c021000-7ff490000000 ---p 00000000 00:00 0 
7ff490000000-7ff490021000 rw-p 00000000 00:00 0 
7ff490021000-7ff494000000 ---p 00000000 00:00 0 
7ff494000000-7ff494021000 rw-p 00000000 00:00 0 
7ff494021000-7ff498000000 ---p 00000000 00:00 0 
7ff498000000-7ff498021000 rw-p 00000000 00:00 0 
7ff498021000-7ff49c000000 ---p 00000000 00:00 0 
7ff49c000000-7ff49c021000 rw-p 00000000 00:00 0 
7ff49c021000-7ff4a0000000 ---p 00000000 00:00 0 
7ff4a015f000-7ff4a029f000 rw-p 00000000 00:00 0 
7ff4a029f000-7ff4a035f000 ---p 00000000 00:00 0 
7ff4a035f000-7ff4a0362000 ---p 00000000 00:00 0 
7ff4a0362000-7ff4a0460000 rw-p 00000000 00:00 0 
7ff4a0460000-7ff4a07e8000 r-xp 00000000 08:06 151579                     /home/stark28/.javacpp/cache/opencv-linux-x86_64.jar/org/bytedeco/javacpp/linux-x86_64/libjniopencv_core.so
7ff4a07e8000-7ff4a09e7000 ---p 00388000 08:06 151579                     /home/stark28/.javacpp/cache/opencv-linux-x86_64.jar/org/bytedeco/javacpp/linux-x86_64/libjniopencv_core.so
7ff4a09e7000-7ff4a0a3e000 rw-p 00387000 08:06 151579                     /home/stark28/.javacpp/cache/opencv-linux-x86_64.jar/org/bytedeco/javacpp/linux-x86_64/libjniopencv_core.so
7ff4a0a3e000-7ff4a0a3f000 rw-p 00000000 00:00 0 
7ff4a0a3f000-7ff4a0d65000 r-xp 00000000 08:06 151577                     /home/stark28/.javacpp/cache/opencv-linux-x86_64.jar/org/bytedeco/javacpp/linux-x86_64/libopencv_imgproc.so.3.4
7ff4a0d65000-7ff4a0f64000 ---p 00326000 08:06 151577                     /home/stark28/.javacpp/cache/opencv-linux-x86_64.jar/org/bytedeco/javacpp/linux-x86_64/libopencv_imgproc.so.3.4
7ff4a0f64000-7ff4a0f79000 rw-p 00325000 08:06 151577                     /home/stark28/.javacpp/cache/opencv-linux-x86_64.jar/org/bytedeco/javacpp/linux-x86_64/libopencv_imgproc.so.3.4
7ff4a0f79000-7ff4a1018000 rw-p 00000000 00:00 0 
7ff4a1018000-7ff4a118a000 r-xp 00000000 08:03 2779                       /usr/lib/x86_64-linux-gnu/libstdc++.so.6.0.22
7ff4a118a000-7ff4a138a000 ---p 00172000 08:03 2779                       /usr/lib/x86_64-linux-gnu/libstdc++.so.6.0.22
7ff4a138a000-7ff4a1394000 r--p 00172000 08:03 2779                       /usr/lib/x86_64-linux-gnu/libstdc++.so.6.0.22
7ff4a1394000-7ff4a1396000 rw-p 0017c000 08:03 2779                       /usr/lib/x86_64-linux-gnu/libstdc++.so.6.0.22
7ff4a1396000-7ff4a139a000 rw-p 00000000 00:00 0 
7ff4a139a000-7ff4a165a000 r-xp 00000000 08:06 151575                     /home/stark28/.javacpp/cache/opencv-linux-x86_64.jar/org/bytedeco/javacpp/linux-x86_64/libopencv_core.so.3.4
7ff4a165a000-7ff4a1859000 ---p 002c0000 08:06 151575                     /home/stark28/.javacpp/cache/opencv-linux-x86_64.jar/org/bytedeco/javacpp/linux-x86_64/libopencv_core.so.3.4
7ff4a1859000-7ff4a1866000 rw-p 002bf000 08:06 151575                     /home/stark28/.javacpp/cache/opencv-linux-x86_64.jar/org/bytedeco/javacpp/linux-x86_64/libopencv_core.so.3.4
7ff4a1866000-7ff4a186b000 rw-p 00000000 00:00 0 
7ff4a186b000-7ff4a1880000 r-xp 00000000 08:06 151573                     /home/stark28/.javacpp/cache/opencv-linux-x86_64.jar/org/bytedeco/javacpp/linux-x86_64/libgomp.so.1
7ff4a1880000-7ff4a1a7f000 ---p 00015000 08:06 151573                     /home/stark28/.javacpp/cache/opencv-linux-x86_64.jar/org/bytedeco/javacpp/linux-x86_64/libgomp.so.1
7ff4a1a7f000-7ff4a1a80000 rw-p 00014000 08:06 151573                     /home/stark28/.javacpp/cache/opencv-linux-x86_64.jar/org/bytedeco/javacpp/linux-x86_64/libgomp.so.1
7ff4a1a80000-7ff4a1c80000 rw-p 00000000 00:00 0 
7ff4a1c80000-7ff4a1caa000 r-xp 00000000 08:06 139920                     /home/stark28/Programas/jdk1.8.0_101/jre/lib/amd64/libdcpr.so
7ff4a1caa000-7ff4a1eaa000 ---p 0002a000 08:06 139920                     /home/stark28/Programas/jdk1.8.0_101/jre/lib/amd64/libdcpr.so
7ff4a1eaa000-7ff4a1ead000 rw-p 0002a000 08:06 139920                     /home/stark28/Programas/jdk1.8.0_101/jre/lib/amd64/libdcpr.so
7ff4a1ead000-7ff4a1f16000 r-xp 00000000 08:06 139949                     /home/stark28/Programas/jdk1.8.0_101/jre/lib/amd64/libt2k.so
7ff4a1f16000-7ff4a2116000 ---p 00069000 08:06 139949                     /home/stark28/Programas/jdk1.8.0_101/jre/lib/amd64/libt2k.so
7ff4a2116000-7ff4a211d000 rw-p 00069000 08:06 139949                     /home/stark28/Programas/jdk1.8.0_101/jre/lib/amd64/libt2k.so
7ff4a211d000-7ff4a232d000 rw-p 00000000 00:00 0 
7ff4a232d000-7ff4a2338000 r--s 00000000 08:03 400202                     /var/cache/fontconfig/945677eb7aeaf62f1d50efc3fb3ec7d8-le64.cache-4
7ff4a2338000-7ff4a233b000 r--s 00000000 08:03 400201                     /var/cache/fontconfig/f24b2111ab8703b4e963115a8cf14259-le64.cache-4
7ff4a233b000-7ff4a233f000 r--s 00000000 08:03 392458                     /var/cache/fontconfig/de156ccd2eddbdc19d37a45b8b2aac9c-le64.cache-4
7ff4a233f000-7ff4a2340000 r--s 00000000 08:03 400200                     /var/cache/fontconfig/9451a55048e8dbe8633e64d34165fdf2-le64.cache-4
7ff4a2340000-7ff4a2342000 r--s 00000000 08:03 400199                     /var/cache/fontconfig/69fb4bbe1b2fa860e172a32ebf28505c-le64.cache-4
7ff4a2342000-7ff4a2343000 r--s 00000000 08:03 392428                     /var/cache/fontconfig/4794a0821666d79190d59a36cb4f44b5-le64.cache-4
7ff4a2343000-7ff4a2385000 r--s 00000000 08:03 400198                     /var/cache/fontconfig/0bd3dc0958fa2205aaaa8ebb13e2872b-le64.cache-4
7ff4a2385000-7ff4a238b000 r--s 00000000 08:03 392449                     /var/cache/fontconfig/3047814df9a2f067bd2d96a2b9c36e5a-le64.cache-4
7ff4a238b000-7ff4a2393000 r--s 00000000 08:03 392866                     /var/cache/fontconfig/bf3b770c553c462765856025a94f1ce6-le64.cache-4
7ff4a2393000-7ff4a2396000 r--s 00000000 08:03 392448                     /var/cache/fontconfig/e49e89034d371f0f9de17aab02136486-le64.cache-4
7ff4a2396000-7ff4a23a9000 r--s 00000000 08:03 392447                     /var/cache/fontconfig/d52a8644073d54c13679302ca1180695-le64.cache-4
7ff4a23a9000-7ff4a23b1000 r--s 00000000 08:03 392440                     /var/cache/fontconfig/105b9c7e6f0a4f82d8c9b6e39c52c6f9-le64.cache-4
7ff4a23b1000-7ff4a23bb000 r--s 00000000 08:03 400196                     /var/cache/fontconfig/3f7329c5293ffd510edef78f73874cfd-le64.cache-4
7ff4a23bb000-7ff4a23c7000 r--s 00000000 08:03 392446                     /var/cache/fontconfig/d589a48862398ed80a3d6066f4f56f4c-le64.cache-4
7ff4a23c7000-7ff4a23d9000 r--s 00000000 08:03 394504                     /var/cache/fontconfig/9b89f8e3dae116d678bbf48e5f21f69b-le64.cache-4
7ff4a242d000-7ff4a2430000 ---p 00000000 00:00 0 
7ff4a2430000-7ff4a252e000 rw-p 00000000 00:00 0 
7ff4a252e000-7ff4a2539000 r--s 00000000 08:03 400202                     /var/cache/fontconfig/945677eb7aeaf62f1d50efc3fb3ec7d8-le64.cache-4
7ff4a2539000-7ff4a253c000 r--s 00000000 08:03 400201                     /var/cache/fontconfig/f24b2111ab8703b4e963115a8cf14259-le64.cache-4
7ff4a253c000-7ff4a2540000 r--s 00000000 08:03 392458                     /var/cache/fontconfig/de156ccd2eddbdc19d37a45b8b2aac9c-le64.cache-4
7ff4a2540000-7ff4a2541000 r--s 00000000 08:03 400200                     /var/cache/fontconfig/9451a55048e8dbe8633e64d34165fdf2-le64.cache-4
7ff4a2541000-7ff4a2543000 r--s 00000000 08:03 400199                     /var/cache/fontconfig/69fb4bbe1b2fa860e172a32ebf28505c-le64.cache-4
7ff4a2543000-7ff4a2544000 r--s 00000000 08:03 392428                     /var/cache/fontconfig/4794a0821666d79190d59a36cb4f44b5-le64.cache-4
7ff4a2544000-7ff4a2586000 r--s 00000000 08:03 400198                     /var/cache/fontconfig/0bd3dc0958fa2205aaaa8ebb13e2872b-le64.cache-4
7ff4a2586000-7ff4a258c000 r--s 00000000 08:03 392449                     /var/cache/fontconfig/3047814df9a2f067bd2d96a2b9c36e5a-le64.cache-4
7ff4a258c000-7ff4a2594000 r--s 00000000 08:03 392866                     /var/cache/fontconfig/bf3b770c553c462765856025a94f1ce6-le64.cache-4
7ff4a2594000-7ff4a2596000 r--s 00000000 08:03 400197                     /var/cache/fontconfig/a0107c79d978dfcc5e42cb1335b71036-le64.cache-4
7ff4a2596000-7ff4a2599000 r--s 00000000 08:03 392448                     /var/cache/fontconfig/e49e89034d371f0f9de17aab02136486-le64.cache-4
7ff4a2599000-7ff4a259b000 r--s 00000000 08:03 392427                     /var/cache/fontconfig/4b14b093aebc79c320de5e86ae1d3314-le64.cache-4
7ff4a259b000-7ff4a25ae000 r--s 00000000 08:03 392447                     /var/cache/fontconfig/d52a8644073d54c13679302ca1180695-le64.cache-4
7ff4a25ae000-7ff4a25b8000 r--s 00000000 08:03 400196                     /var/cache/fontconfig/3f7329c5293ffd510edef78f73874cfd-le64.cache-4
7ff4a25b8000-7ff4a25c4000 r--s 00000000 08:03 392446                     /var/cache/fontconfig/d589a48862398ed80a3d6066f4f56f4c-le64.cache-4
7ff4a25c4000-7ff4a25d6000 r--s 00000000 08:03 394504                     /var/cache/fontconfig/9b89f8e3dae116d678bbf48e5f21f69b-le64.cache-4
7ff4a25d6000-7ff4a25e4000 r--s 00000000 08:03 394501                     /var/cache/fontconfig/e13b20fdb08344e0e664864cc2ede53d-le64.cache-4
7ff4a25e7000-7ff4a25ea000 ---p 00000000 00:00 0 
7ff4a25ea000-7ff4a26e8000 rw-p 00000000 00:00 0 
7ff4a26e8000-7ff4a26eb000 ---p 00000000 00:00 0 
7ff4a26eb000-7ff4a27e9000 rw-p 00000000 00:00 0 
7ff4a27e9000-7ff4a27ec000 ---p 00000000 00:00 0 
7ff4a27ec000-7ff4a28ea000 rw-p 00000000 00:00 0 
7ff4a28ea000-7ff4a2aea000 rw-p 00000000 00:00 0 
7ff4a2aea000-7ff4a2afb000 r-xp 00000000 08:06 139947                     /home/stark28/Programas/jdk1.8.0_101/jre/lib/amd64/libnio.so
7ff4a2afb000-7ff4a2cfa000 ---p 00011000 08:06 139947                     /home/stark28/Programas/jdk1.8.0_101/jre/lib/amd64/libnio.so
7ff4a2cfa000-7ff4a2cfb000 rw-p 00010000 08:06 139947                     /home/stark28/Programas/jdk1.8.0_101/jre/lib/amd64/libnio.so
7ff4a2cfb000-7ff4a2d03000 r--s 00000000 08:03 392440                     /var/cache/fontconfig/105b9c7e6f0a4f82d8c9b6e39c52c6f9-le64.cache-4
7ff4a2d03000-7ff4a2d05000 r--s 00000000 08:03 400195                     /var/cache/fontconfig/7ef2298fde41cc6eeb7af42e48b7d293-le64.cache-4
7ff4a2d05000-7ff4a2d07000 r--s 00000000 08:03 394499                     /var/cache/fontconfig/452f1fac34b224105d7acfae3034bcd5-le64.cache-4
7ff4a2d07000-7ff4a2d08000 r--s 00000000 08:03 406116                     /var/cache/fontconfig/e0aa53bcfa504e64f87823c16bc01eb6-le64.cache-4
7ff4a2d08000-7ff4a2d26000 r--s 00000000 08:03 406113                     /var/cache/fontconfig/467c019e582ee353435ea5c21d137ef6-le64.cache-4
7ff4a2d26000-7ff4a2d3c000 r-xp 00000000 08:06 139948                     /home/stark28/Programas/jdk1.8.0_101/jre/lib/amd64/libnet.so
7ff4a2d3c000-7ff4a2f3c000 ---p 00016000 08:06 139948                     /home/stark28/Programas/jdk1.8.0_101/jre/lib/amd64/libnet.so
7ff4a2f3c000-7ff4a2f3d000 rw-p 00016000 08:06 139948                     /home/stark28/Programas/jdk1.8.0_101/jre/lib/amd64/libnet.so
7ff4a2f3d000-7ff4a2f40000 ---p 00000000 00:00 0 
7ff4a2f40000-7ff4a303e000 rw-p 00000000 00:00 0 
7ff4a303e000-7ff4a3043000 r-xp 00000000 08:03 10735                      /usr/lib/x86_64-linux-gnu/libXfixes.so.3.1.0
7ff4a3043000-7ff4a3242000 ---p 00005000 08:03 10735                      /usr/lib/x86_64-linux-gnu/libXfixes.so.3.1.0
7ff4a3242000-7ff4a3243000 r--p 00004000 08:03 10735                      /usr/lib/x86_64-linux-gnu/libXfixes.so.3.1.0
7ff4a3243000-7ff4a3244000 rw-p 00005000 08:03 10735                      /usr/lib/x86_64-linux-gnu/libXfixes.so.3.1.0
7ff4a3244000-7ff4a324e000 r-xp 00000000 08:03 11306                      /usr/lib/x86_64-linux-gnu/libXcursor.so.1.0.2
7ff4a324e000-7ff4a344d000 ---p 0000a000 08:03 11306                      /usr/lib/x86_64-linux-gnu/libXcursor.so.1.0.2
7ff4a344d000-7ff4a344e000 r--p 00009000 08:03 11306                      /usr/lib/x86_64-linux-gnu/libXcursor.so.1.0.2
7ff4a344e000-7ff4a344f000 rw-p 0000a000 08:03 11306                      /usr/lib/x86_64-linux-gnu/libXcursor.so.1.0.2
7ff4a344f000-7ff4a3452000 ---p 00000000 00:00 0 
7ff4a3452000-7ff4a3550000 rw-p 00000000 00:00 0 
7ff4a3550000-7ff4a3566000 r-xp 00000000 08:03 151199                     /lib/x86_64-linux-gnu/libgcc_s.so.1
7ff4a3566000-7ff4a3765000 ---p 00016000 08:03 151199                     /lib/x86_64-linux-gnu/libgcc_s.so.1
7ff4a3765000-7ff4a3766000 r--p 00015000 08:03 151199                     /lib/x86_64-linux-gnu/libgcc_s.so.1
7ff4a3766000-7ff4a3767000 rw-p 00016000 08:03 151199                     /lib/x86_64-linux-gnu/libgcc_s.so.1
7ff4a3767000-7ff4a37cc000 r-xp 00000000 08:06 139791                     /home/stark28/Programas/jdk1.8.0_101/jre/lib/amd64/libfontmanager.so
7ff4a37cc000-7ff4a39cb000 ---p 00065000 08:06 139791                     /home/stark28/Programas/jdk1.8.0_101/jre/lib/amd64/libfontmanager.so
7ff4a39cb000-7ff4a39d0000 rw-p 00064000 08:06 139791                     /home/stark28/Programas/jdk1.8.0_101/jre/lib/amd64/libfontmanager.so
7ff4a39d0000-7ff4a39e0000 rw-p 00000000 00:00 0 
7ff4a39e0000-7ff4a39f3000 r-xp 00000000 08:03 130464                     /lib/x86_64-linux-gnu/libbsd.so.0.8.3
7ff4a39f3000-7ff4a3bf3000 ---p 00013000 08:03 130464                     /lib/x86_64-linux-gnu/libbsd.so.0.8.3
7ff4a3bf3000-7ff4a3bf4000 r--p 00013000 08:03 130464                     /lib/x86_64-linux-gnu/libbsd.so.0.8.3
7ff4a3bf4000-7ff4a3bf5000 rw-p 00014000 08:03 130464                     /lib/x86_64-linux-gnu/libbsd.so.0.8.3
7ff4a3bf5000-7ff4a3bf6000 rw-p 00000000 00:00 0 
7ff4a3bf6000-7ff4a3bfb000 r-xp 00000000 08:03 3757                       /usr/lib/x86_64-linux-gnu/libXdmcp.so.6.0.0
7ff4a3bfb000-7ff4a3dfa000 ---p 00005000 08:03 3757                       /usr/lib/x86_64-linux-gnu/libXdmcp.so.6.0.0
7ff4a3dfa000-7ff4a3dfb000 r--p 00004000 08:03 3757                       /usr/lib/x86_64-linux-gnu/libXdmcp.so.6.0.0
7ff4a3dfb000-7ff4a3dfc000 rw-p 00005000 08:03 3757                       /usr/lib/x86_64-linux-gnu/libXdmcp.so.6.0.0
7ff4a3dfc000-7ff4a3dff000 r-xp 00000000 08:03 8319                       /usr/lib/x86_64-linux-gnu/libXau.so.6.0.0
7ff4a3dff000-7ff4a3ffe000 ---p 00003000 08:03 8319                       /usr/lib/x86_64-linux-gnu/libXau.so.6.0.0
7ff4a3ffe000-7ff4a3fff000 r--p 00002000 08:03 8319                       /usr/lib/x86_64-linux-gnu/libXau.so.6.0.0
7ff4a3fff000-7ff4a4000000 rw-p 00003000 08:03 8319                       /usr/lib/x86_64-linux-gnu/libXau.so.6.0.0
7ff4a4000000-7ff4a4021000 rw-p 00000000 00:00 0 
7ff4a4021000-7ff4a8000000 ---p 00000000 00:00 0 
7ff4a8000000-7ff4a8002000 r--s 00000000 08:03 400197                     /var/cache/fontconfig/a0107c79d978dfcc5e42cb1335b71036-le64.cache-4
7ff4a8002000-7ff4a8004000 r--s 00000000 08:03 392427                     /var/cache/fontconfig/4b14b093aebc79c320de5e86ae1d3314-le64.cache-4
7ff4a8004000-7ff4a8012000 r--s 00000000 08:03 394501                     /var/cache/fontconfig/e13b20fdb08344e0e664864cc2ede53d-le64.cache-4
7ff4a8012000-7ff4a8030000 r--s 00000000 08:03 406113                     /var/cache/fontconfig/467c019e582ee353435ea5c21d137ef6-le64.cache-4
7ff4a8030000-7ff4a8037000 r--s 00000000 08:03 41476                      /usr/lib/x86_64-linux-gnu/gconv/gconv-modules.cache
7ff4a8037000-7ff4a805e000 r-xp 00000000 08:03 8774                       /usr/lib/x86_64-linux-gnu/libxcb.so.1.1.0
7ff4a805e000-7ff4a825d000 ---p 00027000 08:03 8774                       /usr/lib/x86_64-linux-gnu/libxcb.so.1.1.0
7ff4a825d000-7ff4a825e000 r--p 00026000 08:03 8774                       /usr/lib/x86_64-linux-gnu/libxcb.so.1.1.0
7ff4a825e000-7ff4a825f000 rw-p 00027000 08:03 8774                       /usr/lib/x86_64-linux-gnu/libxcb.so.1.1.0
7ff4a825f000-7ff4a826e000 r-xp 00000000 08:03 11308                      /usr/lib/x86_64-linux-gnu/libXi.so.6.1.0
7ff4a826e000-7ff4a846d000 ---p 0000f000 08:03 11308                      /usr/lib/x86_64-linux-gnu/libXi.so.6.1.0
7ff4a846d000-7ff4a846e000 r--p 0000e000 08:03 11308                      /usr/lib/x86_64-linux-gnu/libXi.so.6.1.0
7ff4a846e000-7ff4a846f000 rw-p 0000f000 08:03 11308                      /usr/lib/x86_64-linux-gnu/libXi.so.6.1.0
7ff4a846f000-7ff4a8474000 r-xp 00000000 08:03 24510                      /usr/lib/x86_64-linux-gnu/libXtst.so.6.1.0
7ff4a8474000-7ff4a8673000 ---p 00005000 08:03 24510                      /usr/lib/x86_64-linux-gnu/libXtst.so.6.1.0
7ff4a8673000-7ff4a8674000 r--p 00004000 08:03 24510                      /usr/lib/x86_64-linux-gnu/libXtst.so.6.1.0
7ff4a8674000-7ff4a8675000 rw-p 00005000 08:03 24510                      /usr/lib/x86_64-linux-gnu/libXtst.so.6.1.0
7ff4a8675000-7ff4a867e000 r-xp 00000000 08:03 8157                       /usr/lib/x86_64-linux-gnu/libXrender.so.1.3.0
7ff4a867e000-7ff4a887d000 ---p 00009000 08:03 8157                       /usr/lib/x86_64-linux-gnu/libXrender.so.1.3.0
7ff4a887d000-7ff4a887e000 r--p 00008000 08:03 8157                       /usr/lib/x86_64-linux-gnu/libXrender.so.1.3.0
7ff4a887e000-7ff4a887f000 rw-p 00009000 08:03 8157                       /usr/lib/x86_64-linux-gnu/libXrender.so.1.3.0
7ff4a887f000-7ff4a89b9000 r-xp 00000000 08:03 8788                       /usr/lib/x86_64-linux-gnu/libX11.so.6.3.0
7ff4a89b9000-7ff4a8bb9000 ---p 0013a000 08:03 8788                       /usr/lib/x86_64-linux-gnu/libX11.so.6.3.0
7ff4a8bb9000-7ff4a8bba000 r--p 0013a000 08:03 8788                       /usr/lib/x86_64-linux-gnu/libX11.so.6.3.0
7ff4a8bba000-7ff4a8bbf000 rw-p 0013b000 08:03 8788                       /usr/lib/x86_64-linux-gnu/libX11.so.6.3.0
7ff4a8bbf000-7ff4a8bd0000 r-xp 00000000 08:03 14600                      /usr/lib/x86_64-linux-gnu/libXext.so.6.4.0
7ff4a8bd0000-7ff4a8dcf000 ---p 00011000 08:03 14600                      /usr/lib/x86_64-linux-gnu/libXext.so.6.4.0
7ff4a8dcf000-7ff4a8dd0000 r--p 00010000 08:03 14600                      /usr/lib/x86_64-linux-gnu/libXext.so.6.4.0
7ff4a8dd0000-7ff4a8dd1000 rw-p 00011000 08:03 14600                      /usr/lib/x86_64-linux-gnu/libXext.so.6.4.0
7ff4a8dd1000-7ff4a8dd3000 r--s 00000000 08:03 400195                     /var/cache/fontconfig/7ef2298fde41cc6eeb7af42e48b7d293-le64.cache-4
7ff4a8dd3000-7ff4a8dd5000 r--s 00000000 08:03 394499                     /var/cache/fontconfig/452f1fac34b224105d7acfae3034bcd5-le64.cache-4
7ff4a8dd5000-7ff4a8dd6000 r--s 00000000 08:03 406116                     /var/cache/fontconfig/e0aa53bcfa504e64f87823c16bc01eb6-le64.cache-4
7ff4a8dd6000-7ff4a8dfc000 r--p 00000000 08:03 8174                       /usr/share/locale/es/LC_MESSAGES/libc.mo
7ff4a8dfc000-7ff4a8e50000 r-xp 00000000 08:06 139846                     /home/stark28/Programas/jdk1.8.0_101/jre/lib/amd64/libawt_xawt.so
7ff4a8e50000-7ff4a9050000 ---p 00054000 08:06 139846                     /home/stark28/Programas/jdk1.8.0_101/jre/lib/amd64/libawt_xawt.so
7ff4a9050000-7ff4a9054000 rw-p 00054000 08:06 139846                     /home/stark28/Programas/jdk1.8.0_101/jre/lib/amd64/libawt_xawt.so
7ff4a9054000-7ff4a9055000 rw-p 00000000 00:00 0 
7ff4a9055000-7ff4a90f7000 r-xp 00000000 08:06 139950                     /home/stark28/Programas/jdk1.8.0_101/jre/lib/amd64/libawt.so
7ff4a90f7000-7ff4a92f7000 ---p 000a2000 08:06 139950                     /home/stark28/Programas/jdk1.8.0_101/jre/lib/amd64/libawt.so
7ff4a92f7000-7ff4a9303000 rw-p 000a2000 08:06 139950                     /home/stark28/Programas/jdk1.8.0_101/jre/lib/amd64/libawt.so
7ff4a9303000-7ff4a9327000 rw-p 00000000 00:00 0 
7ff4a9327000-7ff4a932c000 r--s 002f9000 08:06 139995                     /home/stark28/Programas/jdk1.8.0_101/jre/lib/charsets.jar
7ff4a932c000-7ff4a9339000 r--s 0131e000 08:06 151486                     /home/stark28/librerias para desarrollo/javacv-bin/opencv-ios-x86_64.jar
7ff4a9339000-7ff4a9346000 r--s 0116e000 08:06 151508                     /home/stark28/librerias para desarrollo/javacv-bin/opencv-ios-arm64.jar
7ff4a9346000-7ff4a9351000 r--s 0172e000 08:06 151543                     /home/stark28/librerias para desarrollo/javacv-bin/opencv-android-x86_64.jar
7ff4a9351000-7ff4a935b000 r--s 0175a000 08:06 151456                     /home/stark28/librerias para desarrollo/javacv-bin/opencv-android-x86.jar
7ff4a935b000-7ff4a9366000 r--s 0155f000 08:06 151498                     /home/stark28/librerias para desarrollo/javacv-bin/opencv-android-arm64.jar
7ff4a9366000-7ff4a9372000 r--s 01285000 08:06 151471                     /home/stark28/librerias para desarrollo/javacv-bin/opencv-android-arm.jar
7ff4a9372000-7ff4a9374000 r--s 000ec000 08:06 151504                     /home/stark28/librerias para desarrollo/javacv-bin/libfreenect2-windows-x86_64.jar
7ff4a9374000-7ff4a9375000 r--s 0005b000 08:06 151473                     /home/stark28/librerias para desarrollo/javacv-bin/libfreenect2-macosx-x86_64.jar
7ff4a9375000-7ff4a9376000 r--s 0001c000 08:06 151445                     /home/stark28/librerias para desarrollo/javacv-bin/videoinput-windows-x86_64.jar
7ff4a9376000-7ff4a9378000 r--s 00017000 08:06 151481                     /home/stark28/librerias para desarrollo/javacv-bin/videoinput-windows-x86.jar
7ff4a9378000-7ff4a9379000 r--s 00000000 08:06 151530                     /home/stark28/librerias para desarrollo/javacv-bin/videoinput-platform.jar
7ff4a9379000-7ff4a937b000 r--s 000e0000 08:06 151444                     /home/stark28/librerias para desarrollo/javacv-bin/librealsense-windows-x86_64.jar
7ff4a937b000-7ff4a937d000 r--s 000bb000 08:06 151527                     /home/stark28/librerias para desarrollo/javacv-bin/librealsense-windows-x86.jar
7ff4a937d000-7ff4a937e000 r--s 0007b000 08:06 151511                     /home/stark28/librerias para desarrollo/javacv-bin/librealsense-macosx-x86_64.jar
7ff4a937e000-7ff4a937f000 r--s 00073000 08:06 151475                     /home/stark28/librerias para desarrollo/javacv-bin/librealsense-linux-x86_64.jar
7ff4a937f000-7ff4a9380000 r--s 00071000 08:06 151542                     /home/stark28/librerias para desarrollo/javacv-bin/librealsense-linux-x86.jar
7ff4a9380000-7ff4a9381000 r--s 00000000 08:06 151529                     /home/stark28/librerias para desarrollo/javacv-bin/librealsense-platform.jar
7ff4a9381000-7ff4a9382000 r--s 00081000 08:06 151515                     /home/stark28/librerias para desarrollo/javacv-bin/libfreenect2-linux-x86_64.jar
7ff4a9382000-7ff4a9383000 r--s 0007b000 08:06 151528                     /home/stark28/librerias para desarrollo/javacv-bin/libfreenect2-linux-x86.jar
7ff4a9383000-7ff4a9384000 r--s 00000000 08:06 151483                     /home/stark28/librerias para desarrollo/javacv-bin/libfreenect2-platform.jar
7ff4a9384000-7ff4a9385000 r--s 00033000 08:06 151474                     /home/stark28/librerias para desarrollo/javacv-bin/libfreenect-windows-x86_64.jar
7ff4a9385000-7ff4a9386000 r--s 0002b000 08:06 151469                     /home/stark28/librerias para desarrollo/javacv-bin/libfreenect-windows-x86.jar
7ff4a9386000-7ff4a9387000 r--s 0001a000 08:06 151442                     /home/stark28/librerias para desarrollo/javacv-bin/libfreenect-macosx-x86_64.jar
7ff4a9387000-7ff4a9389000 r--s 00037000 08:06 151460                     /home/stark28/librerias para desarrollo/javacv-bin/libfreenect-linux-ppc64le.jar
7ff4a9389000-7ff4a938a000 r--s 0001b000 08:06 151464                     /home/stark28/librerias para desarrollo/javacv-bin/libfreenect-linux-armhf.jar
7ff4a938a000-7ff4a938c000 r--s 00031000 08:06 151480                     /home/stark28/librerias para desarrollo/javacv-bin/libfreenect-linux-x86_64.jar
7ff4a938c000-7ff4a938d000 r--s 0002f000 08:06 151448                     /home/stark28/librerias para desarrollo/javacv-bin/libfreenect-linux-x86.jar
7ff4a938d000-7ff4a938e000 r--s 00000000 08:06 151510                     /home/stark28/librerias para desarrollo/javacv-bin/libfreenect-platform.jar
7ff4a938e000-7ff4a938f000 r--s 0002c000 08:06 151450                     /home/stark28/librerias para desarrollo/javacv-bin/libdc1394-windows-x86_64.jar
7ff4a938f000-7ff4a9390000 r--s 00030000 08:06 151454                     /home/stark28/librerias para desarrollo/javacv-bin/libdc1394-windows-x86.jar
7ff4a9390000-7ff4a9391000 r--s 0002d000 08:06 151493                     /home/stark28/librerias para desarrollo/javacv-bin/libdc1394-macosx-x86_64.jar
7ff4a9391000-7ff4a9393000 r--s 00025000 08:06 151537                     /home/stark28/librerias para desarrollo/javacv-bin/libdc1394-linux-ppc64le.jar
7ff4a9393000-7ff4a9394000 r--s 00020000 08:06 151452                     /home/stark28/librerias para desarrollo/javacv-bin/libdc1394-linux-armhf.jar
7ff4a9394000-7ff4a9395000 r--s 00027000 08:06 151465                     /home/stark28/librerias para desarrollo/javacv-bin/libdc1394-linux-x86_64.jar
7ff4a9395000-7ff4a9396000 r--s 00024000 08:06 151501                     /home/stark28/librerias para desarrollo/javacv-bin/libdc1394-linux-x86.jar
7ff4a9396000-7ff4a9397000 r--s 00000000 08:06 151440                     /home/stark28/librerias para desarrollo/javacv-bin/libdc1394-platform.jar
7ff4a9397000-7ff4a93a6000 r--s 013df000 08:06 151484                     /home/stark28/librerias para desarrollo/javacv-bin/opencv-windows-x86_64.jar
7ff4a93a6000-7ff4a93b4000 r--s 01109000 08:06 151536                     /home/stark28/librerias para desarrollo/javacv-bin/opencv-windows-x86.jar
7ff4a93b4000-7ff4a93c2000 r--s 01177000 08:06 151488                     /home/stark28/librerias para desarrollo/javacv-bin/opencv-macosx-x86_64.jar
7ff4a93c2000-7ff4a93cf000 r--s 0125a000 08:06 151534                     /home/stark28/librerias para desarrollo/javacv-bin/opencv-linux-ppc64le.jar
7ff4a93cf000-7ff4a93dc000 r--s 0107a000 08:06 151496                     /home/stark28/librerias para desarrollo/javacv-bin/opencv-linux-armhf.jar
7ff4a93dc000-7ff4a93ea000 r--s 01084000 08:06 151478                     /home/stark28/librerias para desarrollo/javacv-bin/opencv-linux-x86_64.jar
7ff4a93ea000-7ff4a9408000 r--s 0014a000 08:06 151505                     /home/stark28/librerias para desarrollo/javacv-bin/opencv.jar
7ff4a9408000-7ff4a9409000 ---p 00000000 00:00 0 
7ff4a9409000-7ff4a9509000 rw-p 00000000 00:00 0 
7ff4a9509000-7ff4a950c000 ---p 00000000 00:00 0 
7ff4a950c000-7ff4a960a000 rw-p 00000000 00:00 0 
7ff4a960a000-7ff4a960d000 ---p 00000000 00:00 0 
7ff4a960d000-7ff4a970b000 rw-p 00000000 00:00 0 
7ff4a970b000-7ff4a970e000 ---p 00000000 00:00 0 
7ff4a970e000-7ff4a980c000 rw-p 00000000 00:00 0 
7ff4a980c000-7ff4a980f000 ---p 00000000 00:00 0 
7ff4a980f000-7ff4a990d000 rw-p 00000000 00:00 0 
7ff4a990d000-7ff4a9910000 ---p 00000000 00:00 0 
7ff4a9910000-7ff4a9a0e000 rw-p 00000000 00:00 0 
7ff4a9a0e000-7ff4a9a11000 ---p 00000000 00:00 0 
7ff4a9a11000-7ff4a9b0f000 rw-p 00000000 00:00 0 
7ff4a9b0f000-7ff4a9b12000 ---p 00000000 00:00 0 
7ff4a9b12000-7ff4a9c10000 rw-p 00000000 00:00 0 
7ff4a9c10000-7ff4a9c14000 r-xp 00000000 08:06 139818                     /home/stark28/Programas/jdk1.8.0_101/jre/lib/amd64/libdt_socket.so
7ff4a9c14000-7ff4a9e13000 ---p 00004000 08:06 139818                     /home/stark28/Programas/jdk1.8.0_101/jre/lib/amd64/libdt_socket.so
7ff4a9e13000-7ff4a9e14000 rw-p 00003000 08:06 139818                     /home/stark28/Programas/jdk1.8.0_101/jre/lib/amd64/libdt_socket.so
7ff4a9e14000-7ff4a9e17000 ---p 00000000 00:00 0 
7ff4a9e17000-7ff4a9f15000 rw-p 00000000 00:00 0 
7ff4a9f15000-7ff4a9f18000 ---p 00000000 00:00 0 
7ff4a9f18000-7ff4aa016000 rw-p 00000000 00:00 0 
7ff4aa016000-7ff4aa019000 ---p 00000000 00:00 0 
7ff4aa019000-7ff4aa117000 rw-p 00000000 00:00 0 
7ff4aa117000-7ff4aa118000 ---p 00000000 00:00 0 
7ff4aa118000-7ff4aaa20000 rw-p 00000000 00:00 0 
7ff4aaa20000-7ff4ac000000 rw-p 00000000 00:00 0 
7ff4ac000000-7ff4ac021000 rw-p 00000000 00:00 0 
7ff4ac021000-7ff4b0000000 ---p 00000000 00:00 0 
7ff4b0000000-7ff4b000d000 r--s 0104b000 08:06 151503                     /home/stark28/librerias para desarrollo/javacv-bin/opencv-linux-x86.jar
7ff4b000d000-7ff4b000e000 r--s 00000000 08:06 151447                     /home/stark28/librerias para desarrollo/javacv-bin/opencv-platform.jar
7ff4b000e000-7ff4b0010000 r--s 00003000 08:06 151461                     /home/stark28/librerias para desarrollo/javacv-bin/videoinput.jar
7ff4b0010000-7ff4b0013000 r--s 0000a000 08:06 151517                     /home/stark28/librerias para desarrollo/javacv-bin/librealsense.jar
7ff4b0013000-7ff4b0014000 r--s 00005000 08:06 151470                     /home/stark28/librerias para desarrollo/javacv-bin/libfreenect2.jar
7ff4b0014000-7ff4b0016000 r--s 00004000 08:06 151489                     /home/stark28/librerias para desarrollo/javacv-bin/libfreenect.jar
7ff4b0016000-7ff4b0018000 r--s 00006000 08:06 151532                     /home/stark28/librerias para desarrollo/javacv-bin/libdc1394.jar
7ff4b0018000-7ff4b001d000 r--s 0005c000 08:06 151520                     /home/stark28/librerias para desarrollo/javacv-bin/javacv.jar
7ff4b001d000-7ff4b001e000 r--s 00000000 08:06 151459                     /home/stark28/librerias para desarrollo/javacv-bin/javacv-platform.jar
7ff4b001e000-7ff4b001f000 r--s 00034000 08:06 151535                     /home/stark28/librerias para desarrollo/javacv-bin/flycapture-windows-x86_64.jar
7ff4b001f000-7ff4b0020000 r--s 00028000 08:06 151490                     /home/stark28/librerias para desarrollo/javacv-bin/flycapture-windows-x86.jar
7ff4b0020000-7ff4b0024000 r--s 0001d000 08:06 151476                     /home/stark28/librerias para desarrollo/javacv-bin/flycapture.jar
7ff4b0024000-7ff4b0025000 r--s 00000000 08:06 151482                     /home/stark28/librerias para desarrollo/javacv-bin/flycapture-platform.jar
7ff4b0025000-7ff4b0027000 r--s 00042000 08:06 151525                     /home/stark28/librerias para desarrollo/javacv-bin/flycapture-linux-x86_64.jar
7ff4b0027000-7ff4b0028000 r--s 0003d000 08:06 151492                     /home/stark28/librerias para desarrollo/javacv-bin/flycapture-linux-x86.jar
7ff4b0028000-7ff4b0029000 r--s 00032000 08:06 151453                     /home/stark28/librerias para desarrollo/javacv-bin/flycapture-linux-armhf.jar
7ff4b0029000-7ff4b002a000 r--s 0000a000 08:06 151451                     /home/stark28/librerias para desarrollo/javacv-bin/flandmark-windows-x86_64.jar
7ff4b002a000-7ff4b002b000 r--s 00008000 08:06 151466                     /home/stark28/librerias para desarrollo/javacv-bin/flandmark-windows-x86.jar
7ff4b002b000-7ff4b002c000 r--s 00002000 08:06 151521                     /home/stark28/librerias para desarrollo/javacv-bin/flandmark.jar
7ff4b002c000-7ff4b002d000 r--s 00000000 08:06 151507                     /home/stark28/librerias para desarrollo/javacv-bin/flandmark-platform.jar
7ff4b002d000-7ff4b002f000 r--s 0000a000 08:06 151514                     /home/stark28/librerias para desarrollo/javacv-bin/flandmark-macosx-x86_64.jar
7ff4b002f000-7ff4b0031000 r--s 0000a000 08:06 151463                     /home/stark28/librerias para desarrollo/javacv-bin/flandmark-linux-x86_64.jar
7ff4b0031000-7ff4b0033000 r--s 0000a000 08:06 151526                     /home/stark28/librerias para desarrollo/javacv-bin/flandmark-linux-x86.jar
7ff4b0033000-7ff4b0035000 r--s 0000b000 08:06 151524                     /home/stark28/librerias para desarrollo/javacv-bin/flandmark-linux-ppc64le.jar
7ff4b0035000-7ff4b0036000 r--s 00009000 08:06 151539                     /home/stark28/librerias para desarrollo/javacv-bin/flandmark-linux-armhf.jar
7ff4b0036000-7ff4b0038000 r--s 0000a000 08:06 151497                     /home/stark28/librerias para desarrollo/javacv-bin/flandmark-android-x86_64.jar
7ff4b0038000-7ff4b0039000 r--s 0000b000 08:06 151491                     /home/stark28/librerias para desarrollo/javacv-bin/flandmark-android-x86.jar
7ff4b0039000-7ff4b003a000 r--s 0000a000 08:06 151531                     /home/stark28/librerias para desarrollo/javacv-bin/flandmark-android-arm64.jar
7ff4b003a000-7ff4b003b000 r--s 00009000 08:06 151519                     /home/stark28/librerias para desarrollo/javacv-bin/flandmark-android-arm.jar
7ff4b003b000-7ff4b003d000 r--s 00d80000 08:06 151487                     /home/stark28/librerias para desarrollo/javacv-bin/ffmpeg-windows-x86_64.jar
7ff4b003d000-7ff4b003e000 r--s 00d17000 08:06 151516                     /home/stark28/librerias para desarrollo/javacv-bin/ffmpeg-windows-x86.jar
7ff4b003e000-7ff4b0045000 r--s 00035000 08:06 151441                     /home/stark28/librerias para desarrollo/javacv-bin/ffmpeg.jar
7ff4b0045000-7ff4b0046000 r--s 00000000 08:06 151518                     /home/stark28/librerias para desarrollo/javacv-bin/ffmpeg-platform.jar
7ff4b0046000-7ff4b0048000 r--s 00bf4000 08:06 151494                     /home/stark28/librerias para desarrollo/javacv-bin/ffmpeg-macosx-x86_64.jar
7ff4b0048000-7ff4b0049000 r--s 00ca2000 08:06 151506                     /home/stark28/librerias para desarrollo/javacv-bin/ffmpeg-linux-x86_64.jar
7ff4b0049000-7ff4b004b000 r--s 00be1000 08:06 151502                     /home/stark28/librerias para desarrollo/javacv-bin/ffmpeg-linux-x86.jar
7ff4b004b000-7ff4b004c000 r--s 00d9c000 08:06 151455                     /home/stark28/librerias para desarrollo/javacv-bin/ffmpeg-linux-ppc64le.jar
7ff4b004c000-7ff4b004d000 r--s 00b29000 08:06 151512                     /home/stark28/librerias para desarrollo/javacv-bin/ffmpeg-linux-armhf.jar
7ff4b004d000-7ff4b004e000 r--s 00c14000 08:06 151522                     /home/stark28/librerias para desarrollo/javacv-bin/ffmpeg-android-x86_64.jar
7ff4b004e000-7ff4b0050000 r--s 00c41000 08:06 151533                     /home/stark28/librerias para desarrollo/javacv-bin/ffmpeg-android-x86.jar
7ff4b0050000-7ff4b0051000 r--s 00c9f000 08:06 151462                     /home/stark28/librerias para desarrollo/javacv-bin/ffmpeg-android-arm64.jar
7ff4b0051000-7ff4b0053000 r--s 00c47000 08:06 151523                     /home/stark28/librerias para desarrollo/javacv-bin/ffmpeg-android-arm.jar
7ff4b0053000-7ff4b0068000 r--s 000ef000 08:06 132728                     /home/stark28/librerias para desarrollo/mongo/mongodb-driver-core-3.4.3.jar
7ff4b0068000-7ff4b0800000 rw-p 00000000 00:00 0 
7ff4b0800000-7ff4b1000000 rw-p 00000000 00:00 0 
7ff4b1000000-7ff4b14e0000 rwxp 00000000 00:00 0 
7ff4b14e0000-7ff4c0000000 ---p 00000000 00:00 0 
7ff4c0000000-7ff4c0823000 rw-p 00000000 00:00 0 
7ff4c0823000-7ff4c4000000 ---p 00000000 00:00 0 
7ff4c4000000-7ff4c4001000 r--s 00027000 08:06 151449                     /home/stark28/librerias para desarrollo/javacv-bin/artoolkitplus-windows-x86_64.jar
7ff4c4001000-7ff4c401f000 r--s 0017b000 08:06 132726                     /home/stark28/librerias para desarrollo/mongo/mongo-java-driver-3.4.3.jar
7ff4c401f000-7ff4c4040000 rw-p 00000000 00:00 0 
7ff4c4040000-7ff4c4219000 r--s 03d29000 08:06 140096                     /home/stark28/Programas/jdk1.8.0_101/jre/lib/rt.jar
7ff4c4219000-7ff4c428f000 rw-p 00000000 00:00 0 
7ff4c428f000-7ff4c43ed000 rw-p 00000000 00:00 0 
7ff4c43ed000-7ff4c43ee000 ---p 00000000 00:00 0 
7ff4c43ee000-7ff4c44ee000 rw-p 00000000 00:00 0 
7ff4c44ee000-7ff4c44ef000 ---p 00000000 00:00 0 
7ff4c44ef000-7ff4c45ef000 rw-p 00000000 00:00 0 
7ff4c45ef000-7ff4c45f0000 ---p 00000000 00:00 0 
7ff4c45f0000-7ff4c46f0000 rw-p 00000000 00:00 0 
7ff4c46f0000-7ff4c46f1000 ---p 00000000 00:00 0 
7ff4c46f1000-7ff4c47f1000 rw-p 00000000 00:00 0 
7ff4c47f1000-7ff4c4800000 rw-p 00000000 00:00 0 
7ff4c4800000-7ff4c48db000 ---p 00000000 00:00 0 
7ff4c48db000-7ff4c48ea000 rw-p 00000000 00:00 0 
7ff4c48ea000-7ff4c49c4000 ---p 00000000 00:00 0 
7ff4c49c4000-7ff4c49cc000 rw-p 00000000 00:00 0 
7ff4c49cc000-7ff4c4a39000 ---p 00000000 00:00 0 
7ff4c4a39000-7ff4c4a4e000 rw-p 00000000 00:00 0 
7ff4c4a4e000-7ff4c4dfa000 ---p 00000000 00:00 0 
7ff4c4dfa000-7ff4c4e14000 r-xp 00000000 08:06 139946                     /home/stark28/Programas/jdk1.8.0_101/jre/lib/amd64/libzip.so
7ff4c4e14000-7ff4c5014000 ---p 0001a000 08:06 139946                     /home/stark28/Programas/jdk1.8.0_101/jre/lib/amd64/libzip.so
7ff4c5014000-7ff4c5015000 rw-p 0001a000 08:06 139946                     /home/stark28/Programas/jdk1.8.0_101/jre/lib/amd64/libzip.so
7ff4c5015000-7ff4c501f000 r-xp 00000000 08:03 155479                     /lib/x86_64-linux-gnu/libnss_files-2.24.so
7ff4c501f000-7ff4c521f000 ---p 0000a000 08:03 155479                     /lib/x86_64-linux-gnu/libnss_files-2.24.so
7ff4c521f000-7ff4c5220000 r--p 0000a000 08:03 155479                     /lib/x86_64-linux-gnu/libnss_files-2.24.so
7ff4c5220000-7ff4c5221000 rw-p 0000b000 08:03 155479                     /lib/x86_64-linux-gnu/libnss_files-2.24.so
7ff4c5221000-7ff4c5227000 rw-p 00000000 00:00 0 
7ff4c5227000-7ff4c5232000 r-xp 00000000 08:03 155481                     /lib/x86_64-linux-gnu/libnss_nis-2.24.so
7ff4c5232000-7ff4c5431000 ---p 0000b000 08:03 155481                     /lib/x86_64-linux-gnu/libnss_nis-2.24.so
7ff4c5431000-7ff4c5432000 r--p 0000a000 08:03 155481                     /lib/x86_64-linux-gnu/libnss_nis-2.24.so
7ff4c5432000-7ff4c5433000 rw-p 0000b000 08:03 155481                     /lib/x86_64-linux-gnu/libnss_nis-2.24.so
7ff4c5433000-7ff4c5447000 r-xp 00000000 08:03 155476                     /lib/x86_64-linux-gnu/libnsl-2.24.so
7ff4c5447000-7ff4c5647000 ---p 00014000 08:03 155476                     /lib/x86_64-linux-gnu/libnsl-2.24.so
7ff4c5647000-7ff4c5648000 r--p 00014000 08:03 155476                     /lib/x86_64-linux-gnu/libnsl-2.24.so
7ff4c5648000-7ff4c5649000 rw-p 00015000 08:03 155476                     /lib/x86_64-linux-gnu/libnsl-2.24.so
7ff4c5649000-7ff4c564b000 rw-p 00000000 00:00 0 
7ff4c564b000-7ff4c5652000 r-xp 00000000 08:03 155477                     /lib/x86_64-linux-gnu/libnss_compat-2.24.so
7ff4c5652000-7ff4c5851000 ---p 00007000 08:03 155477                     /lib/x86_64-linux-gnu/libnss_compat-2.24.so
7ff4c5851000-7ff4c5852000 r--p 00006000 08:03 155477                     /lib/x86_64-linux-gnu/libnss_compat-2.24.so
7ff4c5852000-7ff4c5853000 rw-p 00007000 08:03 155477                     /lib/x86_64-linux-gnu/libnss_compat-2.24.so
7ff4c5853000-7ff4c59ee000 r--p 00000000 08:03 15929                      /usr/lib/locale/locale-archive
7ff4c59ee000-7ff4c59f0000 r-xp 00000000 08:06 139944                     /home/stark28/Programas/jdk1.8.0_101/jre/lib/amd64/libnpt.so
7ff4c59f0000-7ff4c5bf0000 ---p 00002000 08:06 139944                     /home/stark28/Programas/jdk1.8.0_101/jre/lib/amd64/libnpt.so
7ff4c5bf0000-7ff4c5bf1000 rw-p 00002000 08:06 139944                     /home/stark28/Programas/jdk1.8.0_101/jre/lib/amd64/libnpt.so
7ff4c5bf1000-7ff4c5c2a000 r-xp 00000000 08:06 139917                     /home/stark28/Programas/jdk1.8.0_101/jre/lib/amd64/libjdwp.so
7ff4c5c2a000-7ff4c5e29000 ---p 00039000 08:06 139917                     /home/stark28/Programas/jdk1.8.0_101/jre/lib/amd64/libjdwp.so
7ff4c5e29000-7ff4c5e2b000 rw-p 00038000 08:06 139917                     /home/stark28/Programas/jdk1.8.0_101/jre/lib/amd64/libjdwp.so
7ff4c5e2b000-7ff4c5e55000 r-xp 00000000 08:06 139922                     /home/stark28/Programas/jdk1.8.0_101/jre/lib/amd64/libjava.so
7ff4c5e55000-7ff4c6055000 ---p 0002a000 08:06 139922                     /home/stark28/Programas/jdk1.8.0_101/jre/lib/amd64/libjava.so
7ff4c6055000-7ff4c6057000 rw-p 0002a000 08:06 139922                     /home/stark28/Programas/jdk1.8.0_101/jre/lib/amd64/libjava.so
7ff4c6057000-7ff4c6064000 r-xp 00000000 08:06 139887                     /home/stark28/Programas/jdk1.8.0_101/jre/lib/amd64/libverify.so
7ff4c6064000-7ff4c6264000 ---p 0000d000 08:06 139887                     /home/stark28/Programas/jdk1.8.0_101/jre/lib/amd64/libverify.so
7ff4c6264000-7ff4c6266000 rw-p 0000d000 08:06 139887                     /home/stark28/Programas/jdk1.8.0_101/jre/lib/amd64/libverify.so
7ff4c6266000-7ff4c626d000 r-xp 00000000 08:03 155486                     /lib/x86_64-linux-gnu/librt-2.24.so
7ff4c626d000-7ff4c646c000 ---p 00007000 08:03 155486                     /lib/x86_64-linux-gnu/librt-2.24.so
7ff4c646c000-7ff4c646d000 r--p 00006000 08:03 155486                     /lib/x86_64-linux-gnu/librt-2.24.so
7ff4c646d000-7ff4c646e000 rw-p 00007000 08:03 155486                     /lib/x86_64-linux-gnu/librt-2.24.so
7ff4c646e000-7ff4c6571000 r-xp 00000000 08:03 155473                     /lib/x86_64-linux-gnu/libm-2.24.so
7ff4c6571000-7ff4c6770000 ---p 00103000 08:03 155473                     /lib/x86_64-linux-gnu/libm-2.24.so
7ff4c6770000-7ff4c6771000 r--p 00102000 08:03 155473                     /lib/x86_64-linux-gnu/libm-2.24.so
7ff4c6771000-7ff4c6772000 rw-p 00103000 08:03 155473                     /lib/x86_64-linux-gnu/libm-2.24.so
7ff4c6772000-7ff4c743d000 r-xp 00000000 08:06 139804                     /home/stark28/Programas/jdk1.8.0_101/jre/lib/amd64/server/libjvm.so
7ff4c743d000-7ff4c763c000 ---p 00ccb000 08:06 139804                     /home/stark28/Programas/jdk1.8.0_101/jre/lib/amd64/server/libjvm.so
7ff4c763c000-7ff4c7715000 rw-p 00cca000 08:06 139804                     /home/stark28/Programas/jdk1.8.0_101/jre/lib/amd64/server/libjvm.so
7ff4c7715000-7ff4c7760000 rw-p 00000000 00:00 0 
7ff4c7760000-7ff4c78f5000 r-xp 00000000 08:03 155469                     /lib/x86_64-linux-gnu/libc-2.24.so
7ff4c78f5000-7ff4c7af5000 ---p 00195000 08:03 155469                     /lib/x86_64-linux-gnu/libc-2.24.so
7ff4c7af5000-7ff4c7af9000 r--p 00195000 08:03 155469                     /lib/x86_64-linux-gnu/libc-2.24.so
7ff4c7af9000-7ff4c7afb000 rw-p 00199000 08:03 155469                     /lib/x86_64-linux-gnu/libc-2.24.so
7ff4c7afb000-7ff4c7aff000 rw-p 00000000 00:00 0 
7ff4c7aff000-7ff4c7b02000 r-xp 00000000 08:03 155472                     /lib/x86_64-linux-gnu/libdl-2.24.so
7ff4c7b02000-7ff4c7d01000 ---p 00003000 08:03 155472                     /lib/x86_64-linux-gnu/libdl-2.24.so
7ff4c7d01000-7ff4c7d02000 r--p 00002000 08:03 155472                     /lib/x86_64-linux-gnu/libdl-2.24.so
7ff4c7d02000-7ff4c7d03000 rw-p 00003000 08:03 155472                     /lib/x86_64-linux-gnu/libdl-2.24.so
7ff4c7d03000-7ff4c7d18000 r-xp 00000000 08:06 139955                     /home/stark28/Programas/jdk1.8.0_101/lib/amd64/jli/libjli.so
7ff4c7d18000-7ff4c7f18000 ---p 00015000 08:06 139955                     /home/stark28/Programas/jdk1.8.0_101/lib/amd64/jli/libjli.so
7ff4c7f18000-7ff4c7f19000 rw-p 00015000 08:06 139955                     /home/stark28/Programas/jdk1.8.0_101/lib/amd64/jli/libjli.so
7ff4c7f19000-7ff4c7f31000 r-xp 00000000 08:03 155484                     /lib/x86_64-linux-gnu/libpthread-2.24.so
7ff4c7f31000-7ff4c8130000 ---p 00018000 08:03 155484                     /lib/x86_64-linux-gnu/libpthread-2.24.so
7ff4c8130000-7ff4c8131000 r--p 00017000 08:03 155484                     /lib/x86_64-linux-gnu/libpthread-2.24.so
7ff4c8131000-7ff4c8132000 rw-p 00018000 08:03 155484                     /lib/x86_64-linux-gnu/libpthread-2.24.so
7ff4c8132000-7ff4c8136000 rw-p 00000000 00:00 0 
7ff4c8136000-7ff4c8159000 r-xp 00000000 08:03 151562                     /lib/x86_64-linux-gnu/ld-2.24.so
7ff4c8159000-7ff4c815a000 r--s 0001f000 08:06 151446                     /home/stark28/librerias para desarrollo/javacv-bin/artoolkitplus-windows-x86.jar
7ff4c815a000-7ff4c815f000 r--s 00051000 08:06 151472                     /home/stark28/librerias para desarrollo/javacv-bin/javacpp.jar
7ff4c815f000-7ff4c8160000 r--s 00005000 08:06 151509                     /home/stark28/librerias para desarrollo/javacv-bin/artoolkitplus.jar
7ff4c8160000-7ff4c8161000 r--s 00000000 08:06 151477                     /home/stark28/librerias para desarrollo/javacv-bin/artoolkitplus-platform.jar
7ff4c8161000-7ff4c8162000 r--s 0002b000 08:06 151479                     /home/stark28/librerias para desarrollo/javacv-bin/artoolkitplus-macosx-x86_64.jar
7ff4c8162000-7ff4c8163000 r--s 0002b000 08:06 151540                     /home/stark28/librerias para desarrollo/javacv-bin/artoolkitplus-linux-x86_64.jar
7ff4c8163000-7ff4c8228000 rw-p 00000000 00:00 0 
7ff4c8228000-7ff4c822b000 ---p 00000000 00:00 0 
7ff4c822b000-7ff4c832b000 rw-p 00000000 00:00 0 
7ff4c832b000-7ff4c832d000 r--s 00027000 08:06 151443                     /home/stark28/librerias para desarrollo/javacv-bin/artoolkitplus-linux-x86.jar
7ff4c832d000-7ff4c832e000 r--s 00030000 08:06 151499                     /home/stark28/librerias para desarrollo/javacv-bin/artoolkitplus-linux-ppc64le.jar
7ff4c832e000-7ff4c832f000 r--s 00023000 08:06 151513                     /home/stark28/librerias para desarrollo/javacv-bin/artoolkitplus-linux-armhf.jar
7ff4c832f000-7ff4c8330000 r--s 00061000 08:06 151500                     /home/stark28/librerias para desarrollo/javacv-bin/artoolkitplus-android-x86_64.jar
7ff4c8330000-7ff4c8331000 r--s 00062000 08:06 151495                     /home/stark28/librerias para desarrollo/javacv-bin/artoolkitplus-android-x86.jar
7ff4c8331000-7ff4c8332000 r--s 0005c000 08:06 151538                     /home/stark28/librerias para desarrollo/javacv-bin/artoolkitplus-android-arm64.jar
7ff4c8332000-7ff4c8334000 r--s 0004c000 08:06 151437                     /home/stark28/librerias para desarrollo/javacv-bin/artoolkitplus-android-arm.jar
7ff4c8334000-7ff4c8338000 r--s 00027000 08:06 132660                     /home/stark28/librerias para desarrollo/mongo/mongodb-driver-async-3.4.3.jar
7ff4c8338000-7ff4c833e000 r--s 00054000 08:06 132693                     /home/stark28/librerias para desarrollo/mongo/mongodb-driver-3.4.3.jar
7ff4c833e000-7ff4c834c000 rw-p 00000000 00:00 0 
7ff4c834c000-7ff4c8354000 rw-s 00000000 08:03 1315214                    /tmp/hsperfdata_stark28/6818
7ff4c8354000-7ff4c8355000 rw-p 00000000 00:00 0 
7ff4c8355000-7ff4c8356000 r--p 00000000 00:00 0 
7ff4c8356000-7ff4c8359000 rw-p 00000000 00:00 0 
7ff4c8359000-7ff4c835a000 r--p 00023000 08:03 151562                     /lib/x86_64-linux-gnu/ld-2.24.so
7ff4c835a000-7ff4c835b000 rw-p 00024000 08:03 151562                     /lib/x86_64-linux-gnu/ld-2.24.so
7ff4c835b000-7ff4c835c000 rw-p 00000000 00:00 0 
7ffdc4c36000-7ffdc4c59000 rw-p 00000000 00:00 0                          [stack]
7ffdc4cab000-7ffdc4cad000 r--p 00000000 00:00 0                          [vvar]
7ffdc4cad000-7ffdc4caf000 r-xp 00000000 00:00 0                          [vdso]
ffffffffff600000-ffffffffff601000 r-xp 00000000 00:00 0                  [vsyscall]

VM Arguments:
jvm_args: -Xdebug -Xrunjdwp:transport=dt_socket,address=localhost:37739 -Dfile.encoding=UTF-8 -Djava.library.path=/home/stark28/librerias para desarrollo/opencv-3.4.1/java/x64 
java_command: Interfaz.principal
java_class_path (initial): /home/stark28/librerias para desarrollo/mongo/mongo-java-driver-3.4.3.jar:/home/stark28/librerias para desarrollo/mongo/mongodb-driver-3.4.3.jar:/home/stark28/librerias para desarrollo/mongo/mongodb-driver-async-3.4.3.jar:/home/stark28/librerias para desarrollo/mongo/mongodb-driver-core-3.4.3.jar:/home/stark28/librerias para desarrollo/javacv-bin/artoolkitplus-android-arm.jar:/home/stark28/librerias para desarrollo/javacv-bin/artoolkitplus-android-arm64.jar:/home/stark28/librerias para desarrollo/javacv-bin/artoolkitplus-android-x86.jar:/home/stark28/librerias para desarrollo/javacv-bin/artoolkitplus-android-x86_64.jar:/home/stark28/librerias para desarrollo/javacv-bin/artoolkitplus-linux-armhf.jar:/home/stark28/librerias para desarrollo/javacv-bin/artoolkitplus-linux-ppc64le.jar:/home/stark28/librerias para desarrollo/javacv-bin/artoolkitplus-linux-x86.jar:/home/stark28/librerias para desarrollo/javacv-bin/artoolkitplus-linux-x86_64.jar:/home/stark28/librerias para desarrollo/javacv-bin/artoolkitplus-macosx-x86_64.jar:/home/stark28/librerias para desarrollo/javacv-bin/artoolkitplus-platform.jar:/home/stark28/librerias para desarrollo/javacv-bin/artoolkitplus-windows-x86.jar:/home/stark28/librerias para desarrollo/javacv-bin/artoolkitplus-windows-x86_64.jar:/home/stark28/librerias para desarrollo/javacv-bin/artoolkitplus.jar:/home/stark28/librerias para desarrollo/javacv-bin/ffmpeg-android-arm.jar:/home/stark28/librerias para desarrollo/javacv-bin/ffmpeg-android-arm64.jar:/home/stark28/librerias para desarrollo/javacv-bin/ffmpeg-android-x86.jar:/home/stark28/librerias para desarrollo/javacv-bin/ffmpeg-android-x86_64.jar:/home/stark28/librerias para desarrollo/javacv-bin/ffmpeg-linux-armhf.jar:/home/stark28/librerias para desarrollo/javacv-bin/ffmpeg-linux-ppc64le.jar:/home/stark28/librerias para desarrollo/javacv-bin/ffmpeg-linux-x86.jar:/home/stark28/librerias para desarrollo/javacv-bin/ffmpeg-linux-x86_64.jar:/home/stark28/librerias pa
Launcher Type: SUN_STANDARD

Environment Variables:
PATH=/usr/local/bin:/usr/bin:/bin:/usr/local/games:/usr/games
LD_LIBRARY_PATH=/home/stark28/Programas/jdk1.8.0_101/jre/lib/amd64:/home/stark28/Programas/jdk1.8.0_101/jre/lib/i386:
SHELL=/bin/bash
DISPLAY=:0

Signal Handlers:
SIGSEGV: [libjvm.so+0xac4790], sa_mask[0]=11111111011111111101111111111110, sa_flags=SA_RESTART|SA_SIGINFO
SIGBUS: [libjvm.so+0xac4790], sa_mask[0]=11111111011111111101111111111110, sa_flags=SA_RESTART|SA_SIGINFO
SIGFPE: [libjvm.so+0x91f140], sa_mask[0]=11111111011111111101111111111110, sa_flags=SA_RESTART|SA_SIGINFO
SIGPIPE: [libjvm.so+0x91f140], sa_mask[0]=11111111011111111101111111111110, sa_flags=SA_RESTART|SA_SIGINFO
SIGXFSZ: [libjvm.so+0x91f140], sa_mask[0]=11111111011111111101111111111110, sa_flags=SA_RESTART|SA_SIGINFO
SIGILL: [libjvm.so+0x91f140], sa_mask[0]=11111111011111111101111111111110, sa_flags=SA_RESTART|SA_SIGINFO
SIGUSR1: SIG_DFL, sa_mask[0]=00000000000000000000000000000000, sa_flags=none
SIGUSR2: [libjvm.so+0x920770], sa_mask[0]=00100000000000000000000000000000, sa_flags=SA_RESTART|SA_SIGINFO
SIGHUP: [libjvm.so+0x921b70], sa_mask[0]=11111111011111111101111111111110, sa_flags=SA_RESTART|SA_SIGINFO
SIGINT: SIG_IGN, sa_mask[0]=00000000000000000000000000000000, sa_flags=none
SIGTERM: [libjvm.so+0x921b70], sa_mask[0]=11111111011111111101111111111110, sa_flags=SA_RESTART|SA_SIGINFO
SIGQUIT: [libjvm.so+0x921b70], sa_mask[0]=11111111011111111101111111111110, sa_flags=SA_RESTART|SA_SIGINFO


---------------  S Y S T E M  ---------------

OS:PRETTY_NAME="Debian GNU/Linux 9 (stretch)"
NAME="Debian GNU/Linux"
VERSION_ID="9"
VERSION="9 (stretch)"
ID=debian
HOME_URL="https://www.debian.org/"
SUPPORT_URL="https://www.debian.org/support"
BUG_REPORT_URL="https://bugs.debian.org/"

uname:Linux 4.9.0-6-amd64 #1 SMP Debian 4.9.82-1+deb9u3 (2018-03-02) x86_64
libc:glibc 2.24 NPTL 2.24 
rlimit: STACK 8192k, CORE 0k, NPROC 11083, NOFILE 1048576, AS infinity
load average:1,71 2,13 1,67

/proc/meminfo:
MemTotal:        2861148 kB
MemFree:          488484 kB
MemAvailable:     654904 kB
Buffers:           25500 kB
Cached:           424780 kB
SwapCached:        84584 kB
Active:          1553640 kB
Inactive:         636324 kB
Active(anon):    1351708 kB
Inactive(anon):   493168 kB
Active(file):     201932 kB
Inactive(file):   143156 kB
Unevictable:           0 kB
Mlocked:               0 kB
SwapTotal:       3877884 kB
SwapFree:        3282572 kB
Dirty:              2016 kB
Writeback:             8 kB
AnonPages:       1736168 kB
Mapped:           170148 kB
Shmem:            105192 kB
Slab:              93092 kB
SReclaimable:      36380 kB
SUnreclaim:        56712 kB
KernelStack:        9616 kB
PageTables:        44592 kB
NFS_Unstable:          0 kB
Bounce:                0 kB
WritebackTmp:          0 kB
CommitLimit:     5308456 kB
Committed_AS:    6314612 kB
VmallocTotal:   34359738367 kB
VmallocUsed:           0 kB
VmallocChunk:          0 kB
HardwareCorrupted:     0 kB
AnonHugePages:         0 kB
ShmemHugePages:        0 kB
ShmemPmdMapped:        0 kB
HugePages_Total:       0
HugePages_Free:        0
HugePages_Rsvd:        0
HugePages_Surp:        0
Hugepagesize:       2048 kB
DirectMap4k:      127896 kB
DirectMap2M:     2861056 kB


CPU:total 4 (2 cores per cpu, 2 threads per core) family 6 model 42 stepping 7, cmov, cx8, fxsr, mmx, sse, sse2, sse3, ssse3, sse4.1, sse4.2, popcnt, avx, clmul, ht, tsc, tscinvbit

/proc/cpuinfo:
processor	: 0
vendor_id	: GenuineIntel
cpu family	: 6
model		: 42
model name	: Intel(R) Core(TM) i3-2370M CPU @ 2.40GHz
stepping	: 7
microcode	: 0x1b
cpu MHz		: 2399.853
cache size	: 3072 KB
physical id	: 0
siblings	: 4
core id		: 0
cpu cores	: 2
apicid		: 0
initial apicid	: 0
fpu		: yes
fpu_exception	: yes
cpuid level	: 13
wp		: yes
flags		: fpu vme de pse tsc msr pae mce cx8 apic sep mtrr pge mca cmov pat pse36 clflush dts acpi mmx fxsr sse sse2 ss ht tm pbe syscall nx rdtscp lm constant_tsc arch_perfmon pebs bts rep_good nopl xtopology nonstop_tsc aperfmperf eagerfpu pni pclmulqdq dtes64 monitor ds_cpl vmx est tm2 ssse3 cx16 xtpr pdcm pcid sse4_1 sse4_2 x2apic popcnt tsc_deadline_timer xsave avx lahf_lm epb kaiser tpr_shadow vnmi flexpriority ept vpid xsaveopt dtherm arat pln pts
bugs		: cpu_meltdown spectre_v1 spectre_v2
bogomips	: 4789.45
clflush size	: 64
cache_alignment	: 64
address sizes	: 36 bits physical, 48 bits virtual
power management:

processor	: 1
vendor_id	: GenuineIntel
cpu family	: 6
model		: 42
model name	: Intel(R) Core(TM) i3-2370M CPU @ 2.40GHz
stepping	: 7
microcode	: 0x1b
cpu MHz		: 2399.853
cache size	: 3072 KB
physical id	: 0
siblings	: 4
core id		: 1
cpu cores	: 2
apicid		: 2
initial apicid	: 2
fpu		: yes
fpu_exception	: yes
cpuid level	: 13
wp		: yes
flags		: fpu vme de pse tsc msr pae mce cx8 apic sep mtrr pge mca cmov pat pse36 clflush dts acpi mmx fxsr sse sse2 ss ht tm pbe syscall nx rdtscp lm constant_tsc arch_perfmon pebs bts rep_good nopl xtopology nonstop_tsc aperfmperf eagerfpu pni pclmulqdq dtes64 monitor ds_cpl vmx est tm2 ssse3 cx16 xtpr pdcm pcid sse4_1 sse4_2 x2apic popcnt tsc_deadline_timer xsave avx lahf_lm epb kaiser tpr_shadow vnmi flexpriority ept vpid xsaveopt dtherm arat pln pts
bugs		: cpu_meltdown spectre_v1 spectre_v2
bogomips	: 4789.45
clflush size	: 64
cache_alignment	: 64
address sizes	: 36 bits physical, 48 bits virtual
power management:

processor	: 2
vendor_id	: GenuineIntel
cpu family	: 6
model		: 42
model name	: Intel(R) Core(TM) i3-2370M CPU @ 2.40GHz
stepping	: 7
microcode	: 0x1b
cpu MHz		: 2400.000
cache size	: 3072 KB
physical id	: 0
siblings	: 4
core id		: 0
cpu cores	: 2
apicid		: 1
initial apicid	: 1
fpu		: yes
fpu_exception	: yes
cpuid level	: 13
wp		: yes
flags		: fpu vme de pse tsc msr pae mce cx8 apic sep mtrr pge mca cmov pat pse36 clflush dts acpi mmx fxsr sse sse2 ss ht tm pbe syscall nx rdtscp lm constant_tsc arch_perfmon pebs bts rep_good nopl xtopology nonstop_tsc aperfmperf eagerfpu pni pclmulqdq dtes64 monitor ds_cpl vmx est tm2 ssse3 cx16 xtpr pdcm pcid sse4_1 sse4_2 x2apic popcnt tsc_deadline_timer xsave avx lahf_lm epb kaiser tpr_shadow vnmi flexpriority ept vpid xsaveopt dtherm arat pln pts
bugs		: cpu_meltdown spectre_v1 spectre_v2
bogomips	: 4789.45
clflush size	: 64
cache_alignment	: 64
address sizes	: 36 bits physical, 48 bits virtual
power management:

processor	: 3
vendor_id	: GenuineIntel
cpu family	: 6
model		: 42
model name	: Intel(R) Core(TM) i3-2370M CPU @ 2.40GHz
stepping	: 7
microcode	: 0x1b
cpu MHz		: 2399.853
cache size	: 3072 KB
physical id	: 0
siblings	: 4
core id		: 1
cpu cores	: 2
apicid		: 3
initial apicid	: 3
fpu		: yes
fpu_exception	: yes
cpuid level	: 13
wp		: yes
flags		: fpu vme de pse tsc msr pae mce cx8 apic sep mtrr pge mca cmov pat pse36 clflush dts acpi mmx fxsr sse sse2 ss ht tm pbe syscall nx rdtscp lm constant_tsc arch_perfmon pebs bts rep_good nopl xtopology nonstop_tsc aperfmperf eagerfpu pni pclmulqdq dtes64 monitor ds_cpl vmx est tm2 ssse3 cx16 xtpr pdcm pcid sse4_1 sse4_2 x2apic popcnt tsc_deadline_timer xsave avx lahf_lm epb kaiser tpr_shadow vnmi flexpriority ept vpid xsaveopt dtherm arat pln pts
bugs		: cpu_meltdown spectre_v1 spectre_v2
bogomips	: 4789.45
clflush size	: 64
cache_alignment	: 64
address sizes	: 36 bits physical, 48 bits virtual
power management:



Memory: 4k page, physical 2861148k(488484k free), swap 3877884k(3282572k free)

vm_info: Java HotSpot(TM) 64-Bit Server VM (25.101-b13) for linux-amd64 JRE (1.8.0_101-b13), built on Jun 22 2016 02:59:44 by "java_re" with gcc 4.3.0 20080428 (Red Hat 4.3.0-8)

time: Sun Jul 15 23:21:34 2018
elapsed time: 118 seconds (0d 0h 1m 58s)

