#
# A fatal error has been detected by the Java Runtime Environment:
#
#  SIGSEGV (0xb) at pc=0x00007f23487b3167, pid=7680, tid=0x00007f2349d07700
#
# JRE version: Java(TM) SE Runtime Environment (8.0_101-b13) (build 1.8.0_101-b13)
# Java VM: Java HotSpot(TM) 64-Bit Server VM (25.101-b13 mixed mode linux-amd64 compressed oops)
# Problematic frame:
# C  [libopencv_objdetect.so.3.4+0x2e167]
#
# Failed to write core dump. Core dumps have been disabled. To enable core dumping, try "ulimit -c unlimited" before starting Java again
#
# If you would like to submit a bug report, please visit:
#   http://bugreport.java.com/bugreport/crash.jsp
#

---------------  T H R E A D  ---------------

Current thread is native thread

siginfo: si_signo: 11 (SIGSEGV), si_code: 2 (SEGV_ACCERR), si_addr: 0x00007f22e3f5d190

Registers:
RAX=0x0000000000000005, RBX=0x000000000038b158, RCX=0x00000000fab6b78b, RDX=0x00007f22e3b5e7e8
RSP=0x00007f2349d06c60, RBP=0x00000000000000f0, RSI=0x00007f22e3b48b10, RDI=0x00000000000003a8
R8 =0x000000000000001e, R9 =0x00007f22e3b49f98, R10=0x0000000000000450, R11=0x00007f22e3bd2038
R12=0x00007f22e3b48940, R13=0x00000000000001ef, R14=0x00007f2349d06d38, R15=0x0000000000000000
RIP=0x00007f23487b3167, EFLAGS=0x0000000000010296, CSGSFS=0x002b000000000033, ERR=0x0000000000000004
  TRAPNO=0x000000000000000e

Top of Stack: (sp=0x00007f2349d06c60)
0x00007f2349d06c60:   00007f233810d410 00007f2338000cc8
0x00007f2349d06c70:   0000000002010000 00007f23886a79fe
0x00007f2349d06c80:   0000000000000000 0000000000000000
0x00007f2349d06c90:   400d83ce0773b431 00007f2349d069f0
0x00007f2349d06ca0:   0000000000000000 0000000100000077
0x00007f2349d06cb0:   0000000002010000 00007f2349d06b10
0x00007f2349d06cc0:   0000000000000000 0000000000000000
0x00007f2349d06cd0:   00007f2201010000 00007f2349d06d20
0x00007f2349d06ce0:   00007f22e1edc840 00000487000001ef
0x00007f2349d06cf0:   0000000000000000 00000000000e2a67
0x00007f2349d06d00:   00007f22e304adf8 00007f23487b3ad8
0x00007f2349d06d10:   0000000000000000 00007f2300000000
0x00007f2349d06d20:   0000000000000000 00007f2300000000
0x00007f2349d06d30:   00007f2338000a30 00007f2390b1dba0
0x00007f2349d06d40:   00007f2349d06ec0 00007f2390b1dba0
0x00007f2349d06d50:   00000000000000dc 00000000000001ef
0x00007f2349d06d60:   00007f22d8004bf8 00007f23487b3c89
0x00007f2349d06d70:   7fffffff80000000 00007f2338000020
0x00007f2349d06d80:   0000038500000257 00007f22e3060cf4
0x00007f2349d06d90:   00007f22e3060c68 00007f22e304ae84
0x00007f2349d06da0:   0000038500000487 00007f23b0fcaf64
0x00007f2349d06db0:   00007f22d8425d51 0000048700000000
0x00007f2349d06dc0:   00007f22d801aaf4 00007f22d801aa68
0x00007f2349d06dd0:   00007f22d8004c84 0000020400000203
0x00007f2349d06de0:   00007f2200000321 0000000000000001
0x00007f2349d06df0:   0000000000000203 00007f2349d06e30
0x00007f2349d06e00:   00007f2349d06e10 00007f2349d06e40
0x00007f2349d06e10:   0000000000000000 0000000000000000
0x00007f2349d06e20:   0000000000000000 0000000000000000
0x00007f2349d06e30:   0000000000000204 0000000000000001
0x00007f2349d06e40:   0000000000000000 00007f2300000000
0x00007f2349d06e50:   0000000000000000 00007f2390b1d770 

Instructions: (pc=0x00007f23487b3167)
0x00007f23487b3147:   db 66 0f 16 1d e0 c4 01 00 8b 0c 19 41 2b 0c 1b
0x00007f23487b3157:   4c 8b 5a 10 41 2b 0c 1b 4c 8b 5a 18 66 0f 28 d1
0x00007f23487b3167:   41 03 0c 1b 4c 8b 5a 30 66 0f 16 15 b9 c4 01 00
0x00007f23487b3177:   66 0f 28 e2 f3 0f 2a c9 48 8b 4a 28 8b 0c 19 41 

Register to memory mapping:

RAX=0x0000000000000005 is an unknown value
RBX=0x000000000038b158 is an unknown value
RCX=0x00000000fab6b78b is an unallocated location in the heap
RDX=0x00007f22e3b5e7e8 is an unknown value
RSP=0x00007f2349d06c60 is an unknown value
RBP=0x00000000000000f0 is an unknown value
RSI=0x00007f22e3b48b10 is an unknown value
RDI=0x00000000000003a8 is an unknown value
R8 =0x000000000000001e is an unknown value
R9 =0x00007f22e3b49f98 is an unknown value
R10=0x0000000000000450 is an unknown value
R11=0x00007f22e3bd2038 is an unknown value
R12=0x00007f22e3b48940 is an unknown value
R13=0x00000000000001ef is an unknown value
R14=0x00007f2349d06d38 is an unknown value
R15=0x0000000000000000 is an unknown value


Stack: [0x00007f2349507000,0x00007f2349d08000],  sp=0x00007f2349d06c60,  free space=8191k
Native frames: (J=compiled Java code, j=interpreted, Vv=VM code, C=native code)
C  [libopencv_objdetect.so.3.4+0x2e167]

[error occurred during error reporting (printing native stack), id 0xb]


---------------  P R O C E S S  ---------------

VM state:not at safepoint (normal execution)

VM Mutex/Monitor currently owned by a thread: None

Heap:
 PSYoungGen      total 13312K, used 6723K [0x00000000f1700000, 0x00000000f3500000, 0x0000000100000000)
  eden space 11776K, 44% used [0x00000000f1700000,0x00000000f1c10f90,0x00000000f2280000)
  from space 1536K, 100% used [0x00000000f2280000,0x00000000f2400000,0x00000000f2400000)
  to   space 3584K, 0% used [0x00000000f3180000,0x00000000f3180000,0x00000000f3500000)
 ParOldGen       total 30208K, used 3539K [0x00000000d4400000, 0x00000000d6180000, 0x00000000f1700000)
  object space 30208K, 11% used [0x00000000d4400000,0x00000000d4774c38,0x00000000d6180000)
 Metaspace       used 17453K, capacity 17576K, committed 17792K, reserved 1064960K
  class space    used 2028K, capacity 2084K, committed 2176K, reserved 1048576K

Card table byte_map: [0x00007f23ae6a3000,0x00007f23ae802000] byte_map_base: 0x00007f23ae001000

Marking Bits: (ParMarkBitMap*) 0x00007f23b0f23120
 Begin Bits: [0x00007f23acbd5000, 0x00007f23ad6c5000)
 End Bits:   [0x00007f23ad6c5000, 0x00007f23ae1b5000)

Polling page: 0x00007f23b1b45000

CodeCache: size=245760Kb used=5610Kb max_used=5610Kb free=240149Kb
 bounds [0x00007f2399000000, 0x00007f2399580000, 0x00007f23a8000000]
 total_blobs=2322 nmethods=1659 adapters=576
 compilation: enabled

Compilation events (10 events):
Event: 58,582 Thread 0x00007f23a80c1000 1655       3       org.bytedeco.javacpp.Pointer::<init> (86 bytes)
Event: 58,583 Thread 0x00007f23a80c1000 nmethod 1655 0x00007f2399573b50 code [0x00007f2399573ce0, 0x00007f23995740d0]
Event: 60,648 Thread 0x00007f23a80c1000 1656       3       org.bytedeco.javacpp.Pointer::access$000 (4 bytes)
Event: 60,648 Thread 0x00007f23a80c1000 nmethod 1656 0x00007f2399574250 code [0x00007f23995743a0, 0x00007f23995744d0]
Event: 62,786 Thread 0x00007f23a80c1000 1657   !   3       org.bytedeco.javacpp.Pointer::deallocator (454 bytes)
Event: 62,793 Thread 0x00007f23a80c1000 nmethod 1657 0x00007f2399574550 code [0x00007f2399574c20, 0x00007f2399579818]
Event: 62,793 Thread 0x00007f23a80c1000 1658       3       org.bytedeco.javacpp.Pointer$DeallocatorReference::<init> (38 bytes)
Event: 62,794 Thread 0x00007f23a80c1000 nmethod 1658 0x00007f239957c650 code [0x00007f239957c800, 0x00007f239957d008]
Event: 65,891 Thread 0x00007f23a80c1000 1659       3       sun.nio.fs.UnixPath::isEmpty (14 bytes)
Event: 65,892 Thread 0x00007f23a80c1000 nmethod 1659 0x00007f239957d290 code [0x00007f239957d400, 0x00007f239957d5b0]

GC Heap History (10 events):
Event: 6,419 GC heap before
{Heap before GC invocations=1 (full 0):
 PSYoungGen      total 13312K, used 11776K [0x00000000f1700000, 0x00000000f2580000, 0x0000000100000000)
  eden space 11776K, 100% used [0x00000000f1700000,0x00000000f2280000,0x00000000f2280000)
  from space 1536K, 0% used [0x00000000f2400000,0x00000000f2400000,0x00000000f2580000)
  to   space 1536K, 0% used [0x00000000f2280000,0x00000000f2280000,0x00000000f2400000)
 ParOldGen       total 30208K, used 0K [0x00000000d4400000, 0x00000000d6180000, 0x00000000f1700000)
  object space 30208K, 0% used [0x00000000d4400000,0x00000000d4400000,0x00000000d6180000)
 Metaspace       used 13399K, capacity 13566K, committed 13824K, reserved 1060864K
  class space    used 1642K, capacity 1731K, committed 1792K, reserved 1048576K
Event: 6,425 GC heap after
Heap after GC invocations=1 (full 0):
 PSYoungGen      total 13312K, used 1536K [0x00000000f1700000, 0x00000000f2580000, 0x0000000100000000)
  eden space 11776K, 0% used [0x00000000f1700000,0x00000000f1700000,0x00000000f2280000)
  from space 1536K, 100% used [0x00000000f2280000,0x00000000f2400000,0x00000000f2400000)
  to   space 1536K, 0% used [0x00000000f2400000,0x00000000f2400000,0x00000000f2580000)
 ParOldGen       total 30208K, used 1381K [0x00000000d4400000, 0x00000000d6180000, 0x00000000f1700000)
  object space 30208K, 4% used [0x00000000d4400000,0x00000000d4559560,0x00000000d6180000)
 Metaspace       used 13399K, capacity 13566K, committed 13824K, reserved 1060864K
  class space    used 1642K, capacity 1731K, committed 1792K, reserved 1048576K
}
Event: 38,716 GC heap before
{Heap before GC invocations=2 (full 0):
 PSYoungGen      total 13312K, used 13312K [0x00000000f1700000, 0x00000000f2580000, 0x0000000100000000)
  eden space 11776K, 100% used [0x00000000f1700000,0x00000000f2280000,0x00000000f2280000)
  from space 1536K, 100% used [0x00000000f2280000,0x00000000f2400000,0x00000000f2400000)
  to   space 1536K, 0% used [0x00000000f2400000,0x00000000f2400000,0x00000000f2580000)
 ParOldGen       total 30208K, used 1381K [0x00000000d4400000, 0x00000000d6180000, 0x00000000f1700000)
  object space 30208K, 4% used [0x00000000d4400000,0x00000000d4559560,0x00000000d6180000)
 Metaspace       used 16139K, capacity 16296K, committed 16640K, reserved 1064960K
  class space    used 1881K, capacity 1956K, committed 2048K, reserved 1048576K
Event: 38,720 GC heap after
Heap after GC invocations=2 (full 0):
 PSYoungGen      total 13312K, used 1536K [0x00000000f1700000, 0x00000000f2580000, 0x0000000100000000)
  eden space 11776K, 0% used [0x00000000f1700000,0x00000000f1700000,0x00000000f2280000)
  from space 1536K, 100% used [0x00000000f2400000,0x00000000f2580000,0x00000000f2580000)
  to   space 1536K, 0% used [0x00000000f2280000,0x00000000f2280000,0x00000000f2400000)
 ParOldGen       total 30208K, used 2721K [0x00000000d4400000, 0x00000000d6180000, 0x00000000f1700000)
  object space 30208K, 9% used [0x00000000d4400000,0x00000000d46a8578,0x00000000d6180000)
 Metaspace       used 16139K, capacity 16296K, committed 16640K, reserved 1064960K
  class space    used 1881K, capacity 1956K, committed 2048K, reserved 1048576K
}
Event: 38,840 GC heap before
{Heap before GC invocations=3 (full 0):
 PSYoungGen      total 13312K, used 13312K [0x00000000f1700000, 0x00000000f2580000, 0x0000000100000000)
  eden space 11776K, 100% used [0x00000000f1700000,0x00000000f2280000,0x00000000f2280000)
  from space 1536K, 100% used [0x00000000f2400000,0x00000000f2580000,0x00000000f2580000)
  to   space 1536K, 0% used [0x00000000f2280000,0x00000000f2280000,0x00000000f2400000)
 ParOldGen       total 30208K, used 2721K [0x00000000d4400000, 0x00000000d6180000, 0x00000000f1700000)
  object space 30208K, 9% used [0x00000000d4400000,0x00000000d46a8578,0x00000000d6180000)
 Metaspace       used 17197K, capacity 17384K, committed 17536K, reserved 1064960K
  class space    used 2006K, capacity 2084K, committed 2176K, reserved 1048576K
Event: 38,844 GC heap after
Heap after GC invocations=3 (full 0):
 PSYoungGen      total 13312K, used 1536K [0x00000000f1700000, 0x00000000f2580000, 0x0000000100000000)
  eden space 11776K, 0% used [0x00000000f1700000,0x00000000f1700000,0x00000000f2280000)
  from space 1536K, 100% used [0x00000000f2280000,0x00000000f2400000,0x00000000f2400000)
  to   space 1536K, 0% used [0x00000000f2400000,0x00000000f2400000,0x00000000f2580000)
 ParOldGen       total 30208K, used 3368K [0x00000000d4400000, 0x00000000d6180000, 0x00000000f1700000)
  object space 30208K, 11% used [0x00000000d4400000,0x00000000d474a1a8,0x00000000d6180000)
 Metaspace       used 17197K, capacity 17384K, committed 17536K, reserved 1064960K
  class space    used 2006K, capacity 2084K, committed 2176K, reserved 1048576K
}
Event: 38,963 GC heap before
{Heap before GC invocations=4 (full 0):
 PSYoungGen      total 13312K, used 13312K [0x00000000f1700000, 0x00000000f2580000, 0x0000000100000000)
  eden space 11776K, 100% used [0x00000000f1700000,0x00000000f2280000,0x00000000f2280000)
  from space 1536K, 100% used [0x00000000f2280000,0x00000000f2400000,0x00000000f2400000)
  to   space 1536K, 0% used [0x00000000f2400000,0x00000000f2400000,0x00000000f2580000)
 ParOldGen       total 30208K, used 3368K [0x00000000d4400000, 0x00000000d6180000, 0x00000000f1700000)
  object space 30208K, 11% used [0x00000000d4400000,0x00000000d474a1a8,0x00000000d6180000)
 Metaspace       used 17364K, capacity 17512K, committed 17792K, reserved 1064960K
  class space    used 2023K, capacity 2084K, committed 2176K, reserved 1048576K
Event: 38,966 GC heap after
Heap after GC invocations=4 (full 0):
 PSYoungGen      total 13312K, used 1536K [0x00000000f1700000, 0x00000000f3100000, 0x0000000100000000)
  eden space 11776K, 0% used [0x00000000f1700000,0x00000000f1700000,0x00000000f2280000)
  from space 1536K, 100% used [0x00000000f2400000,0x00000000f2580000,0x00000000f2580000)
  to   space 1536K, 0% used [0x00000000f2280000,0x00000000f2280000,0x00000000f2400000)
 ParOldGen       total 30208K, used 3515K [0x00000000d4400000, 0x00000000d6180000, 0x00000000f1700000)
  object space 30208K, 11% used [0x00000000d4400000,0x00000000d476ec38,0x00000000d6180000)
 Metaspace       used 17364K, capacity 17512K, committed 17792K, reserved 1064960K
  class space    used 2023K, capacity 2084K, committed 2176K, reserved 1048576K
}
Event: 40,908 GC heap before
{Heap before GC invocations=5 (full 0):
 PSYoungGen      total 13312K, used 13312K [0x00000000f1700000, 0x00000000f3100000, 0x0000000100000000)
  eden space 11776K, 100% used [0x00000000f1700000,0x00000000f2280000,0x00000000f2280000)
  from space 1536K, 100% used [0x00000000f2400000,0x00000000f2580000,0x00000000f2580000)
  to   space 1536K, 0% used [0x00000000f2280000,0x00000000f2280000,0x00000000f2400000)
 ParOldGen       total 30208K, used 3515K [0x00000000d4400000, 0x00000000d6180000, 0x00000000f1700000)
  object space 30208K, 11% used [0x00000000d4400000,0x00000000d476ec38,0x00000000d6180000)
 Metaspace       used 17403K, capacity 17576K, committed 17792K, reserved 1064960K
  class space    used 2024K, capacity 2084K, committed 2176K, reserved 1048576K
Event: 40,912 GC heap after
Heap after GC invocations=5 (full 0):
 PSYoungGen      total 13312K, used 1536K [0x00000000f1700000, 0x00000000f3500000, 0x0000000100000000)
  eden space 11776K, 0% used [0x00000000f1700000,0x00000000f1700000,0x00000000f2280000)
  from space 1536K, 100% used [0x00000000f2280000,0x00000000f2400000,0x00000000f2400000)
  to   space 3584K, 0% used [0x00000000f3180000,0x00000000f3180000,0x00000000f3500000)
 ParOldGen       total 30208K, used 3539K [0x00000000d4400000, 0x00000000d6180000, 0x00000000f1700000)
  object space 30208K, 11% used [0x00000000d4400000,0x00000000d4774c38,0x00000000d6180000)
 Metaspace       used 17403K, capacity 17576K, committed 17792K, reserved 1064960K
  class space    used 2024K, capacity 2084K, committed 2176K, reserved 1048576K
}

Deoptimization events (10 events):
Event: 0,643 Thread 0x00007f23a86dc800 Uncommon trap: reason=class_check action=maybe_recompile pc=0x00007f2399199f9c method=java.lang.String.equals(Ljava/lang/Object;)Z @ 8
Event: 0,643 Thread 0x00007f23a86dc800 Uncommon trap: reason=class_check action=maybe_recompile pc=0x00007f2399199f9c method=java.lang.String.equals(Ljava/lang/Object;)Z @ 8
Event: 6,337 Thread 0x00007f23a86dc800 Uncommon trap: reason=bimorphic action=maybe_recompile pc=0x00007f2399256f84 method=java.util.HashMap.putVal(ILjava/lang/Object;Ljava/lang/Object;ZZ)Ljava/lang/Object; @ 253
Event: 6,341 Thread 0x00007f23a86dc800 Uncommon trap: reason=bimorphic action=maybe_recompile pc=0x00007f2399256f84 method=java.util.HashMap.putVal(ILjava/lang/Object;Ljava/lang/Object;ZZ)Ljava/lang/Object; @ 253
Event: 6,345 Thread 0x00007f23a86dc800 Uncommon trap: reason=bimorphic action=maybe_recompile pc=0x00007f2399256f84 method=java.util.HashMap.putVal(ILjava/lang/Object;Ljava/lang/Object;ZZ)Ljava/lang/Object; @ 253
Event: 6,348 Thread 0x00007f23a86dc800 Uncommon trap: reason=bimorphic action=maybe_recompile pc=0x00007f2399256f84 method=java.util.HashMap.putVal(ILjava/lang/Object;Ljava/lang/Object;ZZ)Ljava/lang/Object; @ 253
Event: 6,436 Thread 0x00007f23a86dc800 Uncommon trap: reason=bimorphic action=maybe_recompile pc=0x00007f2399255cac method=java.util.HashMap.putVal(ILjava/lang/Object;Ljava/lang/Object;ZZ)Ljava/lang/Object; @ 253
Event: 6,447 Thread 0x00007f23a86dc800 Uncommon trap: reason=unstable_if action=reinterpret pc=0x00007f23992edc30 method=java.lang.CharacterDataLatin1.isWhitespace(I)Z @ 14
Event: 38,564 Thread 0x00007f23a86dc800 Uncommon trap: reason=unstable_if action=reinterpret pc=0x00007f2399154fa4 method=sun.nio.cs.UTF_8$Encoder.encode([CII[B)I @ 33
Event: 38,577 Thread 0x00007f23a86dc800 Uncommon trap: reason=unstable_if action=reinterpret pc=0x00007f23991f94d4 method=java.lang.String.<init>([CII)V @ 18

Internal exceptions (10 events):
Event: 50,255 Thread 0x00007f23a86dc800 Exception <a 'sun/nio/fs/UnixException'> (0x00000000f1ba4a78) thrown at [/HUDSON3/workspace/8-2-build-linux-amd64/jdk8u101/7261/hotspot/src/share/vm/prims/jni.cpp, line 709]
Event: 51,145 Thread 0x00007f23a86dc800 Exception <a 'sun/nio/fs/UnixException'> (0x00000000f1ba78f8) thrown at [/HUDSON3/workspace/8-2-build-linux-amd64/jdk8u101/7261/hotspot/src/share/vm/prims/jni.cpp, line 709]
Event: 54,720 Thread 0x00007f23a86dc800 Exception <a 'sun/nio/fs/UnixException'> (0x00000000f1baf888) thrown at [/HUDSON3/workspace/8-2-build-linux-amd64/jdk8u101/7261/hotspot/src/share/vm/prims/jni.cpp, line 709]
Event: 56,935 Thread 0x00007f23a86dc800 Exception <a 'sun/nio/fs/UnixException'> (0x00000000f1bb92f8) thrown at [/HUDSON3/workspace/8-2-build-linux-amd64/jdk8u101/7261/hotspot/src/share/vm/prims/jni.cpp, line 709]
Event: 57,845 Thread 0x00007f23a86dc800 Exception <a 'java/lang/RuntimeException'> (0x00000000f1bbd1b8) thrown at [/HUDSON3/workspace/8-2-build-linux-amd64/jdk8u101/7261/hotspot/src/share/vm/prims/jni.cpp, line 709]
Event: 57,858 Thread 0x00007f23a86dc800 Exception <a 'java/lang/RuntimeException'> (0x00000000f1bbde38) thrown at [/HUDSON3/workspace/8-2-build-linux-amd64/jdk8u101/7261/hotspot/src/share/vm/prims/jni.cpp, line 709]
Event: 57,869 Thread 0x00007f23a86dc800 Exception <a 'java/lang/RuntimeException'> (0x00000000f1bbe8c8) thrown at [/HUDSON3/workspace/8-2-build-linux-amd64/jdk8u101/7261/hotspot/src/share/vm/prims/jni.cpp, line 709]
Event: 57,890 Thread 0x00007f23a86dc800 Exception <a 'java/lang/RuntimeException'> (0x00000000f1bbf358) thrown at [/HUDSON3/workspace/8-2-build-linux-amd64/jdk8u101/7261/hotspot/src/share/vm/prims/jni.cpp, line 709]
Event: 61,878 Thread 0x00007f23a86dc800 Exception <a 'sun/nio/fs/UnixException'> (0x00000000f1bc9a70) thrown at [/HUDSON3/workspace/8-2-build-linux-amd64/jdk8u101/7261/hotspot/src/share/vm/prims/jni.cpp, line 709]
Event: 65,891 Thread 0x00007f23a86dc800 Exception <a 'sun/nio/fs/UnixException'> (0x00000000f1bdc378) thrown at [/HUDSON3/workspace/8-2-build-linux-amd64/jdk8u101/7261/hotspot/src/share/vm/prims/jni.cpp, line 709]

Events (10 events):
Event: 41,376 loading class java/nio/file/StandardCopyOption
Event: 41,376 loading class java/nio/file/StandardCopyOption done
Event: 41,376 loading class sun/nio/fs/UnixCopyFile
Event: 41,377 loading class sun/nio/fs/UnixCopyFile done
Event: 41,377 loading class sun/nio/fs/UnixCopyFile$2
Event: 41,377 loading class sun/nio/fs/UnixCopyFile$2 done
Event: 41,377 loading class sun/nio/fs/UnixCopyFile$Flags
Event: 41,377 loading class sun/nio/fs/UnixCopyFile$Flags done
Event: 41,377 loading class sun/nio/fs/UnixException
Event: 41,377 loading class sun/nio/fs/UnixException done


Dynamic libraries:
00400000-00401000 r-xp 00000000 08:06 140165                             /home/stark28/Programas/jdk1.8.0_101/bin/java
00600000-00601000 rw-p 00000000 08:06 140165                             /home/stark28/Programas/jdk1.8.0_101/bin/java
0080e000-018e9000 rw-p 00000000 00:00 0                                  [heap]
d4400000-d6180000 rw-p 00000000 00:00 0 
d6180000-f1700000 ---p 00000000 00:00 0 
f1700000-f3500000 rw-p 00000000 00:00 0 
f3500000-100000000 ---p 00000000 00:00 0 
100000000-100220000 rw-p 00000000 00:00 0 
100220000-140000000 ---p 00000000 00:00 0 
7f22d8000000-7f22d858b000 rw-p 00000000 00:00 0 
7f22d858b000-7f22dc000000 ---p 00000000 00:00 0 
7f22e0000000-7f22e3f5d000 rw-p 00000000 00:00 0 
7f22e3f5d000-7f22e4000000 ---p 00000000 00:00 0 
7f22e8000000-7f22ebff6000 rw-p 00000000 00:00 0 
7f22ebff6000-7f22ec000000 ---p 00000000 00:00 0 
7f22f0000000-7f22f3ff4000 rw-p 00000000 00:00 0 
7f22f3ff4000-7f22f4000000 ---p 00000000 00:00 0 
7f22f8000000-7f22fbffb000 rw-p 00000000 00:00 0 
7f22fbffb000-7f22fc000000 ---p 00000000 00:00 0 
7f2300000000-7f2303ff4000 rw-p 00000000 00:00 0 
7f2303ff4000-7f2304000000 ---p 00000000 00:00 0 
7f2308000000-7f230bfda000 rw-p 00000000 00:00 0 
7f230bfda000-7f230c000000 ---p 00000000 00:00 0 
7f2310000000-7f2313fd2000 rw-p 00000000 00:00 0 
7f2313fd2000-7f2314000000 ---p 00000000 00:00 0 
7f2318000000-7f231befb000 rw-p 00000000 00:00 0 
7f231befb000-7f231c000000 ---p 00000000 00:00 0 
7f2320000000-7f2323fc6000 rw-p 00000000 00:00 0 
7f2323fc6000-7f2324000000 ---p 00000000 00:00 0 
7f2328000000-7f232bfdc000 rw-p 00000000 00:00 0 
7f232bfdc000-7f232c000000 ---p 00000000 00:00 0 
7f2330000000-7f233028e000 rw-p 00000000 00:00 0 
7f233028e000-7f2334000000 ---p 00000000 00:00 0 
7f2334000000-7f2334259000 rw-p 00000000 00:00 0 
7f2334259000-7f2338000000 ---p 00000000 00:00 0 
7f2338000000-7f2338258000 rw-p 00000000 00:00 0 
7f2338258000-7f233c000000 ---p 00000000 00:00 0 
7f2340000000-7f2340021000 rw-p 00000000 00:00 0 
7f2340021000-7f2344000000 ---p 00000000 00:00 0 
7f2344000000-7f234428d000 rw-p 00000000 00:00 0 
7f234428d000-7f2348000000 ---p 00000000 00:00 0 
7f2348504000-7f234857e000 r-xp 00000000 08:06 133132                     /home/stark28/.javacpp/cache/opencv-linux-x86_64.jar/org/bytedeco/javacpp/linux-x86_64/libjniopencv_objdetect.so
7f234857e000-7f234877e000 ---p 0007a000 08:06 133132                     /home/stark28/.javacpp/cache/opencv-linux-x86_64.jar/org/bytedeco/javacpp/linux-x86_64/libjniopencv_objdetect.so
7f234877e000-7f2348785000 rw-p 0007a000 08:06 133132                     /home/stark28/.javacpp/cache/opencv-linux-x86_64.jar/org/bytedeco/javacpp/linux-x86_64/libjniopencv_objdetect.so
7f2348785000-7f23487e8000 r-xp 00000000 08:06 132687                     /home/stark28/.javacpp/cache/opencv-linux-x86_64.jar/org/bytedeco/javacpp/linux-x86_64/libopencv_objdetect.so.3.4
7f23487e8000-7f23489e8000 ---p 00063000 08:06 132687                     /home/stark28/.javacpp/cache/opencv-linux-x86_64.jar/org/bytedeco/javacpp/linux-x86_64/libopencv_objdetect.so.3.4
7f23489e8000-7f23489ea000 rw-p 00063000 08:06 132687                     /home/stark28/.javacpp/cache/opencv-linux-x86_64.jar/org/bytedeco/javacpp/linux-x86_64/libopencv_objdetect.so.3.4
7f23489ea000-7f2348d06000 rw-p 00000000 00:00 0 
7f2348d06000-7f2348d07000 ---p 00000000 00:00 0 
7f2348d07000-7f2349507000 rw-p 00000000 00:00 0 
7f2349507000-7f2349508000 ---p 00000000 00:00 0 
7f2349508000-7f2349d08000 rw-p 00000000 00:00 0 
7f2349d08000-7f2349d09000 ---p 00000000 00:00 0 
7f2349d09000-7f234a509000 rw-p 00000000 00:00 0 
7f234a824000-7f234a856000 r-xp 00000000 08:06 151583                     /home/stark28/.javacpp/cache/opencv-linux-x86_64.jar/org/bytedeco/javacpp/linux-x86_64/libjniopencv_imgcodecs.so
7f234a856000-7f234aa56000 ---p 00032000 08:06 151583                     /home/stark28/.javacpp/cache/opencv-linux-x86_64.jar/org/bytedeco/javacpp/linux-x86_64/libjniopencv_imgcodecs.so
7f234aa56000-7f234aa57000 rw-p 00032000 08:06 151583                     /home/stark28/.javacpp/cache/opencv-linux-x86_64.jar/org/bytedeco/javacpp/linux-x86_64/libjniopencv_imgcodecs.so
7f234aa57000-7f234acc3000 r-xp 00000000 08:06 151581                     /home/stark28/.javacpp/cache/opencv-linux-x86_64.jar/org/bytedeco/javacpp/linux-x86_64/libopencv_imgcodecs.so.3.4
7f234acc3000-7f234aec3000 ---p 0026c000 08:06 151581                     /home/stark28/.javacpp/cache/opencv-linux-x86_64.jar/org/bytedeco/javacpp/linux-x86_64/libopencv_imgcodecs.so.3.4
7f234aec3000-7f234aed2000 rw-p 0026c000 08:06 151581                     /home/stark28/.javacpp/cache/opencv-linux-x86_64.jar/org/bytedeco/javacpp/linux-x86_64/libopencv_imgcodecs.so.3.4
7f234aed2000-7f234aedb000 rw-p 00000000 00:00 0 
7f234aedb000-7f234b03b000 r-xp 00000000 08:06 151580                     /home/stark28/.javacpp/cache/opencv-linux-x86_64.jar/org/bytedeco/javacpp/linux-x86_64/libjniopencv_imgproc.so
7f234b03b000-7f234b23b000 ---p 00160000 08:06 151580                     /home/stark28/.javacpp/cache/opencv-linux-x86_64.jar/org/bytedeco/javacpp/linux-x86_64/libjniopencv_imgproc.so
7f234b23b000-7f234b248000 rw-p 00160000 08:06 151580                     /home/stark28/.javacpp/cache/opencv-linux-x86_64.jar/org/bytedeco/javacpp/linux-x86_64/libjniopencv_imgproc.so
7f234b248000-7f234b388000 rw-p 00000000 00:00 0 
7f234b388000-7f234b448000 ---p 00000000 00:00 0 
7f234b448000-7f234b7d0000 r-xp 00000000 08:06 151579                     /home/stark28/.javacpp/cache/opencv-linux-x86_64.jar/org/bytedeco/javacpp/linux-x86_64/libjniopencv_core.so
7f234b7d0000-7f234b9cf000 ---p 00388000 08:06 151579                     /home/stark28/.javacpp/cache/opencv-linux-x86_64.jar/org/bytedeco/javacpp/linux-x86_64/libjniopencv_core.so
7f234b9cf000-7f234ba26000 rw-p 00387000 08:06 151579                     /home/stark28/.javacpp/cache/opencv-linux-x86_64.jar/org/bytedeco/javacpp/linux-x86_64/libjniopencv_core.so
7f234ba26000-7f234ba27000 rw-p 00000000 00:00 0 
7f234ba27000-7f234bd4d000 r-xp 00000000 08:06 151577                     /home/stark28/.javacpp/cache/opencv-linux-x86_64.jar/org/bytedeco/javacpp/linux-x86_64/libopencv_imgproc.so.3.4
7f234bd4d000-7f234bf4c000 ---p 00326000 08:06 151577                     /home/stark28/.javacpp/cache/opencv-linux-x86_64.jar/org/bytedeco/javacpp/linux-x86_64/libopencv_imgproc.so.3.4
7f234bf4c000-7f234bf61000 rw-p 00325000 08:06 151577                     /home/stark28/.javacpp/cache/opencv-linux-x86_64.jar/org/bytedeco/javacpp/linux-x86_64/libopencv_imgproc.so.3.4
7f234bf61000-7f234c000000 rw-p 00000000 00:00 0 
7f234c000000-7f234c021000 rw-p 00000000 00:00 0 
7f234c021000-7f2350000000 ---p 00000000 00:00 0 
7f2350000000-7f2353fca000 rw-p 00000000 00:00 0 
7f2353fca000-7f2354000000 ---p 00000000 00:00 0 
7f2354000000-7f2354021000 rw-p 00000000 00:00 0 
7f2354021000-7f2358000000 ---p 00000000 00:00 0 
7f2358000000-7f2358026000 rw-p 00000000 00:00 0 
7f2358026000-7f235c000000 ---p 00000000 00:00 0 
7f235c000000-7f235c021000 rw-p 00000000 00:00 0 
7f235c021000-7f2360000000 ---p 00000000 00:00 0 
7f2360000000-7f2360021000 rw-p 00000000 00:00 0 
7f2360021000-7f2364000000 ---p 00000000 00:00 0 
7f2364000000-7f23644c0000 rw-p 00000000 00:00 0 
7f23644c0000-7f2368000000 ---p 00000000 00:00 0 
7f2368000000-7f2368683000 rw-p 00000000 00:00 0 
7f2368683000-7f236c000000 ---p 00000000 00:00 0 
7f236c000000-7f236c021000 rw-p 00000000 00:00 0 
7f236c021000-7f2370000000 ---p 00000000 00:00 0 
7f2370000000-7f237047f000 rw-p 00000000 00:00 0 
7f237047f000-7f2374000000 ---p 00000000 00:00 0 
7f2374000000-7f2374021000 rw-p 00000000 00:00 0 
7f2374021000-7f2378000000 ---p 00000000 00:00 0 
7f2378000000-7f2378021000 rw-p 00000000 00:00 0 
7f2378021000-7f237c000000 ---p 00000000 00:00 0 
7f237c000000-7f237c021000 rw-p 00000000 00:00 0 
7f237c021000-7f2380000000 ---p 00000000 00:00 0 
7f2380000000-7f2380021000 rw-p 00000000 00:00 0 
7f2380021000-7f2384000000 ---p 00000000 00:00 0 
7f2384000000-7f2384021000 rw-p 00000000 00:00 0 
7f2384021000-7f2388000000 ---p 00000000 00:00 0 
7f2388117000-7f2388289000 r-xp 00000000 08:03 2779                       /usr/lib/x86_64-linux-gnu/libstdc++.so.6.0.22
7f2388289000-7f2388489000 ---p 00172000 08:03 2779                       /usr/lib/x86_64-linux-gnu/libstdc++.so.6.0.22
7f2388489000-7f2388493000 r--p 00172000 08:03 2779                       /usr/lib/x86_64-linux-gnu/libstdc++.so.6.0.22
7f2388493000-7f2388495000 rw-p 0017c000 08:03 2779                       /usr/lib/x86_64-linux-gnu/libstdc++.so.6.0.22
7f2388495000-7f2388499000 rw-p 00000000 00:00 0 
7f2388499000-7f2388759000 r-xp 00000000 08:06 151575                     /home/stark28/.javacpp/cache/opencv-linux-x86_64.jar/org/bytedeco/javacpp/linux-x86_64/libopencv_core.so.3.4
7f2388759000-7f2388958000 ---p 002c0000 08:06 151575                     /home/stark28/.javacpp/cache/opencv-linux-x86_64.jar/org/bytedeco/javacpp/linux-x86_64/libopencv_core.so.3.4
7f2388958000-7f2388965000 rw-p 002bf000 08:06 151575                     /home/stark28/.javacpp/cache/opencv-linux-x86_64.jar/org/bytedeco/javacpp/linux-x86_64/libopencv_core.so.3.4
7f2388965000-7f238896a000 rw-p 00000000 00:00 0 
7f238896a000-7f238897f000 r-xp 00000000 08:06 151573                     /home/stark28/.javacpp/cache/opencv-linux-x86_64.jar/org/bytedeco/javacpp/linux-x86_64/libgomp.so.1
7f238897f000-7f2388b7e000 ---p 00015000 08:06 151573                     /home/stark28/.javacpp/cache/opencv-linux-x86_64.jar/org/bytedeco/javacpp/linux-x86_64/libgomp.so.1
7f2388b7e000-7f2388b7f000 rw-p 00014000 08:06 151573                     /home/stark28/.javacpp/cache/opencv-linux-x86_64.jar/org/bytedeco/javacpp/linux-x86_64/libgomp.so.1
7f2388b7f000-7f2388d7f000 rw-p 00000000 00:00 0 
7f2388d7f000-7f2388de8000 r-xp 00000000 08:06 139949                     /home/stark28/Programas/jdk1.8.0_101/jre/lib/amd64/libt2k.so
7f2388de8000-7f2388fe8000 ---p 00069000 08:06 139949                     /home/stark28/Programas/jdk1.8.0_101/jre/lib/amd64/libt2k.so
7f2388fe8000-7f2388fef000 rw-p 00069000 08:06 139949                     /home/stark28/Programas/jdk1.8.0_101/jre/lib/amd64/libt2k.so
7f2388fef000-7f2388fff000 rw-p 00000000 00:00 0 
7f2388fff000-7f238c000000 rw-p 00000000 00:00 0 
7f238c000000-7f238c021000 rw-p 00000000 00:00 0 
7f238c021000-7f2390000000 ---p 00000000 00:00 0 
7f2390034000-7f239005e000 r-xp 00000000 08:06 139920                     /home/stark28/Programas/jdk1.8.0_101/jre/lib/amd64/libdcpr.so
7f239005e000-7f239025e000 ---p 0002a000 08:06 139920                     /home/stark28/Programas/jdk1.8.0_101/jre/lib/amd64/libdcpr.so
7f239025e000-7f2390261000 rw-p 0002a000 08:06 139920                     /home/stark28/Programas/jdk1.8.0_101/jre/lib/amd64/libdcpr.so
7f2390261000-7f2390461000 rw-p 00000000 00:00 0 
7f2390461000-7f239046c000 r--s 00000000 08:03 400202                     /var/cache/fontconfig/945677eb7aeaf62f1d50efc3fb3ec7d8-le64.cache-4
7f239046c000-7f239046f000 r--s 00000000 08:03 400201                     /var/cache/fontconfig/f24b2111ab8703b4e963115a8cf14259-le64.cache-4
7f239046f000-7f2390473000 r--s 00000000 08:03 392458                     /var/cache/fontconfig/de156ccd2eddbdc19d37a45b8b2aac9c-le64.cache-4
7f2390473000-7f2390474000 r--s 00000000 08:03 400200                     /var/cache/fontconfig/9451a55048e8dbe8633e64d34165fdf2-le64.cache-4
7f2390474000-7f2390476000 r--s 00000000 08:03 400199                     /var/cache/fontconfig/69fb4bbe1b2fa860e172a32ebf28505c-le64.cache-4
7f2390476000-7f23904b8000 r--s 00000000 08:03 400198                     /var/cache/fontconfig/0bd3dc0958fa2205aaaa8ebb13e2872b-le64.cache-4
7f23904b8000-7f23904be000 r--s 00000000 08:03 392449                     /var/cache/fontconfig/3047814df9a2f067bd2d96a2b9c36e5a-le64.cache-4
7f23904be000-7f23904c6000 r--s 00000000 08:03 392866                     /var/cache/fontconfig/bf3b770c553c462765856025a94f1ce6-le64.cache-4
7f23904c6000-7f23904c8000 r--s 00000000 08:03 400197                     /var/cache/fontconfig/a0107c79d978dfcc5e42cb1335b71036-le64.cache-4
7f23904c8000-7f23904cb000 r--s 00000000 08:03 392448                     /var/cache/fontconfig/e49e89034d371f0f9de17aab02136486-le64.cache-4
7f23904cb000-7f23904cd000 r--s 00000000 08:03 392427                     /var/cache/fontconfig/4b14b093aebc79c320de5e86ae1d3314-le64.cache-4
7f23904cd000-7f23904e0000 r--s 00000000 08:03 392447                     /var/cache/fontconfig/d52a8644073d54c13679302ca1180695-le64.cache-4
7f23904e0000-7f23904e8000 r--s 00000000 08:03 392440                     /var/cache/fontconfig/105b9c7e6f0a4f82d8c9b6e39c52c6f9-le64.cache-4
7f23904e8000-7f23904f2000 r--s 00000000 08:03 400196                     /var/cache/fontconfig/3f7329c5293ffd510edef78f73874cfd-le64.cache-4
7f23904f2000-7f2390504000 r--s 00000000 08:03 394504                     /var/cache/fontconfig/9b89f8e3dae116d678bbf48e5f21f69b-le64.cache-4
7f2390504000-7f2390512000 r--s 00000000 08:03 394501                     /var/cache/fontconfig/e13b20fdb08344e0e664864cc2ede53d-le64.cache-4
7f2390566000-7f2390569000 ---p 00000000 00:00 0 
7f2390569000-7f2390667000 rw-p 00000000 00:00 0 
7f2390667000-7f2390672000 r--s 00000000 08:03 400202                     /var/cache/fontconfig/945677eb7aeaf62f1d50efc3fb3ec7d8-le64.cache-4
7f2390672000-7f2390675000 r--s 00000000 08:03 400201                     /var/cache/fontconfig/f24b2111ab8703b4e963115a8cf14259-le64.cache-4
7f2390675000-7f2390679000 r--s 00000000 08:03 392458                     /var/cache/fontconfig/de156ccd2eddbdc19d37a45b8b2aac9c-le64.cache-4
7f2390679000-7f239067a000 r--s 00000000 08:03 400200                     /var/cache/fontconfig/9451a55048e8dbe8633e64d34165fdf2-le64.cache-4
7f239067a000-7f239067c000 r--s 00000000 08:03 400199                     /var/cache/fontconfig/69fb4bbe1b2fa860e172a32ebf28505c-le64.cache-4
7f239067c000-7f239067d000 r--s 00000000 08:03 392428                     /var/cache/fontconfig/4794a0821666d79190d59a36cb4f44b5-le64.cache-4
7f239067d000-7f23906bf000 r--s 00000000 08:03 400198                     /var/cache/fontconfig/0bd3dc0958fa2205aaaa8ebb13e2872b-le64.cache-4
7f23906bf000-7f23906c5000 r--s 00000000 08:03 392449                     /var/cache/fontconfig/3047814df9a2f067bd2d96a2b9c36e5a-le64.cache-4
7f23906c5000-7f23906cd000 r--s 00000000 08:03 392866                     /var/cache/fontconfig/bf3b770c553c462765856025a94f1ce6-le64.cache-4
7f23906cd000-7f23906cf000 r--s 00000000 08:03 400197                     /var/cache/fontconfig/a0107c79d978dfcc5e42cb1335b71036-le64.cache-4
7f23906cf000-7f23906d2000 r--s 00000000 08:03 392448                     /var/cache/fontconfig/e49e89034d371f0f9de17aab02136486-le64.cache-4
7f23906d2000-7f23906d4000 r--s 00000000 08:03 392427                     /var/cache/fontconfig/4b14b093aebc79c320de5e86ae1d3314-le64.cache-4
7f23906d4000-7f23906e7000 r--s 00000000 08:03 392447                     /var/cache/fontconfig/d52a8644073d54c13679302ca1180695-le64.cache-4
7f23906e7000-7f23906f1000 r--s 00000000 08:03 400196                     /var/cache/fontconfig/3f7329c5293ffd510edef78f73874cfd-le64.cache-4
7f23906f1000-7f23906fd000 r--s 00000000 08:03 392446                     /var/cache/fontconfig/d589a48862398ed80a3d6066f4f56f4c-le64.cache-4
7f23906fd000-7f239070f000 r--s 00000000 08:03 394504                     /var/cache/fontconfig/9b89f8e3dae116d678bbf48e5f21f69b-le64.cache-4
7f239070f000-7f239071d000 r--s 00000000 08:03 394501                     /var/cache/fontconfig/e13b20fdb08344e0e664864cc2ede53d-le64.cache-4
7f2390720000-7f2390723000 ---p 00000000 00:00 0 
7f2390723000-7f2390821000 rw-p 00000000 00:00 0 
7f2390821000-7f2390a21000 rw-p 00000000 00:00 0 
7f2390a21000-7f2390a24000 ---p 00000000 00:00 0 
7f2390a24000-7f2390b22000 rw-p 00000000 00:00 0 
7f2390b22000-7f2390b25000 ---p 00000000 00:00 0 
7f2390b25000-7f2390c23000 rw-p 00000000 00:00 0 
7f2390c23000-7f2390c34000 r-xp 00000000 08:06 139947                     /home/stark28/Programas/jdk1.8.0_101/jre/lib/amd64/libnio.so
7f2390c34000-7f2390e33000 ---p 00011000 08:06 139947                     /home/stark28/Programas/jdk1.8.0_101/jre/lib/amd64/libnio.so
7f2390e33000-7f2390e34000 rw-p 00010000 08:06 139947                     /home/stark28/Programas/jdk1.8.0_101/jre/lib/amd64/libnio.so
7f2390e34000-7f2390e3c000 r--s 00000000 08:03 392440                     /var/cache/fontconfig/105b9c7e6f0a4f82d8c9b6e39c52c6f9-le64.cache-4
7f2390e3c000-7f2390e3e000 r--s 00000000 08:03 400195                     /var/cache/fontconfig/7ef2298fde41cc6eeb7af42e48b7d293-le64.cache-4
7f2390e3e000-7f2390e40000 r--s 00000000 08:03 394499                     /var/cache/fontconfig/452f1fac34b224105d7acfae3034bcd5-le64.cache-4
7f2390e40000-7f2390e41000 r--s 00000000 08:03 406116                     /var/cache/fontconfig/e0aa53bcfa504e64f87823c16bc01eb6-le64.cache-4
7f2390e41000-7f2390e5f000 r--s 00000000 08:03 406113                     /var/cache/fontconfig/467c019e582ee353435ea5c21d137ef6-le64.cache-4
7f2390e5f000-7f2390e75000 r-xp 00000000 08:06 139948                     /home/stark28/Programas/jdk1.8.0_101/jre/lib/amd64/libnet.so
7f2390e75000-7f2391075000 ---p 00016000 08:06 139948                     /home/stark28/Programas/jdk1.8.0_101/jre/lib/amd64/libnet.so
7f2391075000-7f2391076000 rw-p 00016000 08:06 139948                     /home/stark28/Programas/jdk1.8.0_101/jre/lib/amd64/libnet.so
7f2391076000-7f2391079000 ---p 00000000 00:00 0 
7f2391079000-7f2391177000 rw-p 00000000 00:00 0 
7f2391177000-7f239117c000 r-xp 00000000 08:03 10735                      /usr/lib/x86_64-linux-gnu/libXfixes.so.3.1.0
7f239117c000-7f239137b000 ---p 00005000 08:03 10735                      /usr/lib/x86_64-linux-gnu/libXfixes.so.3.1.0
7f239137b000-7f239137c000 r--p 00004000 08:03 10735                      /usr/lib/x86_64-linux-gnu/libXfixes.so.3.1.0
7f239137c000-7f239137d000 rw-p 00005000 08:03 10735                      /usr/lib/x86_64-linux-gnu/libXfixes.so.3.1.0
7f239137d000-7f2391387000 r-xp 00000000 08:03 11306                      /usr/lib/x86_64-linux-gnu/libXcursor.so.1.0.2
7f2391387000-7f2391586000 ---p 0000a000 08:03 11306                      /usr/lib/x86_64-linux-gnu/libXcursor.so.1.0.2
7f2391586000-7f2391587000 r--p 00009000 08:03 11306                      /usr/lib/x86_64-linux-gnu/libXcursor.so.1.0.2
7f2391587000-7f2391588000 rw-p 0000a000 08:03 11306                      /usr/lib/x86_64-linux-gnu/libXcursor.so.1.0.2
7f2391588000-7f239158b000 ---p 00000000 00:00 0 
7f239158b000-7f2391689000 rw-p 00000000 00:00 0 
7f2391689000-7f239169f000 r-xp 00000000 08:03 151199                     /lib/x86_64-linux-gnu/libgcc_s.so.1
7f239169f000-7f239189e000 ---p 00016000 08:03 151199                     /lib/x86_64-linux-gnu/libgcc_s.so.1
7f239189e000-7f239189f000 r--p 00015000 08:03 151199                     /lib/x86_64-linux-gnu/libgcc_s.so.1
7f239189f000-7f23918a0000 rw-p 00016000 08:03 151199                     /lib/x86_64-linux-gnu/libgcc_s.so.1
7f23918a0000-7f23918a1000 r--s 00000000 08:03 392428                     /var/cache/fontconfig/4794a0821666d79190d59a36cb4f44b5-le64.cache-4
7f23918a1000-7f23918ad000 r--s 00000000 08:03 392446                     /var/cache/fontconfig/d589a48862398ed80a3d6066f4f56f4c-le64.cache-4
7f23918ad000-7f23918cb000 r--s 00000000 08:03 406113                     /var/cache/fontconfig/467c019e582ee353435ea5c21d137ef6-le64.cache-4
7f23918cb000-7f2391930000 r-xp 00000000 08:06 139791                     /home/stark28/Programas/jdk1.8.0_101/jre/lib/amd64/libfontmanager.so
7f2391930000-7f2391b2f000 ---p 00065000 08:06 139791                     /home/stark28/Programas/jdk1.8.0_101/jre/lib/amd64/libfontmanager.so
7f2391b2f000-7f2391b34000 rw-p 00064000 08:06 139791                     /home/stark28/Programas/jdk1.8.0_101/jre/lib/amd64/libfontmanager.so
7f2391b34000-7f2391b44000 rw-p 00000000 00:00 0 
7f2391b44000-7f2391b4b000 r--s 00000000 08:03 41476                      /usr/lib/x86_64-linux-gnu/gconv/gconv-modules.cache
7f2391b4b000-7f2391b5e000 r-xp 00000000 08:03 130464                     /lib/x86_64-linux-gnu/libbsd.so.0.8.3
7f2391b5e000-7f2391d5e000 ---p 00013000 08:03 130464                     /lib/x86_64-linux-gnu/libbsd.so.0.8.3
7f2391d5e000-7f2391d5f000 r--p 00013000 08:03 130464                     /lib/x86_64-linux-gnu/libbsd.so.0.8.3
7f2391d5f000-7f2391d60000 rw-p 00014000 08:03 130464                     /lib/x86_64-linux-gnu/libbsd.so.0.8.3
7f2391d60000-7f2391d61000 rw-p 00000000 00:00 0 
7f2391d61000-7f2391d66000 r-xp 00000000 08:03 3757                       /usr/lib/x86_64-linux-gnu/libXdmcp.so.6.0.0
7f2391d66000-7f2391f65000 ---p 00005000 08:03 3757                       /usr/lib/x86_64-linux-gnu/libXdmcp.so.6.0.0
7f2391f65000-7f2391f66000 r--p 00004000 08:03 3757                       /usr/lib/x86_64-linux-gnu/libXdmcp.so.6.0.0
7f2391f66000-7f2391f67000 rw-p 00005000 08:03 3757                       /usr/lib/x86_64-linux-gnu/libXdmcp.so.6.0.0
7f2391f67000-7f2391f6a000 r-xp 00000000 08:03 8319                       /usr/lib/x86_64-linux-gnu/libXau.so.6.0.0
7f2391f6a000-7f2392169000 ---p 00003000 08:03 8319                       /usr/lib/x86_64-linux-gnu/libXau.so.6.0.0
7f2392169000-7f239216a000 r--p 00002000 08:03 8319                       /usr/lib/x86_64-linux-gnu/libXau.so.6.0.0
7f239216a000-7f239216b000 rw-p 00003000 08:03 8319                       /usr/lib/x86_64-linux-gnu/libXau.so.6.0.0
7f239216b000-7f2392192000 r-xp 00000000 08:03 8774                       /usr/lib/x86_64-linux-gnu/libxcb.so.1.1.0
7f2392192000-7f2392391000 ---p 00027000 08:03 8774                       /usr/lib/x86_64-linux-gnu/libxcb.so.1.1.0
7f2392391000-7f2392392000 r--p 00026000 08:03 8774                       /usr/lib/x86_64-linux-gnu/libxcb.so.1.1.0
7f2392392000-7f2392393000 rw-p 00027000 08:03 8774                       /usr/lib/x86_64-linux-gnu/libxcb.so.1.1.0
7f2392393000-7f23923a2000 r-xp 00000000 08:03 11308                      /usr/lib/x86_64-linux-gnu/libXi.so.6.1.0
7f23923a2000-7f23925a1000 ---p 0000f000 08:03 11308                      /usr/lib/x86_64-linux-gnu/libXi.so.6.1.0
7f23925a1000-7f23925a2000 r--p 0000e000 08:03 11308                      /usr/lib/x86_64-linux-gnu/libXi.so.6.1.0
7f23925a2000-7f23925a3000 rw-p 0000f000 08:03 11308                      /usr/lib/x86_64-linux-gnu/libXi.so.6.1.0
7f23925a3000-7f23925a8000 r-xp 00000000 08:03 24510                      /usr/lib/x86_64-linux-gnu/libXtst.so.6.1.0
7f23925a8000-7f23927a7000 ---p 00005000 08:03 24510                      /usr/lib/x86_64-linux-gnu/libXtst.so.6.1.0
7f23927a7000-7f23927a8000 r--p 00004000 08:03 24510                      /usr/lib/x86_64-linux-gnu/libXtst.so.6.1.0
7f23927a8000-7f23927a9000 rw-p 00005000 08:03 24510                      /usr/lib/x86_64-linux-gnu/libXtst.so.6.1.0
7f23927a9000-7f23927b2000 r-xp 00000000 08:03 8157                       /usr/lib/x86_64-linux-gnu/libXrender.so.1.3.0
7f23927b2000-7f23929b1000 ---p 00009000 08:03 8157                       /usr/lib/x86_64-linux-gnu/libXrender.so.1.3.0
7f23929b1000-7f23929b2000 r--p 00008000 08:03 8157                       /usr/lib/x86_64-linux-gnu/libXrender.so.1.3.0
7f23929b2000-7f23929b3000 rw-p 00009000 08:03 8157                       /usr/lib/x86_64-linux-gnu/libXrender.so.1.3.0
7f23929b3000-7f2392aed000 r-xp 00000000 08:03 8788                       /usr/lib/x86_64-linux-gnu/libX11.so.6.3.0
7f2392aed000-7f2392ced000 ---p 0013a000 08:03 8788                       /usr/lib/x86_64-linux-gnu/libX11.so.6.3.0
7f2392ced000-7f2392cee000 r--p 0013a000 08:03 8788                       /usr/lib/x86_64-linux-gnu/libX11.so.6.3.0
7f2392cee000-7f2392cf3000 rw-p 0013b000 08:03 8788                       /usr/lib/x86_64-linux-gnu/libX11.so.6.3.0
7f2392cf3000-7f2392d04000 r-xp 00000000 08:03 14600                      /usr/lib/x86_64-linux-gnu/libXext.so.6.4.0
7f2392d04000-7f2392f03000 ---p 00011000 08:03 14600                      /usr/lib/x86_64-linux-gnu/libXext.so.6.4.0
7f2392f03000-7f2392f04000 r--p 00010000 08:03 14600                      /usr/lib/x86_64-linux-gnu/libXext.so.6.4.0
7f2392f04000-7f2392f05000 rw-p 00011000 08:03 14600                      /usr/lib/x86_64-linux-gnu/libXext.so.6.4.0
7f2392f05000-7f2392f07000 r--s 00000000 08:03 400195                     /var/cache/fontconfig/7ef2298fde41cc6eeb7af42e48b7d293-le64.cache-4
7f2392f07000-7f2392f09000 r--s 00000000 08:03 394499                     /var/cache/fontconfig/452f1fac34b224105d7acfae3034bcd5-le64.cache-4
7f2392f09000-7f2392f0a000 r--s 00000000 08:03 406116                     /var/cache/fontconfig/e0aa53bcfa504e64f87823c16bc01eb6-le64.cache-4
7f2392f0a000-7f2392f30000 r--p 00000000 08:03 8174                       /usr/share/locale/es/LC_MESSAGES/libc.mo
7f2392f30000-7f2392f84000 r-xp 00000000 08:06 139846                     /home/stark28/Programas/jdk1.8.0_101/jre/lib/amd64/libawt_xawt.so
7f2392f84000-7f2393184000 ---p 00054000 08:06 139846                     /home/stark28/Programas/jdk1.8.0_101/jre/lib/amd64/libawt_xawt.so
7f2393184000-7f2393188000 rw-p 00054000 08:06 139846                     /home/stark28/Programas/jdk1.8.0_101/jre/lib/amd64/libawt_xawt.so
7f2393188000-7f2393189000 rw-p 00000000 00:00 0 
7f2393189000-7f239322b000 r-xp 00000000 08:06 139950                     /home/stark28/Programas/jdk1.8.0_101/jre/lib/amd64/libawt.so
7f239322b000-7f239342b000 ---p 000a2000 08:06 139950                     /home/stark28/Programas/jdk1.8.0_101/jre/lib/amd64/libawt.so
7f239342b000-7f2393437000 rw-p 000a2000 08:06 139950                     /home/stark28/Programas/jdk1.8.0_101/jre/lib/amd64/libawt.so
7f2393437000-7f239345b000 rw-p 00000000 00:00 0 
7f239345b000-7f2393460000 r--s 002f9000 08:06 139995                     /home/stark28/Programas/jdk1.8.0_101/jre/lib/charsets.jar
7f2393460000-7f239346d000 r--s 0131e000 08:06 151486                     /home/stark28/librerias para desarrollo/javacv-bin/opencv-ios-x86_64.jar
7f239346d000-7f239347a000 r--s 0116e000 08:06 151508                     /home/stark28/librerias para desarrollo/javacv-bin/opencv-ios-arm64.jar
7f239347a000-7f2393485000 r--s 0172e000 08:06 151543                     /home/stark28/librerias para desarrollo/javacv-bin/opencv-android-x86_64.jar
7f2393485000-7f239348f000 r--s 0175a000 08:06 151456                     /home/stark28/librerias para desarrollo/javacv-bin/opencv-android-x86.jar
7f239348f000-7f239349a000 r--s 0155f000 08:06 151498                     /home/stark28/librerias para desarrollo/javacv-bin/opencv-android-arm64.jar
7f239349a000-7f23934a6000 r--s 01285000 08:06 151471                     /home/stark28/librerias para desarrollo/javacv-bin/opencv-android-arm.jar
7f23934a6000-7f23934a8000 r--s 000ec000 08:06 151504                     /home/stark28/librerias para desarrollo/javacv-bin/libfreenect2-windows-x86_64.jar
7f23934a8000-7f23934a9000 r--s 0005b000 08:06 151473                     /home/stark28/librerias para desarrollo/javacv-bin/libfreenect2-macosx-x86_64.jar
7f23934a9000-7f23934aa000 r--s 0001c000 08:06 151445                     /home/stark28/librerias para desarrollo/javacv-bin/videoinput-windows-x86_64.jar
7f23934aa000-7f23934ac000 r--s 00017000 08:06 151481                     /home/stark28/librerias para desarrollo/javacv-bin/videoinput-windows-x86.jar
7f23934ac000-7f23934ad000 r--s 00000000 08:06 151530                     /home/stark28/librerias para desarrollo/javacv-bin/videoinput-platform.jar
7f23934ad000-7f23934af000 r--s 000e0000 08:06 151444                     /home/stark28/librerias para desarrollo/javacv-bin/librealsense-windows-x86_64.jar
7f23934af000-7f23934b1000 r--s 000bb000 08:06 151527                     /home/stark28/librerias para desarrollo/javacv-bin/librealsense-windows-x86.jar
7f23934b1000-7f23934b2000 r--s 0007b000 08:06 151511                     /home/stark28/librerias para desarrollo/javacv-bin/librealsense-macosx-x86_64.jar
7f23934b2000-7f23934b3000 r--s 00073000 08:06 151475                     /home/stark28/librerias para desarrollo/javacv-bin/librealsense-linux-x86_64.jar
7f23934b3000-7f23934b4000 r--s 00071000 08:06 151542                     /home/stark28/librerias para desarrollo/javacv-bin/librealsense-linux-x86.jar
7f23934b4000-7f23934b5000 r--s 00000000 08:06 151529                     /home/stark28/librerias para desarrollo/javacv-bin/librealsense-platform.jar
7f23934b5000-7f23934b6000 r--s 00081000 08:06 151515                     /home/stark28/librerias para desarrollo/javacv-bin/libfreenect2-linux-x86_64.jar
7f23934b6000-7f23934b7000 r--s 0007b000 08:06 151528                     /home/stark28/librerias para desarrollo/javacv-bin/libfreenect2-linux-x86.jar
7f23934b7000-7f23934b8000 r--s 00000000 08:06 151483                     /home/stark28/librerias para desarrollo/javacv-bin/libfreenect2-platform.jar
7f23934b8000-7f23934b9000 r--s 00033000 08:06 151474                     /home/stark28/librerias para desarrollo/javacv-bin/libfreenect-windows-x86_64.jar
7f23934b9000-7f23934ba000 r--s 0002b000 08:06 151469                     /home/stark28/librerias para desarrollo/javacv-bin/libfreenect-windows-x86.jar
7f23934ba000-7f23934bb000 r--s 0001a000 08:06 151442                     /home/stark28/librerias para desarrollo/javacv-bin/libfreenect-macosx-x86_64.jar
7f23934bb000-7f23934bd000 r--s 00037000 08:06 151460                     /home/stark28/librerias para desarrollo/javacv-bin/libfreenect-linux-ppc64le.jar
7f23934bd000-7f23934be000 r--s 0001b000 08:06 151464                     /home/stark28/librerias para desarrollo/javacv-bin/libfreenect-linux-armhf.jar
7f23934be000-7f23934c0000 r--s 00031000 08:06 151480                     /home/stark28/librerias para desarrollo/javacv-bin/libfreenect-linux-x86_64.jar
7f23934c0000-7f23934c1000 r--s 0002f000 08:06 151448                     /home/stark28/librerias para desarrollo/javacv-bin/libfreenect-linux-x86.jar
7f23934c1000-7f23934c2000 r--s 00000000 08:06 151510                     /home/stark28/librerias para desarrollo/javacv-bin/libfreenect-platform.jar
7f23934c2000-7f23934c3000 r--s 0002c000 08:06 151450                     /home/stark28/librerias para desarrollo/javacv-bin/libdc1394-windows-x86_64.jar
7f23934c3000-7f23934c4000 r--s 00030000 08:06 151454                     /home/stark28/librerias para desarrollo/javacv-bin/libdc1394-windows-x86.jar
7f23934c4000-7f23934c5000 r--s 0002d000 08:06 151493                     /home/stark28/librerias para desarrollo/javacv-bin/libdc1394-macosx-x86_64.jar
7f23934c5000-7f23934c7000 r--s 00025000 08:06 151537                     /home/stark28/librerias para desarrollo/javacv-bin/libdc1394-linux-ppc64le.jar
7f23934c7000-7f23934c8000 r--s 00020000 08:06 151452                     /home/stark28/librerias para desarrollo/javacv-bin/libdc1394-linux-armhf.jar
7f23934c8000-7f23934c9000 r--s 00027000 08:06 151465                     /home/stark28/librerias para desarrollo/javacv-bin/libdc1394-linux-x86_64.jar
7f23934c9000-7f23934ca000 r--s 00024000 08:06 151501                     /home/stark28/librerias para desarrollo/javacv-bin/libdc1394-linux-x86.jar
7f23934ca000-7f23934cb000 r--s 00000000 08:06 151440                     /home/stark28/librerias para desarrollo/javacv-bin/libdc1394-platform.jar
7f23934cb000-7f23934da000 r--s 013df000 08:06 151484                     /home/stark28/librerias para desarrollo/javacv-bin/opencv-windows-x86_64.jar
7f23934da000-7f23934e8000 r--s 01109000 08:06 151536                     /home/stark28/librerias para desarrollo/javacv-bin/opencv-windows-x86.jar
7f23934e8000-7f23934f6000 r--s 01177000 08:06 151488                     /home/stark28/librerias para desarrollo/javacv-bin/opencv-macosx-x86_64.jar
7f23934f6000-7f2393503000 r--s 0125a000 08:06 151534                     /home/stark28/librerias para desarrollo/javacv-bin/opencv-linux-ppc64le.jar
7f2393503000-7f2393510000 r--s 0107a000 08:06 151496                     /home/stark28/librerias para desarrollo/javacv-bin/opencv-linux-armhf.jar
7f2393510000-7f239351e000 r--s 01084000 08:06 151478                     /home/stark28/librerias para desarrollo/javacv-bin/opencv-linux-x86_64.jar
7f239351e000-7f239352b000 r--s 0104b000 08:06 151503                     /home/stark28/librerias para desarrollo/javacv-bin/opencv-linux-x86.jar
7f239352b000-7f239352c000 r--s 00000000 08:06 151447                     /home/stark28/librerias para desarrollo/javacv-bin/opencv-platform.jar
7f239352c000-7f239352e000 r--s 00003000 08:06 151461                     /home/stark28/librerias para desarrollo/javacv-bin/videoinput.jar
7f239352e000-7f2393531000 r--s 0000a000 08:06 151517                     /home/stark28/librerias para desarrollo/javacv-bin/librealsense.jar
7f2393531000-7f2393532000 r--s 00005000 08:06 151470                     /home/stark28/librerias para desarrollo/javacv-bin/libfreenect2.jar
7f2393532000-7f2393534000 r--s 00004000 08:06 151489                     /home/stark28/librerias para desarrollo/javacv-bin/libfreenect.jar
7f2393534000-7f2393536000 r--s 00006000 08:06 151532                     /home/stark28/librerias para desarrollo/javacv-bin/libdc1394.jar
7f2393536000-7f2393554000 r--s 0014a000 08:06 151505                     /home/stark28/librerias para desarrollo/javacv-bin/opencv.jar
7f2393554000-7f2393559000 r--s 0005c000 08:06 151520                     /home/stark28/librerias para desarrollo/javacv-bin/javacv.jar
7f2393559000-7f239355a000 r--s 00000000 08:06 151459                     /home/stark28/librerias para desarrollo/javacv-bin/javacv-platform.jar
7f239355a000-7f239355b000 r--s 00034000 08:06 151535                     /home/stark28/librerias para desarrollo/javacv-bin/flycapture-windows-x86_64.jar
7f239355b000-7f239355c000 r--s 00028000 08:06 151490                     /home/stark28/librerias para desarrollo/javacv-bin/flycapture-windows-x86.jar
7f239355c000-7f239355d000 ---p 00000000 00:00 0 
7f239355d000-7f239365d000 rw-p 00000000 00:00 0 
7f239365d000-7f2393660000 ---p 00000000 00:00 0 
7f2393660000-7f239375e000 rw-p 00000000 00:00 0 
7f239375e000-7f2393761000 ---p 00000000 00:00 0 
7f2393761000-7f239385f000 rw-p 00000000 00:00 0 
7f239385f000-7f2393862000 ---p 00000000 00:00 0 
7f2393862000-7f2393960000 rw-p 00000000 00:00 0 
7f2393960000-7f2393963000 ---p 00000000 00:00 0 
7f2393963000-7f2393a61000 rw-p 00000000 00:00 0 
7f2393a61000-7f2393a64000 ---p 00000000 00:00 0 
7f2393a64000-7f2393b62000 rw-p 00000000 00:00 0 
7f2393b62000-7f2393cfd000 r--p 00000000 08:03 15929                      /usr/lib/locale/locale-archive
7f2393cfd000-7f2393d00000 ---p 00000000 00:00 0 
7f2393d00000-7f2393dfe000 rw-p 00000000 00:00 0 
7f2393dfe000-7f2393e01000 ---p 00000000 00:00 0 
7f2393e01000-7f2393eff000 rw-p 00000000 00:00 0 
7f2393eff000-7f2393f00000 ---p 00000000 00:00 0 
7f2393f00000-7f2394000000 rw-p 00000000 00:00 0 
7f2394000000-7f2394021000 rw-p 00000000 00:00 0 
7f2394021000-7f2398000000 ---p 00000000 00:00 0 
7f2398000000-7f2398004000 r--s 0001d000 08:06 151476                     /home/stark28/librerias para desarrollo/javacv-bin/flycapture.jar
7f2398004000-7f2398005000 r--s 00000000 08:06 151482                     /home/stark28/librerias para desarrollo/javacv-bin/flycapture-platform.jar
7f2398005000-7f2398007000 r--s 00042000 08:06 151525                     /home/stark28/librerias para desarrollo/javacv-bin/flycapture-linux-x86_64.jar
7f2398007000-7f2398008000 r--s 0003d000 08:06 151492                     /home/stark28/librerias para desarrollo/javacv-bin/flycapture-linux-x86.jar
7f2398008000-7f2398009000 r--s 00032000 08:06 151453                     /home/stark28/librerias para desarrollo/javacv-bin/flycapture-linux-armhf.jar
7f2398009000-7f239800a000 r--s 0000a000 08:06 151451                     /home/stark28/librerias para desarrollo/javacv-bin/flandmark-windows-x86_64.jar
7f239800a000-7f239800b000 r--s 00008000 08:06 151466                     /home/stark28/librerias para desarrollo/javacv-bin/flandmark-windows-x86.jar
7f239800b000-7f239800c000 r--s 00002000 08:06 151521                     /home/stark28/librerias para desarrollo/javacv-bin/flandmark.jar
7f239800c000-7f239800d000 r--s 00000000 08:06 151507                     /home/stark28/librerias para desarrollo/javacv-bin/flandmark-platform.jar
7f239800d000-7f239800f000 r--s 0000a000 08:06 151514                     /home/stark28/librerias para desarrollo/javacv-bin/flandmark-macosx-x86_64.jar
7f239800f000-7f2398011000 r--s 0000a000 08:06 151463                     /home/stark28/librerias para desarrollo/javacv-bin/flandmark-linux-x86_64.jar
7f2398011000-7f2398013000 r--s 0000a000 08:06 151526                     /home/stark28/librerias para desarrollo/javacv-bin/flandmark-linux-x86.jar
7f2398013000-7f2398015000 r--s 0000b000 08:06 151524                     /home/stark28/librerias para desarrollo/javacv-bin/flandmark-linux-ppc64le.jar
7f2398015000-7f2398016000 r--s 00009000 08:06 151539                     /home/stark28/librerias para desarrollo/javacv-bin/flandmark-linux-armhf.jar
7f2398016000-7f2398018000 r--s 0000a000 08:06 151497                     /home/stark28/librerias para desarrollo/javacv-bin/flandmark-android-x86_64.jar
7f2398018000-7f2398019000 r--s 0000b000 08:06 151491                     /home/stark28/librerias para desarrollo/javacv-bin/flandmark-android-x86.jar
7f2398019000-7f239801a000 r--s 0000a000 08:06 151531                     /home/stark28/librerias para desarrollo/javacv-bin/flandmark-android-arm64.jar
7f239801a000-7f239801b000 r--s 00009000 08:06 151519                     /home/stark28/librerias para desarrollo/javacv-bin/flandmark-android-arm.jar
7f239801b000-7f239801d000 r--s 00d80000 08:06 151487                     /home/stark28/librerias para desarrollo/javacv-bin/ffmpeg-windows-x86_64.jar
7f239801d000-7f239801e000 r--s 00d17000 08:06 151516                     /home/stark28/librerias para desarrollo/javacv-bin/ffmpeg-windows-x86.jar
7f239801e000-7f2398025000 r--s 00035000 08:06 151441                     /home/stark28/librerias para desarrollo/javacv-bin/ffmpeg.jar
7f2398025000-7f2398026000 r--s 00000000 08:06 151518                     /home/stark28/librerias para desarrollo/javacv-bin/ffmpeg-platform.jar
7f2398026000-7f2398028000 r--s 00bf4000 08:06 151494                     /home/stark28/librerias para desarrollo/javacv-bin/ffmpeg-macosx-x86_64.jar
7f2398028000-7f2398029000 r--s 00ca2000 08:06 151506                     /home/stark28/librerias para desarrollo/javacv-bin/ffmpeg-linux-x86_64.jar
7f2398029000-7f239802b000 r--s 00be1000 08:06 151502                     /home/stark28/librerias para desarrollo/javacv-bin/ffmpeg-linux-x86.jar
7f239802b000-7f239802c000 r--s 00d9c000 08:06 151455                     /home/stark28/librerias para desarrollo/javacv-bin/ffmpeg-linux-ppc64le.jar
7f239802c000-7f239802d000 r--s 00b29000 08:06 151512                     /home/stark28/librerias para desarrollo/javacv-bin/ffmpeg-linux-armhf.jar
7f239802d000-7f2398042000 r--s 000ef000 08:06 132728                     /home/stark28/librerias para desarrollo/mongo/mongodb-driver-core-3.4.3.jar
7f2398042000-7f2398060000 r--s 0017b000 08:06 132726                     /home/stark28/librerias para desarrollo/mongo/mongo-java-driver-3.4.3.jar
7f2398060000-7f2399000000 rw-p 00000000 00:00 0 
7f2399000000-7f2399580000 rwxp 00000000 00:00 0 
7f2399580000-7f23a8000000 ---p 00000000 00:00 0 
7f23a8000000-7f23a87fd000 rw-p 00000000 00:00 0 
7f23a87fd000-7f23ac000000 ---p 00000000 00:00 0 
7f23ac000000-7f23ac001000 r--s 00c14000 08:06 151522                     /home/stark28/librerias para desarrollo/javacv-bin/ffmpeg-android-x86_64.jar
7f23ac001000-7f23ac003000 r--s 00c41000 08:06 151533                     /home/stark28/librerias para desarrollo/javacv-bin/ffmpeg-android-x86.jar
7f23ac003000-7f23ac004000 r--s 00c9f000 08:06 151462                     /home/stark28/librerias para desarrollo/javacv-bin/ffmpeg-android-arm64.jar
7f23ac004000-7f23ac006000 r--s 00c47000 08:06 151523                     /home/stark28/librerias para desarrollo/javacv-bin/ffmpeg-android-arm.jar
7f23ac006000-7f23ac007000 r--s 00027000 08:06 151449                     /home/stark28/librerias para desarrollo/javacv-bin/artoolkitplus-windows-x86_64.jar
7f23ac007000-7f23ac028000 rw-p 00000000 00:00 0 
7f23ac028000-7f23ac201000 r--s 03d29000 08:06 140096                     /home/stark28/Programas/jdk1.8.0_101/jre/lib/rt.jar
7f23ac201000-7f23ac277000 rw-p 00000000 00:00 0 
7f23ac277000-7f23ae1b5000 rw-p 00000000 00:00 0 
7f23ae1b5000-7f23ae1b6000 ---p 00000000 00:00 0 
7f23ae1b6000-7f23ae2b6000 rw-p 00000000 00:00 0 
7f23ae2b6000-7f23ae2b7000 ---p 00000000 00:00 0 
7f23ae2b7000-7f23ae3b7000 rw-p 00000000 00:00 0 
7f23ae3b7000-7f23ae3b8000 ---p 00000000 00:00 0 
7f23ae3b8000-7f23ae4b8000 rw-p 00000000 00:00 0 
7f23ae4b8000-7f23ae4b9000 ---p 00000000 00:00 0 
7f23ae4b9000-7f23ae5b9000 rw-p 00000000 00:00 0 
7f23ae5b9000-7f23ae5c8000 rw-p 00000000 00:00 0 
7f23ae5c8000-7f23ae6a3000 ---p 00000000 00:00 0 
7f23ae6a3000-7f23ae6b2000 rw-p 00000000 00:00 0 
7f23ae6b2000-7f23ae78c000 ---p 00000000 00:00 0 
7f23ae78c000-7f23ae79c000 rw-p 00000000 00:00 0 
7f23ae79c000-7f23ae801000 ---p 00000000 00:00 0 
7f23ae801000-7f23ae818000 rw-p 00000000 00:00 0 
7f23ae818000-7f23aebc2000 ---p 00000000 00:00 0 
7f23aebc2000-7f23aebdc000 r-xp 00000000 08:06 139946                     /home/stark28/Programas/jdk1.8.0_101/jre/lib/amd64/libzip.so
7f23aebdc000-7f23aeddc000 ---p 0001a000 08:06 139946                     /home/stark28/Programas/jdk1.8.0_101/jre/lib/amd64/libzip.so
7f23aeddc000-7f23aeddd000 rw-p 0001a000 08:06 139946                     /home/stark28/Programas/jdk1.8.0_101/jre/lib/amd64/libzip.so
7f23aeddd000-7f23aede7000 r-xp 00000000 08:03 155479                     /lib/x86_64-linux-gnu/libnss_files-2.24.so
7f23aede7000-7f23aefe7000 ---p 0000a000 08:03 155479                     /lib/x86_64-linux-gnu/libnss_files-2.24.so
7f23aefe7000-7f23aefe8000 r--p 0000a000 08:03 155479                     /lib/x86_64-linux-gnu/libnss_files-2.24.so
7f23aefe8000-7f23aefe9000 rw-p 0000b000 08:03 155479                     /lib/x86_64-linux-gnu/libnss_files-2.24.so
7f23aefe9000-7f23aefef000 rw-p 00000000 00:00 0 
7f23aefef000-7f23aeffa000 r-xp 00000000 08:03 155481                     /lib/x86_64-linux-gnu/libnss_nis-2.24.so
7f23aeffa000-7f23af1f9000 ---p 0000b000 08:03 155481                     /lib/x86_64-linux-gnu/libnss_nis-2.24.so
7f23af1f9000-7f23af1fa000 r--p 0000a000 08:03 155481                     /lib/x86_64-linux-gnu/libnss_nis-2.24.so
7f23af1fa000-7f23af1fb000 rw-p 0000b000 08:03 155481                     /lib/x86_64-linux-gnu/libnss_nis-2.24.so
7f23af1fb000-7f23af20f000 r-xp 00000000 08:03 155476                     /lib/x86_64-linux-gnu/libnsl-2.24.so
7f23af20f000-7f23af40f000 ---p 00014000 08:03 155476                     /lib/x86_64-linux-gnu/libnsl-2.24.so
7f23af40f000-7f23af410000 r--p 00014000 08:03 155476                     /lib/x86_64-linux-gnu/libnsl-2.24.so
7f23af410000-7f23af411000 rw-p 00015000 08:03 155476                     /lib/x86_64-linux-gnu/libnsl-2.24.so
7f23af411000-7f23af413000 rw-p 00000000 00:00 0 
7f23af413000-7f23af41a000 r-xp 00000000 08:03 155477                     /lib/x86_64-linux-gnu/libnss_compat-2.24.so
7f23af41a000-7f23af619000 ---p 00007000 08:03 155477                     /lib/x86_64-linux-gnu/libnss_compat-2.24.so
7f23af619000-7f23af61a000 r--p 00006000 08:03 155477                     /lib/x86_64-linux-gnu/libnss_compat-2.24.so
7f23af61a000-7f23af61b000 rw-p 00007000 08:03 155477                     /lib/x86_64-linux-gnu/libnss_compat-2.24.so
7f23af61b000-7f23af645000 r-xp 00000000 08:06 139922                     /home/stark28/Programas/jdk1.8.0_101/jre/lib/amd64/libjava.so
7f23af645000-7f23af845000 ---p 0002a000 08:06 139922                     /home/stark28/Programas/jdk1.8.0_101/jre/lib/amd64/libjava.so
7f23af845000-7f23af847000 rw-p 0002a000 08:06 139922                     /home/stark28/Programas/jdk1.8.0_101/jre/lib/amd64/libjava.so
7f23af847000-7f23af854000 r-xp 00000000 08:06 139887                     /home/stark28/Programas/jdk1.8.0_101/jre/lib/amd64/libverify.so
7f23af854000-7f23afa54000 ---p 0000d000 08:06 139887                     /home/stark28/Programas/jdk1.8.0_101/jre/lib/amd64/libverify.so
7f23afa54000-7f23afa56000 rw-p 0000d000 08:06 139887                     /home/stark28/Programas/jdk1.8.0_101/jre/lib/amd64/libverify.so
7f23afa56000-7f23afa5d000 r-xp 00000000 08:03 155486                     /lib/x86_64-linux-gnu/librt-2.24.so
7f23afa5d000-7f23afc5c000 ---p 00007000 08:03 155486                     /lib/x86_64-linux-gnu/librt-2.24.so
7f23afc5c000-7f23afc5d000 r--p 00006000 08:03 155486                     /lib/x86_64-linux-gnu/librt-2.24.so
7f23afc5d000-7f23afc5e000 rw-p 00007000 08:03 155486                     /lib/x86_64-linux-gnu/librt-2.24.so
7f23afc5e000-7f23afd61000 r-xp 00000000 08:03 155473                     /lib/x86_64-linux-gnu/libm-2.24.so
7f23afd61000-7f23aff60000 ---p 00103000 08:03 155473                     /lib/x86_64-linux-gnu/libm-2.24.so
7f23aff60000-7f23aff61000 r--p 00102000 08:03 155473                     /lib/x86_64-linux-gnu/libm-2.24.so
7f23aff61000-7f23aff62000 rw-p 00103000 08:03 155473                     /lib/x86_64-linux-gnu/libm-2.24.so
7f23aff62000-7f23b0c2d000 r-xp 00000000 08:06 139804                     /home/stark28/Programas/jdk1.8.0_101/jre/lib/amd64/server/libjvm.so
7f23b0c2d000-7f23b0e2c000 ---p 00ccb000 08:06 139804                     /home/stark28/Programas/jdk1.8.0_101/jre/lib/amd64/server/libjvm.so
7f23b0e2c000-7f23b0f05000 rw-p 00cca000 08:06 139804                     /home/stark28/Programas/jdk1.8.0_101/jre/lib/amd64/server/libjvm.so
7f23b0f05000-7f23b0f50000 rw-p 00000000 00:00 0 
7f23b0f50000-7f23b10e5000 r-xp 00000000 08:03 155469                     /lib/x86_64-linux-gnu/libc-2.24.so
7f23b10e5000-7f23b12e5000 ---p 00195000 08:03 155469                     /lib/x86_64-linux-gnu/libc-2.24.so
7f23b12e5000-7f23b12e9000 r--p 00195000 08:03 155469                     /lib/x86_64-linux-gnu/libc-2.24.so
7f23b12e9000-7f23b12eb000 rw-p 00199000 08:03 155469                     /lib/x86_64-linux-gnu/libc-2.24.so
7f23b12eb000-7f23b12ef000 rw-p 00000000 00:00 0 
7f23b12ef000-7f23b12f2000 r-xp 00000000 08:03 155472                     /lib/x86_64-linux-gnu/libdl-2.24.so
7f23b12f2000-7f23b14f1000 ---p 00003000 08:03 155472                     /lib/x86_64-linux-gnu/libdl-2.24.so
7f23b14f1000-7f23b14f2000 r--p 00002000 08:03 155472                     /lib/x86_64-linux-gnu/libdl-2.24.so
7f23b14f2000-7f23b14f3000 rw-p 00003000 08:03 155472                     /lib/x86_64-linux-gnu/libdl-2.24.so
7f23b14f3000-7f23b1508000 r-xp 00000000 08:06 139955                     /home/stark28/Programas/jdk1.8.0_101/lib/amd64/jli/libjli.so
7f23b1508000-7f23b1708000 ---p 00015000 08:06 139955                     /home/stark28/Programas/jdk1.8.0_101/lib/amd64/jli/libjli.so
7f23b1708000-7f23b1709000 rw-p 00015000 08:06 139955                     /home/stark28/Programas/jdk1.8.0_101/lib/amd64/jli/libjli.so
7f23b1709000-7f23b1721000 r-xp 00000000 08:03 155484                     /lib/x86_64-linux-gnu/libpthread-2.24.so
7f23b1721000-7f23b1920000 ---p 00018000 08:03 155484                     /lib/x86_64-linux-gnu/libpthread-2.24.so
7f23b1920000-7f23b1921000 r--p 00017000 08:03 155484                     /lib/x86_64-linux-gnu/libpthread-2.24.so
7f23b1921000-7f23b1922000 rw-p 00018000 08:03 155484                     /lib/x86_64-linux-gnu/libpthread-2.24.so
7f23b1922000-7f23b1926000 rw-p 00000000 00:00 0 
7f23b1926000-7f23b1949000 r-xp 00000000 08:03 151562                     /lib/x86_64-linux-gnu/ld-2.24.so
7f23b1949000-7f23b194a000 r--s 0001f000 08:06 151446                     /home/stark28/librerias para desarrollo/javacv-bin/artoolkitplus-windows-x86.jar
7f23b194a000-7f23b194f000 r--s 00051000 08:06 151472                     /home/stark28/librerias para desarrollo/javacv-bin/javacpp.jar
7f23b194f000-7f23b1950000 r--s 00005000 08:06 151509                     /home/stark28/librerias para desarrollo/javacv-bin/artoolkitplus.jar
7f23b1950000-7f23b1951000 r--s 00000000 08:06 151477                     /home/stark28/librerias para desarrollo/javacv-bin/artoolkitplus-platform.jar
7f23b1951000-7f23b1952000 r--s 0002b000 08:06 151479                     /home/stark28/librerias para desarrollo/javacv-bin/artoolkitplus-macosx-x86_64.jar
7f23b1952000-7f23b1953000 r--s 0002b000 08:06 151540                     /home/stark28/librerias para desarrollo/javacv-bin/artoolkitplus-linux-x86_64.jar
7f23b1953000-7f23b1a18000 rw-p 00000000 00:00 0 
7f23b1a18000-7f23b1a1b000 ---p 00000000 00:00 0 
7f23b1a1b000-7f23b1b1b000 rw-p 00000000 00:00 0 
7f23b1b1b000-7f23b1b1d000 r--s 00027000 08:06 151443                     /home/stark28/librerias para desarrollo/javacv-bin/artoolkitplus-linux-x86.jar
7f23b1b1d000-7f23b1b1e000 r--s 00030000 08:06 151499                     /home/stark28/librerias para desarrollo/javacv-bin/artoolkitplus-linux-ppc64le.jar
7f23b1b1e000-7f23b1b1f000 r--s 00023000 08:06 151513                     /home/stark28/librerias para desarrollo/javacv-bin/artoolkitplus-linux-armhf.jar
7f23b1b1f000-7f23b1b20000 r--s 00061000 08:06 151500                     /home/stark28/librerias para desarrollo/javacv-bin/artoolkitplus-android-x86_64.jar
7f23b1b20000-7f23b1b21000 r--s 00062000 08:06 151495                     /home/stark28/librerias para desarrollo/javacv-bin/artoolkitplus-android-x86.jar
7f23b1b21000-7f23b1b22000 r--s 0005c000 08:06 151538                     /home/stark28/librerias para desarrollo/javacv-bin/artoolkitplus-android-arm64.jar
7f23b1b22000-7f23b1b24000 r--s 0004c000 08:06 151437                     /home/stark28/librerias para desarrollo/javacv-bin/artoolkitplus-android-arm.jar
7f23b1b24000-7f23b1b28000 r--s 00027000 08:06 132660                     /home/stark28/librerias para desarrollo/mongo/mongodb-driver-async-3.4.3.jar
7f23b1b28000-7f23b1b2e000 r--s 00054000 08:06 132693                     /home/stark28/librerias para desarrollo/mongo/mongodb-driver-3.4.3.jar
7f23b1b2e000-7f23b1b3c000 rw-p 00000000 00:00 0 
7f23b1b3c000-7f23b1b44000 rw-s 00000000 08:03 1315220                    /tmp/hsperfdata_stark28/7680
7f23b1b44000-7f23b1b45000 rw-p 00000000 00:00 0 
7f23b1b45000-7f23b1b46000 r--p 00000000 00:00 0 
7f23b1b46000-7f23b1b49000 rw-p 00000000 00:00 0 
7f23b1b49000-7f23b1b4a000 r--p 00023000 08:03 151562                     /lib/x86_64-linux-gnu/ld-2.24.so
7f23b1b4a000-7f23b1b4b000 rw-p 00024000 08:03 151562                     /lib/x86_64-linux-gnu/ld-2.24.so
7f23b1b4b000-7f23b1b4c000 rw-p 00000000 00:00 0 
7ffd66b22000-7ffd66b45000 rw-p 00000000 00:00 0                          [stack]
7ffd66bbc000-7ffd66bbe000 r--p 00000000 00:00 0                          [vvar]
7ffd66bbe000-7ffd66bc0000 r-xp 00000000 00:00 0                          [vdso]
ffffffffff600000-ffffffffff601000 r-xp 00000000 00:00 0                  [vsyscall]

VM Arguments:
jvm_args: -Dfile.encoding=UTF-8 -Djava.library.path=/home/stark28/librerias para desarrollo/opencv-3.4.1/java/x64 
java_command: Interfaz.principal
java_class_path (initial): /home/stark28/librerias para desarrollo/mongo/mongo-java-driver-3.4.3.jar:/home/stark28/librerias para desarrollo/mongo/mongodb-driver-3.4.3.jar:/home/stark28/librerias para desarrollo/mongo/mongodb-driver-async-3.4.3.jar:/home/stark28/librerias para desarrollo/mongo/mongodb-driver-core-3.4.3.jar:/home/stark28/librerias para desarrollo/javacv-bin/artoolkitplus-android-arm.jar:/home/stark28/librerias para desarrollo/javacv-bin/artoolkitplus-android-arm64.jar:/home/stark28/librerias para desarrollo/javacv-bin/artoolkitplus-android-x86.jar:/home/stark28/librerias para desarrollo/javacv-bin/artoolkitplus-android-x86_64.jar:/home/stark28/librerias para desarrollo/javacv-bin/artoolkitplus-linux-armhf.jar:/home/stark28/librerias para desarrollo/javacv-bin/artoolkitplus-linux-ppc64le.jar:/home/stark28/librerias para desarrollo/javacv-bin/artoolkitplus-linux-x86.jar:/home/stark28/librerias para desarrollo/javacv-bin/artoolkitplus-linux-x86_64.jar:/home/stark28/librerias para desarrollo/javacv-bin/artoolkitplus-macosx-x86_64.jar:/home/stark28/librerias para desarrollo/javacv-bin/artoolkitplus-platform.jar:/home/stark28/librerias para desarrollo/javacv-bin/artoolkitplus-windows-x86.jar:/home/stark28/librerias para desarrollo/javacv-bin/artoolkitplus-windows-x86_64.jar:/home/stark28/librerias para desarrollo/javacv-bin/artoolkitplus.jar:/home/stark28/librerias para desarrollo/javacv-bin/ffmpeg-android-arm.jar:/home/stark28/librerias para desarrollo/javacv-bin/ffmpeg-android-arm64.jar:/home/stark28/librerias para desarrollo/javacv-bin/ffmpeg-android-x86.jar:/home/stark28/librerias para desarrollo/javacv-bin/ffmpeg-android-x86_64.jar:/home/stark28/librerias para desarrollo/javacv-bin/ffmpeg-linux-armhf.jar:/home/stark28/librerias para desarrollo/javacv-bin/ffmpeg-linux-ppc64le.jar:/home/stark28/librerias para desarrollo/javacv-bin/ffmpeg-linux-x86.jar:/home/stark28/librerias para desarrollo/javacv-bin/ffmpeg-linux-x86_64.jar:/home/stark28/librerias pa
Launcher Type: SUN_STANDARD

Environment Variables:
PATH=/usr/local/bin:/usr/bin:/bin:/usr/local/games:/usr/games
LD_LIBRARY_PATH=/home/stark28/Programas/jdk1.8.0_101/jre/lib/amd64:/home/stark28/Programas/jdk1.8.0_101/jre/lib/i386:
SHELL=/bin/bash
DISPLAY=:0

Signal Handlers:
SIGSEGV: [libjvm.so+0xac4790], sa_mask[0]=11111111011111111101111111111110, sa_flags=SA_RESTART|SA_SIGINFO
SIGBUS: [libjvm.so+0xac4790], sa_mask[0]=11111111011111111101111111111110, sa_flags=SA_RESTART|SA_SIGINFO
SIGFPE: [libjvm.so+0x91f140], sa_mask[0]=11111111011111111101111111111110, sa_flags=SA_RESTART|SA_SIGINFO
SIGPIPE: [libjvm.so+0x91f140], sa_mask[0]=11111111011111111101111111111110, sa_flags=SA_RESTART|SA_SIGINFO
SIGXFSZ: [libjvm.so+0x91f140], sa_mask[0]=11111111011111111101111111111110, sa_flags=SA_RESTART|SA_SIGINFO
SIGILL: [libjvm.so+0x91f140], sa_mask[0]=11111111011111111101111111111110, sa_flags=SA_RESTART|SA_SIGINFO
SIGUSR1: SIG_DFL, sa_mask[0]=00000000000000000000000000000000, sa_flags=none
SIGUSR2: [libjvm.so+0x920770], sa_mask[0]=00100000000000000000000000000000, sa_flags=SA_RESTART|SA_SIGINFO
SIGHUP: [libjvm.so+0x921b70], sa_mask[0]=11111111011111111101111111111110, sa_flags=SA_RESTART|SA_SIGINFO
SIGINT: SIG_IGN, sa_mask[0]=00000000000000000000000000000000, sa_flags=none
SIGTERM: [libjvm.so+0x921b70], sa_mask[0]=11111111011111111101111111111110, sa_flags=SA_RESTART|SA_SIGINFO
SIGQUIT: [libjvm.so+0x921b70], sa_mask[0]=11111111011111111101111111111110, sa_flags=SA_RESTART|SA_SIGINFO


---------------  S Y S T E M  ---------------

OS:PRETTY_NAME="Debian GNU/Linux 9 (stretch)"
NAME="Debian GNU/Linux"
VERSION_ID="9"
VERSION="9 (stretch)"
ID=debian
HOME_URL="https://www.debian.org/"
SUPPORT_URL="https://www.debian.org/support"
BUG_REPORT_URL="https://bugs.debian.org/"

uname:Linux 4.9.0-6-amd64 #1 SMP Debian 4.9.82-1+deb9u3 (2018-03-02) x86_64
libc:glibc 2.24 NPTL 2.24 
rlimit: STACK 8192k, CORE 0k, NPROC 11083, NOFILE 1048576, AS infinity
load average:1,64 1,67 1,78

/proc/meminfo:
MemTotal:        2861148 kB
MemFree:          493444 kB
MemAvailable:     635852 kB
Buffers:           44460 kB
Cached:           341704 kB
SwapCached:       192944 kB
Active:          1672484 kB
Inactive:         517608 kB
Active(anon):    1458848 kB
Inactive(anon):   408136 kB
Active(file):     213636 kB
Inactive(file):   109472 kB
Unevictable:           0 kB
Mlocked:               0 kB
SwapTotal:       3877884 kB
SwapFree:        3096020 kB
Dirty:              4460 kB
Writeback:             0 kB
AnonPages:       1785788 kB
Mapped:           136556 kB
Shmem:             63056 kB
Slab:              88640 kB
SReclaimable:      32320 kB
SUnreclaim:        56320 kB
KernelStack:        8624 kB
PageTables:        44564 kB
NFS_Unstable:          0 kB
Bounce:                0 kB
WritebackTmp:          0 kB
CommitLimit:     5308456 kB
Committed_AS:    5187052 kB
VmallocTotal:   34359738367 kB
VmallocUsed:           0 kB
VmallocChunk:          0 kB
HardwareCorrupted:     0 kB
AnonHugePages:         0 kB
ShmemHugePages:        0 kB
ShmemPmdMapped:        0 kB
HugePages_Total:       0
HugePages_Free:        0
HugePages_Rsvd:        0
HugePages_Surp:        0
Hugepagesize:       2048 kB
DirectMap4k:      134040 kB
DirectMap2M:     2854912 kB


CPU:total 4 (2 cores per cpu, 2 threads per core) family 6 model 42 stepping 7, cmov, cx8, fxsr, mmx, sse, sse2, sse3, ssse3, sse4.1, sse4.2, popcnt, avx, clmul, ht, tsc, tscinvbit

/proc/cpuinfo:
processor	: 0
vendor_id	: GenuineIntel
cpu family	: 6
model		: 42
model name	: Intel(R) Core(TM) i3-2370M CPU @ 2.40GHz
stepping	: 7
microcode	: 0x1b
cpu MHz		: 2399.853
cache size	: 3072 KB
physical id	: 0
siblings	: 4
core id		: 0
cpu cores	: 2
apicid		: 0
initial apicid	: 0
fpu		: yes
fpu_exception	: yes
cpuid level	: 13
wp		: yes
flags		: fpu vme de pse tsc msr pae mce cx8 apic sep mtrr pge mca cmov pat pse36 clflush dts acpi mmx fxsr sse sse2 ss ht tm pbe syscall nx rdtscp lm constant_tsc arch_perfmon pebs bts rep_good nopl xtopology nonstop_tsc aperfmperf eagerfpu pni pclmulqdq dtes64 monitor ds_cpl vmx est tm2 ssse3 cx16 xtpr pdcm pcid sse4_1 sse4_2 x2apic popcnt tsc_deadline_timer xsave avx lahf_lm epb kaiser tpr_shadow vnmi flexpriority ept vpid xsaveopt dtherm arat pln pts
bugs		: cpu_meltdown spectre_v1 spectre_v2
bogomips	: 4789.45
clflush size	: 64
cache_alignment	: 64
address sizes	: 36 bits physical, 48 bits virtual
power management:

processor	: 1
vendor_id	: GenuineIntel
cpu family	: 6
model		: 42
model name	: Intel(R) Core(TM) i3-2370M CPU @ 2.40GHz
stepping	: 7
microcode	: 0x1b
cpu MHz		: 2400.000
cache size	: 3072 KB
physical id	: 0
siblings	: 4
core id		: 1
cpu cores	: 2
apicid		: 2
initial apicid	: 2
fpu		: yes
fpu_exception	: yes
cpuid level	: 13
wp		: yes
flags		: fpu vme de pse tsc msr pae mce cx8 apic sep mtrr pge mca cmov pat pse36 clflush dts acpi mmx fxsr sse sse2 ss ht tm pbe syscall nx rdtscp lm constant_tsc arch_perfmon pebs bts rep_good nopl xtopology nonstop_tsc aperfmperf eagerfpu pni pclmulqdq dtes64 monitor ds_cpl vmx est tm2 ssse3 cx16 xtpr pdcm pcid sse4_1 sse4_2 x2apic popcnt tsc_deadline_timer xsave avx lahf_lm epb kaiser tpr_shadow vnmi flexpriority ept vpid xsaveopt dtherm arat pln pts
bugs		: cpu_meltdown spectre_v1 spectre_v2
bogomips	: 4789.45
clflush size	: 64
cache_alignment	: 64
address sizes	: 36 bits physical, 48 bits virtual
power management:

processor	: 2
vendor_id	: GenuineIntel
cpu family	: 6
model		: 42
model name	: Intel(R) Core(TM) i3-2370M CPU @ 2.40GHz
stepping	: 7
microcode	: 0x1b
cpu MHz		: 2399.853
cache size	: 3072 KB
physical id	: 0
siblings	: 4
core id		: 0
cpu cores	: 2
apicid		: 1
initial apicid	: 1
fpu		: yes
fpu_exception	: yes
cpuid level	: 13
wp		: yes
flags		: fpu vme de pse tsc msr pae mce cx8 apic sep mtrr pge mca cmov pat pse36 clflush dts acpi mmx fxsr sse sse2 ss ht tm pbe syscall nx rdtscp lm constant_tsc arch_perfmon pebs bts rep_good nopl xtopology nonstop_tsc aperfmperf eagerfpu pni pclmulqdq dtes64 monitor ds_cpl vmx est tm2 ssse3 cx16 xtpr pdcm pcid sse4_1 sse4_2 x2apic popcnt tsc_deadline_timer xsave avx lahf_lm epb kaiser tpr_shadow vnmi flexpriority ept vpid xsaveopt dtherm arat pln pts
bugs		: cpu_meltdown spectre_v1 spectre_v2
bogomips	: 4789.45
clflush size	: 64
cache_alignment	: 64
address sizes	: 36 bits physical, 48 bits virtual
power management:

processor	: 3
vendor_id	: GenuineIntel
cpu family	: 6
model		: 42
model name	: Intel(R) Core(TM) i3-2370M CPU @ 2.40GHz
stepping	: 7
microcode	: 0x1b
cpu MHz		: 2400.000
cache size	: 3072 KB
physical id	: 0
siblings	: 4
core id		: 1
cpu cores	: 2
apicid		: 3
initial apicid	: 3
fpu		: yes
fpu_exception	: yes
cpuid level	: 13
wp		: yes
flags		: fpu vme de pse tsc msr pae mce cx8 apic sep mtrr pge mca cmov pat pse36 clflush dts acpi mmx fxsr sse sse2 ss ht tm pbe syscall nx rdtscp lm constant_tsc arch_perfmon pebs bts rep_good nopl xtopology nonstop_tsc aperfmperf eagerfpu pni pclmulqdq dtes64 monitor ds_cpl vmx est tm2 ssse3 cx16 xtpr pdcm pcid sse4_1 sse4_2 x2apic popcnt tsc_deadline_timer xsave avx lahf_lm epb kaiser tpr_shadow vnmi flexpriority ept vpid xsaveopt dtherm arat pln pts
bugs		: cpu_meltdown spectre_v1 spectre_v2
bogomips	: 4789.45
clflush size	: 64
cache_alignment	: 64
address sizes	: 36 bits physical, 48 bits virtual
power management:



Memory: 4k page, physical 2861148k(493444k free), swap 3877884k(3096020k free)

vm_info: Java HotSpot(TM) 64-Bit Server VM (25.101-b13) for linux-amd64 JRE (1.8.0_101-b13), built on Jun 22 2016 02:59:44 by "java_re" with gcc 4.3.0 20080428 (Red Hat 4.3.0-8)

time: Sun Jul 15 23:50:11 2018
elapsed time: 71 seconds (0d 0h 1m 11s)

