#
# A fatal error has been detected by the Java Runtime Environment:
#
#  SIGSEGV (0xb) at pc=0x00007f468ba8f167, pid=6776, tid=0x00007f4691980700
#
# JRE version: Java(TM) SE Runtime Environment (8.0_101-b13) (build 1.8.0_101-b13)
# Java VM: Java HotSpot(TM) 64-Bit Server VM (25.101-b13 mixed mode linux-amd64 compressed oops)
# Problematic frame:
# C  [libopencv_objdetect.so.3.4+0x2e167]
#
# Failed to write core dump. Core dumps have been disabled. To enable core dumping, try "ulimit -c unlimited" before starting Java again
#
# If you would like to submit a bug report, please visit:
#   http://bugreport.java.com/bugreport/crash.jsp
#

---------------  T H R E A D  ---------------

Current thread is native thread

siginfo: si_signo: 11 (SIGSEGV), si_code: 2 (SEGV_ACCERR), si_addr: 0x00007f4667e7c038

Registers:
RAX=0x0000000000000005, RBX=0x0000000000715100, RCX=0x00000000f8ecaeaa, RDX=0x00007f4665c4eea8
RSP=0x00007f469197fc60, RBP=0x00000000000000f0, RSI=0x00007f4665c391d0, RDI=0x00000000000003a8
R8 =0x000000000000001e, R9 =0x00007f4665c3a658, R10=0x0000000000000450, R11=0x00007f4667766f38
R12=0x00007f4665c39000, R13=0x00000000000003f9, R14=0x00007f469197fd38, R15=0x0000000000000000
RIP=0x00007f468ba8f167, EFLAGS=0x0000000000010286, CSGSFS=0x002b000000000033, ERR=0x0000000000000004
  TRAPNO=0x000000000000000e

Top of Stack: (sp=0x00007f469197fc60)
0x00007f469197fc60:   00007f46841dc4a0 00007f4600000002
0x00007f469197fc70:   0000000000000010 00007f4693b289fe
0x00007f469197fc80:   0000000000000000 0000003000000002
0x00007f469197fc90:   4022a13d2c70b514 0000000000000000
0x00007f469197fca0:   0000006e0000005b 0000000100000000
0x00007f469197fcb0:   0000000000000000 0000007c00000077
0x00007f469197fcc0:   0000000000000000 00007f4684000020
0x00007f469197fcd0:   0000000000000010 00007f469197fd20
0x00007f469197fce0:   00007f4665b34200 00000487000003f9
0x00007f469197fcf0:   0000000000000000 00000000001c5047
0x00007f469197fd00:   00007f4666fd8df8 00007f468ba8fad8
0x00007f469197fd10:   00007f469197fe10 00007f46936277a8
0x00007f469197fd20:   0000000000000000 00007f4600000000
0x00007f469197fd30:   00007f4684000a30 00007f46d8ce8c40
0x00007f469197fd40:   00007f469197fec0 00007f46d8ce8c40
0x00007f469197fd50:   00000000000001c4 00000000000003f9
0x00007f469197fd60:   00007f465c0096f8 00007f468ba8fc89
0x00007f469197fd70:   7fffffff80000000 0000000000000000
0x00007f469197fd80:   000004b000000383 00007f4667004af4
0x00007f469197fd90:   00007f4667004a68 00007f4666fd8e84
0x00007f469197fda0:   000004b000000487 0000000000000000
0x00007f469197fdb0:   00007f465c8bd36f 0000048700000000
0x00007f469197fdc0:   00007f465c0353f4 00007f465c035368
0x00007f469197fdd0:   00007f465c009784 0000020400000203
0x00007f469197fde0:   00007f4600000641 0000000000000001
0x00007f469197fdf0:   0000000000000203 00007f469197fe30
0x00007f469197fe00:   00007f469197fe10 00007f469197fe40
0x00007f469197fe10:   0000000000000000 0000000000000000
0x00007f469197fe20:   0000000000000000 0000000000000000
0x00007f469197fe30:   000001fc0000052d 0000002800000032
0x00007f469197fe40:   0000000000000000 00007f4600000000
0x00007f469197fe50:   0000000000000000 00007f46d8ce8810 

Instructions: (pc=0x00007f468ba8f167)
0x00007f468ba8f147:   db 66 0f 16 1d e0 c4 01 00 8b 0c 19 41 2b 0c 1b
0x00007f468ba8f157:   4c 8b 5a 10 41 2b 0c 1b 4c 8b 5a 18 66 0f 28 d1
0x00007f468ba8f167:   41 03 0c 1b 4c 8b 5a 30 66 0f 16 15 b9 c4 01 00
0x00007f468ba8f177:   66 0f 28 e2 f3 0f 2a c9 48 8b 4a 28 8b 0c 19 41 

Register to memory mapping:

RAX=0x0000000000000005 is an unknown value
RBX=0x0000000000715100 is an unknown value
RCX=0x00000000f8ecaeaa is an unallocated location in the heap
RDX=0x00007f4665c4eea8 is an unknown value
RSP=0x00007f469197fc60 is an unknown value
RBP=0x00000000000000f0 is an unknown value
RSI=0x00007f4665c391d0 is an unknown value
RDI=0x00000000000003a8 is an unknown value
R8 =0x000000000000001e is an unknown value
R9 =0x00007f4665c3a658 is an unknown value
R10=0x0000000000000450 is an unknown value
R11=0x00007f4667766f38 is an unknown value
R12=0x00007f4665c39000 is an unknown value
R13=0x00000000000003f9 is an unknown value
R14=0x00007f469197fd38 is an unknown value
R15=0x0000000000000000 is an unknown value


Stack: [0x00007f4691180000,0x00007f4691981000],  sp=0x00007f469197fc60,  free space=8191k
Native frames: (J=compiled Java code, j=interpreted, Vv=VM code, C=native code)
C  [libopencv_objdetect.so.3.4+0x2e167]

[error occurred during error reporting (printing native stack), id 0xb]


---------------  P R O C E S S  ---------------

VM state:not at safepoint (normal execution)

VM Mutex/Monitor currently owned by a thread: None

Heap:
 PSYoungGen      total 25088K, used 8342K [0x00000000f1700000, 0x00000000f3100000, 0x0000000100000000)
  eden space 23552K, 28% used [0x00000000f1700000,0x00000000f1da9310,0x00000000f2e00000)
  from space 1536K, 99% used [0x00000000f2f80000,0x00000000f30fc820,0x00000000f3100000)
  to   space 1536K, 0% used [0x00000000f2e00000,0x00000000f2e00000,0x00000000f2f80000)
 ParOldGen       total 30208K, used 3495K [0x00000000d4400000, 0x00000000d6180000, 0x00000000f1700000)
  object space 30208K, 11% used [0x00000000d4400000,0x00000000d4769e50,0x00000000d6180000)
 Metaspace       used 17203K, capacity 17384K, committed 17536K, reserved 1064960K
  class space    used 2013K, capacity 2084K, committed 2176K, reserved 1048576K

Card table byte_map: [0x00007f46f99ea000,0x00007f46f9b49000] byte_map_base: 0x00007f46f9348000

Marking Bits: (ParMarkBitMap*) 0x00007f46fc26a120
 Begin Bits: [0x00007f46e3a20000, 0x00007f46e4510000)
 End Bits:   [0x00007f46e4510000, 0x00007f46e5000000)

Polling page: 0x00007f46fce8c000

CodeCache: size=245760Kb used=5096Kb max_used=5102Kb free=240664Kb
 bounds [0x00007f46e5000000, 0x00007f46e5500000, 0x00007f46f4000000]
 total_blobs=2140 nmethods=1479 adapters=575
 compilation: enabled

Compilation events (10 events):
Event: 18,684 Thread 0x00007f46f40bc000 1475       4       java.lang.Long::valueOf (36 bytes)
Event: 18,686 Thread 0x00007f46f40bc000 nmethod 1475 0x00007f46e54fa050 code [0x00007f46e54fa1a0, 0x00007f46e54fa298]
Event: 18,703 Thread 0x00007f46f40c1000 1477   !   3       sun.awt.X11.XToolkit::dispatchEvent (181 bytes)
Event: 18,707 Thread 0x00007f46f40c1000 nmethod 1477 0x00007f46e54fa350 code [0x00007f46e54fa7c0, 0x00007f46e54fcd38]
Event: 18,950 Thread 0x00007f46f40bc000 1478       4       java.util.AbstractList::<init> (10 bytes)
Event: 18,951 Thread 0x00007f46f40bc000 nmethod 1478 0x00007f46e54ef4d0 code [0x00007f46e54ef620, 0x00007f46e54ef678]
Event: 24,491 Thread 0x00007f46f40c1000 1479       3       sun.nio.fs.UnixPath::<init> (15 bytes)
Event: 24,492 Thread 0x00007f46f40c1000 nmethod 1479 0x00007f46e54ff690 code [0x00007f46e54ff800, 0x00007f46e54ffa30]
Event: 27,277 Thread 0x00007f46f40c1000 1480   !   3       java.nio.charset.Charset::defaultCharset (65 bytes)
Event: 27,278 Thread 0x00007f46f40c1000 nmethod 1480 0x00007f46e54fe6d0 code [0x00007f46e54fe8c0, 0x00007f46e54ff078]

GC Heap History (8 events):
Event: 3,452 GC heap before
{Heap before GC invocations=1 (full 0):
 PSYoungGen      total 13312K, used 11776K [0x00000000f1700000, 0x00000000f2580000, 0x0000000100000000)
  eden space 11776K, 100% used [0x00000000f1700000,0x00000000f2280000,0x00000000f2280000)
  from space 1536K, 0% used [0x00000000f2400000,0x00000000f2400000,0x00000000f2580000)
  to   space 1536K, 0% used [0x00000000f2280000,0x00000000f2280000,0x00000000f2400000)
 ParOldGen       total 30208K, used 0K [0x00000000d4400000, 0x00000000d6180000, 0x00000000f1700000)
  object space 30208K, 0% used [0x00000000d4400000,0x00000000d4400000,0x00000000d6180000)
 Metaspace       used 13335K, capacity 13566K, committed 13824K, reserved 1060864K
  class space    used 1638K, capacity 1731K, committed 1792K, reserved 1048576K
Event: 3,458 GC heap after
Heap after GC invocations=1 (full 0):
 PSYoungGen      total 13312K, used 1536K [0x00000000f1700000, 0x00000000f2580000, 0x0000000100000000)
  eden space 11776K, 0% used [0x00000000f1700000,0x00000000f1700000,0x00000000f2280000)
  from space 1536K, 100% used [0x00000000f2280000,0x00000000f2400000,0x00000000f2400000)
  to   space 1536K, 0% used [0x00000000f2400000,0x00000000f2400000,0x00000000f2580000)
 ParOldGen       total 30208K, used 1421K [0x00000000d4400000, 0x00000000d6180000, 0x00000000f1700000)
  object space 30208K, 4% used [0x00000000d4400000,0x00000000d4563718,0x00000000d6180000)
 Metaspace       used 13335K, capacity 13566K, committed 13824K, reserved 1060864K
  class space    used 1638K, capacity 1731K, committed 1792K, reserved 1048576K
}
Event: 15,473 GC heap before
{Heap before GC invocations=2 (full 0):
 PSYoungGen      total 13312K, used 13312K [0x00000000f1700000, 0x00000000f2580000, 0x0000000100000000)
  eden space 11776K, 100% used [0x00000000f1700000,0x00000000f2280000,0x00000000f2280000)
  from space 1536K, 100% used [0x00000000f2280000,0x00000000f2400000,0x00000000f2400000)
  to   space 1536K, 0% used [0x00000000f2400000,0x00000000f2400000,0x00000000f2580000)
 ParOldGen       total 30208K, used 1421K [0x00000000d4400000, 0x00000000d6180000, 0x00000000f1700000)
  object space 30208K, 4% used [0x00000000d4400000,0x00000000d4563718,0x00000000d6180000)
 Metaspace       used 15936K, capacity 16104K, committed 16384K, reserved 1062912K
  class space    used 1863K, capacity 1956K, committed 2048K, reserved 1048576K
Event: 15,478 GC heap after
Heap after GC invocations=2 (full 0):
 PSYoungGen      total 13312K, used 1536K [0x00000000f1700000, 0x00000000f2580000, 0x0000000100000000)
  eden space 11776K, 0% used [0x00000000f1700000,0x00000000f1700000,0x00000000f2280000)
  from space 1536K, 100% used [0x00000000f2400000,0x00000000f2580000,0x00000000f2580000)
  to   space 1536K, 0% used [0x00000000f2280000,0x00000000f2280000,0x00000000f2400000)
 ParOldGen       total 30208K, used 2704K [0x00000000d4400000, 0x00000000d6180000, 0x00000000f1700000)
  object space 30208K, 8% used [0x00000000d4400000,0x00000000d46a4098,0x00000000d6180000)
 Metaspace       used 15936K, capacity 16104K, committed 16384K, reserved 1062912K
  class space    used 1863K, capacity 1956K, committed 2048K, reserved 1048576K
}
Event: 15,594 GC heap before
{Heap before GC invocations=3 (full 0):
 PSYoungGen      total 13312K, used 13312K [0x00000000f1700000, 0x00000000f2580000, 0x0000000100000000)
  eden space 11776K, 100% used [0x00000000f1700000,0x00000000f2280000,0x00000000f2280000)
  from space 1536K, 100% used [0x00000000f2400000,0x00000000f2580000,0x00000000f2580000)
  to   space 1536K, 0% used [0x00000000f2280000,0x00000000f2280000,0x00000000f2400000)
 ParOldGen       total 30208K, used 2704K [0x00000000d4400000, 0x00000000d6180000, 0x00000000f1700000)
  object space 30208K, 8% used [0x00000000d4400000,0x00000000d46a4098,0x00000000d6180000)
 Metaspace       used 16986K, capacity 17192K, committed 17536K, reserved 1064960K
  class space    used 1992K, capacity 2084K, committed 2176K, reserved 1048576K
Event: 15,599 GC heap after
Heap after GC invocations=3 (full 0):
 PSYoungGen      total 13312K, used 1536K [0x00000000f1700000, 0x00000000f3100000, 0x0000000100000000)
  eden space 11776K, 0% used [0x00000000f1700000,0x00000000f1700000,0x00000000f2280000)
  from space 1536K, 100% used [0x00000000f2280000,0x00000000f2400000,0x00000000f2400000)
  to   space 1536K, 0% used [0x00000000f2f80000,0x00000000f2f80000,0x00000000f3100000)
 ParOldGen       total 30208K, used 3348K [0x00000000d4400000, 0x00000000d6180000, 0x00000000f1700000)
  object space 30208K, 11% used [0x00000000d4400000,0x00000000d47453c0,0x00000000d6180000)
 Metaspace       used 16986K, capacity 17192K, committed 17536K, reserved 1064960K
  class space    used 1992K, capacity 2084K, committed 2176K, reserved 1048576K
}
Event: 15,726 GC heap before
{Heap before GC invocations=4 (full 0):
 PSYoungGen      total 13312K, used 13312K [0x00000000f1700000, 0x00000000f3100000, 0x0000000100000000)
  eden space 11776K, 100% used [0x00000000f1700000,0x00000000f2280000,0x00000000f2280000)
  from space 1536K, 100% used [0x00000000f2280000,0x00000000f2400000,0x00000000f2400000)
  to   space 1536K, 0% used [0x00000000f2f80000,0x00000000f2f80000,0x00000000f3100000)
 ParOldGen       total 30208K, used 3348K [0x00000000d4400000, 0x00000000d6180000, 0x00000000f1700000)
  object space 30208K, 11% used [0x00000000d4400000,0x00000000d47453c0,0x00000000d6180000)
 Metaspace       used 17148K, capacity 17320K, committed 17536K, reserved 1064960K
  class space    used 2009K, capacity 2084K, committed 2176K, reserved 1048576K
Event: 15,730 GC heap after
Heap after GC invocations=4 (full 0):
 PSYoungGen      total 25088K, used 1522K [0x00000000f1700000, 0x00000000f3100000, 0x0000000100000000)
  eden space 23552K, 0% used [0x00000000f1700000,0x00000000f1700000,0x00000000f2e00000)
  from space 1536K, 99% used [0x00000000f2f80000,0x00000000f30fc820,0x00000000f3100000)
  to   space 1536K, 0% used [0x00000000f2e00000,0x00000000f2e00000,0x00000000f2f80000)
 ParOldGen       total 30208K, used 3495K [0x00000000d4400000, 0x00000000d6180000, 0x00000000f1700000)
  object space 30208K, 11% used [0x00000000d4400000,0x00000000d4769e50,0x00000000d6180000)
 Metaspace       used 17148K, capacity 17320K, committed 17536K, reserved 1064960K
  class space    used 2009K, capacity 2084K, committed 2176K, reserved 1048576K
}

Deoptimization events (10 events):
Event: 3,449 Thread 0x00007f46f46d9000 Uncommon trap: reason=bimorphic action=maybe_recompile pc=0x00007f46e524256c method=java.util.HashMap.putVal(ILjava/lang/Object;Ljava/lang/Object;ZZ)Ljava/lang/Object; @ 253
Event: 3,449 Thread 0x00007f46f46d9000 Uncommon trap: reason=bimorphic action=maybe_recompile pc=0x00007f46e524256c method=java.util.HashMap.putVal(ILjava/lang/Object;Ljava/lang/Object;ZZ)Ljava/lang/Object; @ 253
Event: 3,449 Thread 0x00007f46f46d9000 Uncommon trap: reason=bimorphic action=maybe_recompile pc=0x00007f46e524256c method=java.util.HashMap.putVal(ILjava/lang/Object;Ljava/lang/Object;ZZ)Ljava/lang/Object; @ 253
Event: 14,106 Thread 0x00007f46f46d9000 Uncommon trap: reason=null_check action=make_not_entrant pc=0x00007f46e538f460 method=java.util.Objects.equals(Ljava/lang/Object;Ljava/lang/Object;)Z @ 11
Event: 15,311 Thread 0x00007f46f46d9000 Uncommon trap: reason=unstable_if action=reinterpret pc=0x00007f46e514de24 method=sun.nio.cs.UTF_8$Encoder.encode([CII[B)I @ 33
Event: 15,326 Thread 0x00007f46f46d9000 Uncommon trap: reason=unstable_if action=reinterpret pc=0x00007f46e51efb54 method=java.lang.String.<init>([CII)V @ 18
Event: 15,368 Thread 0x00007f46f46d9000 Uncommon trap: reason=class_check action=maybe_recompile pc=0x00007f46e5411fc0 method=java.util.LinkedHashMap.afterNodeInsertion(Z)V @ 15
Event: 15,381 Thread 0x00007f46f46d9000 Uncommon trap: reason=class_check action=maybe_recompile pc=0x00007f46e5411fc0 method=java.util.LinkedHashMap.afterNodeInsertion(Z)V @ 15
Event: 15,392 Thread 0x00007f46f46d9000 Uncommon trap: reason=class_check action=maybe_recompile pc=0x00007f46e5411fc0 method=java.util.LinkedHashMap.afterNodeInsertion(Z)V @ 15
Event: 15,397 Thread 0x00007f46f46d9000 Uncommon trap: reason=class_check action=maybe_recompile pc=0x00007f46e5411fc0 method=java.util.LinkedHashMap.afterNodeInsertion(Z)V @ 15

Internal exceptions (10 events):
Event: 0,671 Thread 0x00007f46f400d800 Exception <a 'java/lang/ClassNotFoundException': RootPane> (0x00000000f1d3e940) thrown at [/HUDSON3/workspace/8-2-build-linux-amd64/jdk8u101/7261/hotspot/src/share/vm/classfile/systemDictionary.cpp, line 210]
Event: 0,735 Thread 0x00007f46f46d9000 Implicit null exception at 0x00007f46e51f4535 to 0x00007f46e51f4891
Event: 0,736 Thread 0x00007f46f46d9000 Implicit null exception at 0x00007f46e51ebff5 to 0x00007f46e51ec345
Event: 1,014 Thread 0x00007f46f46d9000 Exception <a 'java/lang/UnsupportedOperationException': > (0x00000000f1f9dc08) thrown at [/HUDSON3/workspace/8-2-build-linux-amd64/jdk8u101/7261/hotspot/src/share/vm/prims/jni.cpp, line 735]
Event: 14,106 Thread 0x00007f46f46d9000 Implicit null exception at 0x00007f46e538d9a1 to 0x00007f46e538f441
Event: 16,542 Thread 0x00007f46f46d9000 Exception <a 'java/lang/RuntimeException'> (0x00000000f1d4ba90) thrown at [/HUDSON3/workspace/8-2-build-linux-amd64/jdk8u101/7261/hotspot/src/share/vm/prims/jni.cpp, line 709]
Event: 16,553 Thread 0x00007f46f46d9000 Exception <a 'java/lang/RuntimeException'> (0x00000000f1d4c8f0) thrown at [/HUDSON3/workspace/8-2-build-linux-amd64/jdk8u101/7261/hotspot/src/share/vm/prims/jni.cpp, line 709]
Event: 16,562 Thread 0x00007f46f46d9000 Exception <a 'java/lang/RuntimeException'> (0x00000000f1d4d380) thrown at [/HUDSON3/workspace/8-2-build-linux-amd64/jdk8u101/7261/hotspot/src/share/vm/prims/jni.cpp, line 709]
Event: 16,578 Thread 0x00007f46f46d9000 Exception <a 'java/lang/RuntimeException'> (0x00000000f1d4de10) thrown at [/HUDSON3/workspace/8-2-build-linux-amd64/jdk8u101/7261/hotspot/src/share/vm/prims/jni.cpp, line 709]
Event: 24,493 Thread 0x00007f46f46d9000 Exception <a 'sun/nio/fs/UnixException'> (0x00000000f1d61f20) thrown at [/HUDSON3/workspace/8-2-build-linux-amd64/jdk8u101/7261/hotspot/src/share/vm/prims/jni.cpp, line 709]

Events (10 events):
Event: 24,492 loading class java/nio/file/StandardCopyOption
Event: 24,492 loading class java/nio/file/StandardCopyOption done
Event: 24,492 loading class sun/nio/fs/UnixCopyFile
Event: 24,492 loading class sun/nio/fs/UnixCopyFile done
Event: 24,492 loading class sun/nio/fs/UnixCopyFile$2
Event: 24,492 loading class sun/nio/fs/UnixCopyFile$2 done
Event: 24,492 loading class sun/nio/fs/UnixCopyFile$Flags
Event: 24,492 loading class sun/nio/fs/UnixCopyFile$Flags done
Event: 24,492 loading class sun/nio/fs/UnixException
Event: 24,493 loading class sun/nio/fs/UnixException done


Dynamic libraries:
00400000-00401000 r-xp 00000000 08:06 140165                             /home/stark28/Programas/jdk1.8.0_101/bin/java
00600000-00601000 rw-p 00000000 08:06 140165                             /home/stark28/Programas/jdk1.8.0_101/bin/java
00cc1000-049f6000 rw-p 00000000 00:00 0                                  [heap]
d4400000-d6180000 rw-p 00000000 00:00 0 
d6180000-f1700000 ---p 00000000 00:00 0 
f1700000-f3100000 rw-p 00000000 00:00 0 
f3100000-100000000 ---p 00000000 00:00 0 
100000000-100220000 rw-p 00000000 00:00 0 
100220000-140000000 ---p 00000000 00:00 0 
7f465c000000-7f465cb50000 rw-p 00000000 00:00 0 
7f465cb50000-7f4660000000 ---p 00000000 00:00 0 
7f4664000000-7f4667e7c000 rw-p 00000000 00:00 0 
7f4667e7c000-7f4668000000 ---p 00000000 00:00 0 
7f466c000000-7f466ffe0000 rw-p 00000000 00:00 0 
7f466ffe0000-7f4670000000 ---p 00000000 00:00 0 
7f4674000000-7f4677fca000 rw-p 00000000 00:00 0 
7f4677fca000-7f4678000000 ---p 00000000 00:00 0 
7f467c000000-7f467c2e7000 rw-p 00000000 00:00 0 
7f467c2e7000-7f4680000000 ---p 00000000 00:00 0 
7f4680000000-7f4680311000 rw-p 00000000 00:00 0 
7f4680311000-7f4684000000 ---p 00000000 00:00 0 
7f4684000000-7f46842e7000 rw-p 00000000 00:00 0 
7f46842e7000-7f4688000000 ---p 00000000 00:00 0 
7f468b7e0000-7f468b85a000 r-xp 00000000 08:06 133132                     /home/stark28/.javacpp/cache/opencv-linux-x86_64.jar/org/bytedeco/javacpp/linux-x86_64/libjniopencv_objdetect.so
7f468b85a000-7f468ba5a000 ---p 0007a000 08:06 133132                     /home/stark28/.javacpp/cache/opencv-linux-x86_64.jar/org/bytedeco/javacpp/linux-x86_64/libjniopencv_objdetect.so
7f468ba5a000-7f468ba61000 rw-p 0007a000 08:06 133132                     /home/stark28/.javacpp/cache/opencv-linux-x86_64.jar/org/bytedeco/javacpp/linux-x86_64/libjniopencv_objdetect.so
7f468ba61000-7f468bac4000 r-xp 00000000 08:06 132687                     /home/stark28/.javacpp/cache/opencv-linux-x86_64.jar/org/bytedeco/javacpp/linux-x86_64/libopencv_objdetect.so.3.4
7f468bac4000-7f468bcc4000 ---p 00063000 08:06 132687                     /home/stark28/.javacpp/cache/opencv-linux-x86_64.jar/org/bytedeco/javacpp/linux-x86_64/libopencv_objdetect.so.3.4
7f468bcc4000-7f468bcc6000 rw-p 00063000 08:06 132687                     /home/stark28/.javacpp/cache/opencv-linux-x86_64.jar/org/bytedeco/javacpp/linux-x86_64/libopencv_objdetect.so.3.4
7f468bcc6000-7f468c000000 rw-p 00000000 00:00 0 
7f468c000000-7f468c021000 rw-p 00000000 00:00 0 
7f468c021000-7f4690000000 ---p 00000000 00:00 0 
7f469017e000-7f469017f000 ---p 00000000 00:00 0 
7f469017f000-7f469097f000 rw-p 00000000 00:00 0 
7f469097f000-7f4690980000 ---p 00000000 00:00 0 
7f4690980000-7f4691180000 rw-p 00000000 00:00 0 
7f4691180000-7f4691181000 ---p 00000000 00:00 0 
7f4691181000-7f4691981000 rw-p 00000000 00:00 0 
7f4691cbb000-7f4691ced000 r-xp 00000000 08:06 151583                     /home/stark28/.javacpp/cache/opencv-linux-x86_64.jar/org/bytedeco/javacpp/linux-x86_64/libjniopencv_imgcodecs.so
7f4691ced000-7f4691eed000 ---p 00032000 08:06 151583                     /home/stark28/.javacpp/cache/opencv-linux-x86_64.jar/org/bytedeco/javacpp/linux-x86_64/libjniopencv_imgcodecs.so
7f4691eed000-7f4691eee000 rw-p 00032000 08:06 151583                     /home/stark28/.javacpp/cache/opencv-linux-x86_64.jar/org/bytedeco/javacpp/linux-x86_64/libjniopencv_imgcodecs.so
7f4691eee000-7f469215a000 r-xp 00000000 08:06 151581                     /home/stark28/.javacpp/cache/opencv-linux-x86_64.jar/org/bytedeco/javacpp/linux-x86_64/libopencv_imgcodecs.so.3.4
7f469215a000-7f469235a000 ---p 0026c000 08:06 151581                     /home/stark28/.javacpp/cache/opencv-linux-x86_64.jar/org/bytedeco/javacpp/linux-x86_64/libopencv_imgcodecs.so.3.4
7f469235a000-7f4692369000 rw-p 0026c000 08:06 151581                     /home/stark28/.javacpp/cache/opencv-linux-x86_64.jar/org/bytedeco/javacpp/linux-x86_64/libopencv_imgcodecs.so.3.4
7f4692369000-7f4692372000 rw-p 00000000 00:00 0 
7f4692372000-7f46924d2000 r-xp 00000000 08:06 151580                     /home/stark28/.javacpp/cache/opencv-linux-x86_64.jar/org/bytedeco/javacpp/linux-x86_64/libjniopencv_imgproc.so
7f46924d2000-7f46926d2000 ---p 00160000 08:06 151580                     /home/stark28/.javacpp/cache/opencv-linux-x86_64.jar/org/bytedeco/javacpp/linux-x86_64/libjniopencv_imgproc.so
7f46926d2000-7f46926df000 rw-p 00160000 08:06 151580                     /home/stark28/.javacpp/cache/opencv-linux-x86_64.jar/org/bytedeco/javacpp/linux-x86_64/libjniopencv_imgproc.so
7f46926df000-7f46927df000 rw-p 00000000 00:00 0 
7f46927df000-7f46928df000 ---p 00000000 00:00 0 
7f46928df000-7f46928e2000 ---p 00000000 00:00 0 
7f46928e2000-7f46929e0000 rw-p 00000000 00:00 0 
7f46929e0000-7f4692d68000 r-xp 00000000 08:06 151579                     /home/stark28/.javacpp/cache/opencv-linux-x86_64.jar/org/bytedeco/javacpp/linux-x86_64/libjniopencv_core.so
7f4692d68000-7f4692f67000 ---p 00388000 08:06 151579                     /home/stark28/.javacpp/cache/opencv-linux-x86_64.jar/org/bytedeco/javacpp/linux-x86_64/libjniopencv_core.so
7f4692f67000-7f4692fbe000 rw-p 00387000 08:06 151579                     /home/stark28/.javacpp/cache/opencv-linux-x86_64.jar/org/bytedeco/javacpp/linux-x86_64/libjniopencv_core.so
7f4692fbe000-7f4692fbf000 rw-p 00000000 00:00 0 
7f4692fbf000-7f46932e5000 r-xp 00000000 08:06 151577                     /home/stark28/.javacpp/cache/opencv-linux-x86_64.jar/org/bytedeco/javacpp/linux-x86_64/libopencv_imgproc.so.3.4
7f46932e5000-7f46934e4000 ---p 00326000 08:06 151577                     /home/stark28/.javacpp/cache/opencv-linux-x86_64.jar/org/bytedeco/javacpp/linux-x86_64/libopencv_imgproc.so.3.4
7f46934e4000-7f46934f9000 rw-p 00325000 08:06 151577                     /home/stark28/.javacpp/cache/opencv-linux-x86_64.jar/org/bytedeco/javacpp/linux-x86_64/libopencv_imgproc.so.3.4
7f46934f9000-7f4693598000 rw-p 00000000 00:00 0 
7f4693598000-7f469370a000 r-xp 00000000 08:03 2779                       /usr/lib/x86_64-linux-gnu/libstdc++.so.6.0.22
7f469370a000-7f469390a000 ---p 00172000 08:03 2779                       /usr/lib/x86_64-linux-gnu/libstdc++.so.6.0.22
7f469390a000-7f4693914000 r--p 00172000 08:03 2779                       /usr/lib/x86_64-linux-gnu/libstdc++.so.6.0.22
7f4693914000-7f4693916000 rw-p 0017c000 08:03 2779                       /usr/lib/x86_64-linux-gnu/libstdc++.so.6.0.22
7f4693916000-7f469391a000 rw-p 00000000 00:00 0 
7f469391a000-7f4693bda000 r-xp 00000000 08:06 151575                     /home/stark28/.javacpp/cache/opencv-linux-x86_64.jar/org/bytedeco/javacpp/linux-x86_64/libopencv_core.so.3.4
7f4693bda000-7f4693dd9000 ---p 002c0000 08:06 151575                     /home/stark28/.javacpp/cache/opencv-linux-x86_64.jar/org/bytedeco/javacpp/linux-x86_64/libopencv_core.so.3.4
7f4693dd9000-7f4693de6000 rw-p 002bf000 08:06 151575                     /home/stark28/.javacpp/cache/opencv-linux-x86_64.jar/org/bytedeco/javacpp/linux-x86_64/libopencv_core.so.3.4
7f4693de6000-7f4693deb000 rw-p 00000000 00:00 0 
7f4693deb000-7f4693e00000 r-xp 00000000 08:06 151573                     /home/stark28/.javacpp/cache/opencv-linux-x86_64.jar/org/bytedeco/javacpp/linux-x86_64/libgomp.so.1
7f4693e00000-7f4693fff000 ---p 00015000 08:06 151573                     /home/stark28/.javacpp/cache/opencv-linux-x86_64.jar/org/bytedeco/javacpp/linux-x86_64/libgomp.so.1
7f4693fff000-7f4694000000 rw-p 00014000 08:06 151573                     /home/stark28/.javacpp/cache/opencv-linux-x86_64.jar/org/bytedeco/javacpp/linux-x86_64/libgomp.so.1
7f4694000000-7f4697fef000 rw-p 00000000 00:00 0 
7f4697fef000-7f4698000000 ---p 00000000 00:00 0 
7f4698000000-7f4698021000 rw-p 00000000 00:00 0 
7f4698021000-7f469c000000 ---p 00000000 00:00 0 
7f469c000000-7f469c29b000 rw-p 00000000 00:00 0 
7f469c29b000-7f46a0000000 ---p 00000000 00:00 0 
7f46a0000000-7f46a0021000 rw-p 00000000 00:00 0 
7f46a0021000-7f46a4000000 ---p 00000000 00:00 0 
7f46a4000000-7f46a4021000 rw-p 00000000 00:00 0 
7f46a4021000-7f46a8000000 ---p 00000000 00:00 0 
7f46a8000000-7f46a8021000 rw-p 00000000 00:00 0 
7f46a8021000-7f46ac000000 ---p 00000000 00:00 0 
7f46ac000000-7f46ac4f5000 rw-p 00000000 00:00 0 
7f46ac4f5000-7f46b0000000 ---p 00000000 00:00 0 
7f46b0000000-7f46b0021000 rw-p 00000000 00:00 0 
7f46b0021000-7f46b4000000 ---p 00000000 00:00 0 
7f46b4000000-7f46b4466000 rw-p 00000000 00:00 0 
7f46b4466000-7f46b8000000 ---p 00000000 00:00 0 
7f46b8000000-7f46b8473000 rw-p 00000000 00:00 0 
7f46b8473000-7f46bc000000 ---p 00000000 00:00 0 
7f46bc000000-7f46bc021000 rw-p 00000000 00:00 0 
7f46bc021000-7f46c0000000 ---p 00000000 00:00 0 
7f46c0000000-7f46c0021000 rw-p 00000000 00:00 0 
7f46c0021000-7f46c4000000 ---p 00000000 00:00 0 
7f46c4000000-7f46c4021000 rw-p 00000000 00:00 0 
7f46c4021000-7f46c8000000 ---p 00000000 00:00 0 
7f46c8000000-7f46c8021000 rw-p 00000000 00:00 0 
7f46c8021000-7f46cc000000 ---p 00000000 00:00 0 
7f46cc000000-7f46cc021000 rw-p 00000000 00:00 0 
7f46cc021000-7f46d0000000 ---p 00000000 00:00 0 
7f46d0000000-7f46d0021000 rw-p 00000000 00:00 0 
7f46d0021000-7f46d4000000 ---p 00000000 00:00 0 
7f46d4000000-7f46d4021000 rw-p 00000000 00:00 0 
7f46d4021000-7f46d8000000 ---p 00000000 00:00 0 
7f46d803e000-7f46d823e000 rw-p 00000000 00:00 0 
7f46d823e000-7f46d8241000 ---p 00000000 00:00 0 
7f46d8241000-7f46d833f000 rw-p 00000000 00:00 0 
7f46d833f000-7f46d8369000 r-xp 00000000 08:06 139920                     /home/stark28/Programas/jdk1.8.0_101/jre/lib/amd64/libdcpr.so
7f46d8369000-7f46d8569000 ---p 0002a000 08:06 139920                     /home/stark28/Programas/jdk1.8.0_101/jre/lib/amd64/libdcpr.so
7f46d8569000-7f46d856c000 rw-p 0002a000 08:06 139920                     /home/stark28/Programas/jdk1.8.0_101/jre/lib/amd64/libdcpr.so
7f46d856c000-7f46d85d5000 r-xp 00000000 08:06 139949                     /home/stark28/Programas/jdk1.8.0_101/jre/lib/amd64/libt2k.so
7f46d85d5000-7f46d87d5000 ---p 00069000 08:06 139949                     /home/stark28/Programas/jdk1.8.0_101/jre/lib/amd64/libt2k.so
7f46d87d5000-7f46d87dc000 rw-p 00069000 08:06 139949                     /home/stark28/Programas/jdk1.8.0_101/jre/lib/amd64/libt2k.so
7f46d87dc000-7f46d89ec000 rw-p 00000000 00:00 0 
7f46d89ec000-7f46d8bec000 rw-p 00000000 00:00 0 
7f46d8bec000-7f46d8bef000 ---p 00000000 00:00 0 
7f46d8bef000-7f46d8ced000 rw-p 00000000 00:00 0 
7f46d8ced000-7f46d8cf0000 ---p 00000000 00:00 0 
7f46d8cf0000-7f46d8dee000 rw-p 00000000 00:00 0 
7f46d8dee000-7f46d8dff000 r-xp 00000000 08:06 139947                     /home/stark28/Programas/jdk1.8.0_101/jre/lib/amd64/libnio.so
7f46d8dff000-7f46d8ffe000 ---p 00011000 08:06 139947                     /home/stark28/Programas/jdk1.8.0_101/jre/lib/amd64/libnio.so
7f46d8ffe000-7f46d8fff000 rw-p 00010000 08:06 139947                     /home/stark28/Programas/jdk1.8.0_101/jre/lib/amd64/libnio.so
7f46d8fff000-7f46dc000000 rw-p 00000000 00:00 0 
7f46dc000000-7f46dc021000 rw-p 00000000 00:00 0 
7f46dc021000-7f46e0000000 ---p 00000000 00:00 0 
7f46e0014000-7f46e001f000 r--s 00000000 08:03 400202                     /var/cache/fontconfig/945677eb7aeaf62f1d50efc3fb3ec7d8-le64.cache-4
7f46e001f000-7f46e0022000 r--s 00000000 08:03 400201                     /var/cache/fontconfig/f24b2111ab8703b4e963115a8cf14259-le64.cache-4
7f46e0022000-7f46e0026000 r--s 00000000 08:03 392458                     /var/cache/fontconfig/de156ccd2eddbdc19d37a45b8b2aac9c-le64.cache-4
7f46e0026000-7f46e0027000 r--s 00000000 08:03 400200                     /var/cache/fontconfig/9451a55048e8dbe8633e64d34165fdf2-le64.cache-4
7f46e0027000-7f46e0029000 r--s 00000000 08:03 400199                     /var/cache/fontconfig/69fb4bbe1b2fa860e172a32ebf28505c-le64.cache-4
7f46e0029000-7f46e002a000 r--s 00000000 08:03 392428                     /var/cache/fontconfig/4794a0821666d79190d59a36cb4f44b5-le64.cache-4
7f46e002a000-7f46e006c000 r--s 00000000 08:03 400198                     /var/cache/fontconfig/0bd3dc0958fa2205aaaa8ebb13e2872b-le64.cache-4
7f46e006c000-7f46e0072000 r--s 00000000 08:03 392449                     /var/cache/fontconfig/3047814df9a2f067bd2d96a2b9c36e5a-le64.cache-4
7f46e0072000-7f46e007a000 r--s 00000000 08:03 392866                     /var/cache/fontconfig/bf3b770c553c462765856025a94f1ce6-le64.cache-4
7f46e007a000-7f46e007d000 r--s 00000000 08:03 392448                     /var/cache/fontconfig/e49e89034d371f0f9de17aab02136486-le64.cache-4
7f46e007d000-7f46e0090000 r--s 00000000 08:03 392447                     /var/cache/fontconfig/d52a8644073d54c13679302ca1180695-le64.cache-4
7f46e0090000-7f46e0098000 r--s 00000000 08:03 392440                     /var/cache/fontconfig/105b9c7e6f0a4f82d8c9b6e39c52c6f9-le64.cache-4
7f46e0098000-7f46e00a2000 r--s 00000000 08:03 400196                     /var/cache/fontconfig/3f7329c5293ffd510edef78f73874cfd-le64.cache-4
7f46e00a2000-7f46e00ae000 r--s 00000000 08:03 392446                     /var/cache/fontconfig/d589a48862398ed80a3d6066f4f56f4c-le64.cache-4
7f46e00ae000-7f46e00c0000 r--s 00000000 08:03 394504                     /var/cache/fontconfig/9b89f8e3dae116d678bbf48e5f21f69b-le64.cache-4
7f46e00c0000-7f46e00ce000 r--s 00000000 08:03 394501                     /var/cache/fontconfig/e13b20fdb08344e0e664864cc2ede53d-le64.cache-4
7f46e00ce000-7f46e00d9000 r--s 00000000 08:03 400202                     /var/cache/fontconfig/945677eb7aeaf62f1d50efc3fb3ec7d8-le64.cache-4
7f46e00d9000-7f46e00dc000 r--s 00000000 08:03 400201                     /var/cache/fontconfig/f24b2111ab8703b4e963115a8cf14259-le64.cache-4
7f46e00dc000-7f46e00e0000 r--s 00000000 08:03 392458                     /var/cache/fontconfig/de156ccd2eddbdc19d37a45b8b2aac9c-le64.cache-4
7f46e00e0000-7f46e00e1000 r--s 00000000 08:03 400200                     /var/cache/fontconfig/9451a55048e8dbe8633e64d34165fdf2-le64.cache-4
7f46e00e1000-7f46e00e3000 r--s 00000000 08:03 400199                     /var/cache/fontconfig/69fb4bbe1b2fa860e172a32ebf28505c-le64.cache-4
7f46e00e3000-7f46e0125000 r--s 00000000 08:03 400198                     /var/cache/fontconfig/0bd3dc0958fa2205aaaa8ebb13e2872b-le64.cache-4
7f46e0125000-7f46e012b000 r--s 00000000 08:03 392449                     /var/cache/fontconfig/3047814df9a2f067bd2d96a2b9c36e5a-le64.cache-4
7f46e012b000-7f46e0133000 r--s 00000000 08:03 392866                     /var/cache/fontconfig/bf3b770c553c462765856025a94f1ce6-le64.cache-4
7f46e0133000-7f46e0135000 r--s 00000000 08:03 400197                     /var/cache/fontconfig/a0107c79d978dfcc5e42cb1335b71036-le64.cache-4
7f46e0135000-7f46e0138000 r--s 00000000 08:03 392448                     /var/cache/fontconfig/e49e89034d371f0f9de17aab02136486-le64.cache-4
7f46e0138000-7f46e013a000 r--s 00000000 08:03 392427                     /var/cache/fontconfig/4b14b093aebc79c320de5e86ae1d3314-le64.cache-4
7f46e013a000-7f46e014d000 r--s 00000000 08:03 392447                     /var/cache/fontconfig/d52a8644073d54c13679302ca1180695-le64.cache-4
7f46e014d000-7f46e0155000 r--s 00000000 08:03 392440                     /var/cache/fontconfig/105b9c7e6f0a4f82d8c9b6e39c52c6f9-le64.cache-4
7f46e0155000-7f46e015f000 r--s 00000000 08:03 400196                     /var/cache/fontconfig/3f7329c5293ffd510edef78f73874cfd-le64.cache-4
7f46e015f000-7f46e0171000 r--s 00000000 08:03 394504                     /var/cache/fontconfig/9b89f8e3dae116d678bbf48e5f21f69b-le64.cache-4
7f46e0171000-7f46e017f000 r--s 00000000 08:03 394501                     /var/cache/fontconfig/e13b20fdb08344e0e664864cc2ede53d-le64.cache-4
7f46e017f000-7f46e0181000 r--s 00000000 08:03 400197                     /var/cache/fontconfig/a0107c79d978dfcc5e42cb1335b71036-le64.cache-4
7f46e0181000-7f46e0183000 r--s 00000000 08:03 392427                     /var/cache/fontconfig/4b14b093aebc79c320de5e86ae1d3314-le64.cache-4
7f46e0183000-7f46e0185000 r--s 00000000 08:03 400195                     /var/cache/fontconfig/7ef2298fde41cc6eeb7af42e48b7d293-le64.cache-4
7f46e0185000-7f46e0187000 r--s 00000000 08:03 394499                     /var/cache/fontconfig/452f1fac34b224105d7acfae3034bcd5-le64.cache-4
7f46e0187000-7f46e0188000 r--s 00000000 08:03 406116                     /var/cache/fontconfig/e0aa53bcfa504e64f87823c16bc01eb6-le64.cache-4
7f46e0188000-7f46e01a6000 r--s 00000000 08:03 406113                     /var/cache/fontconfig/467c019e582ee353435ea5c21d137ef6-le64.cache-4
7f46e01a6000-7f46e01bc000 r-xp 00000000 08:06 139948                     /home/stark28/Programas/jdk1.8.0_101/jre/lib/amd64/libnet.so
7f46e01bc000-7f46e03bc000 ---p 00016000 08:06 139948                     /home/stark28/Programas/jdk1.8.0_101/jre/lib/amd64/libnet.so
7f46e03bc000-7f46e03bd000 rw-p 00016000 08:06 139948                     /home/stark28/Programas/jdk1.8.0_101/jre/lib/amd64/libnet.so
7f46e03bd000-7f46e03c0000 ---p 00000000 00:00 0 
7f46e03c0000-7f46e04be000 rw-p 00000000 00:00 0 
7f46e04be000-7f46e04c3000 r-xp 00000000 08:03 10735                      /usr/lib/x86_64-linux-gnu/libXfixes.so.3.1.0
7f46e04c3000-7f46e06c2000 ---p 00005000 08:03 10735                      /usr/lib/x86_64-linux-gnu/libXfixes.so.3.1.0
7f46e06c2000-7f46e06c3000 r--p 00004000 08:03 10735                      /usr/lib/x86_64-linux-gnu/libXfixes.so.3.1.0
7f46e06c3000-7f46e06c4000 rw-p 00005000 08:03 10735                      /usr/lib/x86_64-linux-gnu/libXfixes.so.3.1.0
7f46e06c4000-7f46e06ce000 r-xp 00000000 08:03 11306                      /usr/lib/x86_64-linux-gnu/libXcursor.so.1.0.2
7f46e06ce000-7f46e08cd000 ---p 0000a000 08:03 11306                      /usr/lib/x86_64-linux-gnu/libXcursor.so.1.0.2
7f46e08cd000-7f46e08ce000 r--p 00009000 08:03 11306                      /usr/lib/x86_64-linux-gnu/libXcursor.so.1.0.2
7f46e08ce000-7f46e08cf000 rw-p 0000a000 08:03 11306                      /usr/lib/x86_64-linux-gnu/libXcursor.so.1.0.2
7f46e08cf000-7f46e08d2000 ---p 00000000 00:00 0 
7f46e08d2000-7f46e09d0000 rw-p 00000000 00:00 0 
7f46e09d0000-7f46e09e6000 r-xp 00000000 08:03 151199                     /lib/x86_64-linux-gnu/libgcc_s.so.1
7f46e09e6000-7f46e0be5000 ---p 00016000 08:03 151199                     /lib/x86_64-linux-gnu/libgcc_s.so.1
7f46e0be5000-7f46e0be6000 r--p 00015000 08:03 151199                     /lib/x86_64-linux-gnu/libgcc_s.so.1
7f46e0be6000-7f46e0be7000 rw-p 00016000 08:03 151199                     /lib/x86_64-linux-gnu/libgcc_s.so.1
7f46e0be7000-7f46e0be8000 r--s 00000000 08:03 392428                     /var/cache/fontconfig/4794a0821666d79190d59a36cb4f44b5-le64.cache-4
7f46e0be8000-7f46e0bf4000 r--s 00000000 08:03 392446                     /var/cache/fontconfig/d589a48862398ed80a3d6066f4f56f4c-le64.cache-4
7f46e0bf4000-7f46e0c12000 r--s 00000000 08:03 406113                     /var/cache/fontconfig/467c019e582ee353435ea5c21d137ef6-le64.cache-4
7f46e0c12000-7f46e0c77000 r-xp 00000000 08:06 139791                     /home/stark28/Programas/jdk1.8.0_101/jre/lib/amd64/libfontmanager.so
7f46e0c77000-7f46e0e76000 ---p 00065000 08:06 139791                     /home/stark28/Programas/jdk1.8.0_101/jre/lib/amd64/libfontmanager.so
7f46e0e76000-7f46e0e7b000 rw-p 00064000 08:06 139791                     /home/stark28/Programas/jdk1.8.0_101/jre/lib/amd64/libfontmanager.so
7f46e0e7b000-7f46e0e8b000 rw-p 00000000 00:00 0 
7f46e0e8b000-7f46e0e92000 r--s 00000000 08:03 41476                      /usr/lib/x86_64-linux-gnu/gconv/gconv-modules.cache
7f46e0e92000-7f46e0ea5000 r-xp 00000000 08:03 130464                     /lib/x86_64-linux-gnu/libbsd.so.0.8.3
7f46e0ea5000-7f46e10a5000 ---p 00013000 08:03 130464                     /lib/x86_64-linux-gnu/libbsd.so.0.8.3
7f46e10a5000-7f46e10a6000 r--p 00013000 08:03 130464                     /lib/x86_64-linux-gnu/libbsd.so.0.8.3
7f46e10a6000-7f46e10a7000 rw-p 00014000 08:03 130464                     /lib/x86_64-linux-gnu/libbsd.so.0.8.3
7f46e10a7000-7f46e10a8000 rw-p 00000000 00:00 0 
7f46e10a8000-7f46e10ad000 r-xp 00000000 08:03 3757                       /usr/lib/x86_64-linux-gnu/libXdmcp.so.6.0.0
7f46e10ad000-7f46e12ac000 ---p 00005000 08:03 3757                       /usr/lib/x86_64-linux-gnu/libXdmcp.so.6.0.0
7f46e12ac000-7f46e12ad000 r--p 00004000 08:03 3757                       /usr/lib/x86_64-linux-gnu/libXdmcp.so.6.0.0
7f46e12ad000-7f46e12ae000 rw-p 00005000 08:03 3757                       /usr/lib/x86_64-linux-gnu/libXdmcp.so.6.0.0
7f46e12ae000-7f46e12b1000 r-xp 00000000 08:03 8319                       /usr/lib/x86_64-linux-gnu/libXau.so.6.0.0
7f46e12b1000-7f46e14b0000 ---p 00003000 08:03 8319                       /usr/lib/x86_64-linux-gnu/libXau.so.6.0.0
7f46e14b0000-7f46e14b1000 r--p 00002000 08:03 8319                       /usr/lib/x86_64-linux-gnu/libXau.so.6.0.0
7f46e14b1000-7f46e14b2000 rw-p 00003000 08:03 8319                       /usr/lib/x86_64-linux-gnu/libXau.so.6.0.0
7f46e14b2000-7f46e14d9000 r-xp 00000000 08:03 8774                       /usr/lib/x86_64-linux-gnu/libxcb.so.1.1.0
7f46e14d9000-7f46e16d8000 ---p 00027000 08:03 8774                       /usr/lib/x86_64-linux-gnu/libxcb.so.1.1.0
7f46e16d8000-7f46e16d9000 r--p 00026000 08:03 8774                       /usr/lib/x86_64-linux-gnu/libxcb.so.1.1.0
7f46e16d9000-7f46e16da000 rw-p 00027000 08:03 8774                       /usr/lib/x86_64-linux-gnu/libxcb.so.1.1.0
7f46e16da000-7f46e16e9000 r-xp 00000000 08:03 11308                      /usr/lib/x86_64-linux-gnu/libXi.so.6.1.0
7f46e16e9000-7f46e18e8000 ---p 0000f000 08:03 11308                      /usr/lib/x86_64-linux-gnu/libXi.so.6.1.0
7f46e18e8000-7f46e18e9000 r--p 0000e000 08:03 11308                      /usr/lib/x86_64-linux-gnu/libXi.so.6.1.0
7f46e18e9000-7f46e18ea000 rw-p 0000f000 08:03 11308                      /usr/lib/x86_64-linux-gnu/libXi.so.6.1.0
7f46e18ea000-7f46e18ef000 r-xp 00000000 08:03 24510                      /usr/lib/x86_64-linux-gnu/libXtst.so.6.1.0
7f46e18ef000-7f46e1aee000 ---p 00005000 08:03 24510                      /usr/lib/x86_64-linux-gnu/libXtst.so.6.1.0
7f46e1aee000-7f46e1aef000 r--p 00004000 08:03 24510                      /usr/lib/x86_64-linux-gnu/libXtst.so.6.1.0
7f46e1aef000-7f46e1af0000 rw-p 00005000 08:03 24510                      /usr/lib/x86_64-linux-gnu/libXtst.so.6.1.0
7f46e1af0000-7f46e1af9000 r-xp 00000000 08:03 8157                       /usr/lib/x86_64-linux-gnu/libXrender.so.1.3.0
7f46e1af9000-7f46e1cf8000 ---p 00009000 08:03 8157                       /usr/lib/x86_64-linux-gnu/libXrender.so.1.3.0
7f46e1cf8000-7f46e1cf9000 r--p 00008000 08:03 8157                       /usr/lib/x86_64-linux-gnu/libXrender.so.1.3.0
7f46e1cf9000-7f46e1cfa000 rw-p 00009000 08:03 8157                       /usr/lib/x86_64-linux-gnu/libXrender.so.1.3.0
7f46e1cfa000-7f46e1e34000 r-xp 00000000 08:03 8788                       /usr/lib/x86_64-linux-gnu/libX11.so.6.3.0
7f46e1e34000-7f46e2034000 ---p 0013a000 08:03 8788                       /usr/lib/x86_64-linux-gnu/libX11.so.6.3.0
7f46e2034000-7f46e2035000 r--p 0013a000 08:03 8788                       /usr/lib/x86_64-linux-gnu/libX11.so.6.3.0
7f46e2035000-7f46e203a000 rw-p 0013b000 08:03 8788                       /usr/lib/x86_64-linux-gnu/libX11.so.6.3.0
7f46e203a000-7f46e204b000 r-xp 00000000 08:03 14600                      /usr/lib/x86_64-linux-gnu/libXext.so.6.4.0
7f46e204b000-7f46e224a000 ---p 00011000 08:03 14600                      /usr/lib/x86_64-linux-gnu/libXext.so.6.4.0
7f46e224a000-7f46e224b000 r--p 00010000 08:03 14600                      /usr/lib/x86_64-linux-gnu/libXext.so.6.4.0
7f46e224b000-7f46e224c000 rw-p 00011000 08:03 14600                      /usr/lib/x86_64-linux-gnu/libXext.so.6.4.0
7f46e224c000-7f46e224e000 r--s 00000000 08:03 400195                     /var/cache/fontconfig/7ef2298fde41cc6eeb7af42e48b7d293-le64.cache-4
7f46e224e000-7f46e2250000 r--s 00000000 08:03 394499                     /var/cache/fontconfig/452f1fac34b224105d7acfae3034bcd5-le64.cache-4
7f46e2250000-7f46e2251000 r--s 00000000 08:03 406116                     /var/cache/fontconfig/e0aa53bcfa504e64f87823c16bc01eb6-le64.cache-4
7f46e2251000-7f46e2277000 r--p 00000000 08:03 8174                       /usr/share/locale/es/LC_MESSAGES/libc.mo
7f46e2277000-7f46e22cb000 r-xp 00000000 08:06 139846                     /home/stark28/Programas/jdk1.8.0_101/jre/lib/amd64/libawt_xawt.so
7f46e22cb000-7f46e24cb000 ---p 00054000 08:06 139846                     /home/stark28/Programas/jdk1.8.0_101/jre/lib/amd64/libawt_xawt.so
7f46e24cb000-7f46e24cf000 rw-p 00054000 08:06 139846                     /home/stark28/Programas/jdk1.8.0_101/jre/lib/amd64/libawt_xawt.so
7f46e24cf000-7f46e24d0000 rw-p 00000000 00:00 0 
7f46e24d0000-7f46e2572000 r-xp 00000000 08:06 139950                     /home/stark28/Programas/jdk1.8.0_101/jre/lib/amd64/libawt.so
7f46e2572000-7f46e2772000 ---p 000a2000 08:06 139950                     /home/stark28/Programas/jdk1.8.0_101/jre/lib/amd64/libawt.so
7f46e2772000-7f46e277e000 rw-p 000a2000 08:06 139950                     /home/stark28/Programas/jdk1.8.0_101/jre/lib/amd64/libawt.so
7f46e277e000-7f46e27a2000 rw-p 00000000 00:00 0 
7f46e27a2000-7f46e27a7000 r--s 002f9000 08:06 139995                     /home/stark28/Programas/jdk1.8.0_101/jre/lib/charsets.jar
7f46e27a7000-7f46e27b4000 r--s 0131e000 08:06 151486                     /home/stark28/librerias para desarrollo/javacv-bin/opencv-ios-x86_64.jar
7f46e27b4000-7f46e27c1000 r--s 0116e000 08:06 151508                     /home/stark28/librerias para desarrollo/javacv-bin/opencv-ios-arm64.jar
7f46e27c1000-7f46e27cc000 r--s 0172e000 08:06 151543                     /home/stark28/librerias para desarrollo/javacv-bin/opencv-android-x86_64.jar
7f46e27cc000-7f46e27d6000 r--s 0175a000 08:06 151456                     /home/stark28/librerias para desarrollo/javacv-bin/opencv-android-x86.jar
7f46e27d6000-7f46e27e1000 r--s 0155f000 08:06 151498                     /home/stark28/librerias para desarrollo/javacv-bin/opencv-android-arm64.jar
7f46e27e1000-7f46e27ed000 r--s 01285000 08:06 151471                     /home/stark28/librerias para desarrollo/javacv-bin/opencv-android-arm.jar
7f46e27ed000-7f46e27ef000 r--s 000ec000 08:06 151504                     /home/stark28/librerias para desarrollo/javacv-bin/libfreenect2-windows-x86_64.jar
7f46e27ef000-7f46e27f0000 r--s 0005b000 08:06 151473                     /home/stark28/librerias para desarrollo/javacv-bin/libfreenect2-macosx-x86_64.jar
7f46e27f0000-7f46e27f1000 r--s 0001c000 08:06 151445                     /home/stark28/librerias para desarrollo/javacv-bin/videoinput-windows-x86_64.jar
7f46e27f1000-7f46e27f3000 r--s 00017000 08:06 151481                     /home/stark28/librerias para desarrollo/javacv-bin/videoinput-windows-x86.jar
7f46e27f3000-7f46e27f4000 r--s 00000000 08:06 151530                     /home/stark28/librerias para desarrollo/javacv-bin/videoinput-platform.jar
7f46e27f4000-7f46e27f6000 r--s 000e0000 08:06 151444                     /home/stark28/librerias para desarrollo/javacv-bin/librealsense-windows-x86_64.jar
7f46e27f6000-7f46e27f8000 r--s 000bb000 08:06 151527                     /home/stark28/librerias para desarrollo/javacv-bin/librealsense-windows-x86.jar
7f46e27f8000-7f46e27f9000 r--s 0007b000 08:06 151511                     /home/stark28/librerias para desarrollo/javacv-bin/librealsense-macosx-x86_64.jar
7f46e27f9000-7f46e27fa000 r--s 00073000 08:06 151475                     /home/stark28/librerias para desarrollo/javacv-bin/librealsense-linux-x86_64.jar
7f46e27fa000-7f46e27fb000 r--s 00071000 08:06 151542                     /home/stark28/librerias para desarrollo/javacv-bin/librealsense-linux-x86.jar
7f46e27fb000-7f46e27fc000 r--s 00000000 08:06 151529                     /home/stark28/librerias para desarrollo/javacv-bin/librealsense-platform.jar
7f46e27fc000-7f46e27fd000 r--s 00081000 08:06 151515                     /home/stark28/librerias para desarrollo/javacv-bin/libfreenect2-linux-x86_64.jar
7f46e27fd000-7f46e27fe000 r--s 0007b000 08:06 151528                     /home/stark28/librerias para desarrollo/javacv-bin/libfreenect2-linux-x86.jar
7f46e27fe000-7f46e27ff000 r--s 00000000 08:06 151483                     /home/stark28/librerias para desarrollo/javacv-bin/libfreenect2-platform.jar
7f46e27ff000-7f46e2800000 r--s 00033000 08:06 151474                     /home/stark28/librerias para desarrollo/javacv-bin/libfreenect-windows-x86_64.jar
7f46e2800000-7f46e2801000 r--s 0002b000 08:06 151469                     /home/stark28/librerias para desarrollo/javacv-bin/libfreenect-windows-x86.jar
7f46e2801000-7f46e2802000 r--s 0001a000 08:06 151442                     /home/stark28/librerias para desarrollo/javacv-bin/libfreenect-macosx-x86_64.jar
7f46e2802000-7f46e2804000 r--s 00037000 08:06 151460                     /home/stark28/librerias para desarrollo/javacv-bin/libfreenect-linux-ppc64le.jar
7f46e2804000-7f46e2805000 r--s 0001b000 08:06 151464                     /home/stark28/librerias para desarrollo/javacv-bin/libfreenect-linux-armhf.jar
7f46e2805000-7f46e2807000 r--s 00031000 08:06 151480                     /home/stark28/librerias para desarrollo/javacv-bin/libfreenect-linux-x86_64.jar
7f46e2807000-7f46e2808000 r--s 0002f000 08:06 151448                     /home/stark28/librerias para desarrollo/javacv-bin/libfreenect-linux-x86.jar
7f46e2808000-7f46e2809000 r--s 00000000 08:06 151510                     /home/stark28/librerias para desarrollo/javacv-bin/libfreenect-platform.jar
7f46e2809000-7f46e280a000 r--s 0002c000 08:06 151450                     /home/stark28/librerias para desarrollo/javacv-bin/libdc1394-windows-x86_64.jar
7f46e280a000-7f46e280b000 r--s 00030000 08:06 151454                     /home/stark28/librerias para desarrollo/javacv-bin/libdc1394-windows-x86.jar
7f46e280b000-7f46e280c000 r--s 0002d000 08:06 151493                     /home/stark28/librerias para desarrollo/javacv-bin/libdc1394-macosx-x86_64.jar
7f46e280c000-7f46e280e000 r--s 00025000 08:06 151537                     /home/stark28/librerias para desarrollo/javacv-bin/libdc1394-linux-ppc64le.jar
7f46e280e000-7f46e280f000 r--s 00020000 08:06 151452                     /home/stark28/librerias para desarrollo/javacv-bin/libdc1394-linux-armhf.jar
7f46e280f000-7f46e2810000 r--s 00027000 08:06 151465                     /home/stark28/librerias para desarrollo/javacv-bin/libdc1394-linux-x86_64.jar
7f46e2810000-7f46e2811000 r--s 00024000 08:06 151501                     /home/stark28/librerias para desarrollo/javacv-bin/libdc1394-linux-x86.jar
7f46e2811000-7f46e2812000 r--s 00000000 08:06 151440                     /home/stark28/librerias para desarrollo/javacv-bin/libdc1394-platform.jar
7f46e2812000-7f46e2821000 r--s 013df000 08:06 151484                     /home/stark28/librerias para desarrollo/javacv-bin/opencv-windows-x86_64.jar
7f46e2821000-7f46e282f000 r--s 01109000 08:06 151536                     /home/stark28/librerias para desarrollo/javacv-bin/opencv-windows-x86.jar
7f46e282f000-7f46e283d000 r--s 01177000 08:06 151488                     /home/stark28/librerias para desarrollo/javacv-bin/opencv-macosx-x86_64.jar
7f46e283d000-7f46e284a000 r--s 0125a000 08:06 151534                     /home/stark28/librerias para desarrollo/javacv-bin/opencv-linux-ppc64le.jar
7f46e284a000-7f46e2857000 r--s 0107a000 08:06 151496                     /home/stark28/librerias para desarrollo/javacv-bin/opencv-linux-armhf.jar
7f46e2857000-7f46e2865000 r--s 01084000 08:06 151478                     /home/stark28/librerias para desarrollo/javacv-bin/opencv-linux-x86_64.jar
7f46e2865000-7f46e2872000 r--s 0104b000 08:06 151503                     /home/stark28/librerias para desarrollo/javacv-bin/opencv-linux-x86.jar
7f46e2872000-7f46e2873000 r--s 00000000 08:06 151447                     /home/stark28/librerias para desarrollo/javacv-bin/opencv-platform.jar
7f46e2873000-7f46e2875000 r--s 00003000 08:06 151461                     /home/stark28/librerias para desarrollo/javacv-bin/videoinput.jar
7f46e2875000-7f46e2876000 ---p 00000000 00:00 0 
7f46e2876000-7f46e2976000 rw-p 00000000 00:00 0 
7f46e2976000-7f46e2979000 ---p 00000000 00:00 0 
7f46e2979000-7f46e2a77000 rw-p 00000000 00:00 0 
7f46e2a77000-7f46e2a7a000 ---p 00000000 00:00 0 
7f46e2a7a000-7f46e2b78000 rw-p 00000000 00:00 0 
7f46e2b78000-7f46e2b7b000 ---p 00000000 00:00 0 
7f46e2b7b000-7f46e2c79000 rw-p 00000000 00:00 0 
7f46e2c79000-7f46e2c7c000 ---p 00000000 00:00 0 
7f46e2c7c000-7f46e2d7a000 rw-p 00000000 00:00 0 
7f46e2d7a000-7f46e2d7d000 ---p 00000000 00:00 0 
7f46e2d7d000-7f46e2e7b000 rw-p 00000000 00:00 0 
7f46e2e7b000-7f46e3016000 r--p 00000000 08:03 15929                      /usr/lib/locale/locale-archive
7f46e3016000-7f46e3019000 ---p 00000000 00:00 0 
7f46e3019000-7f46e3117000 rw-p 00000000 00:00 0 
7f46e3117000-7f46e311a000 ---p 00000000 00:00 0 
7f46e311a000-7f46e3218000 rw-p 00000000 00:00 0 
7f46e3218000-7f46e3219000 ---p 00000000 00:00 0 
7f46e3219000-7f46e3a20000 rw-p 00000000 00:00 0 
7f46e3a20000-7f46e5000000 rw-p 00000000 00:00 0 
7f46e5000000-7f46e5500000 rwxp 00000000 00:00 0 
7f46e5500000-7f46f4000000 ---p 00000000 00:00 0 
7f46f4000000-7f46f47f6000 rw-p 00000000 00:00 0 
7f46f47f6000-7f46f8000000 ---p 00000000 00:00 0 
7f46f8000000-7f46f8003000 r--s 0000a000 08:06 151517                     /home/stark28/librerias para desarrollo/javacv-bin/librealsense.jar
7f46f8003000-7f46f8004000 r--s 00005000 08:06 151470                     /home/stark28/librerias para desarrollo/javacv-bin/libfreenect2.jar
7f46f8004000-7f46f8006000 r--s 00004000 08:06 151489                     /home/stark28/librerias para desarrollo/javacv-bin/libfreenect.jar
7f46f8006000-7f46f8008000 r--s 00006000 08:06 151532                     /home/stark28/librerias para desarrollo/javacv-bin/libdc1394.jar
7f46f8008000-7f46f8026000 r--s 0014a000 08:06 151505                     /home/stark28/librerias para desarrollo/javacv-bin/opencv.jar
7f46f8026000-7f46f802b000 r--s 0005c000 08:06 151520                     /home/stark28/librerias para desarrollo/javacv-bin/javacv.jar
7f46f802b000-7f46f802c000 r--s 00000000 08:06 151459                     /home/stark28/librerias para desarrollo/javacv-bin/javacv-platform.jar
7f46f802c000-7f46f802d000 r--s 00034000 08:06 151535                     /home/stark28/librerias para desarrollo/javacv-bin/flycapture-windows-x86_64.jar
7f46f802d000-7f46f802e000 r--s 00028000 08:06 151490                     /home/stark28/librerias para desarrollo/javacv-bin/flycapture-windows-x86.jar
7f46f802e000-7f46f8032000 r--s 0001d000 08:06 151476                     /home/stark28/librerias para desarrollo/javacv-bin/flycapture.jar
7f46f8032000-7f46f8033000 r--s 00000000 08:06 151482                     /home/stark28/librerias para desarrollo/javacv-bin/flycapture-platform.jar
7f46f8033000-7f46f8035000 r--s 00042000 08:06 151525                     /home/stark28/librerias para desarrollo/javacv-bin/flycapture-linux-x86_64.jar
7f46f8035000-7f46f8036000 r--s 0003d000 08:06 151492                     /home/stark28/librerias para desarrollo/javacv-bin/flycapture-linux-x86.jar
7f46f8036000-7f46f8037000 r--s 00032000 08:06 151453                     /home/stark28/librerias para desarrollo/javacv-bin/flycapture-linux-armhf.jar
7f46f8037000-7f46f8038000 r--s 0000a000 08:06 151451                     /home/stark28/librerias para desarrollo/javacv-bin/flandmark-windows-x86_64.jar
7f46f8038000-7f46f8039000 r--s 00008000 08:06 151466                     /home/stark28/librerias para desarrollo/javacv-bin/flandmark-windows-x86.jar
7f46f8039000-7f46f803a000 r--s 00002000 08:06 151521                     /home/stark28/librerias para desarrollo/javacv-bin/flandmark.jar
7f46f803a000-7f46f803b000 r--s 00000000 08:06 151507                     /home/stark28/librerias para desarrollo/javacv-bin/flandmark-platform.jar
7f46f803b000-7f46f803d000 r--s 0000a000 08:06 151514                     /home/stark28/librerias para desarrollo/javacv-bin/flandmark-macosx-x86_64.jar
7f46f803d000-7f46f803f000 r--s 0000a000 08:06 151463                     /home/stark28/librerias para desarrollo/javacv-bin/flandmark-linux-x86_64.jar
7f46f803f000-7f46f8041000 r--s 0000a000 08:06 151526                     /home/stark28/librerias para desarrollo/javacv-bin/flandmark-linux-x86.jar
7f46f8041000-7f46f8043000 r--s 0000b000 08:06 151524                     /home/stark28/librerias para desarrollo/javacv-bin/flandmark-linux-ppc64le.jar
7f46f8043000-7f46f8044000 r--s 00009000 08:06 151539                     /home/stark28/librerias para desarrollo/javacv-bin/flandmark-linux-armhf.jar
7f46f8044000-7f46f8046000 r--s 0000a000 08:06 151497                     /home/stark28/librerias para desarrollo/javacv-bin/flandmark-android-x86_64.jar
7f46f8046000-7f46f8047000 r--s 0000b000 08:06 151491                     /home/stark28/librerias para desarrollo/javacv-bin/flandmark-android-x86.jar
7f46f8047000-7f46f8048000 r--s 0000a000 08:06 151531                     /home/stark28/librerias para desarrollo/javacv-bin/flandmark-android-arm64.jar
7f46f8048000-7f46f8049000 r--s 00009000 08:06 151519                     /home/stark28/librerias para desarrollo/javacv-bin/flandmark-android-arm.jar
7f46f8049000-7f46f804b000 r--s 00d80000 08:06 151487                     /home/stark28/librerias para desarrollo/javacv-bin/ffmpeg-windows-x86_64.jar
7f46f804b000-7f46f804c000 r--s 00d17000 08:06 151516                     /home/stark28/librerias para desarrollo/javacv-bin/ffmpeg-windows-x86.jar
7f46f804c000-7f46f8053000 r--s 00035000 08:06 151441                     /home/stark28/librerias para desarrollo/javacv-bin/ffmpeg.jar
7f46f8053000-7f46f8054000 r--s 00000000 08:06 151518                     /home/stark28/librerias para desarrollo/javacv-bin/ffmpeg-platform.jar
7f46f8054000-7f46f8056000 r--s 00bf4000 08:06 151494                     /home/stark28/librerias para desarrollo/javacv-bin/ffmpeg-macosx-x86_64.jar
7f46f8056000-7f46f8057000 r--s 00ca2000 08:06 151506                     /home/stark28/librerias para desarrollo/javacv-bin/ffmpeg-linux-x86_64.jar
7f46f8057000-7f46f8059000 r--s 00be1000 08:06 151502                     /home/stark28/librerias para desarrollo/javacv-bin/ffmpeg-linux-x86.jar
7f46f8059000-7f46f805a000 r--s 00d9c000 08:06 151455                     /home/stark28/librerias para desarrollo/javacv-bin/ffmpeg-linux-ppc64le.jar
7f46f805a000-7f46f805b000 r--s 00b29000 08:06 151512                     /home/stark28/librerias para desarrollo/javacv-bin/ffmpeg-linux-armhf.jar
7f46f805b000-7f46f805c000 r--s 00c14000 08:06 151522                     /home/stark28/librerias para desarrollo/javacv-bin/ffmpeg-android-x86_64.jar
7f46f805c000-7f46f805e000 r--s 00c41000 08:06 151533                     /home/stark28/librerias para desarrollo/javacv-bin/ffmpeg-android-x86.jar
7f46f805e000-7f46f805f000 r--s 00c9f000 08:06 151462                     /home/stark28/librerias para desarrollo/javacv-bin/ffmpeg-android-arm64.jar
7f46f805f000-7f46f8061000 r--s 00c47000 08:06 151523                     /home/stark28/librerias para desarrollo/javacv-bin/ffmpeg-android-arm.jar
7f46f8061000-7f46f8062000 r--s 00027000 08:06 151449                     /home/stark28/librerias para desarrollo/javacv-bin/artoolkitplus-windows-x86_64.jar
7f46f8062000-7f46f8077000 r--s 000ef000 08:06 132728                     /home/stark28/librerias para desarrollo/mongo/mongodb-driver-core-3.4.3.jar
7f46f8077000-7f46f8095000 r--s 0017b000 08:06 132726                     /home/stark28/librerias para desarrollo/mongo/mongo-java-driver-3.4.3.jar
7f46f8095000-7f46f894f000 rw-p 00000000 00:00 0 
7f46f894f000-7f46f8b28000 r--s 03d29000 08:06 140096                     /home/stark28/Programas/jdk1.8.0_101/jre/lib/rt.jar
7f46f8b28000-7f46f8b9e000 rw-p 00000000 00:00 0 
7f46f8b9e000-7f46f94fc000 rw-p 00000000 00:00 0 
7f46f94fc000-7f46f94fd000 ---p 00000000 00:00 0 
7f46f94fd000-7f46f95fd000 rw-p 00000000 00:00 0 
7f46f95fd000-7f46f95fe000 ---p 00000000 00:00 0 
7f46f95fe000-7f46f96fe000 rw-p 00000000 00:00 0 
7f46f96fe000-7f46f96ff000 ---p 00000000 00:00 0 
7f46f96ff000-7f46f97ff000 rw-p 00000000 00:00 0 
7f46f97ff000-7f46f9800000 ---p 00000000 00:00 0 
7f46f9800000-7f46f9900000 rw-p 00000000 00:00 0 
7f46f9900000-7f46f990f000 rw-p 00000000 00:00 0 
7f46f990f000-7f46f99ea000 ---p 00000000 00:00 0 
7f46f99ea000-7f46f99f9000 rw-p 00000000 00:00 0 
7f46f99f9000-7f46f9ad3000 ---p 00000000 00:00 0 
7f46f9ad3000-7f46f9ae1000 rw-p 00000000 00:00 0 
7f46f9ae1000-7f46f9b48000 ---p 00000000 00:00 0 
7f46f9b48000-7f46f9b5d000 rw-p 00000000 00:00 0 
7f46f9b5d000-7f46f9f09000 ---p 00000000 00:00 0 
7f46f9f09000-7f46f9f23000 r-xp 00000000 08:06 139946                     /home/stark28/Programas/jdk1.8.0_101/jre/lib/amd64/libzip.so
7f46f9f23000-7f46fa123000 ---p 0001a000 08:06 139946                     /home/stark28/Programas/jdk1.8.0_101/jre/lib/amd64/libzip.so
7f46fa123000-7f46fa124000 rw-p 0001a000 08:06 139946                     /home/stark28/Programas/jdk1.8.0_101/jre/lib/amd64/libzip.so
7f46fa124000-7f46fa12e000 r-xp 00000000 08:03 155479                     /lib/x86_64-linux-gnu/libnss_files-2.24.so
7f46fa12e000-7f46fa32e000 ---p 0000a000 08:03 155479                     /lib/x86_64-linux-gnu/libnss_files-2.24.so
7f46fa32e000-7f46fa32f000 r--p 0000a000 08:03 155479                     /lib/x86_64-linux-gnu/libnss_files-2.24.so
7f46fa32f000-7f46fa330000 rw-p 0000b000 08:03 155479                     /lib/x86_64-linux-gnu/libnss_files-2.24.so
7f46fa330000-7f46fa336000 rw-p 00000000 00:00 0 
7f46fa336000-7f46fa341000 r-xp 00000000 08:03 155481                     /lib/x86_64-linux-gnu/libnss_nis-2.24.so
7f46fa341000-7f46fa540000 ---p 0000b000 08:03 155481                     /lib/x86_64-linux-gnu/libnss_nis-2.24.so
7f46fa540000-7f46fa541000 r--p 0000a000 08:03 155481                     /lib/x86_64-linux-gnu/libnss_nis-2.24.so
7f46fa541000-7f46fa542000 rw-p 0000b000 08:03 155481                     /lib/x86_64-linux-gnu/libnss_nis-2.24.so
7f46fa542000-7f46fa556000 r-xp 00000000 08:03 155476                     /lib/x86_64-linux-gnu/libnsl-2.24.so
7f46fa556000-7f46fa756000 ---p 00014000 08:03 155476                     /lib/x86_64-linux-gnu/libnsl-2.24.so
7f46fa756000-7f46fa757000 r--p 00014000 08:03 155476                     /lib/x86_64-linux-gnu/libnsl-2.24.so
7f46fa757000-7f46fa758000 rw-p 00015000 08:03 155476                     /lib/x86_64-linux-gnu/libnsl-2.24.so
7f46fa758000-7f46fa75a000 rw-p 00000000 00:00 0 
7f46fa75a000-7f46fa761000 r-xp 00000000 08:03 155477                     /lib/x86_64-linux-gnu/libnss_compat-2.24.so
7f46fa761000-7f46fa960000 ---p 00007000 08:03 155477                     /lib/x86_64-linux-gnu/libnss_compat-2.24.so
7f46fa960000-7f46fa961000 r--p 00006000 08:03 155477                     /lib/x86_64-linux-gnu/libnss_compat-2.24.so
7f46fa961000-7f46fa962000 rw-p 00007000 08:03 155477                     /lib/x86_64-linux-gnu/libnss_compat-2.24.so
7f46fa962000-7f46fa98c000 r-xp 00000000 08:06 139922                     /home/stark28/Programas/jdk1.8.0_101/jre/lib/amd64/libjava.so
7f46fa98c000-7f46fab8c000 ---p 0002a000 08:06 139922                     /home/stark28/Programas/jdk1.8.0_101/jre/lib/amd64/libjava.so
7f46fab8c000-7f46fab8e000 rw-p 0002a000 08:06 139922                     /home/stark28/Programas/jdk1.8.0_101/jre/lib/amd64/libjava.so
7f46fab8e000-7f46fab9b000 r-xp 00000000 08:06 139887                     /home/stark28/Programas/jdk1.8.0_101/jre/lib/amd64/libverify.so
7f46fab9b000-7f46fad9b000 ---p 0000d000 08:06 139887                     /home/stark28/Programas/jdk1.8.0_101/jre/lib/amd64/libverify.so
7f46fad9b000-7f46fad9d000 rw-p 0000d000 08:06 139887                     /home/stark28/Programas/jdk1.8.0_101/jre/lib/amd64/libverify.so
7f46fad9d000-7f46fada4000 r-xp 00000000 08:03 155486                     /lib/x86_64-linux-gnu/librt-2.24.so
7f46fada4000-7f46fafa3000 ---p 00007000 08:03 155486                     /lib/x86_64-linux-gnu/librt-2.24.so
7f46fafa3000-7f46fafa4000 r--p 00006000 08:03 155486                     /lib/x86_64-linux-gnu/librt-2.24.so
7f46fafa4000-7f46fafa5000 rw-p 00007000 08:03 155486                     /lib/x86_64-linux-gnu/librt-2.24.so
7f46fafa5000-7f46fb0a8000 r-xp 00000000 08:03 155473                     /lib/x86_64-linux-gnu/libm-2.24.so
7f46fb0a8000-7f46fb2a7000 ---p 00103000 08:03 155473                     /lib/x86_64-linux-gnu/libm-2.24.so
7f46fb2a7000-7f46fb2a8000 r--p 00102000 08:03 155473                     /lib/x86_64-linux-gnu/libm-2.24.so
7f46fb2a8000-7f46fb2a9000 rw-p 00103000 08:03 155473                     /lib/x86_64-linux-gnu/libm-2.24.so
7f46fb2a9000-7f46fbf74000 r-xp 00000000 08:06 139804                     /home/stark28/Programas/jdk1.8.0_101/jre/lib/amd64/server/libjvm.so
7f46fbf74000-7f46fc173000 ---p 00ccb000 08:06 139804                     /home/stark28/Programas/jdk1.8.0_101/jre/lib/amd64/server/libjvm.so
7f46fc173000-7f46fc24c000 rw-p 00cca000 08:06 139804                     /home/stark28/Programas/jdk1.8.0_101/jre/lib/amd64/server/libjvm.so
7f46fc24c000-7f46fc297000 rw-p 00000000 00:00 0 
7f46fc297000-7f46fc42c000 r-xp 00000000 08:03 155469                     /lib/x86_64-linux-gnu/libc-2.24.so
7f46fc42c000-7f46fc62c000 ---p 00195000 08:03 155469                     /lib/x86_64-linux-gnu/libc-2.24.so
7f46fc62c000-7f46fc630000 r--p 00195000 08:03 155469                     /lib/x86_64-linux-gnu/libc-2.24.so
7f46fc630000-7f46fc632000 rw-p 00199000 08:03 155469                     /lib/x86_64-linux-gnu/libc-2.24.so
7f46fc632000-7f46fc636000 rw-p 00000000 00:00 0 
7f46fc636000-7f46fc639000 r-xp 00000000 08:03 155472                     /lib/x86_64-linux-gnu/libdl-2.24.so
7f46fc639000-7f46fc838000 ---p 00003000 08:03 155472                     /lib/x86_64-linux-gnu/libdl-2.24.so
7f46fc838000-7f46fc839000 r--p 00002000 08:03 155472                     /lib/x86_64-linux-gnu/libdl-2.24.so
7f46fc839000-7f46fc83a000 rw-p 00003000 08:03 155472                     /lib/x86_64-linux-gnu/libdl-2.24.so
7f46fc83a000-7f46fc84f000 r-xp 00000000 08:06 139955                     /home/stark28/Programas/jdk1.8.0_101/lib/amd64/jli/libjli.so
7f46fc84f000-7f46fca4f000 ---p 00015000 08:06 139955                     /home/stark28/Programas/jdk1.8.0_101/lib/amd64/jli/libjli.so
7f46fca4f000-7f46fca50000 rw-p 00015000 08:06 139955                     /home/stark28/Programas/jdk1.8.0_101/lib/amd64/jli/libjli.so
7f46fca50000-7f46fca68000 r-xp 00000000 08:03 155484                     /lib/x86_64-linux-gnu/libpthread-2.24.so
7f46fca68000-7f46fcc67000 ---p 00018000 08:03 155484                     /lib/x86_64-linux-gnu/libpthread-2.24.so
7f46fcc67000-7f46fcc68000 r--p 00017000 08:03 155484                     /lib/x86_64-linux-gnu/libpthread-2.24.so
7f46fcc68000-7f46fcc69000 rw-p 00018000 08:03 155484                     /lib/x86_64-linux-gnu/libpthread-2.24.so
7f46fcc69000-7f46fcc6d000 rw-p 00000000 00:00 0 
7f46fcc6d000-7f46fcc90000 r-xp 00000000 08:03 151562                     /lib/x86_64-linux-gnu/ld-2.24.so
7f46fcc90000-7f46fcc91000 r--s 0001f000 08:06 151446                     /home/stark28/librerias para desarrollo/javacv-bin/artoolkitplus-windows-x86.jar
7f46fcc91000-7f46fcc96000 r--s 00051000 08:06 151472                     /home/stark28/librerias para desarrollo/javacv-bin/javacpp.jar
7f46fcc96000-7f46fcc97000 r--s 00005000 08:06 151509                     /home/stark28/librerias para desarrollo/javacv-bin/artoolkitplus.jar
7f46fcc97000-7f46fcc98000 r--s 00000000 08:06 151477                     /home/stark28/librerias para desarrollo/javacv-bin/artoolkitplus-platform.jar
7f46fcc98000-7f46fcc99000 r--s 0002b000 08:06 151479                     /home/stark28/librerias para desarrollo/javacv-bin/artoolkitplus-macosx-x86_64.jar
7f46fcc99000-7f46fcc9a000 r--s 0002b000 08:06 151540                     /home/stark28/librerias para desarrollo/javacv-bin/artoolkitplus-linux-x86_64.jar
7f46fcc9a000-7f46fcd5f000 rw-p 00000000 00:00 0 
7f46fcd5f000-7f46fcd62000 ---p 00000000 00:00 0 
7f46fcd62000-7f46fce62000 rw-p 00000000 00:00 0 
7f46fce62000-7f46fce64000 r--s 00027000 08:06 151443                     /home/stark28/librerias para desarrollo/javacv-bin/artoolkitplus-linux-x86.jar
7f46fce64000-7f46fce65000 r--s 00030000 08:06 151499                     /home/stark28/librerias para desarrollo/javacv-bin/artoolkitplus-linux-ppc64le.jar
7f46fce65000-7f46fce66000 r--s 00023000 08:06 151513                     /home/stark28/librerias para desarrollo/javacv-bin/artoolkitplus-linux-armhf.jar
7f46fce66000-7f46fce67000 r--s 00061000 08:06 151500                     /home/stark28/librerias para desarrollo/javacv-bin/artoolkitplus-android-x86_64.jar
7f46fce67000-7f46fce68000 r--s 00062000 08:06 151495                     /home/stark28/librerias para desarrollo/javacv-bin/artoolkitplus-android-x86.jar
7f46fce68000-7f46fce69000 r--s 0005c000 08:06 151538                     /home/stark28/librerias para desarrollo/javacv-bin/artoolkitplus-android-arm64.jar
7f46fce69000-7f46fce6b000 r--s 0004c000 08:06 151437                     /home/stark28/librerias para desarrollo/javacv-bin/artoolkitplus-android-arm.jar
7f46fce6b000-7f46fce6f000 r--s 00027000 08:06 132660                     /home/stark28/librerias para desarrollo/mongo/mongodb-driver-async-3.4.3.jar
7f46fce6f000-7f46fce75000 r--s 00054000 08:06 132693                     /home/stark28/librerias para desarrollo/mongo/mongodb-driver-3.4.3.jar
7f46fce75000-7f46fce83000 rw-p 00000000 00:00 0 
7f46fce83000-7f46fce8b000 rw-s 00000000 08:03 1315214                    /tmp/hsperfdata_stark28/6776
7f46fce8b000-7f46fce8c000 rw-p 00000000 00:00 0 
7f46fce8c000-7f46fce8d000 r--p 00000000 00:00 0 
7f46fce8d000-7f46fce90000 rw-p 00000000 00:00 0 
7f46fce90000-7f46fce91000 r--p 00023000 08:03 151562                     /lib/x86_64-linux-gnu/ld-2.24.so
7f46fce91000-7f46fce92000 rw-p 00024000 08:03 151562                     /lib/x86_64-linux-gnu/ld-2.24.so
7f46fce92000-7f46fce93000 rw-p 00000000 00:00 0 
7fffebd8d000-7fffebdb0000 rw-p 00000000 00:00 0                          [stack]
7fffebdd2000-7fffebdd4000 r--p 00000000 00:00 0                          [vvar]
7fffebdd4000-7fffebdd6000 r-xp 00000000 00:00 0                          [vdso]
ffffffffff600000-ffffffffff601000 r-xp 00000000 00:00 0                  [vsyscall]

VM Arguments:
jvm_args: -Dfile.encoding=UTF-8 -Djava.library.path=/home/stark28/librerias para desarrollo/opencv-3.4.1/java/x64 
java_command: Interfaz.principal
java_class_path (initial): /home/stark28/librerias para desarrollo/mongo/mongo-java-driver-3.4.3.jar:/home/stark28/librerias para desarrollo/mongo/mongodb-driver-3.4.3.jar:/home/stark28/librerias para desarrollo/mongo/mongodb-driver-async-3.4.3.jar:/home/stark28/librerias para desarrollo/mongo/mongodb-driver-core-3.4.3.jar:/home/stark28/librerias para desarrollo/javacv-bin/artoolkitplus-android-arm.jar:/home/stark28/librerias para desarrollo/javacv-bin/artoolkitplus-android-arm64.jar:/home/stark28/librerias para desarrollo/javacv-bin/artoolkitplus-android-x86.jar:/home/stark28/librerias para desarrollo/javacv-bin/artoolkitplus-android-x86_64.jar:/home/stark28/librerias para desarrollo/javacv-bin/artoolkitplus-linux-armhf.jar:/home/stark28/librerias para desarrollo/javacv-bin/artoolkitplus-linux-ppc64le.jar:/home/stark28/librerias para desarrollo/javacv-bin/artoolkitplus-linux-x86.jar:/home/stark28/librerias para desarrollo/javacv-bin/artoolkitplus-linux-x86_64.jar:/home/stark28/librerias para desarrollo/javacv-bin/artoolkitplus-macosx-x86_64.jar:/home/stark28/librerias para desarrollo/javacv-bin/artoolkitplus-platform.jar:/home/stark28/librerias para desarrollo/javacv-bin/artoolkitplus-windows-x86.jar:/home/stark28/librerias para desarrollo/javacv-bin/artoolkitplus-windows-x86_64.jar:/home/stark28/librerias para desarrollo/javacv-bin/artoolkitplus.jar:/home/stark28/librerias para desarrollo/javacv-bin/ffmpeg-android-arm.jar:/home/stark28/librerias para desarrollo/javacv-bin/ffmpeg-android-arm64.jar:/home/stark28/librerias para desarrollo/javacv-bin/ffmpeg-android-x86.jar:/home/stark28/librerias para desarrollo/javacv-bin/ffmpeg-android-x86_64.jar:/home/stark28/librerias para desarrollo/javacv-bin/ffmpeg-linux-armhf.jar:/home/stark28/librerias para desarrollo/javacv-bin/ffmpeg-linux-ppc64le.jar:/home/stark28/librerias para desarrollo/javacv-bin/ffmpeg-linux-x86.jar:/home/stark28/librerias para desarrollo/javacv-bin/ffmpeg-linux-x86_64.jar:/home/stark28/librerias pa
Launcher Type: SUN_STANDARD

Environment Variables:
PATH=/usr/local/bin:/usr/bin:/bin:/usr/local/games:/usr/games
LD_LIBRARY_PATH=/home/stark28/Programas/jdk1.8.0_101/jre/lib/amd64:/home/stark28/Programas/jdk1.8.0_101/jre/lib/i386:
SHELL=/bin/bash
DISPLAY=:0

Signal Handlers:
SIGSEGV: [libjvm.so+0xac4790], sa_mask[0]=11111111011111111101111111111110, sa_flags=SA_RESTART|SA_SIGINFO
SIGBUS: [libjvm.so+0xac4790], sa_mask[0]=11111111011111111101111111111110, sa_flags=SA_RESTART|SA_SIGINFO
SIGFPE: [libjvm.so+0x91f140], sa_mask[0]=11111111011111111101111111111110, sa_flags=SA_RESTART|SA_SIGINFO
SIGPIPE: [libjvm.so+0x91f140], sa_mask[0]=11111111011111111101111111111110, sa_flags=SA_RESTART|SA_SIGINFO
SIGXFSZ: [libjvm.so+0x91f140], sa_mask[0]=11111111011111111101111111111110, sa_flags=SA_RESTART|SA_SIGINFO
SIGILL: [libjvm.so+0x91f140], sa_mask[0]=11111111011111111101111111111110, sa_flags=SA_RESTART|SA_SIGINFO
SIGUSR1: SIG_DFL, sa_mask[0]=00000000000000000000000000000000, sa_flags=none
SIGUSR2: [libjvm.so+0x920770], sa_mask[0]=00100000000000000000000000000000, sa_flags=SA_RESTART|SA_SIGINFO
SIGHUP: [libjvm.so+0x921b70], sa_mask[0]=11111111011111111101111111111110, sa_flags=SA_RESTART|SA_SIGINFO
SIGINT: SIG_IGN, sa_mask[0]=00000000000000000000000000000000, sa_flags=none
SIGTERM: [libjvm.so+0x921b70], sa_mask[0]=11111111011111111101111111111110, sa_flags=SA_RESTART|SA_SIGINFO
SIGQUIT: [libjvm.so+0x921b70], sa_mask[0]=11111111011111111101111111111110, sa_flags=SA_RESTART|SA_SIGINFO


---------------  S Y S T E M  ---------------

OS:PRETTY_NAME="Debian GNU/Linux 9 (stretch)"
NAME="Debian GNU/Linux"
VERSION_ID="9"
VERSION="9 (stretch)"
ID=debian
HOME_URL="https://www.debian.org/"
SUPPORT_URL="https://www.debian.org/support"
BUG_REPORT_URL="https://bugs.debian.org/"

uname:Linux 4.9.0-6-amd64 #1 SMP Debian 4.9.82-1+deb9u3 (2018-03-02) x86_64
libc:glibc 2.24 NPTL 2.24 
rlimit: STACK 8192k, CORE 0k, NPROC 11083, NOFILE 1048576, AS infinity
load average:2,70 2,61 1,72

/proc/meminfo:
MemTotal:        2861148 kB
MemFree:          243904 kB
MemAvailable:     402796 kB
Buffers:           23376 kB
Cached:           429116 kB
SwapCached:        85460 kB
Active:          1788552 kB
Inactive:         646512 kB
Active(anon):    1595552 kB
Inactive(anon):   501832 kB
Active(file):     193000 kB
Inactive(file):   144680 kB
Unevictable:           0 kB
Mlocked:               0 kB
SwapTotal:       3877884 kB
SwapFree:        3276964 kB
Dirty:              2728 kB
Writeback:             0 kB
AnonPages:       1979432 kB
Mapped:           167896 kB
Shmem:            114768 kB
Slab:              92584 kB
SReclaimable:      36140 kB
SUnreclaim:        56444 kB
KernelStack:        9440 kB
PageTables:        45072 kB
NFS_Unstable:          0 kB
Bounce:                0 kB
WritebackTmp:          0 kB
CommitLimit:     5308456 kB
Committed_AS:    6339928 kB
VmallocTotal:   34359738367 kB
VmallocUsed:           0 kB
VmallocChunk:          0 kB
HardwareCorrupted:     0 kB
AnonHugePages:         0 kB
ShmemHugePages:        0 kB
ShmemPmdMapped:        0 kB
HugePages_Total:       0
HugePages_Free:        0
HugePages_Rsvd:        0
HugePages_Surp:        0
Hugepagesize:       2048 kB
DirectMap4k:      127896 kB
DirectMap2M:     2861056 kB


CPU:total 4 (2 cores per cpu, 2 threads per core) family 6 model 42 stepping 7, cmov, cx8, fxsr, mmx, sse, sse2, sse3, ssse3, sse4.1, sse4.2, popcnt, avx, clmul, ht, tsc, tscinvbit

/proc/cpuinfo:
processor	: 0
vendor_id	: GenuineIntel
cpu family	: 6
model		: 42
model name	: Intel(R) Core(TM) i3-2370M CPU @ 2.40GHz
stepping	: 7
microcode	: 0x1b
cpu MHz		: 2170.312
cache size	: 3072 KB
physical id	: 0
siblings	: 4
core id		: 0
cpu cores	: 2
apicid		: 0
initial apicid	: 0
fpu		: yes
fpu_exception	: yes
cpuid level	: 13
wp		: yes
flags		: fpu vme de pse tsc msr pae mce cx8 apic sep mtrr pge mca cmov pat pse36 clflush dts acpi mmx fxsr sse sse2 ss ht tm pbe syscall nx rdtscp lm constant_tsc arch_perfmon pebs bts rep_good nopl xtopology nonstop_tsc aperfmperf eagerfpu pni pclmulqdq dtes64 monitor ds_cpl vmx est tm2 ssse3 cx16 xtpr pdcm pcid sse4_1 sse4_2 x2apic popcnt tsc_deadline_timer xsave avx lahf_lm epb kaiser tpr_shadow vnmi flexpriority ept vpid xsaveopt dtherm arat pln pts
bugs		: cpu_meltdown spectre_v1 spectre_v2
bogomips	: 4789.45
clflush size	: 64
cache_alignment	: 64
address sizes	: 36 bits physical, 48 bits virtual
power management:

processor	: 1
vendor_id	: GenuineIntel
cpu family	: 6
model		: 42
model name	: Intel(R) Core(TM) i3-2370M CPU @ 2.40GHz
stepping	: 7
microcode	: 0x1b
cpu MHz		: 2079.638
cache size	: 3072 KB
physical id	: 0
siblings	: 4
core id		: 1
cpu cores	: 2
apicid		: 2
initial apicid	: 2
fpu		: yes
fpu_exception	: yes
cpuid level	: 13
wp		: yes
flags		: fpu vme de pse tsc msr pae mce cx8 apic sep mtrr pge mca cmov pat pse36 clflush dts acpi mmx fxsr sse sse2 ss ht tm pbe syscall nx rdtscp lm constant_tsc arch_perfmon pebs bts rep_good nopl xtopology nonstop_tsc aperfmperf eagerfpu pni pclmulqdq dtes64 monitor ds_cpl vmx est tm2 ssse3 cx16 xtpr pdcm pcid sse4_1 sse4_2 x2apic popcnt tsc_deadline_timer xsave avx lahf_lm epb kaiser tpr_shadow vnmi flexpriority ept vpid xsaveopt dtherm arat pln pts
bugs		: cpu_meltdown spectre_v1 spectre_v2
bogomips	: 4789.45
clflush size	: 64
cache_alignment	: 64
address sizes	: 36 bits physical, 48 bits virtual
power management:

processor	: 2
vendor_id	: GenuineIntel
cpu family	: 6
model		: 42
model name	: Intel(R) Core(TM) i3-2370M CPU @ 2.40GHz
stepping	: 7
microcode	: 0x1b
cpu MHz		: 2017.382
cache size	: 3072 KB
physical id	: 0
siblings	: 4
core id		: 0
cpu cores	: 2
apicid		: 1
initial apicid	: 1
fpu		: yes
fpu_exception	: yes
cpuid level	: 13
wp		: yes
flags		: fpu vme de pse tsc msr pae mce cx8 apic sep mtrr pge mca cmov pat pse36 clflush dts acpi mmx fxsr sse sse2 ss ht tm pbe syscall nx rdtscp lm constant_tsc arch_perfmon pebs bts rep_good nopl xtopology nonstop_tsc aperfmperf eagerfpu pni pclmulqdq dtes64 monitor ds_cpl vmx est tm2 ssse3 cx16 xtpr pdcm pcid sse4_1 sse4_2 x2apic popcnt tsc_deadline_timer xsave avx lahf_lm epb kaiser tpr_shadow vnmi flexpriority ept vpid xsaveopt dtherm arat pln pts
bugs		: cpu_meltdown spectre_v1 spectre_v2
bogomips	: 4789.45
clflush size	: 64
cache_alignment	: 64
address sizes	: 36 bits physical, 48 bits virtual
power management:

processor	: 3
vendor_id	: GenuineIntel
cpu family	: 6
model		: 42
model name	: Intel(R) Core(TM) i3-2370M CPU @ 2.40GHz
stepping	: 7
microcode	: 0x1b
cpu MHz		: 2199.902
cache size	: 3072 KB
physical id	: 0
siblings	: 4
core id		: 1
cpu cores	: 2
apicid		: 3
initial apicid	: 3
fpu		: yes
fpu_exception	: yes
cpuid level	: 13
wp		: yes
flags		: fpu vme de pse tsc msr pae mce cx8 apic sep mtrr pge mca cmov pat pse36 clflush dts acpi mmx fxsr sse sse2 ss ht tm pbe syscall nx rdtscp lm constant_tsc arch_perfmon pebs bts rep_good nopl xtopology nonstop_tsc aperfmperf eagerfpu pni pclmulqdq dtes64 monitor ds_cpl vmx est tm2 ssse3 cx16 xtpr pdcm pcid sse4_1 sse4_2 x2apic popcnt tsc_deadline_timer xsave avx lahf_lm epb kaiser tpr_shadow vnmi flexpriority ept vpid xsaveopt dtherm arat pln pts
bugs		: cpu_meltdown spectre_v1 spectre_v2
bogomips	: 4789.45
clflush size	: 64
cache_alignment	: 64
address sizes	: 36 bits physical, 48 bits virtual
power management:



Memory: 4k page, physical 2861148k(243904k free), swap 3877884k(3276964k free)

vm_info: Java HotSpot(TM) 64-Bit Server VM (25.101-b13) for linux-amd64 JRE (1.8.0_101-b13), built on Jun 22 2016 02:59:44 by "java_re" with gcc 4.3.0 20080428 (Red Hat 4.3.0-8)

time: Sun Jul 15 23:18:59 2018
elapsed time: 28 seconds (0d 0h 0m 28s)

