#
# A fatal error has been detected by the Java Runtime Environment:
#
#  SIGSEGV (0xb) at pc=0x00007f37abdc9167, pid=7079, tid=0x00007f37b5b95700
#
# JRE version: Java(TM) SE Runtime Environment (8.0_101-b13) (build 1.8.0_101-b13)
# Java VM: Java HotSpot(TM) 64-Bit Server VM (25.101-b13 mixed mode linux-amd64 compressed oops)
# Problematic frame:
# C  [libopencv_objdetect.so.3.4+0x2e167]
#
# Failed to write core dump. Core dumps have been disabled. To enable core dumping, try "ulimit -c unlimited" before starting Java again
#
# If you would like to submit a bug report, please visit:
#   http://bugreport.java.com/bugreport/crash.jsp
#

---------------  T H R E A D  ---------------

Current thread is native thread

siginfo: si_signo: 11 (SIGSEGV), si_code: 2 (SEGV_ACCERR), si_addr: 0x00007f3787fdd534

Registers:
RAX=0x0000000000000005, RBX=0x00000000002d883c, RCX=0x00000000fe7b5bb0, RDX=0x00007f3786f0bde8
RSP=0x00007f37b5b94c60, RBP=0x00000000000000f0, RSI=0x00007f3786ef6110, RDI=0x00000000000003a8
R8 =0x000000000000001e, R9 =0x00007f3786ef7598, R10=0x0000000000000450, R11=0x00007f3787d04cf8
R12=0x00007f3786ef5f40, R13=0x0000000000000338, R14=0x00007f37b5b94d38, R15=0x0000000000000000
RIP=0x00007f37abdc9167, EFLAGS=0x0000000000010282, CSGSFS=0x002b000000000033, ERR=0x0000000000000004
  TRAPNO=0x000000000000000e

Top of Stack: (sp=0x00007f37b5b94c60)
0x00007f37b5b94c60:   0000000000000010 0000000000000040
0x00007f37b5b94c70:   0000000000000000 00007f37b7d3d9fe
0x00007f37b5b94c80:   0000000000000000 0000000000000000
0x00007f37b5b94c90:   4003ae49f4169bf5 0000000000000000
0x00007f37b5b94ca0:   0000000000000000 0000000100000077
0x00007f37b5b94cb0:   0000000000000000 00007f3794000020
0x00007f37b5b94cc0:   0000000000000010 0000000000000000
0x00007f37b5b94cd0:   00007f377c0040e4 00007f37b5b94d20
0x00007f37b5b94ce0:   00007f3786fbb280 000002d700000338
0x00007f37b5b94cf0:   0000000000000000 00000000000b5ed7
0x00007f37b5b94d00:   00007f37873db6f8 00007f37abdc9ad8
0x00007f37b5b94d10:   00007f37f4ef9c00 00007f37abdc7d8e
0x00007f37b5b94d20:   0000000000000000 00007f3700000000
0x00007f37b5b94d30:   00007f3794000a30 00007f37f4ef98c0
0x00007f37b5b94d40:   00007f37b5b94ec0 00007f37f4ef98c0
0x00007f37b5b94d50:   000000000000016e 0000000000000338
0x00007f37b5b94d60:   00007f377c0060f8 00007f37abdc9c89
0x00007f37b5b94d70:   7fffffff80000000 0000000000000000
0x00007f37b5b94d80:   00000181000000bf 00007f37873f77f4
0x00007f37b5b94d90:   00007f37873f7768 00007f37873db784
0x00007f37b5b94da0:   00000181000002d7 0000000000000000
0x00007f37b5b94db0:   00007f3787debc6a 000002d700000000
0x00007f37b5b94dc0:   00007f377c0221f4 00007f377c022168
0x00007f37b5b94dd0:   00007f377c006184 0000014400000143
0x00007f37b5b94de0:   00007f3700000401 0000000000000001
0x00007f37b5b94df0:   0000000000000143 00007f37b5b94e30
0x00007f37b5b94e00:   00007f37b5b94e10 00007f37b5b94e40
0x00007f37b5b94e10:   0000000000000000 0000000000000000
0x00007f37b5b94e20:   0000000000000000 0000000000000000
0x00007f37b5b94e30:   0000000000000144 0000000000000001
0x00007f37b5b94e40:   0000000000000000 00007f3700000000
0x00007f37b5b94e50:   0000000000000000 00007f37f4ef9490 

Instructions: (pc=0x00007f37abdc9167)
0x00007f37abdc9147:   db 66 0f 16 1d e0 c4 01 00 8b 0c 19 41 2b 0c 1b
0x00007f37abdc9157:   4c 8b 5a 10 41 2b 0c 1b 4c 8b 5a 18 66 0f 28 d1
0x00007f37abdc9167:   41 03 0c 1b 4c 8b 5a 30 66 0f 16 15 b9 c4 01 00
0x00007f37abdc9177:   66 0f 28 e2 f3 0f 2a c9 48 8b 4a 28 8b 0c 19 41 

Register to memory mapping:

RAX=0x0000000000000005 is an unknown value
RBX=0x00000000002d883c is an unknown value
RCX=0x00000000fe7b5bb0 is an unallocated location in the heap
RDX=0x00007f3786f0bde8 is an unknown value
RSP=0x00007f37b5b94c60 is an unknown value
RBP=0x00000000000000f0 is an unknown value
RSI=0x00007f3786ef6110 is an unknown value
RDI=0x00000000000003a8 is an unknown value
R8 =0x000000000000001e is an unknown value
R9 =0x00007f3786ef7598 is an unknown value
R10=0x0000000000000450 is an unknown value
R11=0x00007f3787d04cf8 is an unknown value
R12=0x00007f3786ef5f40 is an unknown value
R13=0x0000000000000338 is an unknown value
R14=0x00007f37b5b94d38 is an unknown value
R15=0x0000000000000000 is an unknown value


Stack: [0x00007f37b5395000,0x00007f37b5b96000],  sp=0x00007f37b5b94c60,  free space=8191k
Native frames: (J=compiled Java code, j=interpreted, Vv=VM code, C=native code)
C  [libopencv_objdetect.so.3.4+0x2e167]

[error occurred during error reporting (printing native stack), id 0xb]


---------------  P R O C E S S  ---------------

VM state:not at safepoint (normal execution)

VM Mutex/Monitor currently owned by a thread: None

Heap:
 PSYoungGen      total 13312K, used 8255K [0x00000000f1700000, 0x00000000f2580000, 0x0000000100000000)
  eden space 11776K, 57% used [0x00000000f1700000,0x00000000f1d8fd70,0x00000000f2280000)
  from space 1536K, 100% used [0x00000000f2400000,0x00000000f2580000,0x00000000f2580000)
  to   space 1536K, 0% used [0x00000000f2280000,0x00000000f2280000,0x00000000f2400000)
 ParOldGen       total 30208K, used 3495K [0x00000000d4400000, 0x00000000d6180000, 0x00000000f1700000)
  object space 30208K, 11% used [0x00000000d4400000,0x00000000d4769e08,0x00000000d6180000)
 Metaspace       used 17159K, capacity 17320K, committed 17536K, reserved 1064960K
  class space    used 2010K, capacity 2084K, committed 2176K, reserved 1048576K

Card table byte_map: [0x00007f3819cd5000,0x00007f3819e34000] byte_map_base: 0x00007f3819633000

Marking Bits: (ParMarkBitMap*) 0x00007f381c555120
 Begin Bits: [0x00007f3818207000, 0x00007f3818cf7000)
 End Bits:   [0x00007f3818cf7000, 0x00007f38197e7000)

Polling page: 0x00007f381d177000

CodeCache: size=245760Kb used=4984Kb max_used=4984Kb free=240775Kb
 bounds [0x00007f3805000000, 0x00007f38054f0000, 0x00007f3814000000]
 total_blobs=2112 nmethods=1452 adapters=574
 compilation: enabled

Compilation events (10 events):
Event: 24,292 Thread 0x00007f38140c1000 1448       3       java.io.File::<init> (20 bytes)
Event: 24,293 Thread 0x00007f38140c1000 nmethod 1448 0x00007f38054d6350 code [0x00007f38054d64c0, 0x00007f38054d66b0]
Event: 25,382 Thread 0x00007f38140c1000 1449   !   3       sun.awt.X11.XBaseWindow::checkInitialised (112 bytes)
Event: 25,387 Thread 0x00007f38140c1000 nmethod 1449 0x00007f38054dce50 code [0x00007f38054dd120, 0x00007f38054dea18]
Event: 26,752 Thread 0x00007f38140c1000 1450       3       sun.awt.X11.XKeyboardFocusManagerPeer::getInstance (4 bytes)
Event: 26,752 Thread 0x00007f38140c1000 nmethod 1450 0x00007f38054d6050 code [0x00007f38054d61a0, 0x00007f38054d62d0]
Event: 27,019 Thread 0x00007f38140c1000 1451       3       sun.awt.X11.XDnDDropTargetProtocol::getMessageType (59 bytes)
Event: 27,020 Thread 0x00007f38140c1000 nmethod 1451 0x00007f38054df4d0 code [0x00007f38054df6c0, 0x00007f38054dffe8]
Event: 27,020 Thread 0x00007f38140c1000 1452       3       sun.awt.X11.MotifDnDDropTargetProtocol::getMessageType (98 bytes)
Event: 27,021 Thread 0x00007f38140c1000 nmethod 1452 0x00007f38054e0450 code [0x00007f38054e0640, 0x00007f38054e0e18]

GC Heap History (8 events):
Event: 12,277 GC heap before
{Heap before GC invocations=1 (full 0):
 PSYoungGen      total 13312K, used 11776K [0x00000000f1700000, 0x00000000f2580000, 0x0000000100000000)
  eden space 11776K, 100% used [0x00000000f1700000,0x00000000f2280000,0x00000000f2280000)
  from space 1536K, 0% used [0x00000000f2400000,0x00000000f2400000,0x00000000f2580000)
  to   space 1536K, 0% used [0x00000000f2280000,0x00000000f2280000,0x00000000f2400000)
 ParOldGen       total 30208K, used 0K [0x00000000d4400000, 0x00000000d6180000, 0x00000000f1700000)
  object space 30208K, 0% used [0x00000000d4400000,0x00000000d4400000,0x00000000d6180000)
 Metaspace       used 13331K, capacity 13534K, committed 13824K, reserved 1060864K
  class space    used 1632K, capacity 1699K, committed 1792K, reserved 1048576K
Event: 12,283 GC heap after
Heap after GC invocations=1 (full 0):
 PSYoungGen      total 13312K, used 1520K [0x00000000f1700000, 0x00000000f2580000, 0x0000000100000000)
  eden space 11776K, 0% used [0x00000000f1700000,0x00000000f1700000,0x00000000f2280000)
  from space 1536K, 98% used [0x00000000f2280000,0x00000000f23fc010,0x00000000f2400000)
  to   space 1536K, 0% used [0x00000000f2400000,0x00000000f2400000,0x00000000f2580000)
 ParOldGen       total 30208K, used 1429K [0x00000000d4400000, 0x00000000d6180000, 0x00000000f1700000)
  object space 30208K, 4% used [0x00000000d4400000,0x00000000d45656c8,0x00000000d6180000)
 Metaspace       used 13331K, capacity 13534K, committed 13824K, reserved 1060864K
  class space    used 1632K, capacity 1699K, committed 1792K, reserved 1048576K
}
Event: 23,440 GC heap before
{Heap before GC invocations=2 (full 0):
 PSYoungGen      total 13312K, used 13296K [0x00000000f1700000, 0x00000000f2580000, 0x0000000100000000)
  eden space 11776K, 100% used [0x00000000f1700000,0x00000000f2280000,0x00000000f2280000)
  from space 1536K, 98% used [0x00000000f2280000,0x00000000f23fc010,0x00000000f2400000)
  to   space 1536K, 0% used [0x00000000f2400000,0x00000000f2400000,0x00000000f2580000)
 ParOldGen       total 30208K, used 1429K [0x00000000d4400000, 0x00000000d6180000, 0x00000000f1700000)
  object space 30208K, 4% used [0x00000000d4400000,0x00000000d45656c8,0x00000000d6180000)
 Metaspace       used 15931K, capacity 16104K, committed 16384K, reserved 1062912K
  class space    used 1865K, capacity 1956K, committed 2048K, reserved 1048576K
Event: 23,444 GC heap after
Heap after GC invocations=2 (full 0):
 PSYoungGen      total 13312K, used 1536K [0x00000000f1700000, 0x00000000f2580000, 0x0000000100000000)
  eden space 11776K, 0% used [0x00000000f1700000,0x00000000f1700000,0x00000000f2280000)
  from space 1536K, 100% used [0x00000000f2400000,0x00000000f2580000,0x00000000f2580000)
  to   space 1536K, 0% used [0x00000000f2280000,0x00000000f2280000,0x00000000f2400000)
 ParOldGen       total 30208K, used 2708K [0x00000000d4400000, 0x00000000d6180000, 0x00000000f1700000)
  object space 30208K, 8% used [0x00000000d4400000,0x00000000d46a51a0,0x00000000d6180000)
 Metaspace       used 15931K, capacity 16104K, committed 16384K, reserved 1062912K
  class space    used 1865K, capacity 1956K, committed 2048K, reserved 1048576K
}
Event: 23,729 GC heap before
{Heap before GC invocations=3 (full 0):
 PSYoungGen      total 13312K, used 13312K [0x00000000f1700000, 0x00000000f2580000, 0x0000000100000000)
  eden space 11776K, 100% used [0x00000000f1700000,0x00000000f2280000,0x00000000f2280000)
  from space 1536K, 100% used [0x00000000f2400000,0x00000000f2580000,0x00000000f2580000)
  to   space 1536K, 0% used [0x00000000f2280000,0x00000000f2280000,0x00000000f2400000)
 ParOldGen       total 30208K, used 2708K [0x00000000d4400000, 0x00000000d6180000, 0x00000000f1700000)
  object space 30208K, 8% used [0x00000000d4400000,0x00000000d46a51a0,0x00000000d6180000)
 Metaspace       used 16971K, capacity 17128K, committed 17280K, reserved 1064960K
  class space    used 1992K, capacity 2084K, committed 2176K, reserved 1048576K
Event: 23,734 GC heap after
Heap after GC invocations=3 (full 0):
 PSYoungGen      total 13312K, used 1536K [0x00000000f1700000, 0x00000000f2580000, 0x0000000100000000)
  eden space 11776K, 0% used [0x00000000f1700000,0x00000000f1700000,0x00000000f2280000)
  from space 1536K, 100% used [0x00000000f2280000,0x00000000f2400000,0x00000000f2400000)
  to   space 1536K, 0% used [0x00000000f2400000,0x00000000f2400000,0x00000000f2580000)
 ParOldGen       total 30208K, used 3356K [0x00000000d4400000, 0x00000000d6180000, 0x00000000f1700000)
  object space 30208K, 11% used [0x00000000d4400000,0x00000000d4747378,0x00000000d6180000)
 Metaspace       used 16971K, capacity 17128K, committed 17280K, reserved 1064960K
  class space    used 1992K, capacity 2084K, committed 2176K, reserved 1048576K
}
Event: 23,976 GC heap before
{Heap before GC invocations=4 (full 0):
 PSYoungGen      total 13312K, used 13312K [0x00000000f1700000, 0x00000000f2580000, 0x0000000100000000)
  eden space 11776K, 100% used [0x00000000f1700000,0x00000000f2280000,0x00000000f2280000)
  from space 1536K, 100% used [0x00000000f2280000,0x00000000f2400000,0x00000000f2400000)
  to   space 1536K, 0% used [0x00000000f2400000,0x00000000f2400000,0x00000000f2580000)
 ParOldGen       total 30208K, used 3356K [0x00000000d4400000, 0x00000000d6180000, 0x00000000f1700000)
  object space 30208K, 11% used [0x00000000d4400000,0x00000000d4747378,0x00000000d6180000)
 Metaspace       used 17137K, capacity 17320K, committed 17536K, reserved 1064960K
  class space    used 2009K, capacity 2084K, committed 2176K, reserved 1048576K
Event: 23,982 GC heap after
Heap after GC invocations=4 (full 0):
 PSYoungGen      total 13312K, used 1536K [0x00000000f1700000, 0x00000000f2580000, 0x0000000100000000)
  eden space 11776K, 0% used [0x00000000f1700000,0x00000000f1700000,0x00000000f2280000)
  from space 1536K, 100% used [0x00000000f2400000,0x00000000f2580000,0x00000000f2580000)
  to   space 1536K, 0% used [0x00000000f2280000,0x00000000f2280000,0x00000000f2400000)
 ParOldGen       total 30208K, used 3495K [0x00000000d4400000, 0x00000000d6180000, 0x00000000f1700000)
  object space 30208K, 11% used [0x00000000d4400000,0x00000000d4769e08,0x00000000d6180000)
 Metaspace       used 17137K, capacity 17320K, committed 17536K, reserved 1064960K
  class space    used 2009K, capacity 2084K, committed 2176K, reserved 1048576K
}

Deoptimization events (10 events):
Event: 12,203 Thread 0x00007f38146ca800 Uncommon trap: reason=bimorphic action=maybe_recompile pc=0x00007f38052600c4 method=java.util.HashMap.putVal(ILjava/lang/Object;Ljava/lang/Object;ZZ)Ljava/lang/Object; @ 253
Event: 12,208 Thread 0x00007f38146ca800 Uncommon trap: reason=bimorphic action=maybe_recompile pc=0x00007f38052600c4 method=java.util.HashMap.putVal(ILjava/lang/Object;Ljava/lang/Object;ZZ)Ljava/lang/Object; @ 253
Event: 12,221 Thread 0x00007f38146ca800 Uncommon trap: reason=bimorphic action=maybe_recompile pc=0x00007f38052600c4 method=java.util.HashMap.putVal(ILjava/lang/Object;Ljava/lang/Object;ZZ)Ljava/lang/Object; @ 253
Event: 12,270 Thread 0x00007f38146ca800 Uncommon trap: reason=bimorphic action=maybe_recompile pc=0x00007f380525b760 method=java.util.HashMap.putVal(ILjava/lang/Object;Ljava/lang/Object;ZZ)Ljava/lang/Object; @ 253
Event: 22,934 Thread 0x00007f38146ca800 Uncommon trap: reason=unstable_if action=reinterpret pc=0x00007f3805160ba4 method=sun.nio.cs.UTF_8$Encoder.encode([CII[B)I @ 33
Event: 22,948 Thread 0x00007f38146ca800 Uncommon trap: reason=unstable_if action=reinterpret pc=0x00007f38051fe1d4 method=java.lang.String.<init>([CII)V @ 18
Event: 23,038 Thread 0x00007f38146ca800 Uncommon trap: reason=class_check action=maybe_recompile pc=0x00007f38053f5b80 method=java.util.LinkedHashMap.afterNodeInsertion(Z)V @ 15
Event: 23,086 Thread 0x00007f38146ca800 Uncommon trap: reason=class_check action=maybe_recompile pc=0x00007f38053f5b80 method=java.util.LinkedHashMap.afterNodeInsertion(Z)V @ 15
Event: 23,117 Thread 0x00007f38146ca800 Uncommon trap: reason=class_check action=maybe_recompile pc=0x00007f38053f5b80 method=java.util.LinkedHashMap.afterNodeInsertion(Z)V @ 15
Event: 23,215 Thread 0x00007f38146ca800 Uncommon trap: reason=class_check action=maybe_recompile pc=0x00007f38053f5b80 method=java.util.LinkedHashMap.afterNodeInsertion(Z)V @ 15

Internal exceptions (10 events):
Event: 1,826 Thread 0x00007f381400d800 Exception <a 'java/lang/ClassNotFoundException': javax/swing/JTreeCell> (0x00000000f1d3db20) thrown at [/HUDSON3/workspace/8-2-build-linux-amd64/jdk8u101/7261/hotspot/src/share/vm/classfile/systemDictionary.cpp, line 210]
Event: 1,826 Thread 0x00007f381400d800 Exception <a 'java/lang/ClassNotFoundException': TreeCell> (0x00000000f1d3dfa8) thrown at [/HUDSON3/workspace/8-2-build-linux-amd64/jdk8u101/7261/hotspot/src/share/vm/classfile/systemDictionary.cpp, line 210]
Event: 1,827 Thread 0x00007f381400d800 Exception <a 'java/lang/ClassNotFoundException': RootPane> (0x00000000f1d3e960) thrown at [/HUDSON3/workspace/8-2-build-linux-amd64/jdk8u101/7261/hotspot/src/share/vm/classfile/systemDictionary.cpp, line 210]
Event: 1,961 Thread 0x00007f38146ca800 Implicit null exception at 0x00007f38051ffef5 to 0x00007f3805200251
Event: 1,962 Thread 0x00007f38146ca800 Implicit null exception at 0x00007f38051fcdf5 to 0x00007f38051fd145
Event: 2,722 Thread 0x00007f38146ca800 Exception <a 'java/lang/UnsupportedOperationException': > (0x00000000f1f9de48) thrown at [/HUDSON3/workspace/8-2-build-linux-amd64/jdk8u101/7261/hotspot/src/share/vm/prims/jni.cpp, line 735]
Event: 24,928 Thread 0x00007f38146ca800 Exception <a 'java/lang/RuntimeException'> (0x00000000f1d44ad0) thrown at [/HUDSON3/workspace/8-2-build-linux-amd64/jdk8u101/7261/hotspot/src/share/vm/prims/jni.cpp, line 709]
Event: 24,952 Thread 0x00007f38146ca800 Exception <a 'java/lang/RuntimeException'> (0x00000000f1d45930) thrown at [/HUDSON3/workspace/8-2-build-linux-amd64/jdk8u101/7261/hotspot/src/share/vm/prims/jni.cpp, line 709]
Event: 24,967 Thread 0x00007f38146ca800 Exception <a 'java/lang/RuntimeException'> (0x00000000f1d463c0) thrown at [/HUDSON3/workspace/8-2-build-linux-amd64/jdk8u101/7261/hotspot/src/share/vm/prims/jni.cpp, line 709]
Event: 24,993 Thread 0x00007f38146ca800 Exception <a 'java/lang/RuntimeException'> (0x00000000f1d46e50) thrown at [/HUDSON3/workspace/8-2-build-linux-amd64/jdk8u101/7261/hotspot/src/share/vm/prims/jni.cpp, line 709]

Events (10 events):
Event: 23,877 loading class org/bytedeco/javacpp/opencv_objdetect$CvHaarClassifier
Event: 23,877 loading class org/bytedeco/javacpp/opencv_objdetect$CvHaarClassifier done
Event: 23,877 loading class org/bytedeco/javacpp/opencv_objdetect$CvHaarFeature
Event: 23,877 loading class org/bytedeco/javacpp/opencv_objdetect$CvHaarFeature done
Event: 23,976 Executing VM operation: ParallelGCFailedAllocation
Event: 23,982 Executing VM operation: ParallelGCFailedAllocation done
Event: 23,983 Executing VM operation: RevokeBias
Event: 23,983 Executing VM operation: RevokeBias done
Event: 23,991 loading class org/bytedeco/javacpp/helper/opencv_core$AbstractCvMemStorage$ReleaseDeallocator
Event: 23,991 loading class org/bytedeco/javacpp/helper/opencv_core$AbstractCvMemStorage$ReleaseDeallocator done


Dynamic libraries:
00400000-00401000 r-xp 00000000 08:06 140165                             /home/stark28/Programas/jdk1.8.0_101/bin/java
00600000-00601000 rw-p 00000000 08:06 140165                             /home/stark28/Programas/jdk1.8.0_101/bin/java
01960000-02acf000 rw-p 00000000 00:00 0                                  [heap]
d4400000-d6180000 rw-p 00000000 00:00 0 
d6180000-f1700000 ---p 00000000 00:00 0 
f1700000-f2580000 rw-p 00000000 00:00 0 
f2580000-100000000 ---p 00000000 00:00 0 
100000000-100220000 rw-p 00000000 00:00 0 
100220000-140000000 ---p 00000000 00:00 0 
7f377c000000-7f377c429000 rw-p 00000000 00:00 0 
7f377c429000-7f3780000000 ---p 00000000 00:00 0 
7f3784000000-7f3787fdd000 rw-p 00000000 00:00 0 
7f3787fdd000-7f3788000000 ---p 00000000 00:00 0 
7f378c000000-7f3790000000 rw-p 00000000 00:00 0 
7f3794000000-7f3794311000 rw-p 00000000 00:00 0 
7f3794311000-7f3798000000 ---p 00000000 00:00 0 
7f3798000000-7f379bff2000 rw-p 00000000 00:00 0 
7f379bff2000-7f379c000000 ---p 00000000 00:00 0 
7f379c000000-7f379c311000 rw-p 00000000 00:00 0 
7f379c311000-7f37a0000000 ---p 00000000 00:00 0 
7f37a4000000-7f37a4311000 rw-p 00000000 00:00 0 
7f37a4311000-7f37a8000000 ---p 00000000 00:00 0 
7f37abb1a000-7f37abb94000 r-xp 00000000 08:06 133132                     /home/stark28/.javacpp/cache/opencv-linux-x86_64.jar/org/bytedeco/javacpp/linux-x86_64/libjniopencv_objdetect.so
7f37abb94000-7f37abd94000 ---p 0007a000 08:06 133132                     /home/stark28/.javacpp/cache/opencv-linux-x86_64.jar/org/bytedeco/javacpp/linux-x86_64/libjniopencv_objdetect.so
7f37abd94000-7f37abd9b000 rw-p 0007a000 08:06 133132                     /home/stark28/.javacpp/cache/opencv-linux-x86_64.jar/org/bytedeco/javacpp/linux-x86_64/libjniopencv_objdetect.so
7f37abd9b000-7f37abdfe000 r-xp 00000000 08:06 132687                     /home/stark28/.javacpp/cache/opencv-linux-x86_64.jar/org/bytedeco/javacpp/linux-x86_64/libopencv_objdetect.so.3.4
7f37abdfe000-7f37abffe000 ---p 00063000 08:06 132687                     /home/stark28/.javacpp/cache/opencv-linux-x86_64.jar/org/bytedeco/javacpp/linux-x86_64/libopencv_objdetect.so.3.4
7f37abffe000-7f37ac000000 rw-p 00063000 08:06 132687                     /home/stark28/.javacpp/cache/opencv-linux-x86_64.jar/org/bytedeco/javacpp/linux-x86_64/libopencv_objdetect.so.3.4
7f37ac000000-7f37ac021000 rw-p 00000000 00:00 0 
7f37ac021000-7f37b0000000 ---p 00000000 00:00 0 
7f37b0000000-7f37b0021000 rw-p 00000000 00:00 0 
7f37b0021000-7f37b4000000 ---p 00000000 00:00 0 
7f37b4059000-7f37b4393000 rw-p 00000000 00:00 0 
7f37b4393000-7f37b4394000 ---p 00000000 00:00 0 
7f37b4394000-7f37b4b94000 rw-p 00000000 00:00 0 
7f37b4b94000-7f37b4b95000 ---p 00000000 00:00 0 
7f37b4b95000-7f37b5395000 rw-p 00000000 00:00 0 
7f37b5395000-7f37b5396000 ---p 00000000 00:00 0 
7f37b5396000-7f37b5b96000 rw-p 00000000 00:00 0 
7f37b5ed0000-7f37b5f02000 r-xp 00000000 08:06 151583                     /home/stark28/.javacpp/cache/opencv-linux-x86_64.jar/org/bytedeco/javacpp/linux-x86_64/libjniopencv_imgcodecs.so
7f37b5f02000-7f37b6102000 ---p 00032000 08:06 151583                     /home/stark28/.javacpp/cache/opencv-linux-x86_64.jar/org/bytedeco/javacpp/linux-x86_64/libjniopencv_imgcodecs.so
7f37b6102000-7f37b6103000 rw-p 00032000 08:06 151583                     /home/stark28/.javacpp/cache/opencv-linux-x86_64.jar/org/bytedeco/javacpp/linux-x86_64/libjniopencv_imgcodecs.so
7f37b6103000-7f37b636f000 r-xp 00000000 08:06 151581                     /home/stark28/.javacpp/cache/opencv-linux-x86_64.jar/org/bytedeco/javacpp/linux-x86_64/libopencv_imgcodecs.so.3.4
7f37b636f000-7f37b656f000 ---p 0026c000 08:06 151581                     /home/stark28/.javacpp/cache/opencv-linux-x86_64.jar/org/bytedeco/javacpp/linux-x86_64/libopencv_imgcodecs.so.3.4
7f37b656f000-7f37b657e000 rw-p 0026c000 08:06 151581                     /home/stark28/.javacpp/cache/opencv-linux-x86_64.jar/org/bytedeco/javacpp/linux-x86_64/libopencv_imgcodecs.so.3.4
7f37b657e000-7f37b6587000 rw-p 00000000 00:00 0 
7f37b6587000-7f37b66e7000 r-xp 00000000 08:06 151580                     /home/stark28/.javacpp/cache/opencv-linux-x86_64.jar/org/bytedeco/javacpp/linux-x86_64/libjniopencv_imgproc.so
7f37b66e7000-7f37b68e7000 ---p 00160000 08:06 151580                     /home/stark28/.javacpp/cache/opencv-linux-x86_64.jar/org/bytedeco/javacpp/linux-x86_64/libjniopencv_imgproc.so
7f37b68e7000-7f37b68f4000 rw-p 00160000 08:06 151580                     /home/stark28/.javacpp/cache/opencv-linux-x86_64.jar/org/bytedeco/javacpp/linux-x86_64/libjniopencv_imgproc.so
7f37b68f4000-7f37b69f4000 rw-p 00000000 00:00 0 
7f37b69f4000-7f37b6af4000 ---p 00000000 00:00 0 
7f37b6af4000-7f37b6af7000 ---p 00000000 00:00 0 
7f37b6af7000-7f37b6bf5000 rw-p 00000000 00:00 0 
7f37b6bf5000-7f37b6f7d000 r-xp 00000000 08:06 151579                     /home/stark28/.javacpp/cache/opencv-linux-x86_64.jar/org/bytedeco/javacpp/linux-x86_64/libjniopencv_core.so
7f37b6f7d000-7f37b717c000 ---p 00388000 08:06 151579                     /home/stark28/.javacpp/cache/opencv-linux-x86_64.jar/org/bytedeco/javacpp/linux-x86_64/libjniopencv_core.so
7f37b717c000-7f37b71d3000 rw-p 00387000 08:06 151579                     /home/stark28/.javacpp/cache/opencv-linux-x86_64.jar/org/bytedeco/javacpp/linux-x86_64/libjniopencv_core.so
7f37b71d3000-7f37b71d4000 rw-p 00000000 00:00 0 
7f37b71d4000-7f37b74fa000 r-xp 00000000 08:06 151577                     /home/stark28/.javacpp/cache/opencv-linux-x86_64.jar/org/bytedeco/javacpp/linux-x86_64/libopencv_imgproc.so.3.4
7f37b74fa000-7f37b76f9000 ---p 00326000 08:06 151577                     /home/stark28/.javacpp/cache/opencv-linux-x86_64.jar/org/bytedeco/javacpp/linux-x86_64/libopencv_imgproc.so.3.4
7f37b76f9000-7f37b770e000 rw-p 00325000 08:06 151577                     /home/stark28/.javacpp/cache/opencv-linux-x86_64.jar/org/bytedeco/javacpp/linux-x86_64/libopencv_imgproc.so.3.4
7f37b770e000-7f37b77ad000 rw-p 00000000 00:00 0 
7f37b77ad000-7f37b791f000 r-xp 00000000 08:03 2779                       /usr/lib/x86_64-linux-gnu/libstdc++.so.6.0.22
7f37b791f000-7f37b7b1f000 ---p 00172000 08:03 2779                       /usr/lib/x86_64-linux-gnu/libstdc++.so.6.0.22
7f37b7b1f000-7f37b7b29000 r--p 00172000 08:03 2779                       /usr/lib/x86_64-linux-gnu/libstdc++.so.6.0.22
7f37b7b29000-7f37b7b2b000 rw-p 0017c000 08:03 2779                       /usr/lib/x86_64-linux-gnu/libstdc++.so.6.0.22
7f37b7b2b000-7f37b7b2f000 rw-p 00000000 00:00 0 
7f37b7b2f000-7f37b7def000 r-xp 00000000 08:06 151575                     /home/stark28/.javacpp/cache/opencv-linux-x86_64.jar/org/bytedeco/javacpp/linux-x86_64/libopencv_core.so.3.4
7f37b7def000-7f37b7fee000 ---p 002c0000 08:06 151575                     /home/stark28/.javacpp/cache/opencv-linux-x86_64.jar/org/bytedeco/javacpp/linux-x86_64/libopencv_core.so.3.4
7f37b7fee000-7f37b7ffb000 rw-p 002bf000 08:06 151575                     /home/stark28/.javacpp/cache/opencv-linux-x86_64.jar/org/bytedeco/javacpp/linux-x86_64/libopencv_core.so.3.4
7f37b7ffb000-7f37b8000000 rw-p 00000000 00:00 0 
7f37b8000000-7f37b8021000 rw-p 00000000 00:00 0 
7f37b8021000-7f37bc000000 ---p 00000000 00:00 0 
7f37bc000000-7f37bfe6e000 rw-p 00000000 00:00 0 
7f37bfe6e000-7f37c0000000 ---p 00000000 00:00 0 
7f37c0000000-7f37c0021000 rw-p 00000000 00:00 0 
7f37c0021000-7f37c4000000 ---p 00000000 00:00 0 
7f37c4000000-7f37c402a000 rw-p 00000000 00:00 0 
7f37c402a000-7f37c8000000 ---p 00000000 00:00 0 
7f37c8000000-7f37c8021000 rw-p 00000000 00:00 0 
7f37c8021000-7f37cc000000 ---p 00000000 00:00 0 
7f37cc000000-7f37cc021000 rw-p 00000000 00:00 0 
7f37cc021000-7f37d0000000 ---p 00000000 00:00 0 
7f37d0000000-7f37d043a000 rw-p 00000000 00:00 0 
7f37d043a000-7f37d4000000 ---p 00000000 00:00 0 
7f37d4000000-7f37d4575000 rw-p 00000000 00:00 0 
7f37d4575000-7f37d8000000 ---p 00000000 00:00 0 
7f37d8000000-7f37d8021000 rw-p 00000000 00:00 0 
7f37d8021000-7f37dc000000 ---p 00000000 00:00 0 
7f37dc000000-7f37dc290000 rw-p 00000000 00:00 0 
7f37dc290000-7f37e0000000 ---p 00000000 00:00 0 
7f37e0000000-7f37e0021000 rw-p 00000000 00:00 0 
7f37e0021000-7f37e4000000 ---p 00000000 00:00 0 
7f37e4000000-7f37e4021000 rw-p 00000000 00:00 0 
7f37e4021000-7f37e8000000 ---p 00000000 00:00 0 
7f37e8000000-7f37e8021000 rw-p 00000000 00:00 0 
7f37e8021000-7f37ec000000 ---p 00000000 00:00 0 
7f37ec000000-7f37ec021000 rw-p 00000000 00:00 0 
7f37ec021000-7f37f0000000 ---p 00000000 00:00 0 
7f37f0000000-7f37f0021000 rw-p 00000000 00:00 0 
7f37f0021000-7f37f4000000 ---p 00000000 00:00 0 
7f37f403a000-7f37f404f000 r-xp 00000000 08:06 151573                     /home/stark28/.javacpp/cache/opencv-linux-x86_64.jar/org/bytedeco/javacpp/linux-x86_64/libgomp.so.1
7f37f404f000-7f37f424e000 ---p 00015000 08:06 151573                     /home/stark28/.javacpp/cache/opencv-linux-x86_64.jar/org/bytedeco/javacpp/linux-x86_64/libgomp.so.1
7f37f424e000-7f37f424f000 rw-p 00014000 08:06 151573                     /home/stark28/.javacpp/cache/opencv-linux-x86_64.jar/org/bytedeco/javacpp/linux-x86_64/libgomp.so.1
7f37f424f000-7f37f444f000 rw-p 00000000 00:00 0 
7f37f444f000-7f37f4452000 ---p 00000000 00:00 0 
7f37f4452000-7f37f4550000 rw-p 00000000 00:00 0 
7f37f4550000-7f37f457a000 r-xp 00000000 08:06 139920                     /home/stark28/Programas/jdk1.8.0_101/jre/lib/amd64/libdcpr.so
7f37f457a000-7f37f477a000 ---p 0002a000 08:06 139920                     /home/stark28/Programas/jdk1.8.0_101/jre/lib/amd64/libdcpr.so
7f37f477a000-7f37f477d000 rw-p 0002a000 08:06 139920                     /home/stark28/Programas/jdk1.8.0_101/jre/lib/amd64/libdcpr.so
7f37f477d000-7f37f47e6000 r-xp 00000000 08:06 139949                     /home/stark28/Programas/jdk1.8.0_101/jre/lib/amd64/libt2k.so
7f37f47e6000-7f37f49e6000 ---p 00069000 08:06 139949                     /home/stark28/Programas/jdk1.8.0_101/jre/lib/amd64/libt2k.so
7f37f49e6000-7f37f49ed000 rw-p 00069000 08:06 139949                     /home/stark28/Programas/jdk1.8.0_101/jre/lib/amd64/libt2k.so
7f37f49ed000-7f37f4bfd000 rw-p 00000000 00:00 0 
7f37f4bfd000-7f37f4dfd000 rw-p 00000000 00:00 0 
7f37f4dfd000-7f37f4e00000 ---p 00000000 00:00 0 
7f37f4e00000-7f37f4efe000 rw-p 00000000 00:00 0 
7f37f4efe000-7f37f4f01000 ---p 00000000 00:00 0 
7f37f4f01000-7f37f8000000 rw-p 00000000 00:00 0 
7f37f8000000-7f37f8021000 rw-p 00000000 00:00 0 
7f37f8021000-7f37fc000000 ---p 00000000 00:00 0 
7f37fc0bd000-7f37fc0c8000 r--s 00000000 08:03 400202                     /var/cache/fontconfig/945677eb7aeaf62f1d50efc3fb3ec7d8-le64.cache-4
7f37fc0c8000-7f37fc10a000 r--s 00000000 08:03 400198                     /var/cache/fontconfig/0bd3dc0958fa2205aaaa8ebb13e2872b-le64.cache-4
7f37fc10a000-7f37fc115000 r--s 00000000 08:03 400202                     /var/cache/fontconfig/945677eb7aeaf62f1d50efc3fb3ec7d8-le64.cache-4
7f37fc115000-7f37fc118000 r--s 00000000 08:03 400201                     /var/cache/fontconfig/f24b2111ab8703b4e963115a8cf14259-le64.cache-4
7f37fc118000-7f37fc11c000 r--s 00000000 08:03 392458                     /var/cache/fontconfig/de156ccd2eddbdc19d37a45b8b2aac9c-le64.cache-4
7f37fc11c000-7f37fc11d000 r--s 00000000 08:03 400200                     /var/cache/fontconfig/9451a55048e8dbe8633e64d34165fdf2-le64.cache-4
7f37fc11d000-7f37fc11f000 r--s 00000000 08:03 400199                     /var/cache/fontconfig/69fb4bbe1b2fa860e172a32ebf28505c-le64.cache-4
7f37fc11f000-7f37fc161000 r--s 00000000 08:03 400198                     /var/cache/fontconfig/0bd3dc0958fa2205aaaa8ebb13e2872b-le64.cache-4
7f37fc161000-7f37fc167000 r--s 00000000 08:03 392449                     /var/cache/fontconfig/3047814df9a2f067bd2d96a2b9c36e5a-le64.cache-4
7f37fc167000-7f37fc16f000 r--s 00000000 08:03 392866                     /var/cache/fontconfig/bf3b770c553c462765856025a94f1ce6-le64.cache-4
7f37fc16f000-7f37fc171000 r--s 00000000 08:03 400197                     /var/cache/fontconfig/a0107c79d978dfcc5e42cb1335b71036-le64.cache-4
7f37fc171000-7f37fc174000 r--s 00000000 08:03 392448                     /var/cache/fontconfig/e49e89034d371f0f9de17aab02136486-le64.cache-4
7f37fc174000-7f37fc176000 r--s 00000000 08:03 392427                     /var/cache/fontconfig/4b14b093aebc79c320de5e86ae1d3314-le64.cache-4
7f37fc176000-7f37fc189000 r--s 00000000 08:03 392447                     /var/cache/fontconfig/d52a8644073d54c13679302ca1180695-le64.cache-4
7f37fc189000-7f37fc191000 r--s 00000000 08:03 392440                     /var/cache/fontconfig/105b9c7e6f0a4f82d8c9b6e39c52c6f9-le64.cache-4
7f37fc191000-7f37fc19b000 r--s 00000000 08:03 400196                     /var/cache/fontconfig/3f7329c5293ffd510edef78f73874cfd-le64.cache-4
7f37fc19b000-7f37fc1ad000 r--s 00000000 08:03 394504                     /var/cache/fontconfig/9b89f8e3dae116d678bbf48e5f21f69b-le64.cache-4
7f37fc1ad000-7f37fc1bb000 r--s 00000000 08:03 394501                     /var/cache/fontconfig/e13b20fdb08344e0e664864cc2ede53d-le64.cache-4
7f37fc1bf000-7f37fc1c2000 r--s 00000000 08:03 400201                     /var/cache/fontconfig/f24b2111ab8703b4e963115a8cf14259-le64.cache-4
7f37fc1c2000-7f37fc1c6000 r--s 00000000 08:03 392458                     /var/cache/fontconfig/de156ccd2eddbdc19d37a45b8b2aac9c-le64.cache-4
7f37fc1c6000-7f37fc1c7000 r--s 00000000 08:03 400200                     /var/cache/fontconfig/9451a55048e8dbe8633e64d34165fdf2-le64.cache-4
7f37fc1c7000-7f37fc1c9000 r--s 00000000 08:03 400199                     /var/cache/fontconfig/69fb4bbe1b2fa860e172a32ebf28505c-le64.cache-4
7f37fc1c9000-7f37fc1ca000 r--s 00000000 08:03 392428                     /var/cache/fontconfig/4794a0821666d79190d59a36cb4f44b5-le64.cache-4
7f37fc1ca000-7f37fc1d0000 r--s 00000000 08:03 392449                     /var/cache/fontconfig/3047814df9a2f067bd2d96a2b9c36e5a-le64.cache-4
7f37fc1d0000-7f37fc1d8000 r--s 00000000 08:03 392866                     /var/cache/fontconfig/bf3b770c553c462765856025a94f1ce6-le64.cache-4
7f37fc1d8000-7f37fc1da000 r--s 00000000 08:03 400197                     /var/cache/fontconfig/a0107c79d978dfcc5e42cb1335b71036-le64.cache-4
7f37fc1da000-7f37fc1dd000 r--s 00000000 08:03 392448                     /var/cache/fontconfig/e49e89034d371f0f9de17aab02136486-le64.cache-4
7f37fc1dd000-7f37fc1df000 r--s 00000000 08:03 392427                     /var/cache/fontconfig/4b14b093aebc79c320de5e86ae1d3314-le64.cache-4
7f37fc1df000-7f37fc1f2000 r--s 00000000 08:03 392447                     /var/cache/fontconfig/d52a8644073d54c13679302ca1180695-le64.cache-4
7f37fc1f2000-7f37fc1fc000 r--s 00000000 08:03 400196                     /var/cache/fontconfig/3f7329c5293ffd510edef78f73874cfd-le64.cache-4
7f37fc1fc000-7f37fc208000 r--s 00000000 08:03 392446                     /var/cache/fontconfig/d589a48862398ed80a3d6066f4f56f4c-le64.cache-4
7f37fc208000-7f37fc21a000 r--s 00000000 08:03 394504                     /var/cache/fontconfig/9b89f8e3dae116d678bbf48e5f21f69b-le64.cache-4
7f37fc21a000-7f37fc228000 r--s 00000000 08:03 394501                     /var/cache/fontconfig/e13b20fdb08344e0e664864cc2ede53d-le64.cache-4
7f37fc255000-7f37fc266000 r-xp 00000000 08:06 139947                     /home/stark28/Programas/jdk1.8.0_101/jre/lib/amd64/libnio.so
7f37fc266000-7f37fc465000 ---p 00011000 08:06 139947                     /home/stark28/Programas/jdk1.8.0_101/jre/lib/amd64/libnio.so
7f37fc465000-7f37fc466000 rw-p 00010000 08:06 139947                     /home/stark28/Programas/jdk1.8.0_101/jre/lib/amd64/libnio.so
7f37fc466000-7f37fc46e000 r--s 00000000 08:03 392440                     /var/cache/fontconfig/105b9c7e6f0a4f82d8c9b6e39c52c6f9-le64.cache-4
7f37fc46e000-7f37fc470000 r--s 00000000 08:03 400195                     /var/cache/fontconfig/7ef2298fde41cc6eeb7af42e48b7d293-le64.cache-4
7f37fc470000-7f37fc472000 r--s 00000000 08:03 394499                     /var/cache/fontconfig/452f1fac34b224105d7acfae3034bcd5-le64.cache-4
7f37fc472000-7f37fc473000 r--s 00000000 08:03 406116                     /var/cache/fontconfig/e0aa53bcfa504e64f87823c16bc01eb6-le64.cache-4
7f37fc473000-7f37fc491000 r--s 00000000 08:03 406113                     /var/cache/fontconfig/467c019e582ee353435ea5c21d137ef6-le64.cache-4
7f37fc491000-7f37fc4a7000 r-xp 00000000 08:06 139948                     /home/stark28/Programas/jdk1.8.0_101/jre/lib/amd64/libnet.so
7f37fc4a7000-7f37fc6a7000 ---p 00016000 08:06 139948                     /home/stark28/Programas/jdk1.8.0_101/jre/lib/amd64/libnet.so
7f37fc6a7000-7f37fc6a8000 rw-p 00016000 08:06 139948                     /home/stark28/Programas/jdk1.8.0_101/jre/lib/amd64/libnet.so
7f37fc6a8000-7f37fc6ab000 ---p 00000000 00:00 0 
7f37fc6ab000-7f37fc7a9000 rw-p 00000000 00:00 0 
7f37fc7a9000-7f37fc7ae000 r-xp 00000000 08:03 10735                      /usr/lib/x86_64-linux-gnu/libXfixes.so.3.1.0
7f37fc7ae000-7f37fc9ad000 ---p 00005000 08:03 10735                      /usr/lib/x86_64-linux-gnu/libXfixes.so.3.1.0
7f37fc9ad000-7f37fc9ae000 r--p 00004000 08:03 10735                      /usr/lib/x86_64-linux-gnu/libXfixes.so.3.1.0
7f37fc9ae000-7f37fc9af000 rw-p 00005000 08:03 10735                      /usr/lib/x86_64-linux-gnu/libXfixes.so.3.1.0
7f37fc9af000-7f37fc9b9000 r-xp 00000000 08:03 11306                      /usr/lib/x86_64-linux-gnu/libXcursor.so.1.0.2
7f37fc9b9000-7f37fcbb8000 ---p 0000a000 08:03 11306                      /usr/lib/x86_64-linux-gnu/libXcursor.so.1.0.2
7f37fcbb8000-7f37fcbb9000 r--p 00009000 08:03 11306                      /usr/lib/x86_64-linux-gnu/libXcursor.so.1.0.2
7f37fcbb9000-7f37fcbba000 rw-p 0000a000 08:03 11306                      /usr/lib/x86_64-linux-gnu/libXcursor.so.1.0.2
7f37fcbba000-7f37fcbbd000 ---p 00000000 00:00 0 
7f37fcbbd000-7f37fccbb000 rw-p 00000000 00:00 0 
7f37fccbb000-7f37fccd1000 r-xp 00000000 08:03 151199                     /lib/x86_64-linux-gnu/libgcc_s.so.1
7f37fccd1000-7f37fced0000 ---p 00016000 08:03 151199                     /lib/x86_64-linux-gnu/libgcc_s.so.1
7f37fced0000-7f37fced1000 r--p 00015000 08:03 151199                     /lib/x86_64-linux-gnu/libgcc_s.so.1
7f37fced1000-7f37fced2000 rw-p 00016000 08:03 151199                     /lib/x86_64-linux-gnu/libgcc_s.so.1
7f37fced2000-7f37fced3000 r--s 00000000 08:03 392428                     /var/cache/fontconfig/4794a0821666d79190d59a36cb4f44b5-le64.cache-4
7f37fced3000-7f37fcedf000 r--s 00000000 08:03 392446                     /var/cache/fontconfig/d589a48862398ed80a3d6066f4f56f4c-le64.cache-4
7f37fcedf000-7f37fcefd000 r--s 00000000 08:03 406113                     /var/cache/fontconfig/467c019e582ee353435ea5c21d137ef6-le64.cache-4
7f37fcefd000-7f37fcf62000 r-xp 00000000 08:06 139791                     /home/stark28/Programas/jdk1.8.0_101/jre/lib/amd64/libfontmanager.so
7f37fcf62000-7f37fd161000 ---p 00065000 08:06 139791                     /home/stark28/Programas/jdk1.8.0_101/jre/lib/amd64/libfontmanager.so
7f37fd161000-7f37fd166000 rw-p 00064000 08:06 139791                     /home/stark28/Programas/jdk1.8.0_101/jre/lib/amd64/libfontmanager.so
7f37fd166000-7f37fd176000 rw-p 00000000 00:00 0 
7f37fd176000-7f37fd17d000 r--s 00000000 08:03 41476                      /usr/lib/x86_64-linux-gnu/gconv/gconv-modules.cache
7f37fd17d000-7f37fd190000 r-xp 00000000 08:03 130464                     /lib/x86_64-linux-gnu/libbsd.so.0.8.3
7f37fd190000-7f37fd390000 ---p 00013000 08:03 130464                     /lib/x86_64-linux-gnu/libbsd.so.0.8.3
7f37fd390000-7f37fd391000 r--p 00013000 08:03 130464                     /lib/x86_64-linux-gnu/libbsd.so.0.8.3
7f37fd391000-7f37fd392000 rw-p 00014000 08:03 130464                     /lib/x86_64-linux-gnu/libbsd.so.0.8.3
7f37fd392000-7f37fd393000 rw-p 00000000 00:00 0 
7f37fd393000-7f37fd398000 r-xp 00000000 08:03 3757                       /usr/lib/x86_64-linux-gnu/libXdmcp.so.6.0.0
7f37fd398000-7f37fd597000 ---p 00005000 08:03 3757                       /usr/lib/x86_64-linux-gnu/libXdmcp.so.6.0.0
7f37fd597000-7f37fd598000 r--p 00004000 08:03 3757                       /usr/lib/x86_64-linux-gnu/libXdmcp.so.6.0.0
7f37fd598000-7f37fd599000 rw-p 00005000 08:03 3757                       /usr/lib/x86_64-linux-gnu/libXdmcp.so.6.0.0
7f37fd599000-7f37fd59c000 r-xp 00000000 08:03 8319                       /usr/lib/x86_64-linux-gnu/libXau.so.6.0.0
7f37fd59c000-7f37fd79b000 ---p 00003000 08:03 8319                       /usr/lib/x86_64-linux-gnu/libXau.so.6.0.0
7f37fd79b000-7f37fd79c000 r--p 00002000 08:03 8319                       /usr/lib/x86_64-linux-gnu/libXau.so.6.0.0
7f37fd79c000-7f37fd79d000 rw-p 00003000 08:03 8319                       /usr/lib/x86_64-linux-gnu/libXau.so.6.0.0
7f37fd79d000-7f37fd7c4000 r-xp 00000000 08:03 8774                       /usr/lib/x86_64-linux-gnu/libxcb.so.1.1.0
7f37fd7c4000-7f37fd9c3000 ---p 00027000 08:03 8774                       /usr/lib/x86_64-linux-gnu/libxcb.so.1.1.0
7f37fd9c3000-7f37fd9c4000 r--p 00026000 08:03 8774                       /usr/lib/x86_64-linux-gnu/libxcb.so.1.1.0
7f37fd9c4000-7f37fd9c5000 rw-p 00027000 08:03 8774                       /usr/lib/x86_64-linux-gnu/libxcb.so.1.1.0
7f37fd9c5000-7f37fd9d4000 r-xp 00000000 08:03 11308                      /usr/lib/x86_64-linux-gnu/libXi.so.6.1.0
7f37fd9d4000-7f37fdbd3000 ---p 0000f000 08:03 11308                      /usr/lib/x86_64-linux-gnu/libXi.so.6.1.0
7f37fdbd3000-7f37fdbd4000 r--p 0000e000 08:03 11308                      /usr/lib/x86_64-linux-gnu/libXi.so.6.1.0
7f37fdbd4000-7f37fdbd5000 rw-p 0000f000 08:03 11308                      /usr/lib/x86_64-linux-gnu/libXi.so.6.1.0
7f37fdbd5000-7f37fdbda000 r-xp 00000000 08:03 24510                      /usr/lib/x86_64-linux-gnu/libXtst.so.6.1.0
7f37fdbda000-7f37fddd9000 ---p 00005000 08:03 24510                      /usr/lib/x86_64-linux-gnu/libXtst.so.6.1.0
7f37fddd9000-7f37fddda000 r--p 00004000 08:03 24510                      /usr/lib/x86_64-linux-gnu/libXtst.so.6.1.0
7f37fddda000-7f37fdddb000 rw-p 00005000 08:03 24510                      /usr/lib/x86_64-linux-gnu/libXtst.so.6.1.0
7f37fdddb000-7f37fdde4000 r-xp 00000000 08:03 8157                       /usr/lib/x86_64-linux-gnu/libXrender.so.1.3.0
7f37fdde4000-7f37fdfe3000 ---p 00009000 08:03 8157                       /usr/lib/x86_64-linux-gnu/libXrender.so.1.3.0
7f37fdfe3000-7f37fdfe4000 r--p 00008000 08:03 8157                       /usr/lib/x86_64-linux-gnu/libXrender.so.1.3.0
7f37fdfe4000-7f37fdfe5000 rw-p 00009000 08:03 8157                       /usr/lib/x86_64-linux-gnu/libXrender.so.1.3.0
7f37fdfe5000-7f37fe11f000 r-xp 00000000 08:03 8788                       /usr/lib/x86_64-linux-gnu/libX11.so.6.3.0
7f37fe11f000-7f37fe31f000 ---p 0013a000 08:03 8788                       /usr/lib/x86_64-linux-gnu/libX11.so.6.3.0
7f37fe31f000-7f37fe320000 r--p 0013a000 08:03 8788                       /usr/lib/x86_64-linux-gnu/libX11.so.6.3.0
7f37fe320000-7f37fe325000 rw-p 0013b000 08:03 8788                       /usr/lib/x86_64-linux-gnu/libX11.so.6.3.0
7f37fe325000-7f37fe336000 r-xp 00000000 08:03 14600                      /usr/lib/x86_64-linux-gnu/libXext.so.6.4.0
7f37fe336000-7f37fe535000 ---p 00011000 08:03 14600                      /usr/lib/x86_64-linux-gnu/libXext.so.6.4.0
7f37fe535000-7f37fe536000 r--p 00010000 08:03 14600                      /usr/lib/x86_64-linux-gnu/libXext.so.6.4.0
7f37fe536000-7f37fe537000 rw-p 00011000 08:03 14600                      /usr/lib/x86_64-linux-gnu/libXext.so.6.4.0
7f37fe537000-7f37fe539000 r--s 00000000 08:03 400195                     /var/cache/fontconfig/7ef2298fde41cc6eeb7af42e48b7d293-le64.cache-4
7f37fe539000-7f37fe53b000 r--s 00000000 08:03 394499                     /var/cache/fontconfig/452f1fac34b224105d7acfae3034bcd5-le64.cache-4
7f37fe53b000-7f37fe53c000 r--s 00000000 08:03 406116                     /var/cache/fontconfig/e0aa53bcfa504e64f87823c16bc01eb6-le64.cache-4
7f37fe53c000-7f37fe562000 r--p 00000000 08:03 8174                       /usr/share/locale/es/LC_MESSAGES/libc.mo
7f37fe562000-7f37fe5b6000 r-xp 00000000 08:06 139846                     /home/stark28/Programas/jdk1.8.0_101/jre/lib/amd64/libawt_xawt.so
7f37fe5b6000-7f37fe7b6000 ---p 00054000 08:06 139846                     /home/stark28/Programas/jdk1.8.0_101/jre/lib/amd64/libawt_xawt.so
7f37fe7b6000-7f37fe7ba000 rw-p 00054000 08:06 139846                     /home/stark28/Programas/jdk1.8.0_101/jre/lib/amd64/libawt_xawt.so
7f37fe7ba000-7f37fe7bb000 rw-p 00000000 00:00 0 
7f37fe7bb000-7f37fe85d000 r-xp 00000000 08:06 139950                     /home/stark28/Programas/jdk1.8.0_101/jre/lib/amd64/libawt.so
7f37fe85d000-7f37fea5d000 ---p 000a2000 08:06 139950                     /home/stark28/Programas/jdk1.8.0_101/jre/lib/amd64/libawt.so
7f37fea5d000-7f37fea69000 rw-p 000a2000 08:06 139950                     /home/stark28/Programas/jdk1.8.0_101/jre/lib/amd64/libawt.so
7f37fea69000-7f37fea8d000 rw-p 00000000 00:00 0 
7f37fea8d000-7f37fea92000 r--s 002f9000 08:06 139995                     /home/stark28/Programas/jdk1.8.0_101/jre/lib/charsets.jar
7f37fea92000-7f37fea9f000 r--s 0131e000 08:06 151486                     /home/stark28/librerias para desarrollo/javacv-bin/opencv-ios-x86_64.jar
7f37fea9f000-7f37feaac000 r--s 0116e000 08:06 151508                     /home/stark28/librerias para desarrollo/javacv-bin/opencv-ios-arm64.jar
7f37feaac000-7f37feab7000 r--s 0172e000 08:06 151543                     /home/stark28/librerias para desarrollo/javacv-bin/opencv-android-x86_64.jar
7f37feab7000-7f37feac1000 r--s 0175a000 08:06 151456                     /home/stark28/librerias para desarrollo/javacv-bin/opencv-android-x86.jar
7f37feac1000-7f37feacc000 r--s 0155f000 08:06 151498                     /home/stark28/librerias para desarrollo/javacv-bin/opencv-android-arm64.jar
7f37feacc000-7f37fead8000 r--s 01285000 08:06 151471                     /home/stark28/librerias para desarrollo/javacv-bin/opencv-android-arm.jar
7f37fead8000-7f37feada000 r--s 000ec000 08:06 151504                     /home/stark28/librerias para desarrollo/javacv-bin/libfreenect2-windows-x86_64.jar
7f37feada000-7f37feadb000 r--s 0005b000 08:06 151473                     /home/stark28/librerias para desarrollo/javacv-bin/libfreenect2-macosx-x86_64.jar
7f37feadb000-7f37feadc000 r--s 0001c000 08:06 151445                     /home/stark28/librerias para desarrollo/javacv-bin/videoinput-windows-x86_64.jar
7f37feadc000-7f37feade000 r--s 00017000 08:06 151481                     /home/stark28/librerias para desarrollo/javacv-bin/videoinput-windows-x86.jar
7f37feade000-7f37feadf000 r--s 00000000 08:06 151530                     /home/stark28/librerias para desarrollo/javacv-bin/videoinput-platform.jar
7f37feadf000-7f37feae1000 r--s 000e0000 08:06 151444                     /home/stark28/librerias para desarrollo/javacv-bin/librealsense-windows-x86_64.jar
7f37feae1000-7f37feae3000 r--s 000bb000 08:06 151527                     /home/stark28/librerias para desarrollo/javacv-bin/librealsense-windows-x86.jar
7f37feae3000-7f37feae4000 r--s 0007b000 08:06 151511                     /home/stark28/librerias para desarrollo/javacv-bin/librealsense-macosx-x86_64.jar
7f37feae4000-7f37feae5000 r--s 00073000 08:06 151475                     /home/stark28/librerias para desarrollo/javacv-bin/librealsense-linux-x86_64.jar
7f37feae5000-7f37feae6000 r--s 00071000 08:06 151542                     /home/stark28/librerias para desarrollo/javacv-bin/librealsense-linux-x86.jar
7f37feae6000-7f37feae7000 r--s 00000000 08:06 151529                     /home/stark28/librerias para desarrollo/javacv-bin/librealsense-platform.jar
7f37feae7000-7f37feae8000 r--s 00081000 08:06 151515                     /home/stark28/librerias para desarrollo/javacv-bin/libfreenect2-linux-x86_64.jar
7f37feae8000-7f37feae9000 r--s 0007b000 08:06 151528                     /home/stark28/librerias para desarrollo/javacv-bin/libfreenect2-linux-x86.jar
7f37feae9000-7f37feaea000 r--s 00000000 08:06 151483                     /home/stark28/librerias para desarrollo/javacv-bin/libfreenect2-platform.jar
7f37feaea000-7f37feaeb000 r--s 00033000 08:06 151474                     /home/stark28/librerias para desarrollo/javacv-bin/libfreenect-windows-x86_64.jar
7f37feaeb000-7f37feaec000 r--s 0002b000 08:06 151469                     /home/stark28/librerias para desarrollo/javacv-bin/libfreenect-windows-x86.jar
7f37feaec000-7f37feaed000 r--s 0001a000 08:06 151442                     /home/stark28/librerias para desarrollo/javacv-bin/libfreenect-macosx-x86_64.jar
7f37feaed000-7f37feaef000 r--s 00037000 08:06 151460                     /home/stark28/librerias para desarrollo/javacv-bin/libfreenect-linux-ppc64le.jar
7f37feaef000-7f37feaf0000 r--s 0001b000 08:06 151464                     /home/stark28/librerias para desarrollo/javacv-bin/libfreenect-linux-armhf.jar
7f37feaf0000-7f37feaf2000 r--s 00031000 08:06 151480                     /home/stark28/librerias para desarrollo/javacv-bin/libfreenect-linux-x86_64.jar
7f37feaf2000-7f37feb01000 r--s 013df000 08:06 151484                     /home/stark28/librerias para desarrollo/javacv-bin/opencv-windows-x86_64.jar
7f37feb01000-7f37feb0f000 r--s 01109000 08:06 151536                     /home/stark28/librerias para desarrollo/javacv-bin/opencv-windows-x86.jar
7f37feb0f000-7f37feb1d000 r--s 01177000 08:06 151488                     /home/stark28/librerias para desarrollo/javacv-bin/opencv-macosx-x86_64.jar
7f37feb1d000-7f37feb2a000 r--s 0125a000 08:06 151534                     /home/stark28/librerias para desarrollo/javacv-bin/opencv-linux-ppc64le.jar
7f37feb2a000-7f37feb37000 r--s 0107a000 08:06 151496                     /home/stark28/librerias para desarrollo/javacv-bin/opencv-linux-armhf.jar
7f37feb37000-7f37feb45000 r--s 01084000 08:06 151478                     /home/stark28/librerias para desarrollo/javacv-bin/opencv-linux-x86_64.jar
7f37feb45000-7f37feb52000 r--s 0104b000 08:06 151503                     /home/stark28/librerias para desarrollo/javacv-bin/opencv-linux-x86.jar
7f37feb52000-7f37feb53000 ---p 00000000 00:00 0 
7f37feb53000-7f37fec53000 rw-p 00000000 00:00 0 
7f37fec53000-7f37fec56000 ---p 00000000 00:00 0 
7f37fec56000-7f37fed54000 rw-p 00000000 00:00 0 
7f37fed54000-7f37fed57000 ---p 00000000 00:00 0 
7f37fed57000-7f37fee55000 rw-p 00000000 00:00 0 
7f37fee55000-7f37fee58000 ---p 00000000 00:00 0 
7f37fee58000-7f37fef56000 rw-p 00000000 00:00 0 
7f37fef56000-7f37fef59000 ---p 00000000 00:00 0 
7f37fef59000-7f37ff057000 rw-p 00000000 00:00 0 
7f37ff057000-7f37ff05a000 ---p 00000000 00:00 0 
7f37ff05a000-7f37ff158000 rw-p 00000000 00:00 0 
7f37ff158000-7f37ff2f3000 r--p 00000000 08:03 15929                      /usr/lib/locale/locale-archive
7f37ff2f3000-7f37ff2f6000 ---p 00000000 00:00 0 
7f37ff2f6000-7f37ff3f4000 rw-p 00000000 00:00 0 
7f37ff3f4000-7f37ff3f7000 ---p 00000000 00:00 0 
7f37ff3f7000-7f37ff4f5000 rw-p 00000000 00:00 0 
7f37ff4f5000-7f37ff4f6000 ---p 00000000 00:00 0 
7f37ff4f6000-7f3800000000 rw-p 00000000 00:00 0 
7f3800000000-7f3800021000 rw-p 00000000 00:00 0 
7f3800021000-7f3804000000 ---p 00000000 00:00 0 
7f3804000000-7f3804001000 r--s 0002f000 08:06 151448                     /home/stark28/librerias para desarrollo/javacv-bin/libfreenect-linux-x86.jar
7f3804001000-7f3804002000 r--s 00000000 08:06 151510                     /home/stark28/librerias para desarrollo/javacv-bin/libfreenect-platform.jar
7f3804002000-7f3804003000 r--s 0002c000 08:06 151450                     /home/stark28/librerias para desarrollo/javacv-bin/libdc1394-windows-x86_64.jar
7f3804003000-7f3804004000 r--s 00030000 08:06 151454                     /home/stark28/librerias para desarrollo/javacv-bin/libdc1394-windows-x86.jar
7f3804004000-7f3804005000 r--s 0002d000 08:06 151493                     /home/stark28/librerias para desarrollo/javacv-bin/libdc1394-macosx-x86_64.jar
7f3804005000-7f3804007000 r--s 00025000 08:06 151537                     /home/stark28/librerias para desarrollo/javacv-bin/libdc1394-linux-ppc64le.jar
7f3804007000-7f3804008000 r--s 00020000 08:06 151452                     /home/stark28/librerias para desarrollo/javacv-bin/libdc1394-linux-armhf.jar
7f3804008000-7f3804009000 r--s 00027000 08:06 151465                     /home/stark28/librerias para desarrollo/javacv-bin/libdc1394-linux-x86_64.jar
7f3804009000-7f380400a000 r--s 00024000 08:06 151501                     /home/stark28/librerias para desarrollo/javacv-bin/libdc1394-linux-x86.jar
7f380400a000-7f380400b000 r--s 00000000 08:06 151440                     /home/stark28/librerias para desarrollo/javacv-bin/libdc1394-platform.jar
7f380400b000-7f380400c000 r--s 00000000 08:06 151447                     /home/stark28/librerias para desarrollo/javacv-bin/opencv-platform.jar
7f380400c000-7f380400e000 r--s 00003000 08:06 151461                     /home/stark28/librerias para desarrollo/javacv-bin/videoinput.jar
7f380400e000-7f3804011000 r--s 0000a000 08:06 151517                     /home/stark28/librerias para desarrollo/javacv-bin/librealsense.jar
7f3804011000-7f3804012000 r--s 00005000 08:06 151470                     /home/stark28/librerias para desarrollo/javacv-bin/libfreenect2.jar
7f3804012000-7f3804014000 r--s 00004000 08:06 151489                     /home/stark28/librerias para desarrollo/javacv-bin/libfreenect.jar
7f3804014000-7f3804016000 r--s 00006000 08:06 151532                     /home/stark28/librerias para desarrollo/javacv-bin/libdc1394.jar
7f3804016000-7f3804034000 r--s 0014a000 08:06 151505                     /home/stark28/librerias para desarrollo/javacv-bin/opencv.jar
7f3804034000-7f3804039000 r--s 0005c000 08:06 151520                     /home/stark28/librerias para desarrollo/javacv-bin/javacv.jar
7f3804039000-7f380403a000 r--s 00000000 08:06 151459                     /home/stark28/librerias para desarrollo/javacv-bin/javacv-platform.jar
7f380403a000-7f380403b000 r--s 00034000 08:06 151535                     /home/stark28/librerias para desarrollo/javacv-bin/flycapture-windows-x86_64.jar
7f380403b000-7f380403c000 r--s 00028000 08:06 151490                     /home/stark28/librerias para desarrollo/javacv-bin/flycapture-windows-x86.jar
7f380403c000-7f3804040000 r--s 0001d000 08:06 151476                     /home/stark28/librerias para desarrollo/javacv-bin/flycapture.jar
7f3804040000-7f3804041000 r--s 00000000 08:06 151482                     /home/stark28/librerias para desarrollo/javacv-bin/flycapture-platform.jar
7f3804041000-7f3804043000 r--s 00042000 08:06 151525                     /home/stark28/librerias para desarrollo/javacv-bin/flycapture-linux-x86_64.jar
7f3804043000-7f3804044000 r--s 0003d000 08:06 151492                     /home/stark28/librerias para desarrollo/javacv-bin/flycapture-linux-x86.jar
7f3804044000-7f3804045000 r--s 00032000 08:06 151453                     /home/stark28/librerias para desarrollo/javacv-bin/flycapture-linux-armhf.jar
7f3804045000-7f3804046000 r--s 0000a000 08:06 151451                     /home/stark28/librerias para desarrollo/javacv-bin/flandmark-windows-x86_64.jar
7f3804046000-7f3804047000 r--s 00008000 08:06 151466                     /home/stark28/librerias para desarrollo/javacv-bin/flandmark-windows-x86.jar
7f3804047000-7f3804048000 r--s 00002000 08:06 151521                     /home/stark28/librerias para desarrollo/javacv-bin/flandmark.jar
7f3804048000-7f3804049000 r--s 00000000 08:06 151507                     /home/stark28/librerias para desarrollo/javacv-bin/flandmark-platform.jar
7f3804049000-7f380404b000 r--s 0000a000 08:06 151514                     /home/stark28/librerias para desarrollo/javacv-bin/flandmark-macosx-x86_64.jar
7f380404b000-7f380404d000 r--s 0000a000 08:06 151463                     /home/stark28/librerias para desarrollo/javacv-bin/flandmark-linux-x86_64.jar
7f380404d000-7f380404f000 r--s 0000a000 08:06 151526                     /home/stark28/librerias para desarrollo/javacv-bin/flandmark-linux-x86.jar
7f380404f000-7f3804051000 r--s 0000b000 08:06 151524                     /home/stark28/librerias para desarrollo/javacv-bin/flandmark-linux-ppc64le.jar
7f3804051000-7f3804052000 r--s 00009000 08:06 151539                     /home/stark28/librerias para desarrollo/javacv-bin/flandmark-linux-armhf.jar
7f3804052000-7f3804054000 r--s 0000a000 08:06 151497                     /home/stark28/librerias para desarrollo/javacv-bin/flandmark-android-x86_64.jar
7f3804054000-7f3804055000 r--s 0000b000 08:06 151491                     /home/stark28/librerias para desarrollo/javacv-bin/flandmark-android-x86.jar
7f3804055000-7f3804056000 r--s 0000a000 08:06 151531                     /home/stark28/librerias para desarrollo/javacv-bin/flandmark-android-arm64.jar
7f3804056000-7f3804057000 r--s 00009000 08:06 151519                     /home/stark28/librerias para desarrollo/javacv-bin/flandmark-android-arm.jar
7f3804057000-7f380405e000 r--s 00035000 08:06 151441                     /home/stark28/librerias para desarrollo/javacv-bin/ffmpeg.jar
7f380405e000-7f3804073000 r--s 000ef000 08:06 132728                     /home/stark28/librerias para desarrollo/mongo/mongodb-driver-core-3.4.3.jar
7f3804073000-7f3804091000 r--s 0017b000 08:06 132726                     /home/stark28/librerias para desarrollo/mongo/mongo-java-driver-3.4.3.jar
7f3804091000-7f3804627000 rw-p 00000000 00:00 0 
7f3804627000-7f3804800000 r--s 03d29000 08:06 140096                     /home/stark28/Programas/jdk1.8.0_101/jre/lib/rt.jar
7f3804800000-7f3805000000 rw-p 00000000 00:00 0 
7f3805000000-7f38054f0000 rwxp 00000000 00:00 0 
7f38054f0000-7f3814000000 ---p 00000000 00:00 0 
7f3814000000-7f38147f5000 rw-p 00000000 00:00 0 
7f38147f5000-7f3818000000 ---p 00000000 00:00 0 
7f3818000000-7f3818002000 r--s 00d80000 08:06 151487                     /home/stark28/librerias para desarrollo/javacv-bin/ffmpeg-windows-x86_64.jar
7f3818002000-7f3818003000 r--s 00d17000 08:06 151516                     /home/stark28/librerias para desarrollo/javacv-bin/ffmpeg-windows-x86.jar
7f3818003000-7f3818004000 r--s 00000000 08:06 151518                     /home/stark28/librerias para desarrollo/javacv-bin/ffmpeg-platform.jar
7f3818004000-7f3818006000 r--s 00bf4000 08:06 151494                     /home/stark28/librerias para desarrollo/javacv-bin/ffmpeg-macosx-x86_64.jar
7f3818006000-7f3818007000 r--s 00ca2000 08:06 151506                     /home/stark28/librerias para desarrollo/javacv-bin/ffmpeg-linux-x86_64.jar
7f3818007000-7f3818009000 r--s 00be1000 08:06 151502                     /home/stark28/librerias para desarrollo/javacv-bin/ffmpeg-linux-x86.jar
7f3818009000-7f381800a000 r--s 00d9c000 08:06 151455                     /home/stark28/librerias para desarrollo/javacv-bin/ffmpeg-linux-ppc64le.jar
7f381800a000-7f381800b000 r--s 00b29000 08:06 151512                     /home/stark28/librerias para desarrollo/javacv-bin/ffmpeg-linux-armhf.jar
7f381800b000-7f381800c000 r--s 00c14000 08:06 151522                     /home/stark28/librerias para desarrollo/javacv-bin/ffmpeg-android-x86_64.jar
7f381800c000-7f381800e000 r--s 00c41000 08:06 151533                     /home/stark28/librerias para desarrollo/javacv-bin/ffmpeg-android-x86.jar
7f381800e000-7f381800f000 r--s 00c9f000 08:06 151462                     /home/stark28/librerias para desarrollo/javacv-bin/ffmpeg-android-arm64.jar
7f381800f000-7f3818011000 r--s 00c47000 08:06 151523                     /home/stark28/librerias para desarrollo/javacv-bin/ffmpeg-android-arm.jar
7f3818011000-7f3818012000 r--s 00027000 08:06 151449                     /home/stark28/librerias para desarrollo/javacv-bin/artoolkitplus-windows-x86_64.jar
7f3818012000-7f38180a9000 rw-p 00000000 00:00 0 
7f38180a9000-7f38197e7000 rw-p 00000000 00:00 0 
7f38197e7000-7f38197e8000 ---p 00000000 00:00 0 
7f38197e8000-7f38198e8000 rw-p 00000000 00:00 0 
7f38198e8000-7f38198e9000 ---p 00000000 00:00 0 
7f38198e9000-7f38199e9000 rw-p 00000000 00:00 0 
7f38199e9000-7f38199ea000 ---p 00000000 00:00 0 
7f38199ea000-7f3819aea000 rw-p 00000000 00:00 0 
7f3819aea000-7f3819aeb000 ---p 00000000 00:00 0 
7f3819aeb000-7f3819beb000 rw-p 00000000 00:00 0 
7f3819beb000-7f3819bfa000 rw-p 00000000 00:00 0 
7f3819bfa000-7f3819cd5000 ---p 00000000 00:00 0 
7f3819cd5000-7f3819ce4000 rw-p 00000000 00:00 0 
7f3819ce4000-7f3819dbe000 ---p 00000000 00:00 0 
7f3819dbe000-7f3819dc6000 rw-p 00000000 00:00 0 
7f3819dc6000-7f3819e33000 ---p 00000000 00:00 0 
7f3819e33000-7f3819e48000 rw-p 00000000 00:00 0 
7f3819e48000-7f381a1f4000 ---p 00000000 00:00 0 
7f381a1f4000-7f381a20e000 r-xp 00000000 08:06 139946                     /home/stark28/Programas/jdk1.8.0_101/jre/lib/amd64/libzip.so
7f381a20e000-7f381a40e000 ---p 0001a000 08:06 139946                     /home/stark28/Programas/jdk1.8.0_101/jre/lib/amd64/libzip.so
7f381a40e000-7f381a40f000 rw-p 0001a000 08:06 139946                     /home/stark28/Programas/jdk1.8.0_101/jre/lib/amd64/libzip.so
7f381a40f000-7f381a419000 r-xp 00000000 08:03 155479                     /lib/x86_64-linux-gnu/libnss_files-2.24.so
7f381a419000-7f381a619000 ---p 0000a000 08:03 155479                     /lib/x86_64-linux-gnu/libnss_files-2.24.so
7f381a619000-7f381a61a000 r--p 0000a000 08:03 155479                     /lib/x86_64-linux-gnu/libnss_files-2.24.so
7f381a61a000-7f381a61b000 rw-p 0000b000 08:03 155479                     /lib/x86_64-linux-gnu/libnss_files-2.24.so
7f381a61b000-7f381a621000 rw-p 00000000 00:00 0 
7f381a621000-7f381a62c000 r-xp 00000000 08:03 155481                     /lib/x86_64-linux-gnu/libnss_nis-2.24.so
7f381a62c000-7f381a82b000 ---p 0000b000 08:03 155481                     /lib/x86_64-linux-gnu/libnss_nis-2.24.so
7f381a82b000-7f381a82c000 r--p 0000a000 08:03 155481                     /lib/x86_64-linux-gnu/libnss_nis-2.24.so
7f381a82c000-7f381a82d000 rw-p 0000b000 08:03 155481                     /lib/x86_64-linux-gnu/libnss_nis-2.24.so
7f381a82d000-7f381a841000 r-xp 00000000 08:03 155476                     /lib/x86_64-linux-gnu/libnsl-2.24.so
7f381a841000-7f381aa41000 ---p 00014000 08:03 155476                     /lib/x86_64-linux-gnu/libnsl-2.24.so
7f381aa41000-7f381aa42000 r--p 00014000 08:03 155476                     /lib/x86_64-linux-gnu/libnsl-2.24.so
7f381aa42000-7f381aa43000 rw-p 00015000 08:03 155476                     /lib/x86_64-linux-gnu/libnsl-2.24.so
7f381aa43000-7f381aa45000 rw-p 00000000 00:00 0 
7f381aa45000-7f381aa4c000 r-xp 00000000 08:03 155477                     /lib/x86_64-linux-gnu/libnss_compat-2.24.so
7f381aa4c000-7f381ac4b000 ---p 00007000 08:03 155477                     /lib/x86_64-linux-gnu/libnss_compat-2.24.so
7f381ac4b000-7f381ac4c000 r--p 00006000 08:03 155477                     /lib/x86_64-linux-gnu/libnss_compat-2.24.so
7f381ac4c000-7f381ac4d000 rw-p 00007000 08:03 155477                     /lib/x86_64-linux-gnu/libnss_compat-2.24.so
7f381ac4d000-7f381ac77000 r-xp 00000000 08:06 139922                     /home/stark28/Programas/jdk1.8.0_101/jre/lib/amd64/libjava.so
7f381ac77000-7f381ae77000 ---p 0002a000 08:06 139922                     /home/stark28/Programas/jdk1.8.0_101/jre/lib/amd64/libjava.so
7f381ae77000-7f381ae79000 rw-p 0002a000 08:06 139922                     /home/stark28/Programas/jdk1.8.0_101/jre/lib/amd64/libjava.so
7f381ae79000-7f381ae86000 r-xp 00000000 08:06 139887                     /home/stark28/Programas/jdk1.8.0_101/jre/lib/amd64/libverify.so
7f381ae86000-7f381b086000 ---p 0000d000 08:06 139887                     /home/stark28/Programas/jdk1.8.0_101/jre/lib/amd64/libverify.so
7f381b086000-7f381b088000 rw-p 0000d000 08:06 139887                     /home/stark28/Programas/jdk1.8.0_101/jre/lib/amd64/libverify.so
7f381b088000-7f381b08f000 r-xp 00000000 08:03 155486                     /lib/x86_64-linux-gnu/librt-2.24.so
7f381b08f000-7f381b28e000 ---p 00007000 08:03 155486                     /lib/x86_64-linux-gnu/librt-2.24.so
7f381b28e000-7f381b28f000 r--p 00006000 08:03 155486                     /lib/x86_64-linux-gnu/librt-2.24.so
7f381b28f000-7f381b290000 rw-p 00007000 08:03 155486                     /lib/x86_64-linux-gnu/librt-2.24.so
7f381b290000-7f381b393000 r-xp 00000000 08:03 155473                     /lib/x86_64-linux-gnu/libm-2.24.so
7f381b393000-7f381b592000 ---p 00103000 08:03 155473                     /lib/x86_64-linux-gnu/libm-2.24.so
7f381b592000-7f381b593000 r--p 00102000 08:03 155473                     /lib/x86_64-linux-gnu/libm-2.24.so
7f381b593000-7f381b594000 rw-p 00103000 08:03 155473                     /lib/x86_64-linux-gnu/libm-2.24.so
7f381b594000-7f381c25f000 r-xp 00000000 08:06 139804                     /home/stark28/Programas/jdk1.8.0_101/jre/lib/amd64/server/libjvm.so
7f381c25f000-7f381c45e000 ---p 00ccb000 08:06 139804                     /home/stark28/Programas/jdk1.8.0_101/jre/lib/amd64/server/libjvm.so
7f381c45e000-7f381c537000 rw-p 00cca000 08:06 139804                     /home/stark28/Programas/jdk1.8.0_101/jre/lib/amd64/server/libjvm.so
7f381c537000-7f381c582000 rw-p 00000000 00:00 0 
7f381c582000-7f381c717000 r-xp 00000000 08:03 155469                     /lib/x86_64-linux-gnu/libc-2.24.so
7f381c717000-7f381c917000 ---p 00195000 08:03 155469                     /lib/x86_64-linux-gnu/libc-2.24.so
7f381c917000-7f381c91b000 r--p 00195000 08:03 155469                     /lib/x86_64-linux-gnu/libc-2.24.so
7f381c91b000-7f381c91d000 rw-p 00199000 08:03 155469                     /lib/x86_64-linux-gnu/libc-2.24.so
7f381c91d000-7f381c921000 rw-p 00000000 00:00 0 
7f381c921000-7f381c924000 r-xp 00000000 08:03 155472                     /lib/x86_64-linux-gnu/libdl-2.24.so
7f381c924000-7f381cb23000 ---p 00003000 08:03 155472                     /lib/x86_64-linux-gnu/libdl-2.24.so
7f381cb23000-7f381cb24000 r--p 00002000 08:03 155472                     /lib/x86_64-linux-gnu/libdl-2.24.so
7f381cb24000-7f381cb25000 rw-p 00003000 08:03 155472                     /lib/x86_64-linux-gnu/libdl-2.24.so
7f381cb25000-7f381cb3a000 r-xp 00000000 08:06 139955                     /home/stark28/Programas/jdk1.8.0_101/lib/amd64/jli/libjli.so
7f381cb3a000-7f381cd3a000 ---p 00015000 08:06 139955                     /home/stark28/Programas/jdk1.8.0_101/lib/amd64/jli/libjli.so
7f381cd3a000-7f381cd3b000 rw-p 00015000 08:06 139955                     /home/stark28/Programas/jdk1.8.0_101/lib/amd64/jli/libjli.so
7f381cd3b000-7f381cd53000 r-xp 00000000 08:03 155484                     /lib/x86_64-linux-gnu/libpthread-2.24.so
7f381cd53000-7f381cf52000 ---p 00018000 08:03 155484                     /lib/x86_64-linux-gnu/libpthread-2.24.so
7f381cf52000-7f381cf53000 r--p 00017000 08:03 155484                     /lib/x86_64-linux-gnu/libpthread-2.24.so
7f381cf53000-7f381cf54000 rw-p 00018000 08:03 155484                     /lib/x86_64-linux-gnu/libpthread-2.24.so
7f381cf54000-7f381cf58000 rw-p 00000000 00:00 0 
7f381cf58000-7f381cf7b000 r-xp 00000000 08:03 151562                     /lib/x86_64-linux-gnu/ld-2.24.so
7f381cf7b000-7f381cf7c000 r--s 0001f000 08:06 151446                     /home/stark28/librerias para desarrollo/javacv-bin/artoolkitplus-windows-x86.jar
7f381cf7c000-7f381cf81000 r--s 00051000 08:06 151472                     /home/stark28/librerias para desarrollo/javacv-bin/javacpp.jar
7f381cf81000-7f381cf82000 r--s 00005000 08:06 151509                     /home/stark28/librerias para desarrollo/javacv-bin/artoolkitplus.jar
7f381cf82000-7f381cf83000 r--s 00000000 08:06 151477                     /home/stark28/librerias para desarrollo/javacv-bin/artoolkitplus-platform.jar
7f381cf83000-7f381cf84000 r--s 0002b000 08:06 151479                     /home/stark28/librerias para desarrollo/javacv-bin/artoolkitplus-macosx-x86_64.jar
7f381cf84000-7f381cf85000 r--s 0002b000 08:06 151540                     /home/stark28/librerias para desarrollo/javacv-bin/artoolkitplus-linux-x86_64.jar
7f381cf85000-7f381d04a000 rw-p 00000000 00:00 0 
7f381d04a000-7f381d04d000 ---p 00000000 00:00 0 
7f381d04d000-7f381d14d000 rw-p 00000000 00:00 0 
7f381d14d000-7f381d14f000 r--s 00027000 08:06 151443                     /home/stark28/librerias para desarrollo/javacv-bin/artoolkitplus-linux-x86.jar
7f381d14f000-7f381d150000 r--s 00030000 08:06 151499                     /home/stark28/librerias para desarrollo/javacv-bin/artoolkitplus-linux-ppc64le.jar
7f381d150000-7f381d151000 r--s 00023000 08:06 151513                     /home/stark28/librerias para desarrollo/javacv-bin/artoolkitplus-linux-armhf.jar
7f381d151000-7f381d152000 r--s 00061000 08:06 151500                     /home/stark28/librerias para desarrollo/javacv-bin/artoolkitplus-android-x86_64.jar
7f381d152000-7f381d153000 r--s 00062000 08:06 151495                     /home/stark28/librerias para desarrollo/javacv-bin/artoolkitplus-android-x86.jar
7f381d153000-7f381d154000 r--s 0005c000 08:06 151538                     /home/stark28/librerias para desarrollo/javacv-bin/artoolkitplus-android-arm64.jar
7f381d154000-7f381d156000 r--s 0004c000 08:06 151437                     /home/stark28/librerias para desarrollo/javacv-bin/artoolkitplus-android-arm.jar
7f381d156000-7f381d15a000 r--s 00027000 08:06 132660                     /home/stark28/librerias para desarrollo/mongo/mongodb-driver-async-3.4.3.jar
7f381d15a000-7f381d160000 r--s 00054000 08:06 132693                     /home/stark28/librerias para desarrollo/mongo/mongodb-driver-3.4.3.jar
7f381d160000-7f381d16e000 rw-p 00000000 00:00 0 
7f381d16e000-7f381d176000 rw-s 00000000 08:03 1315214                    /tmp/hsperfdata_stark28/7079
7f381d176000-7f381d177000 rw-p 00000000 00:00 0 
7f381d177000-7f381d178000 r--p 00000000 00:00 0 
7f381d178000-7f381d17b000 rw-p 00000000 00:00 0 
7f381d17b000-7f381d17c000 r--p 00023000 08:03 151562                     /lib/x86_64-linux-gnu/ld-2.24.so
7f381d17c000-7f381d17d000 rw-p 00024000 08:03 151562                     /lib/x86_64-linux-gnu/ld-2.24.so
7f381d17d000-7f381d17e000 rw-p 00000000 00:00 0 
7ffd61425000-7ffd61448000 rw-p 00000000 00:00 0                          [stack]
7ffd614c3000-7ffd614c5000 r--p 00000000 00:00 0                          [vvar]
7ffd614c5000-7ffd614c7000 r-xp 00000000 00:00 0                          [vdso]
ffffffffff600000-ffffffffff601000 r-xp 00000000 00:00 0                  [vsyscall]

VM Arguments:
jvm_args: -Dfile.encoding=UTF-8 -Djava.library.path=/home/stark28/librerias para desarrollo/opencv-3.4.1/java/x64 
java_command: Interfaz.principal
java_class_path (initial): /home/stark28/librerias para desarrollo/mongo/mongo-java-driver-3.4.3.jar:/home/stark28/librerias para desarrollo/mongo/mongodb-driver-3.4.3.jar:/home/stark28/librerias para desarrollo/mongo/mongodb-driver-async-3.4.3.jar:/home/stark28/librerias para desarrollo/mongo/mongodb-driver-core-3.4.3.jar:/home/stark28/librerias para desarrollo/javacv-bin/artoolkitplus-android-arm.jar:/home/stark28/librerias para desarrollo/javacv-bin/artoolkitplus-android-arm64.jar:/home/stark28/librerias para desarrollo/javacv-bin/artoolkitplus-android-x86.jar:/home/stark28/librerias para desarrollo/javacv-bin/artoolkitplus-android-x86_64.jar:/home/stark28/librerias para desarrollo/javacv-bin/artoolkitplus-linux-armhf.jar:/home/stark28/librerias para desarrollo/javacv-bin/artoolkitplus-linux-ppc64le.jar:/home/stark28/librerias para desarrollo/javacv-bin/artoolkitplus-linux-x86.jar:/home/stark28/librerias para desarrollo/javacv-bin/artoolkitplus-linux-x86_64.jar:/home/stark28/librerias para desarrollo/javacv-bin/artoolkitplus-macosx-x86_64.jar:/home/stark28/librerias para desarrollo/javacv-bin/artoolkitplus-platform.jar:/home/stark28/librerias para desarrollo/javacv-bin/artoolkitplus-windows-x86.jar:/home/stark28/librerias para desarrollo/javacv-bin/artoolkitplus-windows-x86_64.jar:/home/stark28/librerias para desarrollo/javacv-bin/artoolkitplus.jar:/home/stark28/librerias para desarrollo/javacv-bin/ffmpeg-android-arm.jar:/home/stark28/librerias para desarrollo/javacv-bin/ffmpeg-android-arm64.jar:/home/stark28/librerias para desarrollo/javacv-bin/ffmpeg-android-x86.jar:/home/stark28/librerias para desarrollo/javacv-bin/ffmpeg-android-x86_64.jar:/home/stark28/librerias para desarrollo/javacv-bin/ffmpeg-linux-armhf.jar:/home/stark28/librerias para desarrollo/javacv-bin/ffmpeg-linux-ppc64le.jar:/home/stark28/librerias para desarrollo/javacv-bin/ffmpeg-linux-x86.jar:/home/stark28/librerias para desarrollo/javacv-bin/ffmpeg-linux-x86_64.jar:/home/stark28/librerias pa
Launcher Type: SUN_STANDARD

Environment Variables:
PATH=/usr/local/bin:/usr/bin:/bin:/usr/local/games:/usr/games
LD_LIBRARY_PATH=/home/stark28/Programas/jdk1.8.0_101/jre/lib/amd64:/home/stark28/Programas/jdk1.8.0_101/jre/lib/i386:
SHELL=/bin/bash
DISPLAY=:0

Signal Handlers:
SIGSEGV: [libjvm.so+0xac4790], sa_mask[0]=11111111011111111101111111111110, sa_flags=SA_RESTART|SA_SIGINFO
SIGBUS: [libjvm.so+0xac4790], sa_mask[0]=11111111011111111101111111111110, sa_flags=SA_RESTART|SA_SIGINFO
SIGFPE: [libjvm.so+0x91f140], sa_mask[0]=11111111011111111101111111111110, sa_flags=SA_RESTART|SA_SIGINFO
SIGPIPE: [libjvm.so+0x91f140], sa_mask[0]=11111111011111111101111111111110, sa_flags=SA_RESTART|SA_SIGINFO
SIGXFSZ: [libjvm.so+0x91f140], sa_mask[0]=11111111011111111101111111111110, sa_flags=SA_RESTART|SA_SIGINFO
SIGILL: [libjvm.so+0x91f140], sa_mask[0]=11111111011111111101111111111110, sa_flags=SA_RESTART|SA_SIGINFO
SIGUSR1: SIG_DFL, sa_mask[0]=00000000000000000000000000000000, sa_flags=none
SIGUSR2: [libjvm.so+0x920770], sa_mask[0]=00100000000000000000000000000000, sa_flags=SA_RESTART|SA_SIGINFO
SIGHUP: [libjvm.so+0x921b70], sa_mask[0]=11111111011111111101111111111110, sa_flags=SA_RESTART|SA_SIGINFO
SIGINT: SIG_IGN, sa_mask[0]=00000000000000000000000000000000, sa_flags=none
SIGTERM: [libjvm.so+0x921b70], sa_mask[0]=11111111011111111101111111111110, sa_flags=SA_RESTART|SA_SIGINFO
SIGQUIT: [libjvm.so+0x921b70], sa_mask[0]=11111111011111111101111111111110, sa_flags=SA_RESTART|SA_SIGINFO


---------------  S Y S T E M  ---------------

OS:PRETTY_NAME="Debian GNU/Linux 9 (stretch)"
NAME="Debian GNU/Linux"
VERSION_ID="9"
VERSION="9 (stretch)"
ID=debian
HOME_URL="https://www.debian.org/"
SUPPORT_URL="https://www.debian.org/support"
BUG_REPORT_URL="https://bugs.debian.org/"

uname:Linux 4.9.0-6-amd64 #1 SMP Debian 4.9.82-1+deb9u3 (2018-03-02) x86_64
libc:glibc 2.24 NPTL 2.24 
rlimit: STACK 8192k, CORE 0k, NPROC 11083, NOFILE 1048576, AS infinity
load average:1,58 1,47 1,47

/proc/meminfo:
MemTotal:        2861148 kB
MemFree:          124760 kB
MemAvailable:     570168 kB
Buffers:           12408 kB
Cached:           706908 kB
SwapCached:        94816 kB
Active:          1655248 kB
Inactive:         896624 kB
Active(anon):    1454076 kB
Inactive(anon):   474372 kB
Active(file):     201172 kB
Inactive(file):   422252 kB
Unevictable:           0 kB
Mlocked:               0 kB
SwapTotal:       3877884 kB
SwapFree:        3172860 kB
Dirty:              1520 kB
Writeback:             0 kB
AnonPages:       1819076 kB
Mapped:           151540 kB
Shmem:             95980 kB
Slab:              94472 kB
SReclaimable:      37688 kB
SUnreclaim:        56784 kB
KernelStack:        9472 kB
PageTables:        45476 kB
NFS_Unstable:          0 kB
Bounce:                0 kB
WritebackTmp:          0 kB
CommitLimit:     5308456 kB
Committed_AS:    6296184 kB
VmallocTotal:   34359738367 kB
VmallocUsed:           0 kB
VmallocChunk:          0 kB
HardwareCorrupted:     0 kB
AnonHugePages:         0 kB
ShmemHugePages:        0 kB
ShmemPmdMapped:        0 kB
HugePages_Total:       0
HugePages_Free:        0
HugePages_Rsvd:        0
HugePages_Surp:        0
Hugepagesize:       2048 kB
DirectMap4k:      129944 kB
DirectMap2M:     2859008 kB


CPU:total 4 (2 cores per cpu, 2 threads per core) family 6 model 42 stepping 7, cmov, cx8, fxsr, mmx, sse, sse2, sse3, ssse3, sse4.1, sse4.2, popcnt, avx, clmul, ht, tsc, tscinvbit

/proc/cpuinfo:
processor	: 0
vendor_id	: GenuineIntel
cpu family	: 6
model		: 42
model name	: Intel(R) Core(TM) i3-2370M CPU @ 2.40GHz
stepping	: 7
microcode	: 0x1b
cpu MHz		: 2378.906
cache size	: 3072 KB
physical id	: 0
siblings	: 4
core id		: 0
cpu cores	: 2
apicid		: 0
initial apicid	: 0
fpu		: yes
fpu_exception	: yes
cpuid level	: 13
wp		: yes
flags		: fpu vme de pse tsc msr pae mce cx8 apic sep mtrr pge mca cmov pat pse36 clflush dts acpi mmx fxsr sse sse2 ss ht tm pbe syscall nx rdtscp lm constant_tsc arch_perfmon pebs bts rep_good nopl xtopology nonstop_tsc aperfmperf eagerfpu pni pclmulqdq dtes64 monitor ds_cpl vmx est tm2 ssse3 cx16 xtpr pdcm pcid sse4_1 sse4_2 x2apic popcnt tsc_deadline_timer xsave avx lahf_lm epb kaiser tpr_shadow vnmi flexpriority ept vpid xsaveopt dtherm arat pln pts
bugs		: cpu_meltdown spectre_v1 spectre_v2
bogomips	: 4789.45
clflush size	: 64
cache_alignment	: 64
address sizes	: 36 bits physical, 48 bits virtual
power management:

processor	: 1
vendor_id	: GenuineIntel
cpu family	: 6
model		: 42
model name	: Intel(R) Core(TM) i3-2370M CPU @ 2.40GHz
stepping	: 7
microcode	: 0x1b
cpu MHz		: 2399.853
cache size	: 3072 KB
physical id	: 0
siblings	: 4
core id		: 1
cpu cores	: 2
apicid		: 2
initial apicid	: 2
fpu		: yes
fpu_exception	: yes
cpuid level	: 13
wp		: yes
flags		: fpu vme de pse tsc msr pae mce cx8 apic sep mtrr pge mca cmov pat pse36 clflush dts acpi mmx fxsr sse sse2 ss ht tm pbe syscall nx rdtscp lm constant_tsc arch_perfmon pebs bts rep_good nopl xtopology nonstop_tsc aperfmperf eagerfpu pni pclmulqdq dtes64 monitor ds_cpl vmx est tm2 ssse3 cx16 xtpr pdcm pcid sse4_1 sse4_2 x2apic popcnt tsc_deadline_timer xsave avx lahf_lm epb kaiser tpr_shadow vnmi flexpriority ept vpid xsaveopt dtherm arat pln pts
bugs		: cpu_meltdown spectre_v1 spectre_v2
bogomips	: 4789.45
clflush size	: 64
cache_alignment	: 64
address sizes	: 36 bits physical, 48 bits virtual
power management:

processor	: 2
vendor_id	: GenuineIntel
cpu family	: 6
model		: 42
model name	: Intel(R) Core(TM) i3-2370M CPU @ 2.40GHz
stepping	: 7
microcode	: 0x1b
cpu MHz		: 2399.560
cache size	: 3072 KB
physical id	: 0
siblings	: 4
core id		: 0
cpu cores	: 2
apicid		: 1
initial apicid	: 1
fpu		: yes
fpu_exception	: yes
cpuid level	: 13
wp		: yes
flags		: fpu vme de pse tsc msr pae mce cx8 apic sep mtrr pge mca cmov pat pse36 clflush dts acpi mmx fxsr sse sse2 ss ht tm pbe syscall nx rdtscp lm constant_tsc arch_perfmon pebs bts rep_good nopl xtopology nonstop_tsc aperfmperf eagerfpu pni pclmulqdq dtes64 monitor ds_cpl vmx est tm2 ssse3 cx16 xtpr pdcm pcid sse4_1 sse4_2 x2apic popcnt tsc_deadline_timer xsave avx lahf_lm epb kaiser tpr_shadow vnmi flexpriority ept vpid xsaveopt dtherm arat pln pts
bugs		: cpu_meltdown spectre_v1 spectre_v2
bogomips	: 4789.45
clflush size	: 64
cache_alignment	: 64
address sizes	: 36 bits physical, 48 bits virtual
power management:

processor	: 3
vendor_id	: GenuineIntel
cpu family	: 6
model		: 42
model name	: Intel(R) Core(TM) i3-2370M CPU @ 2.40GHz
stepping	: 7
microcode	: 0x1b
cpu MHz		: 2399.853
cache size	: 3072 KB
physical id	: 0
siblings	: 4
core id		: 1
cpu cores	: 2
apicid		: 3
initial apicid	: 3
fpu		: yes
fpu_exception	: yes
cpuid level	: 13
wp		: yes
flags		: fpu vme de pse tsc msr pae mce cx8 apic sep mtrr pge mca cmov pat pse36 clflush dts acpi mmx fxsr sse sse2 ss ht tm pbe syscall nx rdtscp lm constant_tsc arch_perfmon pebs bts rep_good nopl xtopology nonstop_tsc aperfmperf eagerfpu pni pclmulqdq dtes64 monitor ds_cpl vmx est tm2 ssse3 cx16 xtpr pdcm pcid sse4_1 sse4_2 x2apic popcnt tsc_deadline_timer xsave avx lahf_lm epb kaiser tpr_shadow vnmi flexpriority ept vpid xsaveopt dtherm arat pln pts
bugs		: cpu_meltdown spectre_v1 spectre_v2
bogomips	: 4789.45
clflush size	: 64
cache_alignment	: 64
address sizes	: 36 bits physical, 48 bits virtual
power management:



Memory: 4k page, physical 2861148k(124760k free), swap 3877884k(3172860k free)

vm_info: Java HotSpot(TM) 64-Bit Server VM (25.101-b13) for linux-amd64 JRE (1.8.0_101-b13), built on Jun 22 2016 02:59:44 by "java_re" with gcc 4.3.0 20080428 (Red Hat 4.3.0-8)

time: Sun Jul 15 23:29:40 2018
elapsed time: 36 seconds (0d 0h 0m 36s)

